2022-09-19 13:17:56, INFO: Using device: cuda:0
2022-09-19 13:23:45, INFO: Total number of state_value pairs: 40000
2022-09-19 13:23:46, INFO: Loss in epoch 0: 1.16
2022-09-19 13:23:46, INFO: Loss in epoch 1: 0.40
2022-09-19 13:23:46, INFO: Loss in epoch 2: 0.32
2022-09-19 13:23:46, INFO: Loss in epoch 3: 0.29
2022-09-19 13:23:46, INFO: Loss in epoch 4: 0.14
2022-09-19 13:23:46, INFO: Loss in epoch 5: 0.11
2022-09-19 13:23:46, INFO: Loss in epoch 6: 0.11
2022-09-19 13:23:46, INFO: Loss in epoch 7: 0.08
2022-09-19 13:23:46, INFO: Loss in epoch 8: 0.07
2022-09-19 13:23:47, INFO: Loss in epoch 9: 0.07
2022-09-19 13:23:47, INFO: Loss in epoch 10: 0.06
2022-09-19 13:23:47, INFO: Loss in epoch 11: 0.06
2022-09-19 13:23:47, INFO: Loss in epoch 12: 0.05
2022-09-19 13:23:47, INFO: Loss in epoch 13: 0.05
2022-09-19 13:23:47, INFO: Loss in epoch 14: 0.05
2022-09-19 13:23:47, INFO: Loss in epoch 15: 0.04
2022-09-19 13:23:47, INFO: Loss in epoch 16: 0.04
2022-09-19 13:23:47, INFO: Loss in epoch 17: 0.04
2022-09-19 13:23:47, INFO: Loss in epoch 18: 0.04
2022-09-19 13:23:48, INFO: Loss in epoch 19: 0.04
2022-09-19 13:23:48, INFO: Loss in epoch 20: 0.04
2022-09-19 13:23:48, INFO: Loss in epoch 21: 0.03
2022-09-19 13:23:48, INFO: Loss in epoch 22: 0.03
2022-09-19 13:23:48, INFO: Loss in epoch 23: 0.03
2022-09-19 13:23:48, INFO: Loss in epoch 24: 0.03
2022-09-19 13:23:48, INFO: Loss in epoch 25: 0.03
2022-09-19 13:23:48, INFO: Loss in epoch 26: 0.03
2022-09-19 13:23:48, INFO: Loss in epoch 27: 0.03
2022-09-19 13:23:48, INFO: Loss in epoch 28: 0.03
2022-09-19 13:23:49, INFO: Loss in epoch 29: 0.03
2022-09-19 13:23:49, INFO: Loss in epoch 30: 0.03
2022-09-19 13:23:49, INFO: Loss in epoch 31: 0.03
2022-09-19 13:23:49, INFO: Loss in epoch 32: 0.03
2022-09-19 13:23:49, INFO: Loss in epoch 33: 0.03
2022-09-19 13:23:49, INFO: Loss in epoch 34: 0.03
2022-09-19 13:23:49, INFO: Loss in epoch 35: 0.03
2022-09-19 13:23:49, INFO: Loss in epoch 36: 0.03
2022-09-19 13:23:49, INFO: Loss in epoch 37: 0.03
2022-09-19 13:23:49, INFO: Loss in epoch 38: 0.03
2022-09-19 13:23:49, INFO: Loss in epoch 39: 0.03
2022-09-19 13:23:49, INFO: Loss in epoch 40: 0.03
2022-09-19 13:23:50, INFO: Loss in epoch 41: 0.03
2022-09-19 13:23:50, INFO: Loss in epoch 42: 0.03
2022-09-19 13:23:50, INFO: Loss in epoch 43: 0.03
2022-09-19 13:23:50, INFO: Loss in epoch 44: 0.03
2022-09-19 13:23:50, INFO: Loss in epoch 45: 0.03
2022-09-19 13:23:50, INFO: Loss in epoch 46: 0.03
2022-09-19 13:23:50, INFO: Loss in epoch 47: 0.03
2022-09-19 13:23:50, INFO: Loss in epoch 48: 0.03
2022-09-19 13:23:50, INFO: Loss in epoch 49: 0.03
2022-09-19 13:23:50, INFO: Loss in epoch 50: 0.02
2022-09-19 13:23:50, INFO: Loss in epoch 51: 0.02
2022-09-19 13:23:51, INFO: Loss in epoch 52: 0.02
2022-09-19 13:23:51, INFO: Loss in epoch 53: 0.02
2022-09-19 13:23:51, INFO: Loss in epoch 54: 0.02
2022-09-19 13:23:51, INFO: Loss in epoch 55: 0.02
2022-09-19 13:23:51, INFO: Loss in epoch 56: 0.02
2022-09-19 13:23:51, INFO: Loss in epoch 57: 0.02
2022-09-19 13:23:51, INFO: Loss in epoch 58: 0.02
2022-09-19 13:23:51, INFO: Loss in epoch 59: 0.02
2022-09-19 13:23:51, INFO: Loss in epoch 60: 0.02
2022-09-19 13:23:51, INFO: Loss in epoch 61: 0.02
2022-09-19 13:23:51, INFO: Loss in epoch 62: 0.02
2022-09-19 13:23:52, INFO: Loss in epoch 63: 0.02
2022-09-19 13:23:52, INFO: Loss in epoch 64: 0.02
2022-09-19 13:23:52, INFO: Loss in epoch 65: 0.02
2022-09-19 13:23:52, INFO: Loss in epoch 66: 0.02
2022-09-19 13:23:52, INFO: Loss in epoch 67: 0.02
2022-09-19 13:23:52, INFO: Loss in epoch 68: 0.02
2022-09-19 13:23:52, INFO: Loss in epoch 69: 0.02
2022-09-19 13:23:52, INFO: Loss in epoch 70: 0.02
2022-09-19 13:23:52, INFO: Loss in epoch 71: 0.02
2022-09-19 13:23:52, INFO: Loss in epoch 72: 0.02
2022-09-19 13:23:52, INFO: Loss in epoch 73: 0.02
2022-09-19 13:23:53, INFO: Loss in epoch 74: 0.02
2022-09-19 13:23:53, INFO: Loss in epoch 75: 0.02
2022-09-19 13:23:53, INFO: Loss in epoch 76: 0.02
2022-09-19 13:23:53, INFO: Loss in epoch 77: 0.02
2022-09-19 13:23:53, INFO: Loss in epoch 78: 0.02
2022-09-19 13:23:53, INFO: Loss in epoch 79: 0.02
2022-09-19 13:23:53, INFO: Loss in epoch 80: 0.02
2022-09-19 13:23:53, INFO: Loss in epoch 81: 0.02
2022-09-19 13:23:53, INFO: Loss in epoch 82: 0.02
2022-09-19 13:23:53, INFO: Loss in epoch 83: 0.02
2022-09-19 13:23:53, INFO: Loss in epoch 84: 0.02
2022-09-19 13:23:54, INFO: Loss in epoch 85: 0.02
2022-09-19 13:23:54, INFO: Loss in epoch 86: 0.02
2022-09-19 13:23:54, INFO: Loss in epoch 87: 0.02
2022-09-19 13:23:54, INFO: Loss in epoch 88: 0.02
2022-09-19 13:23:54, INFO: Loss in epoch 89: 0.02
2022-09-19 13:23:54, INFO: Loss in epoch 90: 0.02
2022-09-19 13:23:54, INFO: Loss in epoch 91: 0.02
2022-09-19 13:23:54, INFO: Loss in epoch 92: 0.02
2022-09-19 13:23:54, INFO: Loss in epoch 93: 0.02
2022-09-19 13:23:54, INFO: Loss in epoch 94: 0.02
2022-09-19 13:23:55, INFO: Loss in epoch 95: 0.02
2022-09-19 13:23:55, INFO: Loss in epoch 96: 0.02
2022-09-19 13:23:55, INFO: Loss in epoch 97: 0.02
2022-09-19 13:23:55, INFO: Loss in epoch 98: 0.02
2022-09-19 13:23:55, INFO: Loss in epoch 99: 0.02
2022-09-19 13:23:55, INFO: Loss in epoch 100: 0.02
2022-09-19 13:23:55, INFO: Loss in epoch 101: 0.02
2022-09-19 13:23:55, INFO: Loss in epoch 102: 0.02
2022-09-19 13:23:55, INFO: Loss in epoch 103: 0.02
2022-09-19 13:23:55, INFO: Loss in epoch 104: 0.02
2022-09-19 13:23:56, INFO: Loss in epoch 105: 0.02
2022-09-19 13:23:56, INFO: Loss in epoch 106: 0.02
2022-09-19 13:23:56, INFO: Loss in epoch 107: 0.02
2022-09-19 13:23:56, INFO: Loss in epoch 108: 0.02
2022-09-19 13:23:56, INFO: Loss in epoch 109: 0.02
2022-09-19 13:23:56, INFO: Loss in epoch 110: 0.02
2022-09-19 13:23:56, INFO: Loss in epoch 111: 0.02
2022-09-19 13:23:56, INFO: Loss in epoch 112: 0.02
2022-09-19 13:23:56, INFO: Loss in epoch 113: 0.02
2022-09-19 13:23:56, INFO: Loss in epoch 114: 0.02
2022-09-19 13:23:56, INFO: Loss in epoch 115: 0.02
2022-09-19 13:23:57, INFO: Loss in epoch 116: 0.02
2022-09-19 13:23:57, INFO: Loss in epoch 117: 0.02
2022-09-19 13:23:57, INFO: Loss in epoch 118: 0.02
2022-09-19 13:23:57, INFO: Loss in epoch 119: 0.02
2022-09-19 13:23:57, INFO: Loss in epoch 120: 0.02
2022-09-19 13:23:57, INFO: Loss in epoch 121: 0.02
2022-09-19 13:23:57, INFO: Loss in epoch 122: 0.02
2022-09-19 13:23:57, INFO: Loss in epoch 123: 0.02
2022-09-19 13:23:57, INFO: Loss in epoch 124: 0.02
2022-09-19 13:23:57, INFO: Loss in epoch 125: 0.02
2022-09-19 13:23:58, INFO: Loss in epoch 126: 0.02
2022-09-19 13:23:58, INFO: Loss in epoch 127: 0.02
2022-09-19 13:23:58, INFO: Loss in epoch 128: 0.02
2022-09-19 13:23:58, INFO: Loss in epoch 129: 0.02
2022-09-19 13:23:58, INFO: Loss in epoch 130: 0.02
2022-09-19 13:23:58, INFO: Loss in epoch 131: 0.02
2022-09-19 13:23:58, INFO: Loss in epoch 132: 0.02
2022-09-19 13:23:58, INFO: Loss in epoch 133: 0.02
2022-09-19 13:23:58, INFO: Loss in epoch 134: 0.02
2022-09-19 13:23:58, INFO: Loss in epoch 135: 0.02
2022-09-19 13:23:59, INFO: Loss in epoch 136: 0.02
2022-09-19 13:23:59, INFO: Loss in epoch 137: 0.02
2022-09-19 13:23:59, INFO: Loss in epoch 138: 0.02
2022-09-19 13:23:59, INFO: Loss in epoch 139: 0.02
2022-09-19 13:23:59, INFO: Loss in epoch 140: 0.02
2022-09-19 13:23:59, INFO: Loss in epoch 141: 0.02
2022-09-19 13:23:59, INFO: Loss in epoch 142: 0.02
2022-09-19 13:23:59, INFO: Loss in epoch 143: 0.02
2022-09-19 13:23:59, INFO: Loss in epoch 144: 0.02
2022-09-19 13:23:59, INFO: Loss in epoch 145: 0.02
2022-09-19 13:23:59, INFO: Loss in epoch 146: 0.02
2022-09-19 13:24:00, INFO: Loss in epoch 147: 0.02
2022-09-19 13:24:00, INFO: Loss in epoch 148: 0.02
2022-09-19 13:24:00, INFO: Loss in epoch 149: 0.02
2022-09-19 13:24:00, INFO: Loss in epoch 150: 0.02
2022-09-19 13:24:00, INFO: Loss in epoch 151: 0.02
2022-09-19 13:24:00, INFO: Loss in epoch 152: 0.02
2022-09-19 13:24:00, INFO: Loss in epoch 153: 0.02
2022-09-19 13:24:00, INFO: Loss in epoch 154: 0.02
2022-09-19 13:24:00, INFO: Loss in epoch 155: 0.02
2022-09-19 13:24:00, INFO: Loss in epoch 156: 0.02
2022-09-19 13:24:00, INFO: Loss in epoch 157: 0.02
2022-09-19 13:24:01, INFO: Loss in epoch 158: 0.02
2022-09-19 13:24:01, INFO: Loss in epoch 159: 0.02
2022-09-19 13:24:01, INFO: Loss in epoch 160: 0.02
2022-09-19 13:24:01, INFO: Loss in epoch 161: 0.02
2022-09-19 13:24:01, INFO: Loss in epoch 162: 0.02
2022-09-19 13:24:01, INFO: Loss in epoch 163: 0.02
2022-09-19 13:24:01, INFO: Loss in epoch 164: 0.02
2022-09-19 13:24:01, INFO: Loss in epoch 165: 0.02
2022-09-19 13:24:01, INFO: Loss in epoch 166: 0.02
2022-09-19 13:24:01, INFO: Loss in epoch 167: 0.02
2022-09-19 13:24:01, INFO: Loss in epoch 168: 0.02
2022-09-19 13:24:02, INFO: Loss in epoch 169: 0.02
2022-09-19 13:24:02, INFO: Loss in epoch 170: 0.02
2022-09-19 13:24:02, INFO: Loss in epoch 171: 0.02
2022-09-19 13:24:02, INFO: Loss in epoch 172: 0.02
2022-09-19 13:24:02, INFO: Loss in epoch 173: 0.02
2022-09-19 13:24:02, INFO: Loss in epoch 174: 0.02
2022-09-19 13:24:02, INFO: Loss in epoch 175: 0.02
2022-09-19 13:24:02, INFO: Loss in epoch 176: 0.02
2022-09-19 13:24:02, INFO: Loss in epoch 177: 0.02
2022-09-19 13:24:02, INFO: Loss in epoch 178: 0.02
2022-09-19 13:24:02, INFO: Loss in epoch 179: 0.02
2022-09-19 13:24:03, INFO: Loss in epoch 180: 0.02
2022-09-19 13:24:03, INFO: Loss in epoch 181: 0.02
2022-09-19 13:24:03, INFO: Loss in epoch 182: 0.02
2022-09-19 13:24:03, INFO: Loss in epoch 183: 0.02
2022-09-19 13:24:03, INFO: Loss in epoch 184: 0.02
2022-09-19 13:24:03, INFO: Loss in epoch 185: 0.02
2022-09-19 13:24:03, INFO: Loss in epoch 186: 0.02
2022-09-19 13:24:03, INFO: Loss in epoch 187: 0.02
2022-09-19 13:24:03, INFO: Loss in epoch 188: 0.02
2022-09-19 13:24:03, INFO: Loss in epoch 189: 0.02
2022-09-19 13:24:04, INFO: Loss in epoch 190: 0.02
2022-09-19 13:24:04, INFO: Loss in epoch 191: 0.02
2022-09-19 13:24:04, INFO: Loss in epoch 192: 0.02
2022-09-19 13:24:04, INFO: Loss in epoch 193: 0.02
2022-09-19 13:24:04, INFO: Loss in epoch 194: 0.02
2022-09-19 13:24:04, INFO: Loss in epoch 195: 0.02
2022-09-19 13:24:04, INFO: Loss in epoch 196: 0.02
2022-09-19 13:24:04, INFO: Loss in epoch 197: 0.02
2022-09-19 13:24:04, INFO: Loss in epoch 198: 0.02
2022-09-19 13:24:04, INFO: Loss in epoch 199: 0.02
2022-09-19 13:24:05, INFO: Loss in epoch 200: 0.02
2022-09-19 13:24:05, INFO: Loss in epoch 201: 0.02
2022-09-19 13:24:05, INFO: Loss in epoch 202: 0.02
2022-09-19 13:24:05, INFO: Loss in epoch 203: 0.02
2022-09-19 13:24:05, INFO: Loss in epoch 204: 0.02
2022-09-19 13:24:05, INFO: Loss in epoch 205: 0.02
2022-09-19 13:24:05, INFO: Loss in epoch 206: 0.02
2022-09-19 13:24:05, INFO: Loss in epoch 207: 0.02
2022-09-19 13:24:05, INFO: Loss in epoch 208: 0.02
2022-09-19 13:24:05, INFO: Loss in epoch 209: 0.02
2022-09-19 13:24:05, INFO: Loss in epoch 210: 0.02
2022-09-19 13:24:05, INFO: Loss in epoch 211: 0.02
2022-09-19 13:24:06, INFO: Loss in epoch 212: 0.02
2022-09-19 13:24:06, INFO: Loss in epoch 213: 0.02
2022-09-19 13:24:06, INFO: Loss in epoch 214: 0.02
2022-09-19 13:24:06, INFO: Loss in epoch 215: 0.02
2022-09-19 13:24:06, INFO: Loss in epoch 216: 0.02
2022-09-19 13:24:06, INFO: Loss in epoch 217: 0.02
2022-09-19 13:24:06, INFO: Loss in epoch 218: 0.02
2022-09-19 13:24:06, INFO: Loss in epoch 219: 0.02
2022-09-19 13:24:06, INFO: Loss in epoch 220: 0.02
2022-09-19 13:24:06, INFO: Loss in epoch 221: 0.02
2022-09-19 13:24:07, INFO: Loss in epoch 222: 0.02
2022-09-19 13:24:07, INFO: Loss in epoch 223: 0.02
2022-09-19 13:24:07, INFO: Loss in epoch 224: 0.02
2022-09-19 13:24:07, INFO: Loss in epoch 225: 0.02
2022-09-19 13:24:07, INFO: Loss in epoch 226: 0.02
2022-09-19 13:24:07, INFO: Loss in epoch 227: 0.02
2022-09-19 13:24:07, INFO: Loss in epoch 228: 0.02
2022-09-19 13:24:07, INFO: Loss in epoch 229: 0.02
2022-09-19 13:24:07, INFO: Loss in epoch 230: 0.02
2022-09-19 13:24:07, INFO: Loss in epoch 231: 0.02
2022-09-19 13:24:07, INFO: Loss in epoch 232: 0.02
2022-09-19 13:24:08, INFO: Loss in epoch 233: 0.02
2022-09-19 13:24:08, INFO: Loss in epoch 234: 0.02
2022-09-19 13:24:08, INFO: Loss in epoch 235: 0.02
2022-09-19 13:24:08, INFO: Loss in epoch 236: 0.02
2022-09-19 13:24:08, INFO: Loss in epoch 237: 0.02
2022-09-19 13:24:08, INFO: Loss in epoch 238: 0.02
2022-09-19 13:24:08, INFO: Loss in epoch 239: 0.02
2022-09-19 13:24:08, INFO: Loss in epoch 240: 0.02
2022-09-19 13:24:08, INFO: Loss in epoch 241: 0.02
2022-09-19 13:24:08, INFO: Loss in epoch 242: 0.02
2022-09-19 13:24:09, INFO: Loss in epoch 243: 0.02
2022-09-19 13:24:09, INFO: Loss in epoch 244: 0.02
2022-09-19 13:24:09, INFO: Loss in epoch 245: 0.02
2022-09-19 13:24:09, INFO: Loss in epoch 246: 0.02
2022-09-19 13:24:09, INFO: Loss in epoch 247: 0.02
2022-09-19 13:24:09, INFO: Loss in epoch 248: 0.02
2022-09-19 13:24:09, INFO: Loss in epoch 249: 0.02
2022-09-19 13:24:09, INFO: Finish initializing model. Model saved
2022-09-19 13:36:26, INFO: test in episode 0 has success rate: 0.44, failure rate: 0.35, average extra time to goal: 28
2022-09-19 13:37:28, INFO: train in episode 0 has success rate: 0.80, failure rate: 0.10, average extra time to goal: 44
2022-09-19 13:37:28, INFO: Loss in epoch 0 is 0.024047139566391706
2022-09-19 13:37:28, INFO: Loss in epoch 1 is 0.023842855356633663
2022-09-19 13:37:28, INFO: Loss in epoch 2 is 0.023642403539270163
2022-09-19 13:37:28, INFO: Loss in epoch 3 is 0.023534759413450956
2022-09-19 13:37:28, INFO: Loss in epoch 4 is 0.02347018662840128
2022-09-19 13:37:28, INFO: Loss in epoch 5 is 0.023387284483760595
2022-09-19 13:37:29, INFO: Loss in epoch 6 is 0.023298094049096107
2022-09-19 13:37:29, INFO: Loss in epoch 7 is 0.023221480194479227
2022-09-19 13:37:29, INFO: Loss in epoch 8 is 0.023155604023486376
2022-09-19 13:37:29, INFO: Loss in epoch 9 is 0.023092885967344046
2022-09-19 13:37:29, INFO: Loss in epoch 10 is 0.023032541386783123
2022-09-19 13:37:29, INFO: Loss in epoch 11 is 0.022975974716246128
2022-09-19 13:37:29, INFO: Loss in epoch 12 is 0.022922116331756115
2022-09-19 13:37:29, INFO: Loss in epoch 13 is 0.02287436183542013
2022-09-19 13:37:29, INFO: Loss in epoch 14 is 0.022828156128525734
2022-09-19 13:37:29, INFO: Loss in epoch 15 is 0.022782007232308388
2022-09-19 13:37:30, INFO: Loss in epoch 16 is 0.02273850003257394
2022-09-19 13:37:30, INFO: Loss in epoch 17 is 0.022697683423757553
2022-09-19 13:37:30, INFO: Loss in epoch 18 is 0.022656173910945654
2022-09-19 13:37:30, INFO: Loss in epoch 19 is 0.022619795985519886
2022-09-19 13:37:30, INFO: Loss in epoch 20 is 0.022583186626434326
2022-09-19 13:37:30, INFO: Loss in epoch 21 is 0.022545325569808483
2022-09-19 13:37:30, INFO: Loss in epoch 22 is 0.022510484792292118
2022-09-19 13:37:30, INFO: Loss in epoch 23 is 0.02247850550338626
2022-09-19 13:37:30, INFO: Loss in epoch 24 is 0.022445804439485073
2022-09-19 13:37:31, INFO: Loss in epoch 25 is 0.022413423750549555
2022-09-19 13:37:31, INFO: Loss in epoch 26 is 0.02238186914473772
2022-09-19 13:37:31, INFO: Loss in epoch 27 is 0.02235350478440523
2022-09-19 13:37:31, INFO: Loss in epoch 28 is 0.022323118522763252
2022-09-19 13:37:31, INFO: Loss in epoch 29 is 0.02229326032102108
2022-09-19 13:38:33, INFO: train in episode 1 has success rate: 0.70, failure rate: 0.00, average extra time to goal: 44
2022-09-19 13:38:33, INFO: Loss in epoch 0 is 0.02279883297160268
2022-09-19 13:38:33, INFO: Loss in epoch 1 is 0.022726210299879313
2022-09-19 13:38:33, INFO: Loss in epoch 2 is 0.02266623405739665
2022-09-19 13:38:33, INFO: Loss in epoch 3 is 0.02262352081015706
2022-09-19 13:38:34, INFO: Loss in epoch 4 is 0.022580391261726618
2022-09-19 13:38:34, INFO: Loss in epoch 5 is 0.02253297995775938
2022-09-19 13:38:34, INFO: Loss in epoch 6 is 0.022488753776997328
2022-09-19 13:38:34, INFO: Loss in epoch 7 is 0.022451795637607574
2022-09-19 13:38:34, INFO: Loss in epoch 8 is 0.022416296880692244
2022-09-19 13:38:34, INFO: Loss in epoch 9 is 0.022381659597158432
2022-09-19 13:38:34, INFO: Loss in epoch 10 is 0.022347244899719954
2022-09-19 13:38:34, INFO: Loss in epoch 11 is 0.022315698210150003
2022-09-19 13:38:34, INFO: Loss in epoch 12 is 0.02228508610278368
2022-09-19 13:38:35, INFO: Loss in epoch 13 is 0.022256487049162388
2022-09-19 13:38:35, INFO: Loss in epoch 14 is 0.02222770592197776
2022-09-19 13:38:35, INFO: Loss in epoch 15 is 0.02219946589320898
2022-09-19 13:38:35, INFO: Loss in epoch 16 is 0.022172553464770317
2022-09-19 13:38:35, INFO: Loss in epoch 17 is 0.02214691834524274
2022-09-19 13:38:35, INFO: Loss in epoch 18 is 0.0221206690184772
2022-09-19 13:38:35, INFO: Loss in epoch 19 is 0.02209556894376874
2022-09-19 13:38:35, INFO: Loss in epoch 20 is 0.022071593906730413
2022-09-19 13:38:35, INFO: Loss in epoch 21 is 0.022046991158276796
2022-09-19 13:38:36, INFO: Loss in epoch 22 is 0.02202617097645998
2022-09-19 13:38:36, INFO: Loss in epoch 23 is 0.022000193130224943
2022-09-19 13:38:36, INFO: Loss in epoch 24 is 0.021979276556521654
2022-09-19 13:38:36, INFO: Loss in epoch 25 is 0.02195507287979126
2022-09-19 13:38:36, INFO: Loss in epoch 26 is 0.021932709496468306
2022-09-19 13:38:36, INFO: Loss in epoch 27 is 0.02191058360040188
2022-09-19 13:38:36, INFO: Loss in epoch 28 is 0.021889116149395704
2022-09-19 13:38:36, INFO: Loss in epoch 29 is 0.021867610979825258
2022-09-19 13:39:24, INFO: train in episode 2 has success rate: 0.50, failure rate: 0.40, average extra time to goal: 38
2022-09-19 13:39:24, INFO: Loss in epoch 0 is 0.022537534590810537
2022-09-19 13:39:24, INFO: Loss in epoch 1 is 0.022510350216180086
2022-09-19 13:39:25, INFO: Loss in epoch 2 is 0.022484632208943367
2022-09-19 13:39:25, INFO: Loss in epoch 3 is 0.0224608201533556
2022-09-19 13:39:25, INFO: Loss in epoch 4 is 0.02243572613224387
2022-09-19 13:39:25, INFO: Loss in epoch 5 is 0.022412189282476902
2022-09-19 13:39:25, INFO: Loss in epoch 6 is 0.022389098536223173
2022-09-19 13:39:25, INFO: Loss in epoch 7 is 0.02236691815778613
2022-09-19 13:39:25, INFO: Loss in epoch 8 is 0.022345229517668486
2022-09-19 13:39:26, INFO: Loss in epoch 9 is 0.02232299465686083
2022-09-19 13:39:26, INFO: Loss in epoch 10 is 0.022302409168332815
2022-09-19 13:39:26, INFO: Loss in epoch 11 is 0.022282400634139776
2022-09-19 13:39:26, INFO: Loss in epoch 12 is 0.022260482888668776
2022-09-19 13:39:26, INFO: Loss in epoch 13 is 0.02223971951752901
2022-09-19 13:39:26, INFO: Loss in epoch 14 is 0.022219520527869463
2022-09-19 13:39:26, INFO: Loss in epoch 15 is 0.02219965448603034
2022-09-19 13:39:26, INFO: Loss in epoch 16 is 0.0221804678440094
2022-09-19 13:39:26, INFO: Loss in epoch 17 is 0.02216108376160264
2022-09-19 13:39:27, INFO: Loss in epoch 18 is 0.022143058478832245
2022-09-19 13:39:27, INFO: Loss in epoch 19 is 0.022124039474874735
2022-09-19 13:39:27, INFO: Loss in epoch 20 is 0.02210508333519101
2022-09-19 13:39:27, INFO: Loss in epoch 21 is 0.022086514625698328
2022-09-19 13:39:27, INFO: Loss in epoch 22 is 0.022068540565669537
2022-09-19 13:39:27, INFO: Loss in epoch 23 is 0.02205118117853999
2022-09-19 13:39:27, INFO: Loss in epoch 24 is 0.02203253237530589
2022-09-19 13:39:27, INFO: Loss in epoch 25 is 0.022015823982656002
2022-09-19 13:39:28, INFO: Loss in epoch 26 is 0.021997421514242887
2022-09-19 13:39:28, INFO: Loss in epoch 27 is 0.021981640253216028
2022-09-19 13:39:28, INFO: Loss in epoch 28 is 0.02196478145197034
2022-09-19 13:39:28, INFO: Loss in epoch 29 is 0.021946720778942108
2022-09-19 13:40:25, INFO: train in episode 3 has success rate: 0.10, failure rate: 0.40, average extra time to goal: 35
2022-09-19 13:40:25, INFO: Loss in epoch 0 is 0.02219911850988865
2022-09-19 13:40:25, INFO: Loss in epoch 1 is 0.02216849336400628
2022-09-19 13:40:25, INFO: Loss in epoch 2 is 0.02213848987594247
2022-09-19 13:40:25, INFO: Loss in epoch 3 is 0.0221101394854486
2022-09-19 13:40:26, INFO: Loss in epoch 4 is 0.022084813565015793
2022-09-19 13:40:26, INFO: Loss in epoch 5 is 0.02206221129745245
2022-09-19 13:40:26, INFO: Loss in epoch 6 is 0.022041013929992914
2022-09-19 13:40:26, INFO: Loss in epoch 7 is 0.02202071389183402
2022-09-19 13:40:26, INFO: Loss in epoch 8 is 0.021999473683536053
2022-09-19 13:40:26, INFO: Loss in epoch 9 is 0.02197977900505066
2022-09-19 13:40:26, INFO: Loss in epoch 10 is 0.021959109231829643
2022-09-19 13:40:26, INFO: Loss in epoch 11 is 0.021940783597528934
2022-09-19 13:40:26, INFO: Loss in epoch 12 is 0.021921392995864153
2022-09-19 13:40:27, INFO: Loss in epoch 13 is 0.02190375328063965
2022-09-19 13:40:27, INFO: Loss in epoch 14 is 0.021885277703404427
2022-09-19 13:40:27, INFO: Loss in epoch 15 is 0.02186762122437358
2022-09-19 13:40:27, INFO: Loss in epoch 16 is 0.021850558929145336
2022-09-19 13:40:27, INFO: Loss in epoch 17 is 0.021833244245499372
2022-09-19 13:40:27, INFO: Loss in epoch 18 is 0.02181672491133213
2022-09-19 13:40:27, INFO: Loss in epoch 19 is 0.0217994237318635
2022-09-19 13:40:27, INFO: Loss in epoch 20 is 0.02178345015272498
2022-09-19 13:40:27, INFO: Loss in epoch 21 is 0.021765852347016335
2022-09-19 13:40:27, INFO: Loss in epoch 22 is 0.021750545594841242
2022-09-19 13:40:28, INFO: Loss in epoch 23 is 0.021733588073402643
2022-09-19 13:40:28, INFO: Loss in epoch 24 is 0.021717790979892015
2022-09-19 13:40:28, INFO: Loss in epoch 25 is 0.021701923105865717
2022-09-19 13:40:28, INFO: Loss in epoch 26 is 0.021686180494725704
2022-09-19 13:40:28, INFO: Loss in epoch 27 is 0.021669769659638405
2022-09-19 13:40:28, INFO: Loss in epoch 28 is 0.021654479671269655
2022-09-19 13:40:28, INFO: Loss in epoch 29 is 0.021638795733451843
2022-09-19 13:41:25, INFO: train in episode 4 has success rate: 0.40, failure rate: 0.30, average extra time to goal: 40
2022-09-19 13:41:25, INFO: Loss in epoch 0 is 0.022226613946259022
2022-09-19 13:41:25, INFO: Loss in epoch 1 is 0.022207138128578663
2022-09-19 13:41:25, INFO: Loss in epoch 2 is 0.022188888862729073
2022-09-19 13:41:25, INFO: Loss in epoch 3 is 0.022171636577695608
2022-09-19 13:41:25, INFO: Loss in epoch 4 is 0.022153930738568306
2022-09-19 13:41:25, INFO: Loss in epoch 5 is 0.022136764135211706
2022-09-19 13:41:25, INFO: Loss in epoch 6 is 0.022118634078651667
2022-09-19 13:41:25, INFO: Loss in epoch 7 is 0.02210102742537856
2022-09-19 13:41:25, INFO: Loss in epoch 8 is 0.022084567230194807
2022-09-19 13:41:26, INFO: Loss in epoch 9 is 0.022066422272473574
2022-09-19 13:41:26, INFO: Loss in epoch 10 is 0.02204993600025773
2022-09-19 13:41:26, INFO: Loss in epoch 11 is 0.022033242043107748
2022-09-19 13:41:26, INFO: Loss in epoch 12 is 0.02201675157994032
2022-09-19 13:41:26, INFO: Loss in epoch 13 is 0.021999782882630825
2022-09-19 13:41:26, INFO: Loss in epoch 14 is 0.02198450593277812
2022-09-19 13:41:26, INFO: Loss in epoch 15 is 0.021968865301460028
2022-09-19 13:41:26, INFO: Loss in epoch 16 is 0.021952301263809204
2022-09-19 13:41:26, INFO: Loss in epoch 17 is 0.021936330944299698
2022-09-19 13:41:26, INFO: Loss in epoch 18 is 0.02192270616069436
2022-09-19 13:41:27, INFO: Loss in epoch 19 is 0.021906306501477957
2022-09-19 13:41:27, INFO: Loss in epoch 20 is 0.021891135722398758
2022-09-19 13:41:27, INFO: Loss in epoch 21 is 0.02187643200159073
2022-09-19 13:41:27, INFO: Loss in epoch 22 is 0.021860549692064524
2022-09-19 13:41:27, INFO: Loss in epoch 23 is 0.02184695051982999
2022-09-19 13:41:27, INFO: Loss in epoch 24 is 0.021831589750945568
2022-09-19 13:41:27, INFO: Loss in epoch 25 is 0.021815140265971422
2022-09-19 13:41:27, INFO: Loss in epoch 26 is 0.021801257971674204
2022-09-19 13:41:27, INFO: Loss in epoch 27 is 0.02178620034828782
2022-09-19 13:41:27, INFO: Loss in epoch 28 is 0.02177250012755394
2022-09-19 13:41:27, INFO: Loss in epoch 29 is 0.02175762178376317
2022-09-19 13:42:25, INFO: train in episode 5 has success rate: 0.50, failure rate: 0.20, average extra time to goal: 32
2022-09-19 13:42:25, INFO: Loss in epoch 0 is 0.02201099321246147
2022-09-19 13:42:25, INFO: Loss in epoch 1 is 0.021993137896060944
2022-09-19 13:42:26, INFO: Loss in epoch 2 is 0.021978263277560472
2022-09-19 13:42:26, INFO: Loss in epoch 3 is 0.021964807994663715
2022-09-19 13:42:26, INFO: Loss in epoch 4 is 0.02194904489442706
2022-09-19 13:42:26, INFO: Loss in epoch 5 is 0.02193377399817109
2022-09-19 13:42:26, INFO: Loss in epoch 6 is 0.02191926632076502
2022-09-19 13:42:26, INFO: Loss in epoch 7 is 0.02190576959401369
2022-09-19 13:42:26, INFO: Loss in epoch 8 is 0.021891170646995306
2022-09-19 13:42:26, INFO: Loss in epoch 9 is 0.02187764411792159
2022-09-19 13:42:26, INFO: Loss in epoch 10 is 0.02186395600438118
2022-09-19 13:42:26, INFO: Loss in epoch 11 is 0.021849570330232382
2022-09-19 13:42:27, INFO: Loss in epoch 12 is 0.02183575415983796
2022-09-19 13:42:27, INFO: Loss in epoch 13 is 0.02182273007929325
2022-09-19 13:42:27, INFO: Loss in epoch 14 is 0.02180926688015461
2022-09-19 13:42:27, INFO: Loss in epoch 15 is 0.021795491222292185
2022-09-19 13:42:27, INFO: Loss in epoch 16 is 0.021781752817332745
2022-09-19 13:42:27, INFO: Loss in epoch 17 is 0.02176855970174074
2022-09-19 13:42:27, INFO: Loss in epoch 18 is 0.021756310015916824
2022-09-19 13:42:27, INFO: Loss in epoch 19 is 0.02174271736294031
2022-09-19 13:42:27, INFO: Loss in epoch 20 is 0.02172885090112686
2022-09-19 13:42:27, INFO: Loss in epoch 21 is 0.021716607734560966
2022-09-19 13:42:28, INFO: Loss in epoch 22 is 0.021703253500163555
2022-09-19 13:42:28, INFO: Loss in epoch 23 is 0.021690883208066225
2022-09-19 13:42:28, INFO: Loss in epoch 24 is 0.021677573211491108
2022-09-19 13:42:28, INFO: Loss in epoch 25 is 0.02166494820266962
2022-09-19 13:42:28, INFO: Loss in epoch 26 is 0.02165190316736698
2022-09-19 13:42:28, INFO: Loss in epoch 27 is 0.021639364771544933
2022-09-19 13:42:28, INFO: Loss in epoch 28 is 0.021627013571560383
2022-09-19 13:42:28, INFO: Loss in epoch 29 is 0.021615300327539444
2022-09-19 13:43:24, INFO: train in episode 6 has success rate: 0.80, failure rate: 0.20, average extra time to goal: 46
2022-09-19 13:43:24, INFO: Loss in epoch 0 is 0.021500544156879187
2022-09-19 13:43:24, INFO: Loss in epoch 1 is 0.0214861580170691
2022-09-19 13:43:24, INFO: Loss in epoch 2 is 0.021473736502230167
2022-09-19 13:43:24, INFO: Loss in epoch 3 is 0.021460477728396654
2022-09-19 13:43:24, INFO: Loss in epoch 4 is 0.02144668996334076
2022-09-19 13:43:25, INFO: Loss in epoch 5 is 0.021432756446301937
2022-09-19 13:43:25, INFO: Loss in epoch 6 is 0.021420526318252087
2022-09-19 13:43:25, INFO: Loss in epoch 7 is 0.021407862659543753
2022-09-19 13:43:25, INFO: Loss in epoch 8 is 0.02139559853821993
2022-09-19 13:43:25, INFO: Loss in epoch 9 is 0.02138222847133875
2022-09-19 13:43:25, INFO: Loss in epoch 10 is 0.021369229536503553
2022-09-19 13:43:25, INFO: Loss in epoch 11 is 0.021357194520533085
2022-09-19 13:43:25, INFO: Loss in epoch 12 is 0.021346138324588537
2022-09-19 13:43:25, INFO: Loss in epoch 13 is 0.021332353819161654
2022-09-19 13:43:25, INFO: Loss in epoch 14 is 0.021321908105164766
2022-09-19 13:43:26, INFO: Loss in epoch 15 is 0.021309341304004192
2022-09-19 13:43:26, INFO: Loss in epoch 16 is 0.021296140272170305
2022-09-19 13:43:26, INFO: Loss in epoch 17 is 0.021283214911818504
2022-09-19 13:43:26, INFO: Loss in epoch 18 is 0.021271442994475365
2022-09-19 13:43:26, INFO: Loss in epoch 19 is 0.021258140914142132
2022-09-19 13:43:26, INFO: Loss in epoch 20 is 0.021246081218123436
2022-09-19 13:43:26, INFO: Loss in epoch 21 is 0.02123548462986946
2022-09-19 13:43:26, INFO: Loss in epoch 22 is 0.02122400375083089
2022-09-19 13:43:26, INFO: Loss in epoch 23 is 0.0212113494053483
2022-09-19 13:43:26, INFO: Loss in epoch 24 is 0.02119895163923502
2022-09-19 13:43:26, INFO: Loss in epoch 25 is 0.021188281010836363
2022-09-19 13:43:27, INFO: Loss in epoch 26 is 0.021175891160964966
2022-09-19 13:43:27, INFO: Loss in epoch 27 is 0.021165492944419384
2022-09-19 13:43:27, INFO: Loss in epoch 28 is 0.02115385001525283
2022-09-19 13:43:27, INFO: Loss in epoch 29 is 0.021142403595149517
2022-09-19 13:44:28, INFO: train in episode 7 has success rate: 0.50, failure rate: 0.20, average extra time to goal: 54
2022-09-19 13:44:28, INFO: Loss in epoch 0 is 0.02129100589081645
2022-09-19 13:44:28, INFO: Loss in epoch 1 is 0.021279487293213606
2022-09-19 13:44:28, INFO: Loss in epoch 2 is 0.021264860406517982
2022-09-19 13:44:28, INFO: Loss in epoch 3 is 0.02125312900170684
2022-09-19 13:44:28, INFO: Loss in epoch 4 is 0.021238975692540407
2022-09-19 13:44:28, INFO: Loss in epoch 5 is 0.021227810997515917
2022-09-19 13:44:28, INFO: Loss in epoch 6 is 0.021216548513621092
2022-09-19 13:44:28, INFO: Loss in epoch 7 is 0.02120464388281107
2022-09-19 13:44:29, INFO: Loss in epoch 8 is 0.021192810963839293
2022-09-19 13:44:29, INFO: Loss in epoch 9 is 0.021182091906666756
2022-09-19 13:44:29, INFO: Loss in epoch 10 is 0.021171058993786573
2022-09-19 13:44:29, INFO: Loss in epoch 11 is 0.021161025390028954
2022-09-19 13:44:29, INFO: Loss in epoch 12 is 0.02114921109750867
2022-09-19 13:44:29, INFO: Loss in epoch 13 is 0.02113782800734043
2022-09-19 13:44:29, INFO: Loss in epoch 14 is 0.021127331536263227
2022-09-19 13:44:29, INFO: Loss in epoch 15 is 0.021115625742822886
2022-09-19 13:44:29, INFO: Loss in epoch 16 is 0.021104850340634584
2022-09-19 13:44:29, INFO: Loss in epoch 17 is 0.021093841176480055
2022-09-19 13:44:30, INFO: Loss in epoch 18 is 0.02108421316370368
2022-09-19 13:44:30, INFO: Loss in epoch 19 is 0.021074827294796705
2022-09-19 13:44:30, INFO: Loss in epoch 20 is 0.021062294486910105
2022-09-19 13:44:30, INFO: Loss in epoch 21 is 0.021053941920399666
2022-09-19 13:44:30, INFO: Loss in epoch 22 is 0.021042030304670334
2022-09-19 13:44:30, INFO: Loss in epoch 23 is 0.021031812764704227
2022-09-19 13:44:30, INFO: Loss in epoch 24 is 0.0210219812579453
2022-09-19 13:44:30, INFO: Loss in epoch 25 is 0.021011322271078825
2022-09-19 13:44:30, INFO: Loss in epoch 26 is 0.021001555025577545
2022-09-19 13:44:30, INFO: Loss in epoch 27 is 0.020990942604839802
2022-09-19 13:44:30, INFO: Loss in epoch 28 is 0.020980517379939556
2022-09-19 13:44:31, INFO: Loss in epoch 29 is 0.020971682853996754
2022-09-19 13:45:20, INFO: train in episode 8 has success rate: 0.80, failure rate: 0.20, average extra time to goal: 36
2022-09-19 13:45:20, INFO: Loss in epoch 0 is 0.020866704639047384
2022-09-19 13:45:20, INFO: Loss in epoch 1 is 0.020856716204434633
2022-09-19 13:45:20, INFO: Loss in epoch 2 is 0.020845592953264713
2022-09-19 13:45:21, INFO: Loss in epoch 3 is 0.02083543036133051
2022-09-19 13:45:21, INFO: Loss in epoch 4 is 0.02082608686760068
2022-09-19 13:45:21, INFO: Loss in epoch 5 is 0.020816301461309195
2022-09-19 13:45:21, INFO: Loss in epoch 6 is 0.020806598477065563
2022-09-19 13:45:21, INFO: Loss in epoch 7 is 0.02079694950953126
2022-09-19 13:45:21, INFO: Loss in epoch 8 is 0.020786717534065247
2022-09-19 13:45:21, INFO: Loss in epoch 9 is 0.020777422469109297
2022-09-19 13:45:21, INFO: Loss in epoch 10 is 0.020767005160450935
2022-09-19 13:45:21, INFO: Loss in epoch 11 is 0.020758934319019318
2022-09-19 13:45:22, INFO: Loss in epoch 12 is 0.020748944953083992
2022-09-19 13:45:22, INFO: Loss in epoch 13 is 0.02073994278907776
2022-09-19 13:45:22, INFO: Loss in epoch 14 is 0.02072992967441678
2022-09-19 13:45:22, INFO: Loss in epoch 15 is 0.020720374770462513
2022-09-19 13:45:22, INFO: Loss in epoch 16 is 0.020711184944957495
2022-09-19 13:45:22, INFO: Loss in epoch 17 is 0.020702177193015814
2022-09-19 13:45:22, INFO: Loss in epoch 18 is 0.020692532416433096
2022-09-19 13:45:22, INFO: Loss in epoch 19 is 0.02068396843969822
2022-09-19 13:45:22, INFO: Loss in epoch 20 is 0.02067390736192465
2022-09-19 13:45:22, INFO: Loss in epoch 21 is 0.020665057003498077
2022-09-19 13:45:22, INFO: Loss in epoch 22 is 0.02065617498010397
2022-09-19 13:45:23, INFO: Loss in epoch 23 is 0.020647389348596334
2022-09-19 13:45:23, INFO: Loss in epoch 24 is 0.02063839603215456
2022-09-19 13:45:23, INFO: Loss in epoch 25 is 0.020628919824957848
2022-09-19 13:45:23, INFO: Loss in epoch 26 is 0.02062068274244666
2022-09-19 13:45:23, INFO: Loss in epoch 27 is 0.020611308980733156
2022-09-19 13:45:23, INFO: Loss in epoch 28 is 0.0206040283665061
2022-09-19 13:45:23, INFO: Loss in epoch 29 is 0.02059376798570156
2022-09-19 13:46:07, INFO: train in episode 9 has success rate: 0.50, failure rate: 0.40, average extra time to goal: 33
2022-09-19 13:46:07, INFO: Loss in epoch 0 is 0.021037929225713015
2022-09-19 13:46:07, INFO: Loss in epoch 1 is 0.021027612034231424
2022-09-19 13:46:07, INFO: Loss in epoch 2 is 0.021018081810325384
2022-09-19 13:46:08, INFO: Loss in epoch 3 is 0.021009130869060755
2022-09-19 13:46:08, INFO: Loss in epoch 4 is 0.021000237204134464
2022-09-19 13:46:08, INFO: Loss in epoch 5 is 0.020992218982428312
2022-09-19 13:46:08, INFO: Loss in epoch 6 is 0.020980658940970898
2022-09-19 13:46:08, INFO: Loss in epoch 7 is 0.020971828140318394
2022-09-19 13:46:08, INFO: Loss in epoch 8 is 0.02096249768510461
2022-09-19 13:46:08, INFO: Loss in epoch 9 is 0.020953298080712557
2022-09-19 13:46:08, INFO: Loss in epoch 10 is 0.020945033989846706
2022-09-19 13:46:08, INFO: Loss in epoch 11 is 0.02093431819230318
2022-09-19 13:46:08, INFO: Loss in epoch 12 is 0.02092735469341278
2022-09-19 13:46:08, INFO: Loss in epoch 13 is 0.020917135756462812
2022-09-19 13:46:09, INFO: Loss in epoch 14 is 0.020908820442855358
2022-09-19 13:46:09, INFO: Loss in epoch 15 is 0.020900867879390717
2022-09-19 13:46:09, INFO: Loss in epoch 16 is 0.020891227293759584
2022-09-19 13:46:09, INFO: Loss in epoch 17 is 0.020884016528725624
2022-09-19 13:46:09, INFO: Loss in epoch 18 is 0.02087602112442255
2022-09-19 13:46:09, INFO: Loss in epoch 19 is 0.02086585806682706
2022-09-19 13:46:09, INFO: Loss in epoch 20 is 0.020858308766037226
2022-09-19 13:46:09, INFO: Loss in epoch 21 is 0.020850935019552708
2022-09-19 13:46:09, INFO: Loss in epoch 22 is 0.02084141271188855
2022-09-19 13:46:10, INFO: Loss in epoch 23 is 0.02083267504349351
2022-09-19 13:46:10, INFO: Loss in epoch 24 is 0.020825003273785114
2022-09-19 13:46:10, INFO: Loss in epoch 25 is 0.020817491691559553
2022-09-19 13:46:10, INFO: Loss in epoch 26 is 0.020808519795536995
2022-09-19 13:46:10, INFO: Loss in epoch 27 is 0.020799825433641672
2022-09-19 13:46:10, INFO: Loss in epoch 28 is 0.02079101651906967
2022-09-19 13:46:10, INFO: Loss in epoch 29 is 0.020784410648047924
2022-09-19 13:47:10, INFO: train in episode 10 has success rate: 0.70, failure rate: 0.10, average extra time to goal: 40
2022-09-19 13:47:10, INFO: Loss in epoch 0 is 0.02052820846438408
2022-09-19 13:47:10, INFO: Loss in epoch 1 is 0.02051987824961543
2022-09-19 13:47:10, INFO: Loss in epoch 2 is 0.020512006245553493
2022-09-19 13:47:10, INFO: Loss in epoch 3 is 0.020506706088781357
2022-09-19 13:47:11, INFO: Loss in epoch 4 is 0.020497171208262444
2022-09-19 13:47:11, INFO: Loss in epoch 5 is 0.020491771399974823
2022-09-19 13:47:11, INFO: Loss in epoch 6 is 0.020479433238506317
2022-09-19 13:47:11, INFO: Loss in epoch 7 is 0.02047125529497862
2022-09-19 13:47:11, INFO: Loss in epoch 8 is 0.02046364964917302
2022-09-19 13:47:11, INFO: Loss in epoch 9 is 0.020456396974623203
2022-09-19 13:47:11, INFO: Loss in epoch 10 is 0.020447958260774612
2022-09-19 13:47:11, INFO: Loss in epoch 11 is 0.020441680680960417
2022-09-19 13:47:11, INFO: Loss in epoch 12 is 0.020435029175132513
2022-09-19 13:47:12, INFO: Loss in epoch 13 is 0.020425419323146343
2022-09-19 13:47:12, INFO: Loss in epoch 14 is 0.02041790122166276
2022-09-19 13:47:12, INFO: Loss in epoch 15 is 0.02041050000116229
2022-09-19 13:47:12, INFO: Loss in epoch 16 is 0.020401240792125463
2022-09-19 13:47:12, INFO: Loss in epoch 17 is 0.020393816754221916
2022-09-19 13:47:12, INFO: Loss in epoch 18 is 0.020385318901389837
2022-09-19 13:47:12, INFO: Loss in epoch 19 is 0.02037806110456586
2022-09-19 13:47:12, INFO: Loss in epoch 20 is 0.02036922750994563
2022-09-19 13:47:13, INFO: Loss in epoch 21 is 0.020361690782010555
2022-09-19 13:47:13, INFO: Loss in epoch 22 is 0.020353611558675766
2022-09-19 13:47:13, INFO: Loss in epoch 23 is 0.020346824545413256
2022-09-19 13:47:13, INFO: Loss in epoch 24 is 0.020338410511612892
2022-09-19 13:47:13, INFO: Loss in epoch 25 is 0.0203304891474545
2022-09-19 13:47:13, INFO: Loss in epoch 26 is 0.020324608776718378
2022-09-19 13:47:13, INFO: Loss in epoch 27 is 0.020314823370426893
2022-09-19 13:47:13, INFO: Loss in epoch 28 is 0.020306852646172047
2022-09-19 13:47:13, INFO: Loss in epoch 29 is 0.02030000789090991
2022-09-19 13:48:11, INFO: train in episode 11 has success rate: 0.50, failure rate: 0.20, average extra time to goal: 43
2022-09-19 13:48:11, INFO: Loss in epoch 0 is 0.020412885583937168
2022-09-19 13:48:11, INFO: Loss in epoch 1 is 0.020406394265592098
2022-09-19 13:48:11, INFO: Loss in epoch 2 is 0.02039819722995162
2022-09-19 13:48:11, INFO: Loss in epoch 3 is 0.02038979809731245
2022-09-19 13:48:11, INFO: Loss in epoch 4 is 0.020380140282213688
2022-09-19 13:48:11, INFO: Loss in epoch 5 is 0.020372007973492146
2022-09-19 13:48:11, INFO: Loss in epoch 6 is 0.020365712698549032
2022-09-19 13:48:11, INFO: Loss in epoch 7 is 0.02035712357610464
2022-09-19 13:48:12, INFO: Loss in epoch 8 is 0.02034966042265296
2022-09-19 13:48:12, INFO: Loss in epoch 9 is 0.020341729279607534
2022-09-19 13:48:12, INFO: Loss in epoch 10 is 0.020333684515208006
2022-09-19 13:48:12, INFO: Loss in epoch 11 is 0.02032605605199933
2022-09-19 13:48:12, INFO: Loss in epoch 12 is 0.02031784877181053
2022-09-19 13:48:12, INFO: Loss in epoch 13 is 0.02031025942414999
2022-09-19 13:48:12, INFO: Loss in epoch 14 is 0.020302738528698683
2022-09-19 13:48:12, INFO: Loss in epoch 15 is 0.02029472030699253
2022-09-19 13:48:12, INFO: Loss in epoch 16 is 0.020289325155317783
2022-09-19 13:48:12, INFO: Loss in epoch 17 is 0.020278326235711575
2022-09-19 13:48:13, INFO: Loss in epoch 18 is 0.02027300000190735
2022-09-19 13:48:13, INFO: Loss in epoch 19 is 0.020263839047402143
2022-09-19 13:48:13, INFO: Loss in epoch 20 is 0.020256221294403076
2022-09-19 13:48:13, INFO: Loss in epoch 21 is 0.020250340458005667
2022-09-19 13:48:13, INFO: Loss in epoch 22 is 0.020241920370608568
2022-09-19 13:48:13, INFO: Loss in epoch 23 is 0.020235538482666016
2022-09-19 13:48:13, INFO: Loss in epoch 24 is 0.02022739127278328
2022-09-19 13:48:13, INFO: Loss in epoch 25 is 0.02022072859108448
2022-09-19 13:48:14, INFO: Loss in epoch 26 is 0.020213411655277014
2022-09-19 13:48:14, INFO: Loss in epoch 27 is 0.020206836983561516
2022-09-19 13:48:14, INFO: Loss in epoch 28 is 0.020198979414999485
2022-09-19 13:48:14, INFO: Loss in epoch 29 is 0.02019277261570096
2022-09-19 13:49:21, INFO: train in episode 12 has success rate: 0.70, failure rate: 0.10, average extra time to goal: 46
2022-09-19 13:49:21, INFO: Loss in epoch 0 is 0.019980643410235643
2022-09-19 13:49:21, INFO: Loss in epoch 1 is 0.01997591694816947
2022-09-19 13:49:21, INFO: Loss in epoch 2 is 0.019966918509453535
2022-09-19 13:49:22, INFO: Loss in epoch 3 is 0.019960311707109213
2022-09-19 13:49:22, INFO: Loss in epoch 4 is 0.019951865542680025
2022-09-19 13:49:22, INFO: Loss in epoch 5 is 0.01994453789666295
2022-09-19 13:49:22, INFO: Loss in epoch 6 is 0.01993763167411089
2022-09-19 13:49:22, INFO: Loss in epoch 7 is 0.019932265859097242
2022-09-19 13:49:22, INFO: Loss in epoch 8 is 0.019924249965697527
2022-09-19 13:49:22, INFO: Loss in epoch 9 is 0.01991856750100851
2022-09-19 13:49:22, INFO: Loss in epoch 10 is 0.019911970477551222
2022-09-19 13:49:22, INFO: Loss in epoch 11 is 0.019906091038137674
2022-09-19 13:49:23, INFO: Loss in epoch 12 is 0.019897639751434326
2022-09-19 13:49:23, INFO: Loss in epoch 13 is 0.01989287557080388
2022-09-19 13:49:23, INFO: Loss in epoch 14 is 0.019886520225554705
2022-09-19 13:49:23, INFO: Loss in epoch 15 is 0.019879011437296867
2022-09-19 13:49:23, INFO: Loss in epoch 16 is 0.01987378904595971
2022-09-19 13:49:23, INFO: Loss in epoch 17 is 0.019867334980517626
2022-09-19 13:49:23, INFO: Loss in epoch 18 is 0.019861053209751844
2022-09-19 13:49:23, INFO: Loss in epoch 19 is 0.01985540334135294
2022-09-19 13:49:23, INFO: Loss in epoch 20 is 0.019848174415528774
2022-09-19 13:49:23, INFO: Loss in epoch 21 is 0.019842089153826237
2022-09-19 13:49:24, INFO: Loss in epoch 22 is 0.01983582368120551
2022-09-19 13:49:24, INFO: Loss in epoch 23 is 0.01983171282336116
2022-09-19 13:49:24, INFO: Loss in epoch 24 is 0.01982644945383072
2022-09-19 13:49:24, INFO: Loss in epoch 25 is 0.019818028435111046
2022-09-19 13:49:24, INFO: Loss in epoch 26 is 0.019813012797385454
2022-09-19 13:49:24, INFO: Loss in epoch 27 is 0.019806979224085808
2022-09-19 13:49:24, INFO: Loss in epoch 28 is 0.019801360554993153
2022-09-19 13:49:24, INFO: Loss in epoch 29 is 0.01979639707133174
2022-09-19 13:50:25, INFO: train in episode 13 has success rate: 0.60, failure rate: 0.20, average extra time to goal: 44
2022-09-19 13:50:25, INFO: Loss in epoch 0 is 0.020191514398902655
2022-09-19 13:50:26, INFO: Loss in epoch 1 is 0.0201826523989439
2022-09-19 13:50:26, INFO: Loss in epoch 2 is 0.020176031161099672
2022-09-19 13:50:26, INFO: Loss in epoch 3 is 0.020171337760984898
2022-09-19 13:50:26, INFO: Loss in epoch 4 is 0.02016514865681529
2022-09-19 13:50:26, INFO: Loss in epoch 5 is 0.020159249659627676
2022-09-19 13:50:26, INFO: Loss in epoch 6 is 0.02015158999711275
2022-09-19 13:50:26, INFO: Loss in epoch 7 is 0.02014549123123288
2022-09-19 13:50:26, INFO: Loss in epoch 8 is 0.020139753352850676
2022-09-19 13:50:27, INFO: Loss in epoch 9 is 0.02013502363115549
2022-09-19 13:50:27, INFO: Loss in epoch 10 is 0.02012801356613636
2022-09-19 13:50:27, INFO: Loss in epoch 11 is 0.02012307522818446
2022-09-19 13:50:27, INFO: Loss in epoch 12 is 0.02011777274310589
2022-09-19 13:50:27, INFO: Loss in epoch 13 is 0.02011161856353283
2022-09-19 13:50:27, INFO: Loss in epoch 14 is 0.02010562038049102
2022-09-19 13:50:27, INFO: Loss in epoch 15 is 0.020100864116102457
2022-09-19 13:50:28, INFO: Loss in epoch 16 is 0.020097151398658752
2022-09-19 13:50:28, INFO: Loss in epoch 17 is 0.02008850360289216
2022-09-19 13:50:28, INFO: Loss in epoch 18 is 0.020084031857550144
2022-09-19 13:50:28, INFO: Loss in epoch 19 is 0.020077989902347326
2022-09-19 13:50:28, INFO: Loss in epoch 20 is 0.02007180918008089
2022-09-19 13:50:28, INFO: Loss in epoch 21 is 0.02006746083498001
2022-09-19 13:50:28, INFO: Loss in epoch 22 is 0.020060894545167685
2022-09-19 13:50:28, INFO: Loss in epoch 23 is 0.020056905690580606
2022-09-19 13:50:28, INFO: Loss in epoch 24 is 0.020050121936947107
2022-09-19 13:50:29, INFO: Loss in epoch 25 is 0.020044769626110792
2022-09-19 13:50:29, INFO: Loss in epoch 26 is 0.020039826165884733
2022-09-19 13:50:29, INFO: Loss in epoch 27 is 0.020033685956150293
2022-09-19 13:50:29, INFO: Loss in epoch 28 is 0.020029589533805847
2022-09-19 13:50:29, INFO: Loss in epoch 29 is 0.02002417203038931
2022-09-19 13:51:15, INFO: train in episode 14 has success rate: 0.50, failure rate: 0.30, average extra time to goal: 35
2022-09-19 13:51:15, INFO: Loss in epoch 0 is 0.02072026999667287
2022-09-19 13:51:15, INFO: Loss in epoch 1 is 0.020716461818665266
2022-09-19 13:51:15, INFO: Loss in epoch 2 is 0.0207092990167439
2022-09-19 13:51:15, INFO: Loss in epoch 3 is 0.020703745540231466
2022-09-19 13:51:15, INFO: Loss in epoch 4 is 0.020695846993476152
2022-09-19 13:51:15, INFO: Loss in epoch 5 is 0.02069317316636443
2022-09-19 13:51:16, INFO: Loss in epoch 6 is 0.02068677870556712
2022-09-19 13:51:16, INFO: Loss in epoch 7 is 0.02067969786003232
2022-09-19 13:51:16, INFO: Loss in epoch 8 is 0.020674061961472034
2022-09-19 13:51:16, INFO: Loss in epoch 9 is 0.020668485667556524
2022-09-19 13:51:16, INFO: Loss in epoch 10 is 0.020663449075073004
2022-09-19 13:51:16, INFO: Loss in epoch 11 is 0.020658094435930252
2022-09-19 13:51:16, INFO: Loss in epoch 12 is 0.020652330946177244
2022-09-19 13:51:17, INFO: Loss in epoch 13 is 0.020648223347961903
2022-09-19 13:51:17, INFO: Loss in epoch 14 is 0.020645211916416883
2022-09-19 13:51:17, INFO: Loss in epoch 15 is 0.02063867961987853
2022-09-19 13:51:17, INFO: Loss in epoch 16 is 0.020632466301321983
2022-09-19 13:51:17, INFO: Loss in epoch 17 is 0.020629047881811857
2022-09-19 13:51:17, INFO: Loss in epoch 18 is 0.020621896255761385
2022-09-19 13:51:17, INFO: Loss in epoch 19 is 0.020617049653083086
2022-09-19 13:51:18, INFO: Loss in epoch 20 is 0.020612977910786867
2022-09-19 13:51:18, INFO: Loss in epoch 21 is 0.0206051766872406
2022-09-19 13:51:18, INFO: Loss in epoch 22 is 0.020601270254701376
2022-09-19 13:51:18, INFO: Loss in epoch 23 is 0.020597030874341726
2022-09-19 13:51:18, INFO: Loss in epoch 24 is 0.020590742118656635
2022-09-19 13:51:18, INFO: Loss in epoch 25 is 0.020585726015269756
2022-09-19 13:51:18, INFO: Loss in epoch 26 is 0.020580876152962446
2022-09-19 13:51:18, INFO: Loss in epoch 27 is 0.02057432709261775
2022-09-19 13:51:19, INFO: Loss in epoch 28 is 0.020571385510265827
2022-09-19 13:51:19, INFO: Loss in epoch 29 is 0.020564918406307697
2022-09-19 13:52:19, INFO: train in episode 15 has success rate: 0.50, failure rate: 0.20, average extra time to goal: 38
2022-09-19 13:52:19, INFO: Loss in epoch 0 is 0.020455717109143734
2022-09-19 13:52:19, INFO: Loss in epoch 1 is 0.020451200660318136
2022-09-19 13:52:20, INFO: Loss in epoch 2 is 0.02044690540060401
2022-09-19 13:52:20, INFO: Loss in epoch 3 is 0.020442137960344553
2022-09-19 13:52:20, INFO: Loss in epoch 4 is 0.020434281788766384
2022-09-19 13:52:20, INFO: Loss in epoch 5 is 0.020430561155080795
2022-09-19 13:52:20, INFO: Loss in epoch 6 is 0.020424978341907263
2022-09-19 13:52:20, INFO: Loss in epoch 7 is 0.020420324988663197
2022-09-19 13:52:20, INFO: Loss in epoch 8 is 0.02041299920529127
2022-09-19 13:52:20, INFO: Loss in epoch 9 is 0.020412280224263668
2022-09-19 13:52:20, INFO: Loss in epoch 10 is 0.020406176336109638
2022-09-19 13:52:21, INFO: Loss in epoch 11 is 0.020401672460138798
2022-09-19 13:52:21, INFO: Loss in epoch 12 is 0.020397412590682507
2022-09-19 13:52:21, INFO: Loss in epoch 13 is 0.020392869133502245
2022-09-19 13:52:21, INFO: Loss in epoch 14 is 0.020385434851050377
2022-09-19 13:52:21, INFO: Loss in epoch 15 is 0.020380702801048756
2022-09-19 13:52:21, INFO: Loss in epoch 16 is 0.02037635212764144
2022-09-19 13:52:21, INFO: Loss in epoch 17 is 0.020372231490910053
2022-09-19 13:52:21, INFO: Loss in epoch 18 is 0.02036602282896638
2022-09-19 13:52:21, INFO: Loss in epoch 19 is 0.020362828858196735
2022-09-19 13:52:22, INFO: Loss in epoch 20 is 0.020359403919428587
2022-09-19 13:52:22, INFO: Loss in epoch 21 is 0.02035121386870742
2022-09-19 13:52:22, INFO: Loss in epoch 22 is 0.02034782199189067
2022-09-19 13:52:22, INFO: Loss in epoch 23 is 0.02034644316881895
2022-09-19 13:52:22, INFO: Loss in epoch 24 is 0.020340056158602238
2022-09-19 13:52:22, INFO: Loss in epoch 25 is 0.02033420605584979
2022-09-19 13:52:22, INFO: Loss in epoch 26 is 0.020330459345132113
2022-09-19 13:52:22, INFO: Loss in epoch 27 is 0.020325529854744673
2022-09-19 13:52:22, INFO: Loss in epoch 28 is 0.020319465082138777
2022-09-19 13:52:23, INFO: Loss in epoch 29 is 0.020314660388976336
2022-09-19 13:53:25, INFO: train in episode 16 has success rate: 0.70, failure rate: 0.10, average extra time to goal: 36
2022-09-19 13:53:25, INFO: Loss in epoch 0 is 0.020810026209801435
2022-09-19 13:53:25, INFO: Loss in epoch 1 is 0.0208049020729959
2022-09-19 13:53:25, INFO: Loss in epoch 2 is 0.020800050348043442
2022-09-19 13:53:25, INFO: Loss in epoch 3 is 0.020796422380954027
2022-09-19 13:53:25, INFO: Loss in epoch 4 is 0.020789840258657932
2022-09-19 13:53:25, INFO: Loss in epoch 5 is 0.02078600460663438
2022-09-19 13:53:25, INFO: Loss in epoch 6 is 0.02078230446204543
2022-09-19 13:53:26, INFO: Loss in epoch 7 is 0.020778566598892212
2022-09-19 13:53:26, INFO: Loss in epoch 8 is 0.02077183360233903
2022-09-19 13:53:26, INFO: Loss in epoch 9 is 0.02076731249690056
2022-09-19 13:53:26, INFO: Loss in epoch 10 is 0.020763742737472057
2022-09-19 13:53:26, INFO: Loss in epoch 11 is 0.020760202780365944
2022-09-19 13:53:26, INFO: Loss in epoch 12 is 0.02075324533507228
2022-09-19 13:53:26, INFO: Loss in epoch 13 is 0.020748278591781855
2022-09-19 13:53:26, INFO: Loss in epoch 14 is 0.020743503235280514
2022-09-19 13:53:26, INFO: Loss in epoch 15 is 0.02073936862871051
2022-09-19 13:53:27, INFO: Loss in epoch 16 is 0.020735379308462143
2022-09-19 13:53:27, INFO: Loss in epoch 17 is 0.02072980161756277
2022-09-19 13:53:27, INFO: Loss in epoch 18 is 0.02072665747255087
2022-09-19 13:53:27, INFO: Loss in epoch 19 is 0.020721363835036755
2022-09-19 13:53:27, INFO: Loss in epoch 20 is 0.020715914200991392
2022-09-19 13:53:27, INFO: Loss in epoch 21 is 0.020712686236947775
2022-09-19 13:53:27, INFO: Loss in epoch 22 is 0.020708065945655107
2022-09-19 13:53:27, INFO: Loss in epoch 23 is 0.020704605616629124
2022-09-19 13:53:27, INFO: Loss in epoch 24 is 0.0206994554027915
2022-09-19 13:53:28, INFO: Loss in epoch 25 is 0.020694885402917862
2022-09-19 13:53:28, INFO: Loss in epoch 26 is 0.020691908430308104
2022-09-19 13:53:28, INFO: Loss in epoch 27 is 0.020686759613454342
2022-09-19 13:53:28, INFO: Loss in epoch 28 is 0.020680578891187906
2022-09-19 13:53:28, INFO: Loss in epoch 29 is 0.02067717630416155
2022-09-19 13:54:25, INFO: train in episode 17 has success rate: 0.60, failure rate: 0.30, average extra time to goal: 44
2022-09-19 13:54:25, INFO: Loss in epoch 0 is 0.020681241527199745
2022-09-19 13:54:25, INFO: Loss in epoch 1 is 0.02067692345008254
2022-09-19 13:54:25, INFO: Loss in epoch 2 is 0.020674471743404865
2022-09-19 13:54:25, INFO: Loss in epoch 3 is 0.020668318029493093
2022-09-19 13:54:25, INFO: Loss in epoch 4 is 0.020666489843279123
2022-09-19 13:54:26, INFO: Loss in epoch 5 is 0.02066348772495985
2022-09-19 13:54:26, INFO: Loss in epoch 6 is 0.020655791275203228
2022-09-19 13:54:26, INFO: Loss in epoch 7 is 0.020650168415158987
2022-09-19 13:54:26, INFO: Loss in epoch 8 is 0.0206444482319057
2022-09-19 13:54:26, INFO: Loss in epoch 9 is 0.020640520844608545
2022-09-19 13:54:26, INFO: Loss in epoch 10 is 0.020637578796595335
2022-09-19 13:54:26, INFO: Loss in epoch 11 is 0.020633726846426725
2022-09-19 13:54:26, INFO: Loss in epoch 12 is 0.020628553815186024
2022-09-19 13:54:26, INFO: Loss in epoch 13 is 0.02062451420351863
2022-09-19 13:54:27, INFO: Loss in epoch 14 is 0.020619879476726055
2022-09-19 13:54:27, INFO: Loss in epoch 15 is 0.020616771653294563
2022-09-19 13:54:27, INFO: Loss in epoch 16 is 0.02061246894299984
2022-09-19 13:54:27, INFO: Loss in epoch 17 is 0.020608322229236364
2022-09-19 13:54:27, INFO: Loss in epoch 18 is 0.02060395246371627
2022-09-19 13:54:27, INFO: Loss in epoch 19 is 0.02059898665174842
2022-09-19 13:54:27, INFO: Loss in epoch 20 is 0.02059683809056878
2022-09-19 13:54:27, INFO: Loss in epoch 21 is 0.0205928273499012
2022-09-19 13:54:27, INFO: Loss in epoch 22 is 0.020588267594575882
2022-09-19 13:54:27, INFO: Loss in epoch 23 is 0.020583227276802063
2022-09-19 13:54:27, INFO: Loss in epoch 24 is 0.0205806540325284
2022-09-19 13:54:28, INFO: Loss in epoch 25 is 0.020577137358486652
2022-09-19 13:54:28, INFO: Loss in epoch 26 is 0.020581080112606287
2022-09-19 13:54:28, INFO: Loss in epoch 27 is 0.02057876205071807
2022-09-19 13:54:28, INFO: Loss in epoch 28 is 0.02056582784280181
2022-09-19 13:54:28, INFO: Loss in epoch 29 is 0.020562609657645226
2022-09-19 13:55:36, INFO: train in episode 18 has success rate: 0.80, failure rate: 0.10, average extra time to goal: 35
2022-09-19 13:55:36, INFO: Loss in epoch 0 is 0.02046671975404024
2022-09-19 13:55:36, INFO: Loss in epoch 1 is 0.020462087355554104
2022-09-19 13:55:36, INFO: Loss in epoch 2 is 0.02045714296400547
2022-09-19 13:55:36, INFO: Loss in epoch 3 is 0.020452644675970078
2022-09-19 13:55:36, INFO: Loss in epoch 4 is 0.020448629278689623
2022-09-19 13:55:36, INFO: Loss in epoch 5 is 0.020443132147192955
2022-09-19 13:55:36, INFO: Loss in epoch 6 is 0.020438428036868572
2022-09-19 13:55:37, INFO: Loss in epoch 7 is 0.020434146281331778
2022-09-19 13:55:37, INFO: Loss in epoch 8 is 0.020428760442882776
2022-09-19 13:55:37, INFO: Loss in epoch 9 is 0.020424116868525743
2022-09-19 13:55:37, INFO: Loss in epoch 10 is 0.020422062370926142
2022-09-19 13:55:37, INFO: Loss in epoch 11 is 0.020418839994817972
2022-09-19 13:55:37, INFO: Loss in epoch 12 is 0.020415508188307285
2022-09-19 13:55:37, INFO: Loss in epoch 13 is 0.02041331771761179
2022-09-19 13:55:37, INFO: Loss in epoch 14 is 0.02040686458349228
2022-09-19 13:55:37, INFO: Loss in epoch 15 is 0.020400955341756344
2022-09-19 13:55:38, INFO: Loss in epoch 16 is 0.020395778585225344
2022-09-19 13:55:38, INFO: Loss in epoch 17 is 0.0203913701698184
2022-09-19 13:55:38, INFO: Loss in epoch 18 is 0.020388748962432146
2022-09-19 13:55:38, INFO: Loss in epoch 19 is 0.020384245086461306
2022-09-19 13:55:38, INFO: Loss in epoch 20 is 0.020380504429340363
2022-09-19 13:55:38, INFO: Loss in epoch 21 is 0.020377669017761946
2022-09-19 13:55:38, INFO: Loss in epoch 22 is 0.020376079250127077
2022-09-19 13:55:38, INFO: Loss in epoch 23 is 0.020373730454593897
2022-09-19 13:55:38, INFO: Loss in epoch 24 is 0.020364356227219105
2022-09-19 13:55:38, INFO: Loss in epoch 25 is 0.020364500116556883
2022-09-19 13:55:39, INFO: Loss in epoch 26 is 0.020359855610877275
2022-09-19 13:55:39, INFO: Loss in epoch 27 is 0.02035287767648697
2022-09-19 13:55:39, INFO: Loss in epoch 28 is 0.020353830885142088
2022-09-19 13:55:39, INFO: Loss in epoch 29 is 0.020346586126834154
2022-09-19 13:56:31, INFO: train in episode 19 has success rate: 0.60, failure rate: 0.30, average extra time to goal: 40
2022-09-19 13:56:31, INFO: Loss in epoch 0 is 0.020826848689466715
2022-09-19 13:56:31, INFO: Loss in epoch 1 is 0.020822669845074415
2022-09-19 13:56:31, INFO: Loss in epoch 2 is 0.020819345489144325
2022-09-19 13:56:32, INFO: Loss in epoch 3 is 0.02081348281353712
2022-09-19 13:56:32, INFO: Loss in epoch 4 is 0.020811269991099834
2022-09-19 13:56:32, INFO: Loss in epoch 5 is 0.020804505795240402
2022-09-19 13:56:32, INFO: Loss in epoch 6 is 0.020801466889679432
2022-09-19 13:56:32, INFO: Loss in epoch 7 is 0.020797837059944868
2022-09-19 13:56:32, INFO: Loss in epoch 8 is 0.020795069634914398
2022-09-19 13:56:32, INFO: Loss in epoch 9 is 0.020790657959878445
2022-09-19 13:56:32, INFO: Loss in epoch 10 is 0.020787338726222515
2022-09-19 13:56:32, INFO: Loss in epoch 11 is 0.020783138927072287
2022-09-19 13:56:32, INFO: Loss in epoch 12 is 0.020782505627721548
2022-09-19 13:56:33, INFO: Loss in epoch 13 is 0.020780850667506456
2022-09-19 13:56:33, INFO: Loss in epoch 14 is 0.020777287892997265
2022-09-19 13:56:33, INFO: Loss in epoch 15 is 0.020771977491676807
2022-09-19 13:56:33, INFO: Loss in epoch 16 is 0.02076719468459487
2022-09-19 13:56:33, INFO: Loss in epoch 17 is 0.02076222700998187
2022-09-19 13:56:33, INFO: Loss in epoch 18 is 0.02075827121734619
2022-09-19 13:56:33, INFO: Loss in epoch 19 is 0.020750878378748894
2022-09-19 13:56:33, INFO: Loss in epoch 20 is 0.020747851114720106
2022-09-19 13:56:33, INFO: Loss in epoch 21 is 0.02074366621673107
2022-09-19 13:56:33, INFO: Loss in epoch 22 is 0.020739611703902483
2022-09-19 13:56:34, INFO: Loss in epoch 23 is 0.020737566519528627
2022-09-19 13:56:34, INFO: Loss in epoch 24 is 0.02073269709944725
2022-09-19 13:56:34, INFO: Loss in epoch 25 is 0.02072897646576166
2022-09-19 13:56:34, INFO: Loss in epoch 26 is 0.020727737341076136
2022-09-19 13:56:34, INFO: Loss in epoch 27 is 0.02072402508929372
2022-09-19 13:56:34, INFO: Loss in epoch 28 is 0.020722142420709133
2022-09-19 13:56:34, INFO: Loss in epoch 29 is 0.020715929567813873
2022-09-19 13:57:30, INFO: train in episode 20 has success rate: 0.70, failure rate: 0.10, average extra time to goal: 41
2022-09-19 13:57:30, INFO: Loss in epoch 0 is 0.020589679479599
2022-09-19 13:57:30, INFO: Loss in epoch 1 is 0.020586624275892973
2022-09-19 13:57:30, INFO: Loss in epoch 2 is 0.02057860651984811
2022-09-19 13:57:30, INFO: Loss in epoch 3 is 0.020573430228978395
2022-09-19 13:57:31, INFO: Loss in epoch 4 is 0.02056986838579178
2022-09-19 13:57:31, INFO: Loss in epoch 5 is 0.020564176607877016
2022-09-19 13:57:31, INFO: Loss in epoch 6 is 0.02056034281849861
2022-09-19 13:57:31, INFO: Loss in epoch 7 is 0.020557414274662733
2022-09-19 13:57:31, INFO: Loss in epoch 8 is 0.02055424964055419
2022-09-19 13:57:31, INFO: Loss in epoch 9 is 0.02054994273930788
2022-09-19 13:57:31, INFO: Loss in epoch 10 is 0.020546916872262955
2022-09-19 13:57:31, INFO: Loss in epoch 11 is 0.020545736886560917
2022-09-19 13:57:31, INFO: Loss in epoch 12 is 0.020544039085507393
2022-09-19 13:57:32, INFO: Loss in epoch 13 is 0.02054232871159911
2022-09-19 13:57:32, INFO: Loss in epoch 14 is 0.020538950338959694
2022-09-19 13:57:32, INFO: Loss in epoch 15 is 0.020530277863144875
2022-09-19 13:57:32, INFO: Loss in epoch 16 is 0.020526915788650513
2022-09-19 13:57:32, INFO: Loss in epoch 17 is 0.020521655213087797
2022-09-19 13:57:32, INFO: Loss in epoch 18 is 0.02051820745691657
2022-09-19 13:57:32, INFO: Loss in epoch 19 is 0.020515332464128733
2022-09-19 13:57:32, INFO: Loss in epoch 20 is 0.020513457246124744
2022-09-19 13:57:33, INFO: Loss in epoch 21 is 0.020509766414761543
2022-09-19 13:57:33, INFO: Loss in epoch 22 is 0.020508337765932083
2022-09-19 13:57:33, INFO: Loss in epoch 23 is 0.020503130741417408
2022-09-19 13:57:33, INFO: Loss in epoch 24 is 0.020500526297837496
2022-09-19 13:57:33, INFO: Loss in epoch 25 is 0.020495863165706396
2022-09-19 13:57:33, INFO: Loss in epoch 26 is 0.020493835676461458
2022-09-19 13:57:33, INFO: Loss in epoch 27 is 0.02049231855198741
2022-09-19 13:57:33, INFO: Loss in epoch 28 is 0.02048738580197096
2022-09-19 13:57:33, INFO: Loss in epoch 29 is 0.020482788793742657
2022-09-19 13:58:44, INFO: train in episode 21 has success rate: 0.60, failure rate: 0.20, average extra time to goal: 51
2022-09-19 13:58:45, INFO: Loss in epoch 0 is 0.020822379738092422
2022-09-19 13:58:45, INFO: Loss in epoch 1 is 0.020817417185753584
2022-09-19 13:58:45, INFO: Loss in epoch 2 is 0.020813272334635258
2022-09-19 13:58:45, INFO: Loss in epoch 3 is 0.020809848327189684
2022-09-19 13:58:45, INFO: Loss in epoch 4 is 0.02080745855346322
2022-09-19 13:58:45, INFO: Loss in epoch 5 is 0.02080310508608818
2022-09-19 13:58:45, INFO: Loss in epoch 6 is 0.020799824502319098
2022-09-19 13:58:45, INFO: Loss in epoch 7 is 0.02079588733613491
2022-09-19 13:58:45, INFO: Loss in epoch 8 is 0.02079342771321535
2022-09-19 13:58:45, INFO: Loss in epoch 9 is 0.020787982270121574
2022-09-19 13:58:46, INFO: Loss in epoch 10 is 0.0207855012267828
2022-09-19 13:58:46, INFO: Loss in epoch 11 is 0.02078266954049468
2022-09-19 13:58:46, INFO: Loss in epoch 12 is 0.020778154022991657
2022-09-19 13:58:46, INFO: Loss in epoch 13 is 0.02077431045472622
2022-09-19 13:58:46, INFO: Loss in epoch 14 is 0.020774271339178085
2022-09-19 13:58:46, INFO: Loss in epoch 15 is 0.020773088093847036
2022-09-19 13:58:46, INFO: Loss in epoch 16 is 0.02076439280062914
2022-09-19 13:58:46, INFO: Loss in epoch 17 is 0.020762108732014894
2022-09-19 13:58:46, INFO: Loss in epoch 18 is 0.020758715458214283
2022-09-19 13:58:46, INFO: Loss in epoch 19 is 0.02075563184916973
2022-09-19 13:58:47, INFO: Loss in epoch 20 is 0.020752523094415665
2022-09-19 13:58:47, INFO: Loss in epoch 21 is 0.020749047864228487
2022-09-19 13:58:47, INFO: Loss in epoch 22 is 0.02074788184836507
2022-09-19 13:58:47, INFO: Loss in epoch 23 is 0.020743595901876688
2022-09-19 13:58:47, INFO: Loss in epoch 24 is 0.020739734172821045
2022-09-19 13:58:47, INFO: Loss in epoch 25 is 0.020738166756927967
2022-09-19 13:58:47, INFO: Loss in epoch 26 is 0.02073543705046177
2022-09-19 13:58:47, INFO: Loss in epoch 27 is 0.020731302443891764
2022-09-19 13:58:47, INFO: Loss in epoch 28 is 0.02073181327432394
2022-09-19 13:58:47, INFO: Loss in epoch 29 is 0.02072869846597314
