2022-09-19 13:17:11, INFO: Using device: cuda:0
2022-09-19 13:17:20, INFO: Total number of state_value pairs: 40000
2022-09-19 13:17:20, INFO: Loss in epoch 0: 1.99
2022-09-19 13:17:20, INFO: Loss in epoch 1: 0.59
2022-09-19 13:17:20, INFO: Loss in epoch 2: 0.51
2022-09-19 13:17:20, INFO: Loss in epoch 3: 0.49
2022-09-19 13:17:21, INFO: Loss in epoch 4: 0.47
2022-09-19 13:17:21, INFO: Loss in epoch 5: 0.46
2022-09-19 13:17:21, INFO: Loss in epoch 6: 0.45
2022-09-19 13:17:21, INFO: Loss in epoch 7: 0.45
2022-09-19 13:17:21, INFO: Loss in epoch 8: 0.44
2022-09-19 13:17:21, INFO: Loss in epoch 9: 0.44
2022-09-19 13:17:21, INFO: Loss in epoch 10: 0.44
2022-09-19 13:17:21, INFO: Loss in epoch 11: 0.43
2022-09-19 13:17:21, INFO: Loss in epoch 12: 0.43
2022-09-19 13:17:21, INFO: Loss in epoch 13: 0.43
2022-09-19 13:17:22, INFO: Loss in epoch 14: 0.42
2022-09-19 13:17:22, INFO: Loss in epoch 15: 0.42
2022-09-19 13:17:22, INFO: Loss in epoch 16: 0.42
2022-09-19 13:17:22, INFO: Loss in epoch 17: 0.42
2022-09-19 13:17:22, INFO: Loss in epoch 18: 0.42
2022-09-19 13:17:22, INFO: Loss in epoch 19: 0.42
2022-09-19 13:17:22, INFO: Loss in epoch 20: 0.41
2022-09-19 13:17:22, INFO: Loss in epoch 21: 0.41
2022-09-19 13:17:22, INFO: Loss in epoch 22: 0.41
2022-09-19 13:17:23, INFO: Loss in epoch 23: 0.41
2022-09-19 13:17:23, INFO: Loss in epoch 24: 0.41
2022-09-19 13:17:23, INFO: Loss in epoch 25: 0.41
2022-09-19 13:17:23, INFO: Loss in epoch 26: 0.40
2022-09-19 13:17:23, INFO: Loss in epoch 27: 0.40
2022-09-19 13:17:23, INFO: Loss in epoch 28: 0.40
2022-09-19 13:17:23, INFO: Loss in epoch 29: 0.40
2022-09-19 13:17:23, INFO: Loss in epoch 30: 0.40
2022-09-19 13:17:23, INFO: Loss in epoch 31: 0.40
2022-09-19 13:17:23, INFO: Loss in epoch 32: 0.40
2022-09-19 13:17:24, INFO: Loss in epoch 33: 0.39
2022-09-19 13:17:24, INFO: Loss in epoch 34: 0.39
2022-09-19 13:17:24, INFO: Loss in epoch 35: 0.39
2022-09-19 13:17:24, INFO: Loss in epoch 36: 0.39
2022-09-19 13:17:24, INFO: Loss in epoch 37: 0.39
2022-09-19 13:17:24, INFO: Loss in epoch 38: 0.39
2022-09-19 13:17:24, INFO: Loss in epoch 39: 0.39
2022-09-19 13:17:24, INFO: Loss in epoch 40: 0.39
2022-09-19 13:17:24, INFO: Loss in epoch 41: 0.38
2022-09-19 13:17:24, INFO: Loss in epoch 42: 0.38
2022-09-19 13:17:25, INFO: Loss in epoch 43: 0.38
2022-09-19 13:17:25, INFO: Loss in epoch 44: 0.38
2022-09-19 13:17:25, INFO: Loss in epoch 45: 0.38
2022-09-19 13:17:25, INFO: Loss in epoch 46: 0.38
2022-09-19 13:17:25, INFO: Loss in epoch 47: 0.38
2022-09-19 13:17:25, INFO: Loss in epoch 48: 0.38
2022-09-19 13:17:25, INFO: Loss in epoch 49: 0.38
2022-09-19 13:17:25, INFO: Loss in epoch 50: 0.38
2022-09-19 13:17:25, INFO: Loss in epoch 51: 0.37
2022-09-19 13:17:25, INFO: Loss in epoch 52: 0.37
2022-09-19 13:17:26, INFO: Loss in epoch 53: 0.37
2022-09-19 13:17:26, INFO: Loss in epoch 54: 0.37
2022-09-19 13:17:26, INFO: Loss in epoch 55: 0.37
2022-09-19 13:17:26, INFO: Loss in epoch 56: 0.37
2022-09-19 13:17:26, INFO: Loss in epoch 57: 0.37
2022-09-19 13:17:26, INFO: Loss in epoch 58: 0.37
2022-09-19 13:17:26, INFO: Loss in epoch 59: 0.37
2022-09-19 13:17:26, INFO: Loss in epoch 60: 0.37
2022-09-19 13:17:26, INFO: Loss in epoch 61: 0.37
2022-09-19 13:17:27, INFO: Loss in epoch 62: 0.37
2022-09-19 13:17:27, INFO: Loss in epoch 63: 0.36
2022-09-19 13:17:27, INFO: Loss in epoch 64: 0.36
2022-09-19 13:17:27, INFO: Loss in epoch 65: 0.36
2022-09-19 13:17:27, INFO: Loss in epoch 66: 0.36
2022-09-19 13:17:27, INFO: Loss in epoch 67: 0.36
2022-09-19 13:17:27, INFO: Loss in epoch 68: 0.36
2022-09-19 13:17:27, INFO: Loss in epoch 69: 0.36
2022-09-19 13:17:27, INFO: Loss in epoch 70: 0.36
2022-09-19 13:17:27, INFO: Loss in epoch 71: 0.36
2022-09-19 13:17:28, INFO: Loss in epoch 72: 0.36
2022-09-19 13:17:28, INFO: Loss in epoch 73: 0.36
2022-09-19 13:17:28, INFO: Loss in epoch 74: 0.36
2022-09-19 13:17:28, INFO: Loss in epoch 75: 0.36
2022-09-19 13:17:28, INFO: Loss in epoch 76: 0.36
2022-09-19 13:17:28, INFO: Loss in epoch 77: 0.36
2022-09-19 13:17:28, INFO: Loss in epoch 78: 0.36
2022-09-19 13:17:28, INFO: Loss in epoch 79: 0.36
2022-09-19 13:17:28, INFO: Loss in epoch 80: 0.35
2022-09-19 13:17:28, INFO: Loss in epoch 81: 0.35
2022-09-19 13:17:29, INFO: Loss in epoch 82: 0.35
2022-09-19 13:17:29, INFO: Loss in epoch 83: 0.35
2022-09-19 13:17:29, INFO: Loss in epoch 84: 0.35
2022-09-19 13:17:29, INFO: Loss in epoch 85: 0.35
2022-09-19 13:17:29, INFO: Loss in epoch 86: 0.35
2022-09-19 13:17:29, INFO: Loss in epoch 87: 0.35
2022-09-19 13:17:29, INFO: Loss in epoch 88: 0.35
2022-09-19 13:17:29, INFO: Loss in epoch 89: 0.35
2022-09-19 13:17:29, INFO: Loss in epoch 90: 0.35
2022-09-19 13:17:30, INFO: Loss in epoch 91: 0.35
2022-09-19 13:17:30, INFO: Loss in epoch 92: 0.35
2022-09-19 13:17:30, INFO: Loss in epoch 93: 0.35
2022-09-19 13:17:30, INFO: Loss in epoch 94: 0.35
2022-09-19 13:17:30, INFO: Loss in epoch 95: 0.35
2022-09-19 13:17:30, INFO: Loss in epoch 96: 0.35
2022-09-19 13:17:30, INFO: Loss in epoch 97: 0.35
2022-09-19 13:17:30, INFO: Loss in epoch 98: 0.35
2022-09-19 13:17:31, INFO: Loss in epoch 99: 0.35
2022-09-19 13:17:31, INFO: Loss in epoch 100: 0.35
2022-09-19 13:17:31, INFO: Loss in epoch 101: 0.35
2022-09-19 13:17:31, INFO: Loss in epoch 102: 0.35
2022-09-19 13:17:31, INFO: Loss in epoch 103: 0.35
2022-09-19 13:17:31, INFO: Loss in epoch 104: 0.35
2022-09-19 13:17:31, INFO: Loss in epoch 105: 0.35
2022-09-19 13:17:31, INFO: Loss in epoch 106: 0.35
2022-09-19 13:17:32, INFO: Loss in epoch 107: 0.34
2022-09-19 13:17:32, INFO: Loss in epoch 108: 0.34
2022-09-19 13:17:32, INFO: Loss in epoch 109: 0.34
2022-09-19 13:17:32, INFO: Loss in epoch 110: 0.34
2022-09-19 13:17:32, INFO: Loss in epoch 111: 0.34
2022-09-19 13:17:32, INFO: Loss in epoch 112: 0.34
2022-09-19 13:17:32, INFO: Loss in epoch 113: 0.34
2022-09-19 13:17:32, INFO: Loss in epoch 114: 0.34
2022-09-19 13:17:32, INFO: Loss in epoch 115: 0.34
2022-09-19 13:17:33, INFO: Loss in epoch 116: 0.34
2022-09-19 13:17:33, INFO: Loss in epoch 117: 0.34
2022-09-19 13:17:33, INFO: Loss in epoch 118: 0.34
2022-09-19 13:17:33, INFO: Loss in epoch 119: 0.34
2022-09-19 13:17:33, INFO: Loss in epoch 120: 0.34
2022-09-19 13:17:33, INFO: Loss in epoch 121: 0.34
2022-09-19 13:17:33, INFO: Loss in epoch 122: 0.34
2022-09-19 13:17:33, INFO: Loss in epoch 123: 0.34
2022-09-19 13:17:33, INFO: Loss in epoch 124: 0.34
2022-09-19 13:17:34, INFO: Loss in epoch 125: 0.34
2022-09-19 13:17:34, INFO: Loss in epoch 126: 0.34
2022-09-19 13:17:34, INFO: Loss in epoch 127: 0.34
2022-09-19 13:17:34, INFO: Loss in epoch 128: 0.34
2022-09-19 13:17:34, INFO: Loss in epoch 129: 0.34
2022-09-19 13:17:34, INFO: Loss in epoch 130: 0.34
2022-09-19 13:17:34, INFO: Loss in epoch 131: 0.34
2022-09-19 13:17:34, INFO: Loss in epoch 132: 0.34
2022-09-19 13:17:35, INFO: Loss in epoch 133: 0.34
2022-09-19 13:17:35, INFO: Loss in epoch 134: 0.34
2022-09-19 13:17:35, INFO: Loss in epoch 135: 0.34
2022-09-19 13:17:35, INFO: Loss in epoch 136: 0.34
2022-09-19 13:17:35, INFO: Loss in epoch 137: 0.34
2022-09-19 13:17:35, INFO: Loss in epoch 138: 0.34
2022-09-19 13:17:35, INFO: Loss in epoch 139: 0.34
2022-09-19 13:17:35, INFO: Loss in epoch 140: 0.34
2022-09-19 13:17:35, INFO: Loss in epoch 141: 0.34
2022-09-19 13:17:36, INFO: Loss in epoch 142: 0.34
2022-09-19 13:17:36, INFO: Loss in epoch 143: 0.34
2022-09-19 13:17:36, INFO: Loss in epoch 144: 0.34
2022-09-19 13:17:36, INFO: Loss in epoch 145: 0.34
2022-09-19 13:17:36, INFO: Loss in epoch 146: 0.34
2022-09-19 13:17:36, INFO: Loss in epoch 147: 0.34
2022-09-19 13:17:36, INFO: Loss in epoch 148: 0.34
2022-09-19 13:17:36, INFO: Loss in epoch 149: 0.33
2022-09-19 13:17:36, INFO: Loss in epoch 150: 0.33
2022-09-19 13:17:37, INFO: Loss in epoch 151: 0.33
2022-09-19 13:17:37, INFO: Loss in epoch 152: 0.33
2022-09-19 13:17:37, INFO: Loss in epoch 153: 0.33
2022-09-19 13:17:37, INFO: Loss in epoch 154: 0.33
2022-09-19 13:17:37, INFO: Loss in epoch 155: 0.33
2022-09-19 13:17:37, INFO: Loss in epoch 156: 0.33
2022-09-19 13:17:37, INFO: Loss in epoch 157: 0.33
2022-09-19 13:17:37, INFO: Loss in epoch 158: 0.33
2022-09-19 13:17:38, INFO: Loss in epoch 159: 0.33
2022-09-19 13:17:38, INFO: Loss in epoch 160: 0.33
2022-09-19 13:17:38, INFO: Loss in epoch 161: 0.33
2022-09-19 13:17:38, INFO: Loss in epoch 162: 0.33
2022-09-19 13:17:38, INFO: Loss in epoch 163: 0.33
2022-09-19 13:17:38, INFO: Loss in epoch 164: 0.33
2022-09-19 13:17:38, INFO: Loss in epoch 165: 0.33
2022-09-19 13:17:38, INFO: Loss in epoch 166: 0.33
2022-09-19 13:17:38, INFO: Loss in epoch 167: 0.33
2022-09-19 13:17:39, INFO: Loss in epoch 168: 0.33
2022-09-19 13:17:39, INFO: Loss in epoch 169: 0.33
2022-09-19 13:17:39, INFO: Loss in epoch 170: 0.33
2022-09-19 13:17:39, INFO: Loss in epoch 171: 0.33
2022-09-19 13:17:39, INFO: Loss in epoch 172: 0.33
2022-09-19 13:17:39, INFO: Loss in epoch 173: 0.33
2022-09-19 13:17:39, INFO: Loss in epoch 174: 0.33
2022-09-19 13:17:39, INFO: Loss in epoch 175: 0.33
2022-09-19 13:17:39, INFO: Loss in epoch 176: 0.33
2022-09-19 13:17:40, INFO: Loss in epoch 177: 0.33
2022-09-19 13:17:40, INFO: Loss in epoch 178: 0.33
2022-09-19 13:17:40, INFO: Loss in epoch 179: 0.33
2022-09-19 13:17:40, INFO: Loss in epoch 180: 0.33
2022-09-19 13:17:40, INFO: Loss in epoch 181: 0.33
2022-09-19 13:17:40, INFO: Loss in epoch 182: 0.33
2022-09-19 13:17:40, INFO: Loss in epoch 183: 0.33
2022-09-19 13:17:40, INFO: Loss in epoch 184: 0.33
2022-09-19 13:17:41, INFO: Loss in epoch 185: 0.33
2022-09-19 13:17:41, INFO: Loss in epoch 186: 0.33
2022-09-19 13:17:41, INFO: Loss in epoch 187: 0.33
2022-09-19 13:17:41, INFO: Loss in epoch 188: 0.33
2022-09-19 13:17:41, INFO: Loss in epoch 189: 0.33
2022-09-19 13:17:41, INFO: Loss in epoch 190: 0.33
2022-09-19 13:17:41, INFO: Loss in epoch 191: 0.33
2022-09-19 13:17:42, INFO: Loss in epoch 192: 0.33
2022-09-19 13:17:42, INFO: Loss in epoch 193: 0.33
2022-09-19 13:17:42, INFO: Loss in epoch 194: 0.33
2022-09-19 13:17:42, INFO: Loss in epoch 195: 0.33
2022-09-19 13:17:42, INFO: Loss in epoch 196: 0.33
2022-09-19 13:17:42, INFO: Loss in epoch 197: 0.33
2022-09-19 13:17:42, INFO: Loss in epoch 198: 0.33
2022-09-19 13:17:43, INFO: Loss in epoch 199: 0.33
2022-09-19 13:17:43, INFO: Loss in epoch 200: 0.33
2022-09-19 13:17:43, INFO: Loss in epoch 201: 0.33
2022-09-19 13:17:43, INFO: Loss in epoch 202: 0.33
2022-09-19 13:17:43, INFO: Loss in epoch 203: 0.33
2022-09-19 13:17:43, INFO: Loss in epoch 204: 0.33
2022-09-19 13:17:43, INFO: Loss in epoch 205: 0.33
2022-09-19 13:17:43, INFO: Loss in epoch 206: 0.33
2022-09-19 13:17:44, INFO: Loss in epoch 207: 0.33
2022-09-19 13:17:44, INFO: Loss in epoch 208: 0.33
2022-09-19 13:17:44, INFO: Loss in epoch 209: 0.33
2022-09-19 13:17:44, INFO: Loss in epoch 210: 0.33
2022-09-19 13:17:44, INFO: Loss in epoch 211: 0.33
2022-09-19 13:17:44, INFO: Loss in epoch 212: 0.33
2022-09-19 13:17:44, INFO: Loss in epoch 213: 0.33
2022-09-19 13:17:44, INFO: Loss in epoch 214: 0.33
2022-09-19 13:17:44, INFO: Loss in epoch 215: 0.33
2022-09-19 13:17:45, INFO: Loss in epoch 216: 0.33
2022-09-19 13:17:45, INFO: Loss in epoch 217: 0.33
2022-09-19 13:17:45, INFO: Loss in epoch 218: 0.33
2022-09-19 13:17:45, INFO: Loss in epoch 219: 0.33
2022-09-19 13:17:45, INFO: Loss in epoch 220: 0.33
2022-09-19 13:17:45, INFO: Loss in epoch 221: 0.33
2022-09-19 13:17:45, INFO: Loss in epoch 222: 0.33
2022-09-19 13:17:45, INFO: Loss in epoch 223: 0.33
2022-09-19 13:17:46, INFO: Loss in epoch 224: 0.33
2022-09-19 13:17:46, INFO: Loss in epoch 225: 0.33
2022-09-19 13:17:46, INFO: Loss in epoch 226: 0.33
2022-09-19 13:17:46, INFO: Loss in epoch 227: 0.33
2022-09-19 13:17:46, INFO: Loss in epoch 228: 0.33
2022-09-19 13:17:46, INFO: Loss in epoch 229: 0.33
2022-09-19 13:17:46, INFO: Loss in epoch 230: 0.33
2022-09-19 13:17:46, INFO: Loss in epoch 231: 0.33
2022-09-19 13:17:47, INFO: Loss in epoch 232: 0.33
2022-09-19 13:17:47, INFO: Loss in epoch 233: 0.33
2022-09-19 13:17:47, INFO: Loss in epoch 234: 0.33
2022-09-19 13:17:47, INFO: Loss in epoch 235: 0.33
2022-09-19 13:17:47, INFO: Loss in epoch 236: 0.33
2022-09-19 13:17:47, INFO: Loss in epoch 237: 0.33
2022-09-19 13:17:47, INFO: Loss in epoch 238: 0.33
2022-09-19 13:17:47, INFO: Loss in epoch 239: 0.33
2022-09-19 13:17:48, INFO: Loss in epoch 240: 0.33
2022-09-19 13:17:48, INFO: Loss in epoch 241: 0.33
2022-09-19 13:17:48, INFO: Loss in epoch 242: 0.33
2022-09-19 13:17:48, INFO: Loss in epoch 243: 0.33
2022-09-19 13:17:48, INFO: Loss in epoch 244: 0.33
2022-09-19 13:17:48, INFO: Loss in epoch 245: 0.33
2022-09-19 13:17:48, INFO: Loss in epoch 246: 0.33
2022-09-19 13:17:48, INFO: Loss in epoch 247: 0.33
2022-09-19 13:17:49, INFO: Loss in epoch 248: 0.33
2022-09-19 13:17:49, INFO: Loss in epoch 249: 0.33
2022-09-19 13:17:49, INFO: Finish initializing model. Model saved
2022-09-19 13:29:17, INFO: test in episode 0 has success rate: 0.91, failure rate: 0.06, average extra time to goal: 32
2022-09-19 13:30:16, INFO: train in episode 0 has success rate: 0.90, failure rate: 0.10, average extra time to goal: 50
2022-09-19 13:30:16, INFO: Loss in epoch 0 is 0.3383982116356492
2022-09-19 13:30:17, INFO: Loss in epoch 1 is 0.332762002479285
2022-09-19 13:30:17, INFO: Loss in epoch 2 is 0.3322109435684979
2022-09-19 13:30:17, INFO: Loss in epoch 3 is 0.3308905279263854
2022-09-19 13:30:17, INFO: Loss in epoch 4 is 0.3309107627719641
2022-09-19 13:30:17, INFO: Loss in epoch 5 is 0.33060961309820414
2022-09-19 13:30:18, INFO: Loss in epoch 6 is 0.3298877668567002
2022-09-19 13:30:18, INFO: Loss in epoch 7 is 0.33053881535306573
2022-09-19 13:30:18, INFO: Loss in epoch 8 is 0.3293523108586669
2022-09-19 13:30:18, INFO: Loss in epoch 9 is 0.3288933946751058
2022-09-19 13:30:18, INFO: Loss in epoch 10 is 0.32870574248954654
2022-09-19 13:30:18, INFO: Loss in epoch 11 is 0.3291470627300441
2022-09-19 13:30:19, INFO: Loss in epoch 12 is 0.32977243373170495
2022-09-19 13:30:19, INFO: Loss in epoch 13 is 0.32811031164601445
2022-09-19 13:30:19, INFO: Loss in epoch 14 is 0.3278754404745996
2022-09-19 13:30:19, INFO: Loss in epoch 15 is 0.3278093943372369
2022-09-19 13:30:19, INFO: Loss in epoch 16 is 0.3281098147854209
2022-09-19 13:30:20, INFO: Loss in epoch 17 is 0.3276704950258136
2022-09-19 13:30:20, INFO: Loss in epoch 18 is 0.32678869692608714
2022-09-19 13:30:20, INFO: Loss in epoch 19 is 0.3274371870793402
2022-09-19 13:30:20, INFO: Loss in epoch 20 is 0.32687963591888547
2022-09-19 13:30:20, INFO: Loss in epoch 21 is 0.327183083165437
2022-09-19 13:30:21, INFO: Loss in epoch 22 is 0.3271805439144373
2022-09-19 13:30:21, INFO: Loss in epoch 23 is 0.3268161555752158
2022-09-19 13:30:21, INFO: Loss in epoch 24 is 0.3264404241926968
2022-09-19 13:30:21, INFO: Loss in epoch 25 is 0.3260462614707649
2022-09-19 13:30:21, INFO: Loss in epoch 26 is 0.3262490197084844
2022-09-19 13:30:22, INFO: Loss in epoch 27 is 0.32650552643463016
2022-09-19 13:30:22, INFO: Loss in epoch 28 is 0.3256949773058295
2022-09-19 13:30:22, INFO: Loss in epoch 29 is 0.3259480712004006
2022-09-19 13:31:29, INFO: train in episode 1 has success rate: 0.40, failure rate: 0.10, average extra time to goal: 51
2022-09-19 13:31:29, INFO: Loss in epoch 0 is 0.32182335341349244
2022-09-19 13:31:29, INFO: Loss in epoch 1 is 0.3215931667946279
2022-09-19 13:31:29, INFO: Loss in epoch 2 is 0.3194021778181195
2022-09-19 13:31:30, INFO: Loss in epoch 3 is 0.3195210685953498
2022-09-19 13:31:30, INFO: Loss in epoch 4 is 0.3196565839461982
2022-09-19 13:31:30, INFO: Loss in epoch 5 is 0.319257500115782
2022-09-19 13:31:30, INFO: Loss in epoch 6 is 0.3179253302514553
2022-09-19 13:31:30, INFO: Loss in epoch 7 is 0.3183403597213328
2022-09-19 13:31:31, INFO: Loss in epoch 8 is 0.3176343045197427
2022-09-19 13:31:31, INFO: Loss in epoch 9 is 0.317810520529747
2022-09-19 13:31:31, INFO: Loss in epoch 10 is 0.3173005906865001
2022-09-19 13:31:31, INFO: Loss in epoch 11 is 0.31743900291621685
2022-09-19 13:31:31, INFO: Loss in epoch 12 is 0.31670596823096275
2022-09-19 13:31:31, INFO: Loss in epoch 13 is 0.3169000199995935
2022-09-19 13:31:32, INFO: Loss in epoch 14 is 0.31648655654862523
2022-09-19 13:31:32, INFO: Loss in epoch 15 is 0.3182617202401161
2022-09-19 13:31:32, INFO: Loss in epoch 16 is 0.3176747290417552
2022-09-19 13:31:32, INFO: Loss in epoch 17 is 0.31721760984510183
2022-09-19 13:31:32, INFO: Loss in epoch 18 is 0.3163966378197074
2022-09-19 13:31:32, INFO: Loss in epoch 19 is 0.3162814793176949
2022-09-19 13:31:33, INFO: Loss in epoch 20 is 0.3156299348920584
2022-09-19 13:31:33, INFO: Loss in epoch 21 is 0.31535648461431265
2022-09-19 13:31:33, INFO: Loss in epoch 22 is 0.3160632732324302
2022-09-19 13:31:33, INFO: Loss in epoch 23 is 0.3155758851207793
2022-09-19 13:31:33, INFO: Loss in epoch 24 is 0.3152448097243905
2022-09-19 13:31:34, INFO: Loss in epoch 25 is 0.31648969277739525
2022-09-19 13:31:34, INFO: Loss in epoch 26 is 0.31520996103063226
2022-09-19 13:31:34, INFO: Loss in epoch 27 is 0.3152074869722128
2022-09-19 13:31:34, INFO: Loss in epoch 28 is 0.31608673091977835
2022-09-19 13:31:34, INFO: Loss in epoch 29 is 0.3148601595312357
2022-09-19 13:32:38, INFO: train in episode 2 has success rate: 0.60, failure rate: 0.20, average extra time to goal: 52
2022-09-19 13:32:38, INFO: Loss in epoch 0 is 0.3160472884774208
2022-09-19 13:32:39, INFO: Loss in epoch 1 is 0.3156945346854627
2022-09-19 13:32:39, INFO: Loss in epoch 2 is 0.31512381322681904
2022-09-19 13:32:39, INFO: Loss in epoch 3 is 0.31522132223472
2022-09-19 13:32:39, INFO: Loss in epoch 4 is 0.3143719690851867
2022-09-19 13:32:39, INFO: Loss in epoch 5 is 0.31490166392177343
2022-09-19 13:32:40, INFO: Loss in epoch 6 is 0.31442941119894385
2022-09-19 13:32:40, INFO: Loss in epoch 7 is 0.3144594943150878
2022-09-19 13:32:40, INFO: Loss in epoch 8 is 0.31450723204761744
2022-09-19 13:32:40, INFO: Loss in epoch 9 is 0.3142349165864289
2022-09-19 13:32:40, INFO: Loss in epoch 10 is 0.3141848724335432
2022-09-19 13:32:40, INFO: Loss in epoch 11 is 0.31439819233492017
2022-09-19 13:32:41, INFO: Loss in epoch 12 is 0.31331597873941064
2022-09-19 13:32:41, INFO: Loss in epoch 13 is 0.3137539057061076
2022-09-19 13:32:41, INFO: Loss in epoch 14 is 0.3154813298024237
2022-09-19 13:32:41, INFO: Loss in epoch 15 is 0.31363574136048555
2022-09-19 13:32:41, INFO: Loss in epoch 16 is 0.3134271325543523
2022-09-19 13:32:41, INFO: Loss in epoch 17 is 0.31345725944265723
2022-09-19 13:32:42, INFO: Loss in epoch 18 is 0.3133739149197936
2022-09-19 13:32:42, INFO: Loss in epoch 19 is 0.31342140259221196
2022-09-19 13:32:42, INFO: Loss in epoch 20 is 0.3139411834999919
2022-09-19 13:32:42, INFO: Loss in epoch 21 is 0.3131802608259022
2022-09-19 13:32:42, INFO: Loss in epoch 22 is 0.31226732255890965
2022-09-19 13:32:42, INFO: Loss in epoch 23 is 0.31324661895632744
2022-09-19 13:32:43, INFO: Loss in epoch 24 is 0.31253960775211453
2022-09-19 13:32:43, INFO: Loss in epoch 25 is 0.31266408739611506
2022-09-19 13:32:43, INFO: Loss in epoch 26 is 0.3124176263809204
2022-09-19 13:32:43, INFO: Loss in epoch 27 is 0.3123325635679066
2022-09-19 13:32:43, INFO: Loss in epoch 28 is 0.3126706089824438
2022-09-19 13:32:44, INFO: Loss in epoch 29 is 0.31178614823147655
2022-09-19 13:34:02, INFO: train in episode 3 has success rate: 0.50, failure rate: 0.10, average extra time to goal: 61
2022-09-19 13:34:03, INFO: Loss in epoch 0 is 0.3089134730398655
2022-09-19 13:34:03, INFO: Loss in epoch 1 is 0.30949691589921713
2022-09-19 13:34:03, INFO: Loss in epoch 2 is 0.3098308043554425
2022-09-19 13:34:03, INFO: Loss in epoch 3 is 0.309362156316638
2022-09-19 13:34:04, INFO: Loss in epoch 4 is 0.30894894199445844
2022-09-19 13:34:04, INFO: Loss in epoch 5 is 0.30934313451871276
2022-09-19 13:34:04, INFO: Loss in epoch 6 is 0.308670686557889
2022-09-19 13:34:05, INFO: Loss in epoch 7 is 0.3087595929391682
2022-09-19 13:34:05, INFO: Loss in epoch 8 is 0.3090816121548414
2022-09-19 13:34:05, INFO: Loss in epoch 9 is 0.3079622881487012
2022-09-19 13:34:06, INFO: Loss in epoch 10 is 0.3084786497056484
2022-09-19 13:34:06, INFO: Loss in epoch 11 is 0.3081163754686713
2022-09-19 13:34:06, INFO: Loss in epoch 12 is 0.30794004490599036
2022-09-19 13:34:07, INFO: Loss in epoch 13 is 0.3087153215892613
2022-09-19 13:34:07, INFO: Loss in epoch 14 is 0.30855014408007264
2022-09-19 13:34:07, INFO: Loss in epoch 15 is 0.30753757944330573
2022-09-19 13:34:07, INFO: Loss in epoch 16 is 0.30739932507276535
2022-09-19 13:34:08, INFO: Loss in epoch 17 is 0.3089273259975016
2022-09-19 13:34:08, INFO: Loss in epoch 18 is 0.3074869252741337
2022-09-19 13:34:08, INFO: Loss in epoch 19 is 0.3075157809071243
2022-09-19 13:34:09, INFO: Loss in epoch 20 is 0.30740645388141274
2022-09-19 13:34:09, INFO: Loss in epoch 21 is 0.3072893270291388
2022-09-19 13:34:09, INFO: Loss in epoch 22 is 0.30820911889895797
2022-09-19 13:34:09, INFO: Loss in epoch 23 is 0.307935684453696
2022-09-19 13:34:10, INFO: Loss in epoch 24 is 0.3066046959720552
2022-09-19 13:34:10, INFO: Loss in epoch 25 is 0.30673149693757296
2022-09-19 13:34:10, INFO: Loss in epoch 26 is 0.306760654784739
2022-09-19 13:34:11, INFO: Loss in epoch 27 is 0.30839856807142496
2022-09-19 13:34:11, INFO: Loss in epoch 28 is 0.3070824141614139
2022-09-19 13:34:11, INFO: Loss in epoch 29 is 0.3063411507755518
2022-09-19 13:35:46, INFO: train in episode 4 has success rate: 0.50, failure rate: 0.00, average extra time to goal: 55
2022-09-19 13:35:46, INFO: Loss in epoch 0 is 0.30407822970300913
2022-09-19 13:35:46, INFO: Loss in epoch 1 is 0.3022322407923639
2022-09-19 13:35:46, INFO: Loss in epoch 2 is 0.3022672822698951
2022-09-19 13:35:47, INFO: Loss in epoch 3 is 0.30195127800107
2022-09-19 13:35:47, INFO: Loss in epoch 4 is 0.300780491437763
2022-09-19 13:35:47, INFO: Loss in epoch 5 is 0.30231858417391777
2022-09-19 13:35:47, INFO: Loss in epoch 6 is 0.3001010362058878
2022-09-19 13:35:47, INFO: Loss in epoch 7 is 0.30009613279253244
2022-09-19 13:35:48, INFO: Loss in epoch 8 is 0.29987525194883347
2022-09-19 13:35:48, INFO: Loss in epoch 9 is 0.30027992697432637
2022-09-19 13:35:48, INFO: Loss in epoch 10 is 0.3000355940312147
2022-09-19 13:35:48, INFO: Loss in epoch 11 is 0.3000223785638809
2022-09-19 13:35:48, INFO: Loss in epoch 12 is 0.3007448664866388
2022-09-19 13:35:48, INFO: Loss in epoch 13 is 0.300232601352036
2022-09-19 13:35:49, INFO: Loss in epoch 14 is 0.3006875505670905
2022-09-19 13:35:49, INFO: Loss in epoch 15 is 0.30031828861683607
2022-09-19 13:35:49, INFO: Loss in epoch 16 is 0.30006316816434264
2022-09-19 13:35:49, INFO: Loss in epoch 17 is 0.29970744252204895
2022-09-19 13:35:49, INFO: Loss in epoch 18 is 0.2993959980085492
2022-09-19 13:35:50, INFO: Loss in epoch 19 is 0.29896499309688807
2022-09-19 13:35:50, INFO: Loss in epoch 20 is 0.2987982272170484
2022-09-19 13:35:50, INFO: Loss in epoch 21 is 0.29901367938145995
2022-09-19 13:35:50, INFO: Loss in epoch 22 is 0.29876607935875654
2022-09-19 13:35:50, INFO: Loss in epoch 23 is 0.2997477687895298
2022-09-19 13:35:51, INFO: Loss in epoch 24 is 0.2988023106008768
2022-09-19 13:35:51, INFO: Loss in epoch 25 is 0.29948057094588876
2022-09-19 13:35:51, INFO: Loss in epoch 26 is 0.2984528592787683
2022-09-19 13:35:51, INFO: Loss in epoch 27 is 0.29938525846228004
2022-09-19 13:35:51, INFO: Loss in epoch 28 is 0.2986355582252145
2022-09-19 13:35:52, INFO: Loss in epoch 29 is 0.2980261421762407
2022-09-19 13:37:04, INFO: train in episode 5 has success rate: 0.40, failure rate: 0.00, average extra time to goal: 49
2022-09-19 13:37:04, INFO: Loss in epoch 0 is 0.2932531493715942
2022-09-19 13:37:05, INFO: Loss in epoch 1 is 0.2928117853589356
2022-09-19 13:37:05, INFO: Loss in epoch 2 is 0.2929637935012579
2022-09-19 13:37:05, INFO: Loss in epoch 3 is 0.29436448169872165
2022-09-19 13:37:05, INFO: Loss in epoch 4 is 0.29260174045339227
2022-09-19 13:37:05, INFO: Loss in epoch 5 is 0.2923760269768536
2022-09-19 13:37:06, INFO: Loss in epoch 6 is 0.29264061618596315
2022-09-19 13:37:06, INFO: Loss in epoch 7 is 0.292299447581172
2022-09-19 13:37:06, INFO: Loss in epoch 8 is 0.29250461468473077
2022-09-19 13:37:06, INFO: Loss in epoch 9 is 0.2922704741358757
2022-09-19 13:37:06, INFO: Loss in epoch 10 is 0.2916298285126686
2022-09-19 13:37:07, INFO: Loss in epoch 11 is 0.2923957738094032
2022-09-19 13:37:07, INFO: Loss in epoch 12 is 0.29213813599199057
2022-09-19 13:37:07, INFO: Loss in epoch 13 is 0.29190163780003786
2022-09-19 13:37:07, INFO: Loss in epoch 14 is 0.2923269527964294
2022-09-19 13:37:07, INFO: Loss in epoch 15 is 0.2923128134571016
2022-09-19 13:37:08, INFO: Loss in epoch 16 is 0.29160017473623157
2022-09-19 13:37:08, INFO: Loss in epoch 17 is 0.2908671088516712
2022-09-19 13:37:08, INFO: Loss in epoch 18 is 0.2909098048694432
2022-09-19 13:37:08, INFO: Loss in epoch 19 is 0.2911548395641148
2022-09-19 13:37:08, INFO: Loss in epoch 20 is 0.29181158589199185
2022-09-19 13:37:09, INFO: Loss in epoch 21 is 0.2915767836384475
2022-09-19 13:37:09, INFO: Loss in epoch 22 is 0.29291381873190403
2022-09-19 13:37:09, INFO: Loss in epoch 23 is 0.2911749379709363
2022-09-19 13:37:09, INFO: Loss in epoch 24 is 0.29104423243552446
2022-09-19 13:37:09, INFO: Loss in epoch 25 is 0.29096333030611277
2022-09-19 13:37:10, INFO: Loss in epoch 26 is 0.2911805510520935
2022-09-19 13:37:10, INFO: Loss in epoch 27 is 0.29256218997761607
2022-09-19 13:37:10, INFO: Loss in epoch 28 is 0.2909600995481014
2022-09-19 13:37:10, INFO: Loss in epoch 29 is 0.2910754308104515
2022-09-19 13:38:19, INFO: train in episode 6 has success rate: 0.70, failure rate: 0.00, average extra time to goal: 41
2022-09-19 13:38:20, INFO: Loss in epoch 0 is 0.28917340748012066
2022-09-19 13:38:20, INFO: Loss in epoch 1 is 0.28722684644162655
2022-09-19 13:38:20, INFO: Loss in epoch 2 is 0.2877575238235295
2022-09-19 13:38:20, INFO: Loss in epoch 3 is 0.2882039025425911
2022-09-19 13:38:20, INFO: Loss in epoch 4 is 0.28755512926727533
2022-09-19 13:38:21, INFO: Loss in epoch 5 is 0.2877265769056976
2022-09-19 13:38:21, INFO: Loss in epoch 6 is 0.28809100203216076
2022-09-19 13:38:21, INFO: Loss in epoch 7 is 0.28842067439109087
2022-09-19 13:38:21, INFO: Loss in epoch 8 is 0.2887268317863345
2022-09-19 13:38:21, INFO: Loss in epoch 9 is 0.28707246761769056
2022-09-19 13:38:22, INFO: Loss in epoch 10 is 0.28687468031421304
2022-09-19 13:38:22, INFO: Loss in epoch 11 is 0.28611869271844625
2022-09-19 13:38:22, INFO: Loss in epoch 12 is 0.28745461348444223
2022-09-19 13:38:22, INFO: Loss in epoch 13 is 0.286468134727329
2022-09-19 13:38:22, INFO: Loss in epoch 14 is 0.28630918310955167
2022-09-19 13:38:22, INFO: Loss in epoch 15 is 0.28763794573023915
2022-09-19 13:38:23, INFO: Loss in epoch 16 is 0.2864438588730991
2022-09-19 13:38:23, INFO: Loss in epoch 17 is 0.28661483293399215
2022-09-19 13:38:23, INFO: Loss in epoch 18 is 0.28732550563290715
2022-09-19 13:38:23, INFO: Loss in epoch 19 is 0.2878708695061505
2022-09-19 13:38:23, INFO: Loss in epoch 20 is 0.2888038903474808
2022-09-19 13:38:24, INFO: Loss in epoch 21 is 0.2873357073403895
2022-09-19 13:38:24, INFO: Loss in epoch 22 is 0.28651562286540866
2022-09-19 13:38:24, INFO: Loss in epoch 23 is 0.2877207426354289
2022-09-19 13:38:24, INFO: Loss in epoch 24 is 0.28640754939988256
2022-09-19 13:38:24, INFO: Loss in epoch 25 is 0.2860573083162308
2022-09-19 13:38:25, INFO: Loss in epoch 26 is 0.2858798918314278
2022-09-19 13:38:25, INFO: Loss in epoch 27 is 0.2863997267559171
2022-09-19 13:38:25, INFO: Loss in epoch 28 is 0.2854259628802538
2022-09-19 13:38:25, INFO: Loss in epoch 29 is 0.2848049122840166
2022-09-19 13:39:54, INFO: train in episode 7 has success rate: 0.50, failure rate: 0.00, average extra time to goal: 54
2022-09-19 13:39:54, INFO: Loss in epoch 0 is 0.2797538875602186
2022-09-19 13:39:54, INFO: Loss in epoch 1 is 0.279008315410465
2022-09-19 13:39:55, INFO: Loss in epoch 2 is 0.278493728954345
2022-09-19 13:39:55, INFO: Loss in epoch 3 is 0.2809140612371266
2022-09-19 13:39:55, INFO: Loss in epoch 4 is 0.2789249261841178
2022-09-19 13:39:55, INFO: Loss in epoch 5 is 0.2789447270333767
2022-09-19 13:39:56, INFO: Loss in epoch 6 is 0.2780566178262234
2022-09-19 13:39:56, INFO: Loss in epoch 7 is 0.27846732595935464
2022-09-19 13:39:56, INFO: Loss in epoch 8 is 0.27872126130387187
2022-09-19 13:39:56, INFO: Loss in epoch 9 is 0.27789543801918626
2022-09-19 13:39:56, INFO: Loss in epoch 10 is 0.27749359887093306
2022-09-19 13:39:57, INFO: Loss in epoch 11 is 0.27985772024840117
2022-09-19 13:39:57, INFO: Loss in epoch 12 is 0.27811694191768765
2022-09-19 13:39:57, INFO: Loss in epoch 13 is 0.27702717762440443
2022-09-19 13:39:57, INFO: Loss in epoch 14 is 0.2776725133880973
2022-09-19 13:39:57, INFO: Loss in epoch 15 is 0.2784232683479786
2022-09-19 13:39:57, INFO: Loss in epoch 16 is 0.2772376690991223
2022-09-19 13:39:58, INFO: Loss in epoch 17 is 0.27796312142163515
2022-09-19 13:39:58, INFO: Loss in epoch 18 is 0.27719743363559246
2022-09-19 13:39:58, INFO: Loss in epoch 19 is 0.2775270286947489
2022-09-19 13:39:58, INFO: Loss in epoch 20 is 0.27768942760303617
2022-09-19 13:39:58, INFO: Loss in epoch 21 is 0.2779098735190928
2022-09-19 13:39:59, INFO: Loss in epoch 22 is 0.27732476172968745
2022-09-19 13:39:59, INFO: Loss in epoch 23 is 0.2764077973552048
2022-09-19 13:39:59, INFO: Loss in epoch 24 is 0.2767354282550514
2022-09-19 13:39:59, INFO: Loss in epoch 25 is 0.27650786377489567
2022-09-19 13:40:00, INFO: Loss in epoch 26 is 0.277488699182868
2022-09-19 13:40:00, INFO: Loss in epoch 27 is 0.2765036588534713
2022-09-19 13:40:00, INFO: Loss in epoch 28 is 0.27619578409940004
2022-09-19 13:40:00, INFO: Loss in epoch 29 is 0.277156978379935
2022-09-19 13:41:29, INFO: train in episode 8 has success rate: 0.50, failure rate: 0.10, average extra time to goal: 73
2022-09-19 13:41:29, INFO: Loss in epoch 0 is 0.2695716223679483
2022-09-19 13:41:29, INFO: Loss in epoch 1 is 0.269452263135463
2022-09-19 13:41:30, INFO: Loss in epoch 2 is 0.2689230157993734
2022-09-19 13:41:30, INFO: Loss in epoch 3 is 0.26894511282444
2022-09-19 13:41:30, INFO: Loss in epoch 4 is 0.2689914503134787
2022-09-19 13:41:30, INFO: Loss in epoch 5 is 0.26932750875130296
2022-09-19 13:41:31, INFO: Loss in epoch 6 is 0.26823472836986184
2022-09-19 13:41:31, INFO: Loss in epoch 7 is 0.2699713404290378
2022-09-19 13:41:31, INFO: Loss in epoch 8 is 0.26806501392275095
2022-09-19 13:41:31, INFO: Loss in epoch 9 is 0.2689470290206373
2022-09-19 13:41:31, INFO: Loss in epoch 10 is 0.26887258887290955
2022-09-19 13:41:32, INFO: Loss in epoch 11 is 0.26721796998754144
2022-09-19 13:41:32, INFO: Loss in epoch 12 is 0.2672534636221826
2022-09-19 13:41:32, INFO: Loss in epoch 13 is 0.26800348423421383
2022-09-19 13:41:32, INFO: Loss in epoch 14 is 0.26900786673650146
2022-09-19 13:41:33, INFO: Loss in epoch 15 is 0.26918728183954954
2022-09-19 13:41:33, INFO: Loss in epoch 16 is 0.26804728573188186
2022-09-19 13:41:33, INFO: Loss in epoch 17 is 0.26791390823200345
2022-09-19 13:41:33, INFO: Loss in epoch 18 is 0.2683434193022549
2022-09-19 13:41:33, INFO: Loss in epoch 19 is 0.26778588769957423
2022-09-19 13:41:34, INFO: Loss in epoch 20 is 0.2681565103121102
2022-09-19 13:41:34, INFO: Loss in epoch 21 is 0.2668440626002848
2022-09-19 13:41:34, INFO: Loss in epoch 22 is 0.26781129697337747
2022-09-19 13:41:34, INFO: Loss in epoch 23 is 0.267848358489573
2022-09-19 13:41:35, INFO: Loss in epoch 24 is 0.2676241062581539
2022-09-19 13:41:35, INFO: Loss in epoch 25 is 0.2673298055306077
2022-09-19 13:41:35, INFO: Loss in epoch 26 is 0.2673130091279745
2022-09-19 13:41:35, INFO: Loss in epoch 27 is 0.2666632072068751
2022-09-19 13:41:35, INFO: Loss in epoch 28 is 0.2678784355521202
2022-09-19 13:41:36, INFO: Loss in epoch 29 is 0.2672042967751622
2022-09-19 13:42:57, INFO: train in episode 9 has success rate: 0.40, failure rate: 0.00, average extra time to goal: 58
2022-09-19 13:42:57, INFO: Loss in epoch 0 is 0.2631875313818455
2022-09-19 13:42:57, INFO: Loss in epoch 1 is 0.2626888672821224
2022-09-19 13:42:58, INFO: Loss in epoch 2 is 0.26161335362121463
2022-09-19 13:42:58, INFO: Loss in epoch 3 is 0.2612739438191056
2022-09-19 13:42:58, INFO: Loss in epoch 4 is 0.26139968167990446
2022-09-19 13:42:58, INFO: Loss in epoch 5 is 0.2612355654127896
2022-09-19 13:42:58, INFO: Loss in epoch 6 is 0.261606324929744
2022-09-19 13:42:59, INFO: Loss in epoch 7 is 0.2609365754760802
2022-09-19 13:42:59, INFO: Loss in epoch 8 is 0.26187281077727675
2022-09-19 13:42:59, INFO: Loss in epoch 9 is 0.2613054388202727
2022-09-19 13:42:59, INFO: Loss in epoch 10 is 0.2627927274443209
2022-09-19 13:42:59, INFO: Loss in epoch 11 is 0.2629360477440059
2022-09-19 13:42:59, INFO: Loss in epoch 12 is 0.2628274909220636
2022-09-19 13:43:00, INFO: Loss in epoch 13 is 0.2611445188522339
2022-09-19 13:43:00, INFO: Loss in epoch 14 is 0.26125380489975214
2022-09-19 13:43:00, INFO: Loss in epoch 15 is 0.2614690037444234
2022-09-19 13:43:00, INFO: Loss in epoch 16 is 0.2606177097186446
2022-09-19 13:43:00, INFO: Loss in epoch 17 is 0.2604252281598747
2022-09-19 13:43:01, INFO: Loss in epoch 18 is 0.26044162129983306
2022-09-19 13:43:01, INFO: Loss in epoch 19 is 0.2610170617699623
2022-09-19 13:43:01, INFO: Loss in epoch 20 is 0.2607684093527496
2022-09-19 13:43:01, INFO: Loss in epoch 21 is 0.25980467768386006
2022-09-19 13:43:01, INFO: Loss in epoch 22 is 0.2600340056233108
2022-09-19 13:43:02, INFO: Loss in epoch 23 is 0.26032297033816576
2022-09-19 13:43:02, INFO: Loss in epoch 24 is 0.25987475691363215
2022-09-19 13:43:02, INFO: Loss in epoch 25 is 0.26085231406614184
2022-09-19 13:43:02, INFO: Loss in epoch 26 is 0.2604387477040291
2022-09-19 13:43:02, INFO: Loss in epoch 27 is 0.26081829238682985
2022-09-19 13:43:03, INFO: Loss in epoch 28 is 0.26037613674998283
2022-09-19 13:43:03, INFO: Loss in epoch 29 is 0.2602840098552406
2022-09-19 13:44:19, INFO: train in episode 10 has success rate: 0.50, failure rate: 0.00, average extra time to goal: 44
2022-09-19 13:44:19, INFO: Loss in epoch 0 is 0.25478003872558475
2022-09-19 13:44:20, INFO: Loss in epoch 1 is 0.2537199449725449
2022-09-19 13:44:20, INFO: Loss in epoch 2 is 0.25377165572717786
2022-09-19 13:44:20, INFO: Loss in epoch 3 is 0.2543196673505008
2022-09-19 13:44:20, INFO: Loss in epoch 4 is 0.25340081937611103
2022-09-19 13:44:20, INFO: Loss in epoch 5 is 0.2541679833084345
2022-09-19 13:44:20, INFO: Loss in epoch 6 is 0.25357797276228666
2022-09-19 13:44:21, INFO: Loss in epoch 7 is 0.25392544409260154
2022-09-19 13:44:21, INFO: Loss in epoch 8 is 0.2535051624290645
2022-09-19 13:44:21, INFO: Loss in epoch 9 is 0.25347665091976523
2022-09-19 13:44:21, INFO: Loss in epoch 10 is 0.2540986896492541
2022-09-19 13:44:21, INFO: Loss in epoch 11 is 0.25311480881646276
2022-09-19 13:44:22, INFO: Loss in epoch 12 is 0.25332327419891953
2022-09-19 13:44:22, INFO: Loss in epoch 13 is 0.2537082275375724
2022-09-19 13:44:22, INFO: Loss in epoch 14 is 0.25351111264899373
2022-09-19 13:44:22, INFO: Loss in epoch 15 is 0.25344196148216724
2022-09-19 13:44:22, INFO: Loss in epoch 16 is 0.2534218644723296
2022-09-19 13:44:23, INFO: Loss in epoch 17 is 0.25500712217763066
2022-09-19 13:44:23, INFO: Loss in epoch 18 is 0.2539145704358816
2022-09-19 13:44:23, INFO: Loss in epoch 19 is 0.2535053160972893
2022-09-19 13:44:23, INFO: Loss in epoch 20 is 0.25240485090762377
2022-09-19 13:44:23, INFO: Loss in epoch 21 is 0.25219375267624855
2022-09-19 13:44:24, INFO: Loss in epoch 22 is 0.25283768540248275
2022-09-19 13:44:24, INFO: Loss in epoch 23 is 0.2532738200388849
2022-09-19 13:44:24, INFO: Loss in epoch 24 is 0.25245274184271693
2022-09-19 13:44:24, INFO: Loss in epoch 25 is 0.2533942498266697
2022-09-19 13:44:24, INFO: Loss in epoch 26 is 0.25269531598314643
2022-09-19 13:44:25, INFO: Loss in epoch 27 is 0.25279171532019973
2022-09-19 13:44:25, INFO: Loss in epoch 28 is 0.25384713476523757
2022-09-19 13:44:25, INFO: Loss in epoch 29 is 0.2530702333897352
2022-09-19 13:45:52, INFO: train in episode 11 has success rate: 0.20, failure rate: 0.00, average extra time to goal: 62
2022-09-19 13:45:52, INFO: Loss in epoch 0 is 0.24569042259827256
2022-09-19 13:45:52, INFO: Loss in epoch 1 is 0.24601536616683006
2022-09-19 13:45:53, INFO: Loss in epoch 2 is 0.24631037656217813
2022-09-19 13:45:53, INFO: Loss in epoch 3 is 0.24545258563011885
2022-09-19 13:45:53, INFO: Loss in epoch 4 is 0.2467366959899664
2022-09-19 13:45:53, INFO: Loss in epoch 5 is 0.24574215011671185
2022-09-19 13:45:53, INFO: Loss in epoch 6 is 0.245920124463737
2022-09-19 13:45:54, INFO: Loss in epoch 7 is 0.2466381094418466
2022-09-19 13:45:54, INFO: Loss in epoch 8 is 0.24565374525263906
2022-09-19 13:45:54, INFO: Loss in epoch 9 is 0.24535229708999395
2022-09-19 13:45:54, INFO: Loss in epoch 10 is 0.2472699643112719
2022-09-19 13:45:54, INFO: Loss in epoch 11 is 0.24719930160790682
2022-09-19 13:45:54, INFO: Loss in epoch 12 is 0.24655931117013097
2022-09-19 13:45:55, INFO: Loss in epoch 13 is 0.24510189471766353
2022-09-19 13:45:55, INFO: Loss in epoch 14 is 0.24504892760887742
2022-09-19 13:45:55, INFO: Loss in epoch 15 is 0.2448790082708001
2022-09-19 13:45:55, INFO: Loss in epoch 16 is 0.2453134385868907
2022-09-19 13:45:55, INFO: Loss in epoch 17 is 0.24513060227036476
2022-09-19 13:45:56, INFO: Loss in epoch 18 is 0.24526113970205188
2022-09-19 13:45:56, INFO: Loss in epoch 19 is 0.24499668506905437
2022-09-19 13:45:56, INFO: Loss in epoch 20 is 0.24541598791256547
2022-09-19 13:45:56, INFO: Loss in epoch 21 is 0.24552239198237658
2022-09-19 13:45:56, INFO: Loss in epoch 22 is 0.24509184435009956
2022-09-19 13:45:56, INFO: Loss in epoch 23 is 0.2465621381998062
2022-09-19 13:45:57, INFO: Loss in epoch 24 is 0.24502392997965217
2022-09-19 13:45:57, INFO: Loss in epoch 25 is 0.24451236752793193
2022-09-19 13:45:57, INFO: Loss in epoch 26 is 0.2458305456675589
2022-09-19 13:45:57, INFO: Loss in epoch 27 is 0.24439038429409266
2022-09-19 13:45:57, INFO: Loss in epoch 28 is 0.24459035648033023
2022-09-19 13:45:58, INFO: Loss in epoch 29 is 0.24466118635609746
2022-09-19 13:47:16, INFO: train in episode 12 has success rate: 0.60, failure rate: 0.00, average extra time to goal: 46
2022-09-19 13:47:16, INFO: Loss in epoch 0 is 0.23815063619986176
2022-09-19 13:47:16, INFO: Loss in epoch 1 is 0.23758380068466067
2022-09-19 13:47:17, INFO: Loss in epoch 2 is 0.23852107720449567
2022-09-19 13:47:17, INFO: Loss in epoch 3 is 0.23763359617441893
2022-09-19 13:47:17, INFO: Loss in epoch 4 is 0.23705976642668247
2022-09-19 13:47:17, INFO: Loss in epoch 5 is 0.2374992216937244
2022-09-19 13:47:17, INFO: Loss in epoch 6 is 0.23853367287665606
2022-09-19 13:47:18, INFO: Loss in epoch 7 is 0.23763456381857395
2022-09-19 13:47:18, INFO: Loss in epoch 8 is 0.23786166589707136
2022-09-19 13:47:18, INFO: Loss in epoch 9 is 0.237857679836452
2022-09-19 13:47:18, INFO: Loss in epoch 10 is 0.2373169637285173
2022-09-19 13:47:18, INFO: Loss in epoch 11 is 0.23700594110414386
2022-09-19 13:47:19, INFO: Loss in epoch 12 is 0.23762674489989877
2022-09-19 13:47:19, INFO: Loss in epoch 13 is 0.23714109882712364
2022-09-19 13:47:19, INFO: Loss in epoch 14 is 0.23664189549162984
2022-09-19 13:47:19, INFO: Loss in epoch 15 is 0.23648760374635458
2022-09-19 13:47:19, INFO: Loss in epoch 16 is 0.23762372927740216
2022-09-19 13:47:19, INFO: Loss in epoch 17 is 0.23697321629151702
2022-09-19 13:47:20, INFO: Loss in epoch 18 is 0.23779025953263044
2022-09-19 13:47:20, INFO: Loss in epoch 19 is 0.23802737146615982
2022-09-19 13:47:20, INFO: Loss in epoch 20 is 0.23800961626693606
2022-09-19 13:47:20, INFO: Loss in epoch 21 is 0.2368457722477615
2022-09-19 13:47:20, INFO: Loss in epoch 22 is 0.23710846388712525
2022-09-19 13:47:21, INFO: Loss in epoch 23 is 0.23617399670183659
2022-09-19 13:47:21, INFO: Loss in epoch 24 is 0.23690738482400775
2022-09-19 13:47:21, INFO: Loss in epoch 25 is 0.2366267591714859
2022-09-19 13:47:21, INFO: Loss in epoch 26 is 0.23674560384824872
2022-09-19 13:47:22, INFO: Loss in epoch 27 is 0.23778749350458384
2022-09-19 13:47:22, INFO: Loss in epoch 28 is 0.23674137704074383
2022-09-19 13:47:22, INFO: Loss in epoch 29 is 0.23847202491015196
2022-09-19 13:48:44, INFO: train in episode 13 has success rate: 0.50, failure rate: 0.00, average extra time to goal: 54
2022-09-19 13:48:44, INFO: Loss in epoch 0 is 0.23268141876906157
2022-09-19 13:48:44, INFO: Loss in epoch 1 is 0.23269620351493359
2022-09-19 13:48:45, INFO: Loss in epoch 2 is 0.2327418401837349
2022-09-19 13:48:45, INFO: Loss in epoch 3 is 0.23264146177098155
2022-09-19 13:48:45, INFO: Loss in epoch 4 is 0.23262517992407084
2022-09-19 13:48:45, INFO: Loss in epoch 5 is 0.23240608628839254
2022-09-19 13:48:45, INFO: Loss in epoch 6 is 0.23330011451616883
2022-09-19 13:48:46, INFO: Loss in epoch 7 is 0.2329483493231237
2022-09-19 13:48:46, INFO: Loss in epoch 8 is 0.23198008304461837
2022-09-19 13:48:46, INFO: Loss in epoch 9 is 0.23240996478125453
2022-09-19 13:48:46, INFO: Loss in epoch 10 is 0.2329983478412032
2022-09-19 13:48:47, INFO: Loss in epoch 11 is 0.23301196144893765
2022-09-19 13:48:47, INFO: Loss in epoch 12 is 0.23166307713836432
2022-09-19 13:48:47, INFO: Loss in epoch 13 is 0.23197365831583738
2022-09-19 13:48:47, INFO: Loss in epoch 14 is 0.2324921260587871
2022-09-19 13:48:47, INFO: Loss in epoch 15 is 0.2327559501864016
2022-09-19 13:48:48, INFO: Loss in epoch 16 is 0.23265253705903888
2022-09-19 13:48:48, INFO: Loss in epoch 17 is 0.2331819967366755
2022-09-19 13:48:48, INFO: Loss in epoch 18 is 0.2324676658026874
2022-09-19 13:48:48, INFO: Loss in epoch 19 is 0.23194580664858222
2022-09-19 13:48:48, INFO: Loss in epoch 20 is 0.23191444016993046
2022-09-19 13:48:49, INFO: Loss in epoch 21 is 0.23176912730559707
2022-09-19 13:48:49, INFO: Loss in epoch 22 is 0.23161289747804403
2022-09-19 13:48:49, INFO: Loss in epoch 23 is 0.231845797970891
2022-09-19 13:48:49, INFO: Loss in epoch 24 is 0.23183946730569005
2022-09-19 13:48:49, INFO: Loss in epoch 25 is 0.23179347719997168
2022-09-19 13:48:50, INFO: Loss in epoch 26 is 0.23127677105367184
2022-09-19 13:48:50, INFO: Loss in epoch 27 is 0.23388418275862932
2022-09-19 13:48:50, INFO: Loss in epoch 28 is 0.23202532809227705
2022-09-19 13:48:50, INFO: Loss in epoch 29 is 0.23116018855944276
2022-09-19 13:50:13, INFO: train in episode 14 has success rate: 0.80, failure rate: 0.00, average extra time to goal: 59
2022-09-19 13:50:13, INFO: Loss in epoch 0 is 0.2252992670983076
2022-09-19 13:50:13, INFO: Loss in epoch 1 is 0.22508550575003028
2022-09-19 13:50:14, INFO: Loss in epoch 2 is 0.22479274263605475
2022-09-19 13:50:14, INFO: Loss in epoch 3 is 0.22514585638418794
2022-09-19 13:50:14, INFO: Loss in epoch 4 is 0.22499265661463141
2022-09-19 13:50:14, INFO: Loss in epoch 5 is 0.22446654690429568
2022-09-19 13:50:14, INFO: Loss in epoch 6 is 0.22534257220104337
2022-09-19 13:50:15, INFO: Loss in epoch 7 is 0.2252751481719315
2022-09-19 13:50:15, INFO: Loss in epoch 8 is 0.22596384724602103
2022-09-19 13:50:15, INFO: Loss in epoch 9 is 0.22463115956634283
2022-09-19 13:50:15, INFO: Loss in epoch 10 is 0.22538031730800867
2022-09-19 13:50:15, INFO: Loss in epoch 11 is 0.2253569341264665
2022-09-19 13:50:16, INFO: Loss in epoch 12 is 0.22530133510008454
2022-09-19 13:50:16, INFO: Loss in epoch 13 is 0.22711254376918077
2022-09-19 13:50:16, INFO: Loss in epoch 14 is 0.22563442261889577
2022-09-19 13:50:16, INFO: Loss in epoch 15 is 0.2253489694558084
2022-09-19 13:50:16, INFO: Loss in epoch 16 is 0.22473591938614845
2022-09-19 13:50:17, INFO: Loss in epoch 17 is 0.2246277374215424
2022-09-19 13:50:17, INFO: Loss in epoch 18 is 0.22416960075497627
2022-09-19 13:50:17, INFO: Loss in epoch 19 is 0.22501307632774115
2022-09-19 13:50:17, INFO: Loss in epoch 20 is 0.2248594257980585
2022-09-19 13:50:17, INFO: Loss in epoch 21 is 0.2245261799544096
2022-09-19 13:50:18, INFO: Loss in epoch 22 is 0.2258277740329504
2022-09-19 13:50:18, INFO: Loss in epoch 23 is 0.22444236278533936
2022-09-19 13:50:18, INFO: Loss in epoch 24 is 0.22440092032775283
2022-09-19 13:50:18, INFO: Loss in epoch 25 is 0.22413623286411166
2022-09-19 13:50:18, INFO: Loss in epoch 26 is 0.22420484013855457
2022-09-19 13:50:18, INFO: Loss in epoch 27 is 0.22411724226549268
2022-09-19 13:50:19, INFO: Loss in epoch 28 is 0.22410417115315795
2022-09-19 13:50:19, INFO: Loss in epoch 29 is 0.22386640682816505
2022-09-19 13:51:37, INFO: train in episode 15 has success rate: 0.70, failure rate: 0.00, average extra time to goal: 48
2022-09-19 13:51:37, INFO: Loss in epoch 0 is 0.219269989291206
2022-09-19 13:51:37, INFO: Loss in epoch 1 is 0.21982680400833488
2022-09-19 13:51:38, INFO: Loss in epoch 2 is 0.21888309763744473
2022-09-19 13:51:38, INFO: Loss in epoch 3 is 0.21874372428283095
2022-09-19 13:51:38, INFO: Loss in epoch 4 is 0.21868135780096054
2022-09-19 13:51:38, INFO: Loss in epoch 5 is 0.2184544657357037
2022-09-19 13:51:38, INFO: Loss in epoch 6 is 0.21829404262825847
2022-09-19 13:51:39, INFO: Loss in epoch 7 is 0.21904572378844023
2022-09-19 13:51:39, INFO: Loss in epoch 8 is 0.21839129319414496
2022-09-19 13:51:39, INFO: Loss in epoch 9 is 0.2190096634440124
2022-09-19 13:51:39, INFO: Loss in epoch 10 is 0.21867573354393244
2022-09-19 13:51:39, INFO: Loss in epoch 11 is 0.21761586470529437
2022-09-19 13:51:40, INFO: Loss in epoch 12 is 0.21872266475111246
2022-09-19 13:51:40, INFO: Loss in epoch 13 is 0.2184307691641152
2022-09-19 13:51:40, INFO: Loss in epoch 14 is 0.21995163476094604
2022-09-19 13:51:40, INFO: Loss in epoch 15 is 0.21860267221927643
2022-09-19 13:51:40, INFO: Loss in epoch 16 is 0.22005648305639625
2022-09-19 13:51:41, INFO: Loss in epoch 17 is 0.21813524258323014
2022-09-19 13:51:41, INFO: Loss in epoch 18 is 0.21773485001176596
2022-09-19 13:51:41, INFO: Loss in epoch 19 is 0.21810322301462293
2022-09-19 13:51:41, INFO: Loss in epoch 20 is 0.2183116772212088
2022-09-19 13:51:41, INFO: Loss in epoch 21 is 0.21771753393113613
2022-09-19 13:51:41, INFO: Loss in epoch 22 is 0.21778683410957456
2022-09-19 13:51:42, INFO: Loss in epoch 23 is 0.2183259343728423
2022-09-19 13:51:42, INFO: Loss in epoch 24 is 0.21768457465805113
2022-09-19 13:51:42, INFO: Loss in epoch 25 is 0.21766608487814665
2022-09-19 13:51:42, INFO: Loss in epoch 26 is 0.2178975846618414
2022-09-19 13:51:42, INFO: Loss in epoch 27 is 0.21730481646955013
2022-09-19 13:51:43, INFO: Loss in epoch 28 is 0.21831305278465152
2022-09-19 13:51:43, INFO: Loss in epoch 29 is 0.218404536601156
2022-09-19 13:53:22, INFO: train in episode 16 has success rate: 0.70, failure rate: 0.00, average extra time to goal: 62
2022-09-19 13:53:22, INFO: Loss in epoch 0 is 0.21161086484789848
2022-09-19 13:53:22, INFO: Loss in epoch 1 is 0.21119912224821746
2022-09-19 13:53:23, INFO: Loss in epoch 2 is 0.21242020232602954
2022-09-19 13:53:23, INFO: Loss in epoch 3 is 0.2110964076127857
2022-09-19 13:53:23, INFO: Loss in epoch 4 is 0.2116913585923612
2022-09-19 13:53:23, INFO: Loss in epoch 5 is 0.21207770379260182
2022-09-19 13:53:23, INFO: Loss in epoch 6 is 0.21096276328898966
2022-09-19 13:53:24, INFO: Loss in epoch 7 is 0.21210611471906304
2022-09-19 13:53:24, INFO: Loss in epoch 8 is 0.2113045323640108
2022-09-19 13:53:24, INFO: Loss in epoch 9 is 0.2110274233855307
2022-09-19 13:53:24, INFO: Loss in epoch 10 is 0.2111533647403121
2022-09-19 13:53:24, INFO: Loss in epoch 11 is 0.21118694078177214
2022-09-19 13:53:25, INFO: Loss in epoch 12 is 0.21085710474289954
2022-09-19 13:53:25, INFO: Loss in epoch 13 is 0.21079571172595024
2022-09-19 13:53:25, INFO: Loss in epoch 14 is 0.21136842109262943
2022-09-19 13:53:25, INFO: Loss in epoch 15 is 0.21058918768540025
2022-09-19 13:53:25, INFO: Loss in epoch 16 is 0.21102481614798307
2022-09-19 13:53:26, INFO: Loss in epoch 17 is 0.21017860993742943
2022-09-19 13:53:26, INFO: Loss in epoch 18 is 0.21062446758151054
2022-09-19 13:53:26, INFO: Loss in epoch 19 is 0.21034772181883454
2022-09-19 13:53:26, INFO: Loss in epoch 20 is 0.2111375704407692
2022-09-19 13:53:26, INFO: Loss in epoch 21 is 0.21074561029672623
2022-09-19 13:53:27, INFO: Loss in epoch 22 is 0.2104809561278671
2022-09-19 13:53:27, INFO: Loss in epoch 23 is 0.210472350474447
2022-09-19 13:53:27, INFO: Loss in epoch 24 is 0.2118589859455824
2022-09-19 13:53:27, INFO: Loss in epoch 25 is 0.21135536977089942
2022-09-19 13:53:27, INFO: Loss in epoch 26 is 0.21075424388982356
2022-09-19 13:53:28, INFO: Loss in epoch 27 is 0.20978868938982487
2022-09-19 13:53:28, INFO: Loss in epoch 28 is 0.20991042349487543
2022-09-19 13:53:28, INFO: Loss in epoch 29 is 0.2101453486829996
2022-09-19 13:54:42, INFO: train in episode 17 has success rate: 0.70, failure rate: 0.00, average extra time to goal: 42
2022-09-19 13:54:42, INFO: Loss in epoch 0 is 0.20330597087740898
2022-09-19 13:54:42, INFO: Loss in epoch 1 is 0.20256456080824137
2022-09-19 13:54:42, INFO: Loss in epoch 2 is 0.2029971475712955
2022-09-19 13:54:43, INFO: Loss in epoch 3 is 0.20238319248892367
2022-09-19 13:54:43, INFO: Loss in epoch 4 is 0.202691430458799
2022-09-19 13:54:43, INFO: Loss in epoch 5 is 0.20314378477633
2022-09-19 13:54:43, INFO: Loss in epoch 6 is 0.2029351145029068
2022-09-19 13:54:43, INFO: Loss in epoch 7 is 0.20311965141445398
2022-09-19 13:54:44, INFO: Loss in epoch 8 is 0.20301361032761633
2022-09-19 13:54:44, INFO: Loss in epoch 9 is 0.20280390908010304
2022-09-19 13:54:44, INFO: Loss in epoch 10 is 0.20297860354185104
2022-09-19 13:54:44, INFO: Loss in epoch 11 is 0.2027563345618546
2022-09-19 13:54:44, INFO: Loss in epoch 12 is 0.20264096464961767
2022-09-19 13:54:45, INFO: Loss in epoch 13 is 0.20244632614776492
2022-09-19 13:54:45, INFO: Loss in epoch 14 is 0.20227188197895885
2022-09-19 13:54:45, INFO: Loss in epoch 15 is 0.2029879295732826
2022-09-19 13:54:45, INFO: Loss in epoch 16 is 0.2021451718173921
2022-09-19 13:54:45, INFO: Loss in epoch 17 is 0.20277087483555079
2022-09-19 13:54:45, INFO: Loss in epoch 18 is 0.20229522371664643
2022-09-19 13:54:46, INFO: Loss in epoch 19 is 0.2022741911932826
2022-09-19 13:54:46, INFO: Loss in epoch 20 is 0.20260811084881425
2022-09-19 13:54:46, INFO: Loss in epoch 21 is 0.20170046016573906
2022-09-19 13:54:46, INFO: Loss in epoch 22 is 0.20311402645893395
2022-09-19 13:54:46, INFO: Loss in epoch 23 is 0.20414314372465014
2022-09-19 13:54:47, INFO: Loss in epoch 24 is 0.2026478284969926
2022-09-19 13:54:47, INFO: Loss in epoch 25 is 0.2024716306477785
2022-09-19 13:54:47, INFO: Loss in epoch 26 is 0.20193264540284872
2022-09-19 13:54:47, INFO: Loss in epoch 27 is 0.2024715938605368
2022-09-19 13:54:47, INFO: Loss in epoch 28 is 0.2022953974083066
2022-09-19 13:54:48, INFO: Loss in epoch 29 is 0.20253859646618366
2022-09-19 13:56:13, INFO: train in episode 18 has success rate: 0.70, failure rate: 0.00, average extra time to goal: 49
2022-09-19 13:56:13, INFO: Loss in epoch 0 is 0.19583018240518868
2022-09-19 13:56:13, INFO: Loss in epoch 1 is 0.19480322068557143
2022-09-19 13:56:13, INFO: Loss in epoch 2 is 0.19520520442165434
2022-09-19 13:56:13, INFO: Loss in epoch 3 is 0.1948560061864555
2022-09-19 13:56:13, INFO: Loss in epoch 4 is 0.19603913091123104
2022-09-19 13:56:14, INFO: Loss in epoch 5 is 0.19511891016736627
2022-09-19 13:56:14, INFO: Loss in epoch 6 is 0.19564535678364336
2022-09-19 13:56:14, INFO: Loss in epoch 7 is 0.19476094469428062
2022-09-19 13:56:14, INFO: Loss in epoch 8 is 0.19528359989635646
2022-09-19 13:56:14, INFO: Loss in epoch 9 is 0.19618022837676108
2022-09-19 13:56:15, INFO: Loss in epoch 10 is 0.19621324352920055
2022-09-19 13:56:15, INFO: Loss in epoch 11 is 0.1943225811701268
2022-09-19 13:56:15, INFO: Loss in epoch 12 is 0.19480489403940737
2022-09-19 13:56:15, INFO: Loss in epoch 13 is 0.1946655863430351
2022-09-19 13:56:15, INFO: Loss in epoch 14 is 0.19438541866838932
2022-09-19 13:56:16, INFO: Loss in epoch 15 is 0.19451936311088502
2022-09-19 13:56:16, INFO: Loss in epoch 16 is 0.19471108308061957
2022-09-19 13:56:16, INFO: Loss in epoch 17 is 0.19434301275759935
2022-09-19 13:56:16, INFO: Loss in epoch 18 is 0.19421867420896888
2022-09-19 13:56:16, INFO: Loss in epoch 19 is 0.19454731233417988
2022-09-19 13:56:17, INFO: Loss in epoch 20 is 0.19519768981263041
2022-09-19 13:56:17, INFO: Loss in epoch 21 is 0.1941116047091782
2022-09-19 13:56:17, INFO: Loss in epoch 22 is 0.1944746372755617
2022-09-19 13:56:17, INFO: Loss in epoch 23 is 0.19387928070500493
2022-09-19 13:56:17, INFO: Loss in epoch 24 is 0.19403459364548326
2022-09-19 13:56:17, INFO: Loss in epoch 25 is 0.19378224480897188
2022-09-19 13:56:18, INFO: Loss in epoch 26 is 0.19433229742571712
2022-09-19 13:56:18, INFO: Loss in epoch 27 is 0.19433367997407913
2022-09-19 13:56:18, INFO: Loss in epoch 28 is 0.19454016000963748
2022-09-19 13:56:18, INFO: Loss in epoch 29 is 0.19415079709142447
2022-09-19 13:57:53, INFO: train in episode 19 has success rate: 0.40, failure rate: 0.00, average extra time to goal: 66
2022-09-19 13:57:53, INFO: Loss in epoch 0 is 0.18701454135589302
2022-09-19 13:57:53, INFO: Loss in epoch 1 is 0.1865108646452427
2022-09-19 13:57:53, INFO: Loss in epoch 2 is 0.1862275351304561
2022-09-19 13:57:53, INFO: Loss in epoch 3 is 0.1869364103768021
2022-09-19 13:57:54, INFO: Loss in epoch 4 is 0.1867193328216672
2022-09-19 13:57:54, INFO: Loss in epoch 5 is 0.18683953350409865
2022-09-19 13:57:54, INFO: Loss in epoch 6 is 0.18637839844450355
2022-09-19 13:57:54, INFO: Loss in epoch 7 is 0.1868207894731313
2022-09-19 13:57:54, INFO: Loss in epoch 8 is 0.1875336600933224
2022-09-19 13:57:54, INFO: Loss in epoch 9 is 0.18775278935208917
2022-09-19 13:57:55, INFO: Loss in epoch 10 is 0.1863508194219321
2022-09-19 13:57:55, INFO: Loss in epoch 11 is 0.18636546470224857
2022-09-19 13:57:55, INFO: Loss in epoch 12 is 0.1863076703157276
2022-09-19 13:57:55, INFO: Loss in epoch 13 is 0.1860342372674495
2022-09-19 13:57:55, INFO: Loss in epoch 14 is 0.1862446111626923
2022-09-19 13:57:56, INFO: Loss in epoch 15 is 0.18616646458394825
2022-09-19 13:57:56, INFO: Loss in epoch 16 is 0.1856592984404415
2022-09-19 13:57:56, INFO: Loss in epoch 17 is 0.18616862292401493
2022-09-19 13:57:56, INFO: Loss in epoch 18 is 0.1857744713779539
2022-09-19 13:57:56, INFO: Loss in epoch 19 is 0.18714725878089666
2022-09-19 13:57:56, INFO: Loss in epoch 20 is 0.18557288753800094
2022-09-19 13:57:57, INFO: Loss in epoch 21 is 0.1857332915533334
2022-09-19 13:57:57, INFO: Loss in epoch 22 is 0.1859735178295523
2022-09-19 13:57:57, INFO: Loss in epoch 23 is 0.18553646001964808
2022-09-19 13:57:57, INFO: Loss in epoch 24 is 0.185603084275499
2022-09-19 13:57:57, INFO: Loss in epoch 25 is 0.18689776258543134
2022-09-19 13:57:58, INFO: Loss in epoch 26 is 0.18562985328026116
2022-09-19 13:57:58, INFO: Loss in epoch 27 is 0.1859066286124289
2022-09-19 13:57:58, INFO: Loss in epoch 28 is 0.18600179511122406
2022-09-19 13:57:58, INFO: Loss in epoch 29 is 0.18548765848390758
