2022-09-19 13:25:57, INFO: Using device: cuda:0
2022-09-19 13:33:42, INFO: Total number of state_value pairs: 40000
2022-09-19 13:33:43, INFO: Loss in epoch 0: 2.33
2022-09-19 13:33:43, INFO: Loss in epoch 1: 0.43
2022-09-19 13:33:43, INFO: Loss in epoch 2: 0.30
2022-09-19 13:33:43, INFO: Loss in epoch 3: 0.26
2022-09-19 13:33:44, INFO: Loss in epoch 4: 0.25
2022-09-19 13:33:44, INFO: Loss in epoch 5: 0.24
2022-09-19 13:33:44, INFO: Loss in epoch 6: 0.23
2022-09-19 13:33:44, INFO: Loss in epoch 7: 0.23
2022-09-19 13:33:44, INFO: Loss in epoch 8: 0.22
2022-09-19 13:33:45, INFO: Loss in epoch 9: 0.22
2022-09-19 13:33:45, INFO: Loss in epoch 10: 0.22
2022-09-19 13:33:45, INFO: Loss in epoch 11: 0.21
2022-09-19 13:33:45, INFO: Loss in epoch 12: 0.21
2022-09-19 13:33:45, INFO: Loss in epoch 13: 0.21
2022-09-19 13:33:46, INFO: Loss in epoch 14: 0.21
2022-09-19 13:33:46, INFO: Loss in epoch 15: 0.21
2022-09-19 13:33:46, INFO: Loss in epoch 16: 0.20
2022-09-19 13:33:46, INFO: Loss in epoch 17: 0.20
2022-09-19 13:33:46, INFO: Loss in epoch 18: 0.20
2022-09-19 13:33:47, INFO: Loss in epoch 19: 0.20
2022-09-19 13:33:47, INFO: Loss in epoch 20: 0.20
2022-09-19 13:33:47, INFO: Loss in epoch 21: 0.19
2022-09-19 13:33:47, INFO: Loss in epoch 22: 0.19
2022-09-19 13:33:47, INFO: Loss in epoch 23: 0.19
2022-09-19 13:33:48, INFO: Loss in epoch 24: 0.19
2022-09-19 13:33:48, INFO: Loss in epoch 25: 0.19
2022-09-19 13:33:48, INFO: Loss in epoch 26: 0.19
2022-09-19 13:33:48, INFO: Loss in epoch 27: 0.19
2022-09-19 13:33:48, INFO: Loss in epoch 28: 0.19
2022-09-19 13:33:49, INFO: Loss in epoch 29: 0.18
2022-09-19 13:33:49, INFO: Loss in epoch 30: 0.18
2022-09-19 13:33:49, INFO: Loss in epoch 31: 0.18
2022-09-19 13:33:49, INFO: Loss in epoch 32: 0.18
2022-09-19 13:33:49, INFO: Loss in epoch 33: 0.18
2022-09-19 13:33:50, INFO: Loss in epoch 34: 0.18
2022-09-19 13:33:50, INFO: Loss in epoch 35: 0.18
2022-09-19 13:33:50, INFO: Loss in epoch 36: 0.18
2022-09-19 13:33:50, INFO: Loss in epoch 37: 0.18
2022-09-19 13:33:50, INFO: Loss in epoch 38: 0.18
2022-09-19 13:33:51, INFO: Loss in epoch 39: 0.17
2022-09-19 13:33:51, INFO: Loss in epoch 40: 0.17
2022-09-19 13:33:51, INFO: Loss in epoch 41: 0.17
2022-09-19 13:33:51, INFO: Loss in epoch 42: 0.17
2022-09-19 13:33:51, INFO: Loss in epoch 43: 0.17
2022-09-19 13:33:52, INFO: Loss in epoch 44: 0.17
2022-09-19 13:33:52, INFO: Loss in epoch 45: 0.17
2022-09-19 13:33:52, INFO: Loss in epoch 46: 0.17
2022-09-19 13:33:52, INFO: Loss in epoch 47: 0.17
2022-09-19 13:33:53, INFO: Loss in epoch 48: 0.17
2022-09-19 13:33:53, INFO: Loss in epoch 49: 0.17
2022-09-19 13:33:53, INFO: Loss in epoch 50: 0.17
2022-09-19 13:33:53, INFO: Loss in epoch 51: 0.17
2022-09-19 13:33:53, INFO: Loss in epoch 52: 0.17
2022-09-19 13:33:54, INFO: Loss in epoch 53: 0.17
2022-09-19 13:33:54, INFO: Loss in epoch 54: 0.16
2022-09-19 13:33:54, INFO: Loss in epoch 55: 0.16
2022-09-19 13:33:54, INFO: Loss in epoch 56: 0.16
2022-09-19 13:33:55, INFO: Loss in epoch 57: 0.16
2022-09-19 13:33:55, INFO: Loss in epoch 58: 0.16
2022-09-19 13:33:55, INFO: Loss in epoch 59: 0.16
2022-09-19 13:33:55, INFO: Loss in epoch 60: 0.16
2022-09-19 13:33:55, INFO: Loss in epoch 61: 0.16
2022-09-19 13:33:56, INFO: Loss in epoch 62: 0.16
2022-09-19 13:33:56, INFO: Loss in epoch 63: 0.16
2022-09-19 13:33:56, INFO: Loss in epoch 64: 0.16
2022-09-19 13:33:56, INFO: Loss in epoch 65: 0.16
2022-09-19 13:33:57, INFO: Loss in epoch 66: 0.16
2022-09-19 13:33:57, INFO: Loss in epoch 67: 0.16
2022-09-19 13:33:57, INFO: Loss in epoch 68: 0.16
2022-09-19 13:33:57, INFO: Loss in epoch 69: 0.16
2022-09-19 13:33:58, INFO: Loss in epoch 70: 0.16
2022-09-19 13:33:58, INFO: Loss in epoch 71: 0.16
2022-09-19 13:33:58, INFO: Loss in epoch 72: 0.16
2022-09-19 13:33:58, INFO: Loss in epoch 73: 0.16
2022-09-19 13:33:58, INFO: Loss in epoch 74: 0.16
2022-09-19 13:33:59, INFO: Loss in epoch 75: 0.16
2022-09-19 13:33:59, INFO: Loss in epoch 76: 0.16
2022-09-19 13:33:59, INFO: Loss in epoch 77: 0.16
2022-09-19 13:33:59, INFO: Loss in epoch 78: 0.16
2022-09-19 13:34:00, INFO: Loss in epoch 79: 0.16
2022-09-19 13:34:00, INFO: Loss in epoch 80: 0.16
2022-09-19 13:34:00, INFO: Loss in epoch 81: 0.16
2022-09-19 13:34:00, INFO: Loss in epoch 82: 0.16
2022-09-19 13:34:01, INFO: Loss in epoch 83: 0.15
2022-09-19 13:34:01, INFO: Loss in epoch 84: 0.15
2022-09-19 13:34:01, INFO: Loss in epoch 85: 0.15
2022-09-19 13:34:01, INFO: Loss in epoch 86: 0.15
2022-09-19 13:34:02, INFO: Loss in epoch 87: 0.15
2022-09-19 13:34:02, INFO: Loss in epoch 88: 0.15
2022-09-19 13:34:02, INFO: Loss in epoch 89: 0.15
2022-09-19 13:34:03, INFO: Loss in epoch 90: 0.15
2022-09-19 13:34:03, INFO: Loss in epoch 91: 0.15
2022-09-19 13:34:03, INFO: Loss in epoch 92: 0.15
2022-09-19 13:34:03, INFO: Loss in epoch 93: 0.15
2022-09-19 13:34:04, INFO: Loss in epoch 94: 0.15
2022-09-19 13:34:04, INFO: Loss in epoch 95: 0.15
2022-09-19 13:34:04, INFO: Loss in epoch 96: 0.15
2022-09-19 13:34:05, INFO: Loss in epoch 97: 0.15
2022-09-19 13:34:05, INFO: Loss in epoch 98: 0.15
2022-09-19 13:34:05, INFO: Loss in epoch 99: 0.15
2022-09-19 13:34:06, INFO: Loss in epoch 100: 0.15
2022-09-19 13:34:06, INFO: Loss in epoch 101: 0.15
2022-09-19 13:34:06, INFO: Loss in epoch 102: 0.15
2022-09-19 13:34:06, INFO: Loss in epoch 103: 0.15
2022-09-19 13:34:07, INFO: Loss in epoch 104: 0.15
2022-09-19 13:34:07, INFO: Loss in epoch 105: 0.15
2022-09-19 13:34:07, INFO: Loss in epoch 106: 0.15
2022-09-19 13:34:07, INFO: Loss in epoch 107: 0.15
2022-09-19 13:34:08, INFO: Loss in epoch 108: 0.15
2022-09-19 13:34:08, INFO: Loss in epoch 109: 0.15
2022-09-19 13:34:08, INFO: Loss in epoch 110: 0.15
2022-09-19 13:34:08, INFO: Loss in epoch 111: 0.15
2022-09-19 13:34:09, INFO: Loss in epoch 112: 0.15
2022-09-19 13:34:09, INFO: Loss in epoch 113: 0.15
2022-09-19 13:34:09, INFO: Loss in epoch 114: 0.15
2022-09-19 13:34:10, INFO: Loss in epoch 115: 0.15
2022-09-19 13:34:10, INFO: Loss in epoch 116: 0.15
2022-09-19 13:34:10, INFO: Loss in epoch 117: 0.15
2022-09-19 13:34:10, INFO: Loss in epoch 118: 0.15
2022-09-19 13:34:11, INFO: Loss in epoch 119: 0.15
2022-09-19 13:34:11, INFO: Loss in epoch 120: 0.15
2022-09-19 13:34:11, INFO: Loss in epoch 121: 0.15
2022-09-19 13:34:12, INFO: Loss in epoch 122: 0.15
2022-09-19 13:34:12, INFO: Loss in epoch 123: 0.15
2022-09-19 13:34:12, INFO: Loss in epoch 124: 0.15
2022-09-19 13:34:12, INFO: Loss in epoch 125: 0.15
2022-09-19 13:34:13, INFO: Loss in epoch 126: 0.15
2022-09-19 13:34:13, INFO: Loss in epoch 127: 0.15
2022-09-19 13:34:13, INFO: Loss in epoch 128: 0.15
2022-09-19 13:34:13, INFO: Loss in epoch 129: 0.15
2022-09-19 13:34:14, INFO: Loss in epoch 130: 0.15
2022-09-19 13:34:14, INFO: Loss in epoch 131: 0.15
2022-09-19 13:34:14, INFO: Loss in epoch 132: 0.15
2022-09-19 13:34:14, INFO: Loss in epoch 133: 0.15
2022-09-19 13:34:15, INFO: Loss in epoch 134: 0.15
2022-09-19 13:34:15, INFO: Loss in epoch 135: 0.15
2022-09-19 13:34:15, INFO: Loss in epoch 136: 0.15
2022-09-19 13:34:15, INFO: Loss in epoch 137: 0.15
2022-09-19 13:34:16, INFO: Loss in epoch 138: 0.15
2022-09-19 13:34:16, INFO: Loss in epoch 139: 0.15
2022-09-19 13:34:16, INFO: Loss in epoch 140: 0.15
2022-09-19 13:34:17, INFO: Loss in epoch 141: 0.15
2022-09-19 13:34:17, INFO: Loss in epoch 142: 0.15
2022-09-19 13:34:17, INFO: Loss in epoch 143: 0.15
2022-09-19 13:34:17, INFO: Loss in epoch 144: 0.15
2022-09-19 13:34:18, INFO: Loss in epoch 145: 0.15
2022-09-19 13:34:18, INFO: Loss in epoch 146: 0.15
2022-09-19 13:34:18, INFO: Loss in epoch 147: 0.14
2022-09-19 13:34:18, INFO: Loss in epoch 148: 0.14
2022-09-19 13:34:19, INFO: Loss in epoch 149: 0.14
2022-09-19 13:34:19, INFO: Loss in epoch 150: 0.14
2022-09-19 13:34:19, INFO: Loss in epoch 151: 0.14
2022-09-19 13:34:19, INFO: Loss in epoch 152: 0.14
2022-09-19 13:34:20, INFO: Loss in epoch 153: 0.14
2022-09-19 13:34:20, INFO: Loss in epoch 154: 0.14
2022-09-19 13:34:20, INFO: Loss in epoch 155: 0.14
2022-09-19 13:34:20, INFO: Loss in epoch 156: 0.14
2022-09-19 13:34:21, INFO: Loss in epoch 157: 0.14
2022-09-19 13:34:21, INFO: Loss in epoch 158: 0.14
2022-09-19 13:34:21, INFO: Loss in epoch 159: 0.14
2022-09-19 13:34:21, INFO: Loss in epoch 160: 0.14
2022-09-19 13:34:22, INFO: Loss in epoch 161: 0.14
2022-09-19 13:34:22, INFO: Loss in epoch 162: 0.14
2022-09-19 13:34:22, INFO: Loss in epoch 163: 0.14
2022-09-19 13:34:22, INFO: Loss in epoch 164: 0.14
2022-09-19 13:34:23, INFO: Loss in epoch 165: 0.14
2022-09-19 13:34:23, INFO: Loss in epoch 166: 0.14
2022-09-19 13:34:23, INFO: Loss in epoch 167: 0.14
2022-09-19 13:34:23, INFO: Loss in epoch 168: 0.14
2022-09-19 13:34:24, INFO: Loss in epoch 169: 0.14
2022-09-19 13:34:24, INFO: Loss in epoch 170: 0.14
2022-09-19 13:34:24, INFO: Loss in epoch 171: 0.14
2022-09-19 13:34:24, INFO: Loss in epoch 172: 0.14
2022-09-19 13:34:25, INFO: Loss in epoch 173: 0.14
2022-09-19 13:34:25, INFO: Loss in epoch 174: 0.14
2022-09-19 13:34:25, INFO: Loss in epoch 175: 0.14
2022-09-19 13:34:25, INFO: Loss in epoch 176: 0.14
2022-09-19 13:34:26, INFO: Loss in epoch 177: 0.14
2022-09-19 13:34:26, INFO: Loss in epoch 178: 0.14
2022-09-19 13:34:26, INFO: Loss in epoch 179: 0.14
2022-09-19 13:34:26, INFO: Loss in epoch 180: 0.14
2022-09-19 13:34:26, INFO: Loss in epoch 181: 0.14
2022-09-19 13:34:27, INFO: Loss in epoch 182: 0.14
2022-09-19 13:34:27, INFO: Loss in epoch 183: 0.14
2022-09-19 13:34:27, INFO: Loss in epoch 184: 0.14
2022-09-19 13:34:27, INFO: Loss in epoch 185: 0.14
2022-09-19 13:34:27, INFO: Loss in epoch 186: 0.14
2022-09-19 13:34:28, INFO: Loss in epoch 187: 0.14
2022-09-19 13:34:28, INFO: Loss in epoch 188: 0.14
2022-09-19 13:34:28, INFO: Loss in epoch 189: 0.14
2022-09-19 13:34:28, INFO: Loss in epoch 190: 0.14
2022-09-19 13:34:29, INFO: Loss in epoch 191: 0.14
2022-09-19 13:34:29, INFO: Loss in epoch 192: 0.14
2022-09-19 13:34:29, INFO: Loss in epoch 193: 0.14
2022-09-19 13:34:29, INFO: Loss in epoch 194: 0.14
2022-09-19 13:34:30, INFO: Loss in epoch 195: 0.14
2022-09-19 13:34:30, INFO: Loss in epoch 196: 0.14
2022-09-19 13:34:30, INFO: Loss in epoch 197: 0.14
2022-09-19 13:34:30, INFO: Loss in epoch 198: 0.14
2022-09-19 13:34:30, INFO: Loss in epoch 199: 0.14
2022-09-19 13:34:31, INFO: Loss in epoch 200: 0.14
2022-09-19 13:34:31, INFO: Loss in epoch 201: 0.14
2022-09-19 13:34:31, INFO: Loss in epoch 202: 0.14
2022-09-19 13:34:31, INFO: Loss in epoch 203: 0.14
2022-09-19 13:34:31, INFO: Loss in epoch 204: 0.14
2022-09-19 13:34:32, INFO: Loss in epoch 205: 0.14
2022-09-19 13:34:32, INFO: Loss in epoch 206: 0.14
2022-09-19 13:34:32, INFO: Loss in epoch 207: 0.14
2022-09-19 13:34:32, INFO: Loss in epoch 208: 0.14
2022-09-19 13:34:32, INFO: Loss in epoch 209: 0.14
2022-09-19 13:34:33, INFO: Loss in epoch 210: 0.14
2022-09-19 13:34:33, INFO: Loss in epoch 211: 0.14
2022-09-19 13:34:33, INFO: Loss in epoch 212: 0.14
2022-09-19 13:34:33, INFO: Loss in epoch 213: 0.14
2022-09-19 13:34:33, INFO: Loss in epoch 214: 0.14
2022-09-19 13:34:33, INFO: Loss in epoch 215: 0.14
2022-09-19 13:34:34, INFO: Loss in epoch 216: 0.14
2022-09-19 13:34:34, INFO: Loss in epoch 217: 0.14
2022-09-19 13:34:34, INFO: Loss in epoch 218: 0.14
2022-09-19 13:34:34, INFO: Loss in epoch 219: 0.14
2022-09-19 13:34:34, INFO: Loss in epoch 220: 0.14
2022-09-19 13:34:35, INFO: Loss in epoch 221: 0.14
2022-09-19 13:34:35, INFO: Loss in epoch 222: 0.14
2022-09-19 13:34:35, INFO: Loss in epoch 223: 0.14
2022-09-19 13:34:35, INFO: Loss in epoch 224: 0.14
2022-09-19 13:34:35, INFO: Loss in epoch 225: 0.14
2022-09-19 13:34:36, INFO: Loss in epoch 226: 0.14
2022-09-19 13:34:36, INFO: Loss in epoch 227: 0.14
2022-09-19 13:34:36, INFO: Loss in epoch 228: 0.14
2022-09-19 13:34:36, INFO: Loss in epoch 229: 0.14
2022-09-19 13:34:36, INFO: Loss in epoch 230: 0.14
2022-09-19 13:34:36, INFO: Loss in epoch 231: 0.14
2022-09-19 13:34:37, INFO: Loss in epoch 232: 0.14
2022-09-19 13:34:37, INFO: Loss in epoch 233: 0.14
2022-09-19 13:34:37, INFO: Loss in epoch 234: 0.14
2022-09-19 13:34:37, INFO: Loss in epoch 235: 0.14
2022-09-19 13:34:37, INFO: Loss in epoch 236: 0.14
2022-09-19 13:34:38, INFO: Loss in epoch 237: 0.14
2022-09-19 13:34:38, INFO: Loss in epoch 238: 0.14
2022-09-19 13:34:38, INFO: Loss in epoch 239: 0.14
2022-09-19 13:34:38, INFO: Loss in epoch 240: 0.14
2022-09-19 13:34:38, INFO: Loss in epoch 241: 0.14
2022-09-19 13:34:38, INFO: Loss in epoch 242: 0.14
2022-09-19 13:34:39, INFO: Loss in epoch 243: 0.14
2022-09-19 13:34:39, INFO: Loss in epoch 244: 0.14
2022-09-19 13:34:39, INFO: Loss in epoch 245: 0.14
2022-09-19 13:34:39, INFO: Loss in epoch 246: 0.14
2022-09-19 13:34:39, INFO: Loss in epoch 247: 0.14
2022-09-19 13:34:40, INFO: Loss in epoch 248: 0.14
2022-09-19 13:34:40, INFO: Loss in epoch 249: 0.14
2022-09-19 13:34:40, INFO: Finish initializing model. Model saved
2022-09-19 13:36:58, INFO: test in episode 0 has success rate: 0.01, failure rate: 0.99, average extra time to goal: 9
2022-09-19 13:37:08, INFO: train in episode 0 has success rate: 0.10, failure rate: 0.90, average extra time to goal: 14
2022-09-19 13:37:08, INFO: Loss in epoch 0 is 0.14676339621655643
2022-09-19 13:37:08, INFO: Loss in epoch 1 is 0.14672891260124743
2022-09-19 13:37:09, INFO: Loss in epoch 2 is 0.1467669252306223
2022-09-19 13:37:09, INFO: Loss in epoch 3 is 0.14650900452397764
2022-09-19 13:37:09, INFO: Loss in epoch 4 is 0.14646666566841304
2022-09-19 13:37:09, INFO: Loss in epoch 5 is 0.14640423585660756
2022-09-19 13:37:09, INFO: Loss in epoch 6 is 0.14614853635430336
2022-09-19 13:37:10, INFO: Loss in epoch 7 is 0.14605458080768585
2022-09-19 13:37:10, INFO: Loss in epoch 8 is 0.14597938326187432
2022-09-19 13:37:10, INFO: Loss in epoch 9 is 0.14589698403142393
2022-09-19 13:37:10, INFO: Loss in epoch 10 is 0.14582374994643033
2022-09-19 13:37:10, INFO: Loss in epoch 11 is 0.145667270058766
2022-09-19 13:37:11, INFO: Loss in epoch 12 is 0.1458320755045861
2022-09-19 13:37:11, INFO: Loss in epoch 13 is 0.14566502231173217
2022-09-19 13:37:11, INFO: Loss in epoch 14 is 0.14554955111816525
2022-09-19 13:37:11, INFO: Loss in epoch 15 is 0.14529709448106587
2022-09-19 13:37:11, INFO: Loss in epoch 16 is 0.1451978364493698
2022-09-19 13:37:12, INFO: Loss in epoch 17 is 0.14507948118261993
2022-09-19 13:37:12, INFO: Loss in epoch 18 is 0.14503311039879918
2022-09-19 13:37:12, INFO: Loss in epoch 19 is 0.14500803803093731
2022-09-19 13:37:12, INFO: Loss in epoch 20 is 0.14496992668136954
2022-09-19 13:37:12, INFO: Loss in epoch 21 is 0.14512719842605293
2022-09-19 13:37:13, INFO: Loss in epoch 22 is 0.1448383026290685
2022-09-19 13:37:13, INFO: Loss in epoch 23 is 0.14463570597581565
2022-09-19 13:37:13, INFO: Loss in epoch 24 is 0.1444728549104184
2022-09-19 13:37:13, INFO: Loss in epoch 25 is 0.14446150860749185
2022-09-19 13:37:13, INFO: Loss in epoch 26 is 0.14437822392210364
2022-09-19 13:37:14, INFO: Loss in epoch 27 is 0.14421873888932168
2022-09-19 13:37:14, INFO: Loss in epoch 28 is 0.14415082172490656
2022-09-19 13:37:14, INFO: Loss in epoch 29 is 0.1442904882133007
2022-09-19 13:37:25, INFO: train in episode 1 has success rate: 0.10, failure rate: 0.90, average extra time to goal: 14
2022-09-19 13:37:25, INFO: Loss in epoch 0 is 0.15215524286031723
2022-09-19 13:37:25, INFO: Loss in epoch 1 is 0.15189319918863475
2022-09-19 13:37:25, INFO: Loss in epoch 2 is 0.1517052634153515
2022-09-19 13:37:25, INFO: Loss in epoch 3 is 0.15164583642035723
2022-09-19 13:37:26, INFO: Loss in epoch 4 is 0.1514598943758756
2022-09-19 13:37:26, INFO: Loss in epoch 5 is 0.1513241606298834
2022-09-19 13:37:26, INFO: Loss in epoch 6 is 0.1513582170009613
2022-09-19 13:37:26, INFO: Loss in epoch 7 is 0.15116453892551363
2022-09-19 13:37:26, INFO: Loss in epoch 8 is 0.15110370586626232
2022-09-19 13:37:26, INFO: Loss in epoch 9 is 0.15095516038127244
2022-09-19 13:37:27, INFO: Loss in epoch 10 is 0.15094060637056828
2022-09-19 13:37:27, INFO: Loss in epoch 11 is 0.15068199927918613
2022-09-19 13:37:27, INFO: Loss in epoch 12 is 0.15049908100627363
2022-09-19 13:37:27, INFO: Loss in epoch 13 is 0.15042657521553338
2022-09-19 13:37:27, INFO: Loss in epoch 14 is 0.15051440824754536
2022-09-19 13:37:28, INFO: Loss in epoch 15 is 0.1503627565689385
2022-09-19 13:37:28, INFO: Loss in epoch 16 is 0.15046101273037493
2022-09-19 13:37:28, INFO: Loss in epoch 17 is 0.15022772480733693
2022-09-19 13:37:28, INFO: Loss in epoch 18 is 0.14994988846592605
2022-09-19 13:37:28, INFO: Loss in epoch 19 is 0.15015644347295165
2022-09-19 13:37:29, INFO: Loss in epoch 20 is 0.14983934676274657
2022-09-19 13:37:29, INFO: Loss in epoch 21 is 0.14972960646264255
2022-09-19 13:37:29, INFO: Loss in epoch 22 is 0.14969279849901795
2022-09-19 13:37:29, INFO: Loss in epoch 23 is 0.1495803447905928
2022-09-19 13:37:29, INFO: Loss in epoch 24 is 0.14959948416799307
2022-09-19 13:37:29, INFO: Loss in epoch 25 is 0.14960272260941565
2022-09-19 13:37:30, INFO: Loss in epoch 26 is 0.14954441669397056
2022-09-19 13:37:30, INFO: Loss in epoch 27 is 0.1493955603800714
2022-09-19 13:37:30, INFO: Loss in epoch 28 is 0.14939348329789937
2022-09-19 13:37:31, INFO: Loss in epoch 29 is 0.14915829547680914
2022-09-19 13:37:42, INFO: train in episode 2 has success rate: 0.10, failure rate: 0.90, average extra time to goal: 18
2022-09-19 13:37:42, INFO: Loss in epoch 0 is 0.15202722628600895
2022-09-19 13:37:43, INFO: Loss in epoch 1 is 0.15221188007853925
2022-09-19 13:37:43, INFO: Loss in epoch 2 is 0.15184200601652265
2022-09-19 13:37:43, INFO: Loss in epoch 3 is 0.15184257528744638
2022-09-19 13:37:43, INFO: Loss in epoch 4 is 0.15158963180147111
2022-09-19 13:37:43, INFO: Loss in epoch 5 is 0.15156074380502105
2022-09-19 13:37:44, INFO: Loss in epoch 6 is 0.1515995734371245
2022-09-19 13:37:44, INFO: Loss in epoch 7 is 0.15187418134883046
2022-09-19 13:37:44, INFO: Loss in epoch 8 is 0.1515083636622876
2022-09-19 13:37:44, INFO: Loss in epoch 9 is 0.15128591610118747
2022-09-19 13:37:44, INFO: Loss in epoch 10 is 0.15135691734030843
2022-09-19 13:37:45, INFO: Loss in epoch 11 is 0.15110991732217371
2022-09-19 13:37:45, INFO: Loss in epoch 12 is 0.15118427434936166
2022-09-19 13:37:45, INFO: Loss in epoch 13 is 0.15127201634459198
2022-09-19 13:37:45, INFO: Loss in epoch 14 is 0.15110515733249485
2022-09-19 13:37:45, INFO: Loss in epoch 15 is 0.15091467695310712
2022-09-19 13:37:46, INFO: Loss in epoch 16 is 0.15085464785806835
2022-09-19 13:37:46, INFO: Loss in epoch 17 is 0.15088646952062845
2022-09-19 13:37:46, INFO: Loss in epoch 18 is 0.15068662515841424
2022-09-19 13:37:46, INFO: Loss in epoch 19 is 0.1506325537338853
2022-09-19 13:37:46, INFO: Loss in epoch 20 is 0.15060573909431696
2022-09-19 13:37:47, INFO: Loss in epoch 21 is 0.150503134354949
2022-09-19 13:37:47, INFO: Loss in epoch 22 is 0.15055614267475903
2022-09-19 13:37:47, INFO: Loss in epoch 23 is 0.15064154798164964
2022-09-19 13:37:47, INFO: Loss in epoch 24 is 0.15033211326226592
2022-09-19 13:37:47, INFO: Loss in epoch 25 is 0.15055509842932224
2022-09-19 13:37:48, INFO: Loss in epoch 26 is 0.1501994568388909
2022-09-19 13:37:48, INFO: Loss in epoch 27 is 0.15011813933961093
2022-09-19 13:37:48, INFO: Loss in epoch 28 is 0.15023939311504364
2022-09-19 13:37:48, INFO: Loss in epoch 29 is 0.15020575188100338
2022-09-19 13:38:11, INFO: train in episode 3 has success rate: 0.60, failure rate: 0.40, average extra time to goal: 14
2022-09-19 13:38:12, INFO: Loss in epoch 0 is 0.15766477352008224
2022-09-19 13:38:12, INFO: Loss in epoch 1 is 0.1576416704338044
2022-09-19 13:38:12, INFO: Loss in epoch 2 is 0.1574139641597867
2022-09-19 13:38:12, INFO: Loss in epoch 3 is 0.15753690898418427
2022-09-19 13:38:12, INFO: Loss in epoch 4 is 0.15722713503055274
2022-09-19 13:38:13, INFO: Loss in epoch 5 is 0.15719466982409358
2022-09-19 13:38:13, INFO: Loss in epoch 6 is 0.15737953083589673
2022-09-19 13:38:13, INFO: Loss in epoch 7 is 0.15709246043115854
2022-09-19 13:38:13, INFO: Loss in epoch 8 is 0.15722915320657194
2022-09-19 13:38:13, INFO: Loss in epoch 9 is 0.15721874684095383
2022-09-19 13:38:14, INFO: Loss in epoch 10 is 0.15686862077564
2022-09-19 13:38:14, INFO: Loss in epoch 11 is 0.15680426522158086
2022-09-19 13:38:14, INFO: Loss in epoch 12 is 0.15669712773524225
2022-09-19 13:38:14, INFO: Loss in epoch 13 is 0.15662165265530348
2022-09-19 13:38:15, INFO: Loss in epoch 14 is 0.15662149828858674
2022-09-19 13:38:15, INFO: Loss in epoch 15 is 0.15637697954662144
2022-09-19 13:38:15, INFO: Loss in epoch 16 is 0.15648862114176154
2022-09-19 13:38:15, INFO: Loss in epoch 17 is 0.15657967748120427
2022-09-19 13:38:15, INFO: Loss in epoch 18 is 0.1562887765467167
2022-09-19 13:38:16, INFO: Loss in epoch 19 is 0.15622807247564197
2022-09-19 13:38:16, INFO: Loss in epoch 20 is 0.15620106109417975
2022-09-19 13:38:16, INFO: Loss in epoch 21 is 0.15596314379945397
2022-09-19 13:38:16, INFO: Loss in epoch 22 is 0.1560958046466112
2022-09-19 13:38:16, INFO: Loss in epoch 23 is 0.1559261279180646
2022-09-19 13:38:17, INFO: Loss in epoch 24 is 0.155998304951936
2022-09-19 13:38:17, INFO: Loss in epoch 25 is 0.1560287221800536
2022-09-19 13:38:17, INFO: Loss in epoch 26 is 0.1557222930714488
2022-09-19 13:38:17, INFO: Loss in epoch 27 is 0.15655012778006494
2022-09-19 13:38:17, INFO: Loss in epoch 28 is 0.15667542116716504
2022-09-19 13:38:18, INFO: Loss in epoch 29 is 0.1556082081515342
2022-09-19 13:38:46, INFO: train in episode 4 has success rate: 0.30, failure rate: 0.70, average extra time to goal: 40
2022-09-19 13:38:46, INFO: Loss in epoch 0 is 0.16007901704870164
2022-09-19 13:38:46, INFO: Loss in epoch 1 is 0.15980247780680656
2022-09-19 13:38:47, INFO: Loss in epoch 2 is 0.15952561935409904
2022-09-19 13:38:47, INFO: Loss in epoch 3 is 0.1594418326858431
2022-09-19 13:38:47, INFO: Loss in epoch 4 is 0.15933152148500085
2022-09-19 13:38:47, INFO: Loss in epoch 5 is 0.1593484275508672
2022-09-19 13:38:47, INFO: Loss in epoch 6 is 0.15924828662537038
2022-09-19 13:38:48, INFO: Loss in epoch 7 is 0.1589764435775578
2022-09-19 13:38:48, INFO: Loss in epoch 8 is 0.15870691859163344
2022-09-19 13:38:48, INFO: Loss in epoch 9 is 0.15901993005536497
2022-09-19 13:38:48, INFO: Loss in epoch 10 is 0.15871079149655998
2022-09-19 13:38:48, INFO: Loss in epoch 11 is 0.1586777805350721
2022-09-19 13:38:48, INFO: Loss in epoch 12 is 0.15849905973300338
2022-09-19 13:38:49, INFO: Loss in epoch 13 is 0.1583890486508608
2022-09-19 13:38:49, INFO: Loss in epoch 14 is 0.15860343468375504
2022-09-19 13:38:49, INFO: Loss in epoch 15 is 0.1584017805289477
2022-09-19 13:38:49, INFO: Loss in epoch 16 is 0.1582922285888344
2022-09-19 13:38:49, INFO: Loss in epoch 17 is 0.1580108180642128
2022-09-19 13:38:50, INFO: Loss in epoch 18 is 0.15806936542503536
2022-09-19 13:38:50, INFO: Loss in epoch 19 is 0.1579716606065631
2022-09-19 13:38:50, INFO: Loss in epoch 20 is 0.15788692678324878
2022-09-19 13:38:50, INFO: Loss in epoch 21 is 0.15799164003692567
2022-09-19 13:38:50, INFO: Loss in epoch 22 is 0.15769898938015103
2022-09-19 13:38:51, INFO: Loss in epoch 23 is 0.15788847277872264
2022-09-19 13:38:51, INFO: Loss in epoch 24 is 0.15775817749090493
2022-09-19 13:38:51, INFO: Loss in epoch 25 is 0.1577261860948056
2022-09-19 13:38:51, INFO: Loss in epoch 26 is 0.15758494939655066
2022-09-19 13:38:51, INFO: Loss in epoch 27 is 0.15747496532276273
2022-09-19 13:38:51, INFO: Loss in epoch 28 is 0.15754157351329923
2022-09-19 13:38:52, INFO: Loss in epoch 29 is 0.15728915738873184
2022-09-19 13:39:30, INFO: train in episode 5 has success rate: 0.20, failure rate: 0.50, average extra time to goal: 12
2022-09-19 13:39:30, INFO: Loss in epoch 0 is 0.16248611151240766
2022-09-19 13:39:31, INFO: Loss in epoch 1 is 0.16164536215364933
2022-09-19 13:39:31, INFO: Loss in epoch 2 is 0.16133667645044625
2022-09-19 13:39:31, INFO: Loss in epoch 3 is 0.1614108644425869
2022-09-19 13:39:31, INFO: Loss in epoch 4 is 0.16116557084023952
2022-09-19 13:39:31, INFO: Loss in epoch 5 is 0.16078230156563222
2022-09-19 13:39:32, INFO: Loss in epoch 6 is 0.16061550891026855
2022-09-19 13:39:32, INFO: Loss in epoch 7 is 0.16069068294018507
2022-09-19 13:39:32, INFO: Loss in epoch 8 is 0.1605609965045005
2022-09-19 13:39:32, INFO: Loss in epoch 9 is 0.16052722046151757
2022-09-19 13:39:32, INFO: Loss in epoch 10 is 0.16023767064325511
2022-09-19 13:39:33, INFO: Loss in epoch 11 is 0.160346511984244
2022-09-19 13:39:33, INFO: Loss in epoch 12 is 0.16043812432326376
2022-09-19 13:39:33, INFO: Loss in epoch 13 is 0.16018620459362864
2022-09-19 13:39:33, INFO: Loss in epoch 14 is 0.15982832480221987
2022-09-19 13:39:33, INFO: Loss in epoch 15 is 0.15990078635513783
2022-09-19 13:39:34, INFO: Loss in epoch 16 is 0.15985632268711925
2022-09-19 13:39:34, INFO: Loss in epoch 17 is 0.15974761825054884
2022-09-19 13:39:34, INFO: Loss in epoch 18 is 0.1595191266387701
2022-09-19 13:39:34, INFO: Loss in epoch 19 is 0.15950979362241924
2022-09-19 13:39:35, INFO: Loss in epoch 20 is 0.16015490726567805
2022-09-19 13:39:35, INFO: Loss in epoch 21 is 0.15954031725414097
2022-09-19 13:39:35, INFO: Loss in epoch 22 is 0.15951311122626066
2022-09-19 13:39:35, INFO: Loss in epoch 23 is 0.15926737361587584
2022-09-19 13:39:36, INFO: Loss in epoch 24 is 0.15966446953825653
2022-09-19 13:39:36, INFO: Loss in epoch 25 is 0.15952624566853046
2022-09-19 13:39:36, INFO: Loss in epoch 26 is 0.15927496715448797
2022-09-19 13:39:36, INFO: Loss in epoch 27 is 0.15891403681598604
2022-09-19 13:39:37, INFO: Loss in epoch 28 is 0.15897746034897864
2022-09-19 13:39:37, INFO: Loss in epoch 29 is 0.1588597719091922
2022-09-19 13:40:03, INFO: train in episode 6 has success rate: 0.20, failure rate: 0.80, average extra time to goal: 42
2022-09-19 13:40:03, INFO: Loss in epoch 0 is 0.16484741447493434
2022-09-19 13:40:03, INFO: Loss in epoch 1 is 0.16484858491458
2022-09-19 13:40:04, INFO: Loss in epoch 2 is 0.16459249518811703
2022-09-19 13:40:04, INFO: Loss in epoch 3 is 0.16448191041126847
2022-09-19 13:40:04, INFO: Loss in epoch 4 is 0.16434876737184823
2022-09-19 13:40:04, INFO: Loss in epoch 5 is 0.16439562127925456
2022-09-19 13:40:04, INFO: Loss in epoch 6 is 0.1643185478169471
2022-09-19 13:40:05, INFO: Loss in epoch 7 is 0.1642361378762871
2022-09-19 13:40:05, INFO: Loss in epoch 8 is 0.16414642264135182
2022-09-19 13:40:05, INFO: Loss in epoch 9 is 0.1641421488020569
2022-09-19 13:40:05, INFO: Loss in epoch 10 is 0.16402355465106666
2022-09-19 13:40:06, INFO: Loss in epoch 11 is 0.1641432186588645
2022-09-19 13:40:06, INFO: Loss in epoch 12 is 0.16376883583143353
2022-09-19 13:40:06, INFO: Loss in epoch 13 is 0.1640939039643854
2022-09-19 13:40:06, INFO: Loss in epoch 14 is 0.16391646955162287
2022-09-19 13:40:06, INFO: Loss in epoch 15 is 0.1635134348180145
2022-09-19 13:40:06, INFO: Loss in epoch 16 is 0.16352311405353248
2022-09-19 13:40:07, INFO: Loss in epoch 17 is 0.16375765157863498
2022-09-19 13:40:07, INFO: Loss in epoch 18 is 0.16339034587144852
2022-09-19 13:40:07, INFO: Loss in epoch 19 is 0.16331501165404916
2022-09-19 13:40:07, INFO: Loss in epoch 20 is 0.16331362444907427
2022-09-19 13:40:07, INFO: Loss in epoch 21 is 0.16325030731968582
2022-09-19 13:40:08, INFO: Loss in epoch 22 is 0.1633528375532478
2022-09-19 13:40:08, INFO: Loss in epoch 23 is 0.16310018859803677
2022-09-19 13:40:08, INFO: Loss in epoch 24 is 0.16365733952261508
2022-09-19 13:40:08, INFO: Loss in epoch 25 is 0.16354650584980845
2022-09-19 13:40:08, INFO: Loss in epoch 26 is 0.16331750922836363
2022-09-19 13:40:09, INFO: Loss in epoch 27 is 0.1627690310124308
2022-09-19 13:40:09, INFO: Loss in epoch 28 is 0.16277287085540593
2022-09-19 13:40:09, INFO: Loss in epoch 29 is 0.16326214419677854
2022-09-19 13:40:45, INFO: train in episode 7 has success rate: 0.60, failure rate: 0.30, average extra time to goal: 28
2022-09-19 13:40:45, INFO: Loss in epoch 0 is 0.1788661025930196
2022-09-19 13:40:45, INFO: Loss in epoch 1 is 0.17852579499594867
2022-09-19 13:40:46, INFO: Loss in epoch 2 is 0.17814098251983523
2022-09-19 13:40:46, INFO: Loss in epoch 3 is 0.17817477602511644
2022-09-19 13:40:46, INFO: Loss in epoch 4 is 0.17777995392680168
2022-09-19 13:40:46, INFO: Loss in epoch 5 is 0.17767855222336948
2022-09-19 13:40:46, INFO: Loss in epoch 6 is 0.17762097879312932
2022-09-19 13:40:46, INFO: Loss in epoch 7 is 0.17764134239405394
2022-09-19 13:40:47, INFO: Loss in epoch 8 is 0.17739849956706166
2022-09-19 13:40:47, INFO: Loss in epoch 9 is 0.17733549186959863
2022-09-19 13:40:47, INFO: Loss in epoch 10 is 0.17708752606995404
2022-09-19 13:40:47, INFO: Loss in epoch 11 is 0.1768600670620799
2022-09-19 13:40:47, INFO: Loss in epoch 12 is 0.17692954395897686
2022-09-19 13:40:48, INFO: Loss in epoch 13 is 0.17683614208362997
2022-09-19 13:40:48, INFO: Loss in epoch 14 is 0.17666981858201325
2022-09-19 13:40:48, INFO: Loss in epoch 15 is 0.17673571105115116
2022-09-19 13:40:48, INFO: Loss in epoch 16 is 0.17659788392484188
2022-09-19 13:40:48, INFO: Loss in epoch 17 is 0.17647457192651927
2022-09-19 13:40:48, INFO: Loss in epoch 18 is 0.17626315541565418
2022-09-19 13:40:49, INFO: Loss in epoch 19 is 0.17617048672400415
2022-09-19 13:40:49, INFO: Loss in epoch 20 is 0.17630419204942882
2022-09-19 13:40:49, INFO: Loss in epoch 21 is 0.17599523207172751
2022-09-19 13:40:49, INFO: Loss in epoch 22 is 0.17595171416178346
2022-09-19 13:40:49, INFO: Loss in epoch 23 is 0.17581797949969769
2022-09-19 13:40:49, INFO: Loss in epoch 24 is 0.17576583288609982
2022-09-19 13:40:50, INFO: Loss in epoch 25 is 0.17627860535867512
2022-09-19 13:40:50, INFO: Loss in epoch 26 is 0.17578060016967356
2022-09-19 13:40:50, INFO: Loss in epoch 27 is 0.1754735040012747
2022-09-19 13:40:50, INFO: Loss in epoch 28 is 0.17543934821151197
2022-09-19 13:40:50, INFO: Loss in epoch 29 is 0.17564688972197473
2022-09-19 13:41:32, INFO: train in episode 8 has success rate: 0.60, failure rate: 0.30, average extra time to goal: 39
2022-09-19 13:41:32, INFO: Loss in epoch 0 is 0.18767446232959628
2022-09-19 13:41:32, INFO: Loss in epoch 1 is 0.18773979600518942
2022-09-19 13:41:32, INFO: Loss in epoch 2 is 0.18717458215542138
2022-09-19 13:41:33, INFO: Loss in epoch 3 is 0.1870072882156819
2022-09-19 13:41:33, INFO: Loss in epoch 4 is 0.18699190742336214
2022-09-19 13:41:33, INFO: Loss in epoch 5 is 0.18695009034126997
2022-09-19 13:41:33, INFO: Loss in epoch 6 is 0.18668369902297854
2022-09-19 13:41:34, INFO: Loss in epoch 7 is 0.1866400830913335
2022-09-19 13:41:34, INFO: Loss in epoch 8 is 0.18635327462106943
2022-09-19 13:41:34, INFO: Loss in epoch 9 is 0.18644075142219663
2022-09-19 13:41:34, INFO: Loss in epoch 10 is 0.186304094735533
2022-09-19 13:41:34, INFO: Loss in epoch 11 is 0.18638259428553283
2022-09-19 13:41:35, INFO: Loss in epoch 12 is 0.186035635182634
2022-09-19 13:41:35, INFO: Loss in epoch 13 is 0.1854981710202992
2022-09-19 13:41:35, INFO: Loss in epoch 14 is 0.18575314991176128
2022-09-19 13:41:35, INFO: Loss in epoch 15 is 0.18594190385192633
2022-09-19 13:41:35, INFO: Loss in epoch 16 is 0.18546872469596565
2022-09-19 13:41:36, INFO: Loss in epoch 17 is 0.18562607583589852
2022-09-19 13:41:36, INFO: Loss in epoch 18 is 0.18537450395524502
2022-09-19 13:41:36, INFO: Loss in epoch 19 is 0.18540202477015555
2022-09-19 13:41:36, INFO: Loss in epoch 20 is 0.18522334308363497
2022-09-19 13:41:36, INFO: Loss in epoch 21 is 0.18516381410881877
2022-09-19 13:41:37, INFO: Loss in epoch 22 is 0.18490770575590432
2022-09-19 13:41:37, INFO: Loss in epoch 23 is 0.184886840172112
2022-09-19 13:41:37, INFO: Loss in epoch 24 is 0.18517278088256717
2022-09-19 13:41:37, INFO: Loss in epoch 25 is 0.18470605416223407
2022-09-19 13:41:37, INFO: Loss in epoch 26 is 0.18441813858225942
2022-09-19 13:41:37, INFO: Loss in epoch 27 is 0.18429505336098373
2022-09-19 13:41:38, INFO: Loss in epoch 28 is 0.1845883848145604
2022-09-19 13:41:38, INFO: Loss in epoch 29 is 0.18461855594068766
2022-09-19 13:42:15, INFO: train in episode 9 has success rate: 0.80, failure rate: 0.10, average extra time to goal: 19
2022-09-19 13:42:15, INFO: Loss in epoch 0 is 0.19708614982664585
2022-09-19 13:42:15, INFO: Loss in epoch 1 is 0.1967503959313035
2022-09-19 13:42:16, INFO: Loss in epoch 2 is 0.1969845937564969
2022-09-19 13:42:16, INFO: Loss in epoch 3 is 0.1964963865466416
2022-09-19 13:42:16, INFO: Loss in epoch 4 is 0.19633956463076174
2022-09-19 13:42:16, INFO: Loss in epoch 5 is 0.19610796472989023
2022-09-19 13:42:16, INFO: Loss in epoch 6 is 0.1966946185566485
2022-09-19 13:42:17, INFO: Loss in epoch 7 is 0.19609181443229318
2022-09-19 13:42:17, INFO: Loss in epoch 8 is 0.1959824652876705
2022-09-19 13:42:17, INFO: Loss in epoch 9 is 0.19583665882237256
2022-09-19 13:42:17, INFO: Loss in epoch 10 is 0.19560412736609578
2022-09-19 13:42:17, INFO: Loss in epoch 11 is 0.19544674386270344
2022-09-19 13:42:17, INFO: Loss in epoch 12 is 0.19522345112636685
2022-09-19 13:42:18, INFO: Loss in epoch 13 is 0.19517699163407087
2022-09-19 13:42:18, INFO: Loss in epoch 14 is 0.1952317648101598
2022-09-19 13:42:18, INFO: Loss in epoch 15 is 0.19507527421228588
2022-09-19 13:42:18, INFO: Loss in epoch 16 is 0.19475162494927645
2022-09-19 13:42:18, INFO: Loss in epoch 17 is 0.19483716366812587
2022-09-19 13:42:19, INFO: Loss in epoch 18 is 0.1945582975167781
2022-09-19 13:42:19, INFO: Loss in epoch 19 is 0.19503198424354196
2022-09-19 13:42:19, INFO: Loss in epoch 20 is 0.19497711746953428
2022-09-19 13:42:19, INFO: Loss in epoch 21 is 0.19520061556249857
2022-09-19 13:42:19, INFO: Loss in epoch 22 is 0.19461760739795864
2022-09-19 13:42:19, INFO: Loss in epoch 23 is 0.19450429221615195
2022-09-19 13:42:20, INFO: Loss in epoch 24 is 0.19407558673992753
2022-09-19 13:42:20, INFO: Loss in epoch 25 is 0.19417650089599192
2022-09-19 13:42:20, INFO: Loss in epoch 26 is 0.19428804656490684
2022-09-19 13:42:20, INFO: Loss in epoch 27 is 0.193890908267349
2022-09-19 13:42:20, INFO: Loss in epoch 28 is 0.19448599847964942
2022-09-19 13:42:21, INFO: Loss in epoch 29 is 0.19395236391574144
2022-09-19 13:42:53, INFO: train in episode 10 has success rate: 0.50, failure rate: 0.40, average extra time to goal: 22
2022-09-19 13:42:53, INFO: Loss in epoch 0 is 0.19666560948826373
2022-09-19 13:42:53, INFO: Loss in epoch 1 is 0.19633825728669763
2022-09-19 13:42:53, INFO: Loss in epoch 2 is 0.1967376470565796
2022-09-19 13:42:53, INFO: Loss in epoch 3 is 0.1963104954920709
2022-09-19 13:42:54, INFO: Loss in epoch 4 is 0.19645825889892876
2022-09-19 13:42:54, INFO: Loss in epoch 5 is 0.19638820365071297
2022-09-19 13:42:54, INFO: Loss in epoch 6 is 0.19606464658863842
2022-09-19 13:42:54, INFO: Loss in epoch 7 is 0.19585937028750777
2022-09-19 13:42:55, INFO: Loss in epoch 8 is 0.19608508702367544
2022-09-19 13:42:55, INFO: Loss in epoch 9 is 0.1958292997442186
2022-09-19 13:42:55, INFO: Loss in epoch 10 is 0.1954388425219804
2022-09-19 13:42:55, INFO: Loss in epoch 11 is 0.19545209500938654
2022-09-19 13:42:55, INFO: Loss in epoch 12 is 0.195598553866148
2022-09-19 13:42:56, INFO: Loss in epoch 13 is 0.19563789013773203
2022-09-19 13:42:56, INFO: Loss in epoch 14 is 0.19573915214277804
2022-09-19 13:42:56, INFO: Loss in epoch 15 is 0.19515433022752404
2022-09-19 13:42:56, INFO: Loss in epoch 16 is 0.1950697349384427
2022-09-19 13:42:56, INFO: Loss in epoch 17 is 0.19516675639897585
2022-09-19 13:42:56, INFO: Loss in epoch 18 is 0.1949898845050484
2022-09-19 13:42:57, INFO: Loss in epoch 19 is 0.19483369984664023
2022-09-19 13:42:57, INFO: Loss in epoch 20 is 0.19467973406426609
2022-09-19 13:42:57, INFO: Loss in epoch 21 is 0.19524753582663834
2022-09-19 13:42:57, INFO: Loss in epoch 22 is 0.1945988752413541
2022-09-19 13:42:57, INFO: Loss in epoch 23 is 0.19425045186653733
2022-09-19 13:42:58, INFO: Loss in epoch 24 is 0.1943545883987099
2022-09-19 13:42:58, INFO: Loss in epoch 25 is 0.19433721830137074
2022-09-19 13:42:58, INFO: Loss in epoch 26 is 0.1941489060409367
2022-09-19 13:42:58, INFO: Loss in epoch 27 is 0.19408253370784223
2022-09-19 13:42:58, INFO: Loss in epoch 28 is 0.19479536940343678
2022-09-19 13:42:59, INFO: Loss in epoch 29 is 0.19430141150951385
2022-09-19 13:43:36, INFO: train in episode 11 has success rate: 0.40, failure rate: 0.50, average extra time to goal: 15
2022-09-19 13:43:36, INFO: Loss in epoch 0 is 0.2015124789904803
2022-09-19 13:43:37, INFO: Loss in epoch 1 is 0.20073124254122376
2022-09-19 13:43:37, INFO: Loss in epoch 2 is 0.20095337159000337
2022-09-19 13:43:37, INFO: Loss in epoch 3 is 0.20093999290838838
2022-09-19 13:43:37, INFO: Loss in epoch 4 is 0.20052957092411816
2022-09-19 13:43:37, INFO: Loss in epoch 5 is 0.20066453074105084
2022-09-19 13:43:37, INFO: Loss in epoch 6 is 0.2006954273674637
2022-09-19 13:43:38, INFO: Loss in epoch 7 is 0.20032457262277603
2022-09-19 13:43:38, INFO: Loss in epoch 8 is 0.20002961601130664
2022-09-19 13:43:38, INFO: Loss in epoch 9 is 0.19986693724058568
2022-09-19 13:43:38, INFO: Loss in epoch 10 is 0.2000227204989642
2022-09-19 13:43:38, INFO: Loss in epoch 11 is 0.20030596060678363
2022-09-19 13:43:39, INFO: Loss in epoch 12 is 0.19993835780769587
2022-09-19 13:43:39, INFO: Loss in epoch 13 is 0.20036270888522267
2022-09-19 13:43:39, INFO: Loss in epoch 14 is 0.19935477175749838
2022-09-19 13:43:39, INFO: Loss in epoch 15 is 0.19955483567900956
2022-09-19 13:43:39, INFO: Loss in epoch 16 is 0.19934253534302115
2022-09-19 13:43:39, INFO: Loss in epoch 17 is 0.19942906545475125
2022-09-19 13:43:40, INFO: Loss in epoch 18 is 0.19977237796410918
2022-09-19 13:43:40, INFO: Loss in epoch 19 is 0.1994102776516229
2022-09-19 13:43:40, INFO: Loss in epoch 20 is 0.19907738524489105
2022-09-19 13:43:40, INFO: Loss in epoch 21 is 0.19912491040304303
2022-09-19 13:43:40, INFO: Loss in epoch 22 is 0.19919712631963193
2022-09-19 13:43:40, INFO: Loss in epoch 23 is 0.19882061472162604
2022-09-19 13:43:41, INFO: Loss in epoch 24 is 0.1991843138821423
2022-09-19 13:43:41, INFO: Loss in epoch 25 is 0.19882640056312084
2022-09-19 13:43:41, INFO: Loss in epoch 26 is 0.1993854851461947
2022-09-19 13:43:41, INFO: Loss in epoch 27 is 0.19878401304595172
2022-09-19 13:43:41, INFO: Loss in epoch 28 is 0.1981209118384868
2022-09-19 13:43:42, INFO: Loss in epoch 29 is 0.1984375307802111
2022-09-19 13:44:33, INFO: train in episode 12 has success rate: 0.60, failure rate: 0.20, average extra time to goal: 34
2022-09-19 13:44:34, INFO: Loss in epoch 0 is 0.20071494579315186
2022-09-19 13:44:34, INFO: Loss in epoch 1 is 0.19968007481656969
2022-09-19 13:44:34, INFO: Loss in epoch 2 is 0.19952130317687988
2022-09-19 13:44:34, INFO: Loss in epoch 3 is 0.19983821106143296
2022-09-19 13:44:34, INFO: Loss in epoch 4 is 0.19931735121645033
2022-09-19 13:44:35, INFO: Loss in epoch 5 is 0.1989724296145141
2022-09-19 13:44:35, INFO: Loss in epoch 6 is 0.19904496241360903
2022-09-19 13:44:35, INFO: Loss in epoch 7 is 0.1988026723265648
2022-09-19 13:44:35, INFO: Loss in epoch 8 is 0.1988536361604929
2022-09-19 13:44:35, INFO: Loss in epoch 9 is 0.19877911312505603
2022-09-19 13:44:36, INFO: Loss in epoch 10 is 0.19955664360895753
2022-09-19 13:44:36, INFO: Loss in epoch 11 is 0.19978814478963614
2022-09-19 13:44:36, INFO: Loss in epoch 12 is 0.1987081835977733
2022-09-19 13:44:36, INFO: Loss in epoch 13 is 0.19817274808883667
2022-09-19 13:44:36, INFO: Loss in epoch 14 is 0.19839421473443508
2022-09-19 13:44:37, INFO: Loss in epoch 15 is 0.19901592028327286
2022-09-19 13:44:37, INFO: Loss in epoch 16 is 0.19857369898818433
2022-09-19 13:44:37, INFO: Loss in epoch 17 is 0.1981996945105493
2022-09-19 13:44:37, INFO: Loss in epoch 18 is 0.19818793889135122
2022-09-19 13:44:37, INFO: Loss in epoch 19 is 0.1990813435986638
2022-09-19 13:44:37, INFO: Loss in epoch 20 is 0.1977872964926064
2022-09-19 13:44:38, INFO: Loss in epoch 21 is 0.19757540244609118
2022-09-19 13:44:38, INFO: Loss in epoch 22 is 0.19764566863887012
2022-09-19 13:44:38, INFO: Loss in epoch 23 is 0.1972551743965596
2022-09-19 13:44:38, INFO: Loss in epoch 24 is 0.1976760639809072
2022-09-19 13:44:38, INFO: Loss in epoch 25 is 0.19760899082757533
2022-09-19 13:44:38, INFO: Loss in epoch 26 is 0.1969669375102967
2022-09-19 13:44:39, INFO: Loss in epoch 27 is 0.19722573133185506
2022-09-19 13:44:39, INFO: Loss in epoch 28 is 0.19699837174266577
2022-09-19 13:44:39, INFO: Loss in epoch 29 is 0.197186975274235
2022-09-19 13:45:12, INFO: train in episode 13 has success rate: 0.50, failure rate: 0.40, average extra time to goal: 20
2022-09-19 13:45:12, INFO: Loss in epoch 0 is 0.19896635739132762
2022-09-19 13:45:12, INFO: Loss in epoch 1 is 0.19850989244878292
2022-09-19 13:45:12, INFO: Loss in epoch 2 is 0.1989105469547212
2022-09-19 13:45:13, INFO: Loss in epoch 3 is 0.19925227365456522
2022-09-19 13:45:13, INFO: Loss in epoch 4 is 0.19845574209466577
2022-09-19 13:45:13, INFO: Loss in epoch 5 is 0.19826174224726856
2022-09-19 13:45:13, INFO: Loss in epoch 6 is 0.1990532334893942
2022-09-19 13:45:13, INFO: Loss in epoch 7 is 0.19861141336150467
2022-09-19 13:45:14, INFO: Loss in epoch 8 is 0.1985683070961386
2022-09-19 13:45:14, INFO: Loss in epoch 9 is 0.19813586305826902
2022-09-19 13:45:14, INFO: Loss in epoch 10 is 0.19812977965921164
2022-09-19 13:45:14, INFO: Loss in epoch 11 is 0.19818355632014573
2022-09-19 13:45:14, INFO: Loss in epoch 12 is 0.1984005479607731
2022-09-19 13:45:15, INFO: Loss in epoch 13 is 0.1984913304913789
2022-09-19 13:45:15, INFO: Loss in epoch 14 is 0.19862261484377086
2022-09-19 13:45:15, INFO: Loss in epoch 15 is 0.1985357932280749
2022-09-19 13:45:15, INFO: Loss in epoch 16 is 0.19764364347793162
2022-09-19 13:45:15, INFO: Loss in epoch 17 is 0.19751619058661163
2022-09-19 13:45:16, INFO: Loss in epoch 18 is 0.19734213198535144
2022-09-19 13:45:16, INFO: Loss in epoch 19 is 0.19752694759517908
2022-09-19 13:45:16, INFO: Loss in epoch 20 is 0.19709246861748397
2022-09-19 13:45:16, INFO: Loss in epoch 21 is 0.19717691093683243
2022-09-19 13:45:16, INFO: Loss in epoch 22 is 0.19706752873025835
2022-09-19 13:45:17, INFO: Loss in epoch 23 is 0.1971292975358665
2022-09-19 13:45:17, INFO: Loss in epoch 24 is 0.1971686496399343
2022-09-19 13:45:17, INFO: Loss in epoch 25 is 0.19690983067266643
2022-09-19 13:45:17, INFO: Loss in epoch 26 is 0.1975503214634955
2022-09-19 13:45:17, INFO: Loss in epoch 27 is 0.196962725603953
2022-09-19 13:45:18, INFO: Loss in epoch 28 is 0.1965968192089349
2022-09-19 13:45:18, INFO: Loss in epoch 29 is 0.19631382799707353
2022-09-19 13:46:00, INFO: train in episode 14 has success rate: 0.60, failure rate: 0.30, average extra time to goal: 37
2022-09-19 13:46:00, INFO: Loss in epoch 0 is 0.19986097910441458
2022-09-19 13:46:00, INFO: Loss in epoch 1 is 0.20043817162513733
2022-09-19 13:46:00, INFO: Loss in epoch 2 is 0.19990398571826518
2022-09-19 13:46:00, INFO: Loss in epoch 3 is 0.19937966018915176
2022-09-19 13:46:01, INFO: Loss in epoch 4 is 0.19923863373696804
2022-09-19 13:46:01, INFO: Loss in epoch 5 is 0.19946274161338806
2022-09-19 13:46:01, INFO: Loss in epoch 6 is 0.1996505616698414
2022-09-19 13:46:01, INFO: Loss in epoch 7 is 0.19900064286775887
2022-09-19 13:46:01, INFO: Loss in epoch 8 is 0.19995070877484977
2022-09-19 13:46:02, INFO: Loss in epoch 9 is 0.1988767439033836
2022-09-19 13:46:02, INFO: Loss in epoch 10 is 0.19865270797163248
2022-09-19 13:46:02, INFO: Loss in epoch 11 is 0.19875275809317827
2022-09-19 13:46:02, INFO: Loss in epoch 12 is 0.19852523296140134
2022-09-19 13:46:02, INFO: Loss in epoch 13 is 0.19831391400657594
2022-09-19 13:46:03, INFO: Loss in epoch 14 is 0.19953973940573633
2022-09-19 13:46:03, INFO: Loss in epoch 15 is 0.19816762651316822
2022-09-19 13:46:03, INFO: Loss in epoch 16 is 0.19831041898578405
2022-09-19 13:46:03, INFO: Loss in epoch 17 is 0.1977358430158347
2022-09-19 13:46:03, INFO: Loss in epoch 18 is 0.19786338577978313
2022-09-19 13:46:04, INFO: Loss in epoch 19 is 0.1988548447843641
2022-09-19 13:46:04, INFO: Loss in epoch 20 is 0.19855186203494668
2022-09-19 13:46:04, INFO: Loss in epoch 21 is 0.1974547877907753
2022-09-19 13:46:04, INFO: Loss in epoch 22 is 0.19824223406612873
2022-09-19 13:46:04, INFO: Loss in epoch 23 is 0.1980358453001827
2022-09-19 13:46:05, INFO: Loss in epoch 24 is 0.19758263183757663
2022-09-19 13:46:05, INFO: Loss in epoch 25 is 0.19741513393819332
2022-09-19 13:46:05, INFO: Loss in epoch 26 is 0.1993657120037824
2022-09-19 13:46:05, INFO: Loss in epoch 27 is 0.19797143572941422
2022-09-19 13:46:05, INFO: Loss in epoch 28 is 0.19716988527216017
2022-09-19 13:46:05, INFO: Loss in epoch 29 is 0.19740520021878183
2022-09-19 13:46:46, INFO: train in episode 15 has success rate: 0.70, failure rate: 0.20, average extra time to goal: 20
2022-09-19 13:46:47, INFO: Loss in epoch 0 is 0.19863557838834822
2022-09-19 13:46:47, INFO: Loss in epoch 1 is 0.19944841065444052
2022-09-19 13:46:47, INFO: Loss in epoch 2 is 0.198349587386474
2022-09-19 13:46:47, INFO: Loss in epoch 3 is 0.19827193534001708
2022-09-19 13:46:47, INFO: Loss in epoch 4 is 0.19844550732523203
2022-09-19 13:46:47, INFO: Loss in epoch 5 is 0.1983403223566711
2022-09-19 13:46:48, INFO: Loss in epoch 6 is 0.1983630897011608
2022-09-19 13:46:48, INFO: Loss in epoch 7 is 0.1978862036485225
2022-09-19 13:46:48, INFO: Loss in epoch 8 is 0.19795420579612255
2022-09-19 13:46:48, INFO: Loss in epoch 9 is 0.19809242594055831
2022-09-19 13:46:48, INFO: Loss in epoch 10 is 0.1980571378953755
2022-09-19 13:46:49, INFO: Loss in epoch 11 is 0.1976142495404929
2022-09-19 13:46:49, INFO: Loss in epoch 12 is 0.19755951222032309
2022-09-19 13:46:49, INFO: Loss in epoch 13 is 0.19721731962636113
2022-09-19 13:46:49, INFO: Loss in epoch 14 is 0.1979329267051071
2022-09-19 13:46:49, INFO: Loss in epoch 15 is 0.19776703068055212
2022-09-19 13:46:50, INFO: Loss in epoch 16 is 0.19708383991383016
2022-09-19 13:46:50, INFO: Loss in epoch 17 is 0.1974490259308368
2022-09-19 13:46:50, INFO: Loss in epoch 18 is 0.1973858019337058
2022-09-19 13:46:50, INFO: Loss in epoch 19 is 0.19698235671967268
2022-09-19 13:46:50, INFO: Loss in epoch 20 is 0.19698501634411514
2022-09-19 13:46:50, INFO: Loss in epoch 21 is 0.19657061691395938
2022-09-19 13:46:51, INFO: Loss in epoch 22 is 0.19670688081532717
2022-09-19 13:46:51, INFO: Loss in epoch 23 is 0.1966364304535091
2022-09-19 13:46:51, INFO: Loss in epoch 24 is 0.19635739782825112
2022-09-19 13:46:51, INFO: Loss in epoch 25 is 0.19699063966982067
2022-09-19 13:46:51, INFO: Loss in epoch 26 is 0.19581573642790318
2022-09-19 13:46:52, INFO: Loss in epoch 27 is 0.19557351688854396
2022-09-19 13:46:52, INFO: Loss in epoch 28 is 0.19585268246009946
2022-09-19 13:46:52, INFO: Loss in epoch 29 is 0.1958514004945755
2022-09-19 13:47:26, INFO: train in episode 16 has success rate: 0.50, failure rate: 0.40, average extra time to goal: 15
2022-09-19 13:47:26, INFO: Loss in epoch 0 is 0.19926233915612102
2022-09-19 13:47:26, INFO: Loss in epoch 1 is 0.19936173222959042
2022-09-19 13:47:26, INFO: Loss in epoch 2 is 0.19957910291850567
2022-09-19 13:47:27, INFO: Loss in epoch 3 is 0.19875044072978199
2022-09-19 13:47:27, INFO: Loss in epoch 4 is 0.1990702524781227
2022-09-19 13:47:27, INFO: Loss in epoch 5 is 0.19994652224704623
2022-09-19 13:47:27, INFO: Loss in epoch 6 is 0.1989242637064308
2022-09-19 13:47:27, INFO: Loss in epoch 7 is 0.1980658199172467
2022-09-19 13:47:28, INFO: Loss in epoch 8 is 0.1983384715858847
2022-09-19 13:47:28, INFO: Loss in epoch 9 is 0.19909161305986345
2022-09-19 13:47:28, INFO: Loss in epoch 10 is 0.1986642829142511
2022-09-19 13:47:28, INFO: Loss in epoch 11 is 0.19852815964259207
2022-09-19 13:47:28, INFO: Loss in epoch 12 is 0.19773285905830562
2022-09-19 13:47:29, INFO: Loss in epoch 13 is 0.1975407931022346
2022-09-19 13:47:29, INFO: Loss in epoch 14 is 0.19754945021122694
2022-09-19 13:47:29, INFO: Loss in epoch 15 is 0.197945571038872
2022-09-19 13:47:29, INFO: Loss in epoch 16 is 0.19723372627049685
2022-09-19 13:47:29, INFO: Loss in epoch 17 is 0.1974044218659401
2022-09-19 13:47:30, INFO: Loss in epoch 18 is 0.19737960305064917
2022-09-19 13:47:30, INFO: Loss in epoch 19 is 0.19773357501253486
2022-09-19 13:47:30, INFO: Loss in epoch 20 is 0.19685675343498588
2022-09-19 13:47:30, INFO: Loss in epoch 21 is 0.19718662067316473
2022-09-19 13:47:30, INFO: Loss in epoch 22 is 0.19685440720058978
2022-09-19 13:47:31, INFO: Loss in epoch 23 is 0.19745079474523664
2022-09-19 13:47:31, INFO: Loss in epoch 24 is 0.1981176536064595
2022-09-19 13:47:31, INFO: Loss in epoch 25 is 0.19835944077931345
2022-09-19 13:47:31, INFO: Loss in epoch 26 is 0.19720997335389256
2022-09-19 13:47:31, INFO: Loss in epoch 27 is 0.19639046513475478
2022-09-19 13:47:32, INFO: Loss in epoch 28 is 0.1962570243049413
2022-09-19 13:47:32, INFO: Loss in epoch 29 is 0.19694642187096179
2022-09-19 13:48:17, INFO: train in episode 17 has success rate: 0.50, failure rate: 0.30, average extra time to goal: 39
2022-09-19 13:48:17, INFO: Loss in epoch 0 is 0.20503852935507894
2022-09-19 13:48:17, INFO: Loss in epoch 1 is 0.20451921480707824
2022-09-19 13:48:17, INFO: Loss in epoch 2 is 0.20449573546648026
2022-09-19 13:48:18, INFO: Loss in epoch 3 is 0.20464876480400562
2022-09-19 13:48:18, INFO: Loss in epoch 4 is 0.2050222558900714
2022-09-19 13:48:18, INFO: Loss in epoch 5 is 0.20383211504667997
2022-09-19 13:48:18, INFO: Loss in epoch 6 is 0.20401109103113413
2022-09-19 13:48:18, INFO: Loss in epoch 7 is 0.20382197061553597
2022-09-19 13:48:19, INFO: Loss in epoch 8 is 0.20407044840976596
2022-09-19 13:48:19, INFO: Loss in epoch 9 is 0.20432658842764795
2022-09-19 13:48:19, INFO: Loss in epoch 10 is 0.20354027696885169
2022-09-19 13:48:19, INFO: Loss in epoch 11 is 0.20358636882156134
2022-09-19 13:48:19, INFO: Loss in epoch 12 is 0.2042184027377516
2022-09-19 13:48:20, INFO: Loss in epoch 13 is 0.204932484542951
2022-09-19 13:48:20, INFO: Loss in epoch 14 is 0.20337520656175911
2022-09-19 13:48:20, INFO: Loss in epoch 15 is 0.20369480992667377
2022-09-19 13:48:20, INFO: Loss in epoch 16 is 0.2029692477080971
2022-09-19 13:48:21, INFO: Loss in epoch 17 is 0.20300483563914895
2022-09-19 13:48:21, INFO: Loss in epoch 18 is 0.20341432187706232
2022-09-19 13:48:21, INFO: Loss in epoch 19 is 0.20241160970181227
2022-09-19 13:48:21, INFO: Loss in epoch 20 is 0.20343260071240366
2022-09-19 13:48:21, INFO: Loss in epoch 21 is 0.20280637918040156
2022-09-19 13:48:21, INFO: Loss in epoch 22 is 0.2023131202440709
2022-09-19 13:48:22, INFO: Loss in epoch 23 is 0.20327293733134866
2022-09-19 13:48:22, INFO: Loss in epoch 24 is 0.20199356996454298
2022-09-19 13:48:22, INFO: Loss in epoch 25 is 0.20221244799904525
2022-09-19 13:48:22, INFO: Loss in epoch 26 is 0.20244919788092375
2022-09-19 13:48:22, INFO: Loss in epoch 27 is 0.20172816957347095
2022-09-19 13:48:23, INFO: Loss in epoch 28 is 0.2018439753446728
2022-09-19 13:48:23, INFO: Loss in epoch 29 is 0.20214555598795414
2022-09-19 13:49:03, INFO: train in episode 18 has success rate: 0.40, failure rate: 0.40, average extra time to goal: 17
2022-09-19 13:49:03, INFO: Loss in epoch 0 is 0.20334361190907657
2022-09-19 13:49:03, INFO: Loss in epoch 1 is 0.20372754987329245
2022-09-19 13:49:03, INFO: Loss in epoch 2 is 0.20272314525209367
2022-09-19 13:49:04, INFO: Loss in epoch 3 is 0.20290419226512313
2022-09-19 13:49:04, INFO: Loss in epoch 4 is 0.20285594533197582
2022-09-19 13:49:04, INFO: Loss in epoch 5 is 0.20287187746725976
2022-09-19 13:49:04, INFO: Loss in epoch 6 is 0.20376378553919494
2022-09-19 13:49:04, INFO: Loss in epoch 7 is 0.20217398437671363
2022-09-19 13:49:05, INFO: Loss in epoch 8 is 0.2026258916594088
2022-09-19 13:49:05, INFO: Loss in epoch 9 is 0.20384986675344408
2022-09-19 13:49:05, INFO: Loss in epoch 10 is 0.20479746325872838
2022-09-19 13:49:05, INFO: Loss in epoch 11 is 0.20212981035001576
2022-09-19 13:49:05, INFO: Loss in epoch 12 is 0.20193337579257786
2022-09-19 13:49:05, INFO: Loss in epoch 13 is 0.20138559979386628
2022-09-19 13:49:06, INFO: Loss in epoch 14 is 0.20208467007614672
2022-09-19 13:49:06, INFO: Loss in epoch 15 is 0.20200816472060978
2022-09-19 13:49:06, INFO: Loss in epoch 16 is 0.20113883051089942
2022-09-19 13:49:06, INFO: Loss in epoch 17 is 0.2019931331742555
2022-09-19 13:49:06, INFO: Loss in epoch 18 is 0.20136596634984016
2022-09-19 13:49:07, INFO: Loss in epoch 19 is 0.2018665603827685
2022-09-19 13:49:07, INFO: Loss in epoch 20 is 0.20178825105540454
2022-09-19 13:49:07, INFO: Loss in epoch 21 is 0.2029458114411682
2022-09-19 13:49:07, INFO: Loss in epoch 22 is 0.20078770071268082
2022-09-19 13:49:07, INFO: Loss in epoch 23 is 0.20110296295024455
2022-09-19 13:49:07, INFO: Loss in epoch 24 is 0.2010172256268561
2022-09-19 13:49:08, INFO: Loss in epoch 25 is 0.2003664425574243
2022-09-19 13:49:08, INFO: Loss in epoch 26 is 0.20076231891289353
2022-09-19 13:49:08, INFO: Loss in epoch 27 is 0.20068837655708194
2022-09-19 13:49:08, INFO: Loss in epoch 28 is 0.20366687630303204
2022-09-19 13:49:08, INFO: Loss in epoch 29 is 0.2010413990356028
2022-09-19 13:49:56, INFO: train in episode 19 has success rate: 0.50, failure rate: 0.30, average extra time to goal: 37
2022-09-19 13:49:56, INFO: Loss in epoch 0 is 0.20422622468322515
2022-09-19 13:49:57, INFO: Loss in epoch 1 is 0.20411186036653817
2022-09-19 13:49:57, INFO: Loss in epoch 2 is 0.20502120070159435
2022-09-19 13:49:57, INFO: Loss in epoch 3 is 0.2036594192031771
2022-09-19 13:49:57, INFO: Loss in epoch 4 is 0.20268516289070249
2022-09-19 13:49:57, INFO: Loss in epoch 5 is 0.20349891437217593
2022-09-19 13:49:58, INFO: Loss in epoch 6 is 0.2023342619650066
2022-09-19 13:49:58, INFO: Loss in epoch 7 is 0.20205425517633557
2022-09-19 13:49:58, INFO: Loss in epoch 8 is 0.20349682914093137
2022-09-19 13:49:58, INFO: Loss in epoch 9 is 0.20196563052013516
2022-09-19 13:49:58, INFO: Loss in epoch 10 is 0.20158263994380832
2022-09-19 13:49:58, INFO: Loss in epoch 11 is 0.2016860581934452
2022-09-19 13:49:59, INFO: Loss in epoch 12 is 0.20173896639607847
2022-09-19 13:49:59, INFO: Loss in epoch 13 is 0.202375877648592
2022-09-19 13:49:59, INFO: Loss in epoch 14 is 0.20184108964167535
2022-09-19 13:49:59, INFO: Loss in epoch 15 is 0.20213815825991333
2022-09-19 13:49:59, INFO: Loss in epoch 16 is 0.20457596727646887
2022-09-19 13:50:00, INFO: Loss in epoch 17 is 0.20164620061405003
2022-09-19 13:50:00, INFO: Loss in epoch 18 is 0.20129080931656063
2022-09-19 13:50:00, INFO: Loss in epoch 19 is 0.20179060311056674
2022-09-19 13:50:00, INFO: Loss in epoch 20 is 0.2012434033676982
2022-09-19 13:50:00, INFO: Loss in epoch 21 is 0.20086063537746668
2022-09-19 13:50:00, INFO: Loss in epoch 22 is 0.20118079567328095
2022-09-19 13:50:01, INFO: Loss in epoch 23 is 0.20055322395637631
2022-09-19 13:50:01, INFO: Loss in epoch 24 is 0.20039525325410068
2022-09-19 13:50:01, INFO: Loss in epoch 25 is 0.20179117936640978
2022-09-19 13:50:01, INFO: Loss in epoch 26 is 0.19977405783720315
2022-09-19 13:50:01, INFO: Loss in epoch 27 is 0.20035170973278582
2022-09-19 13:50:01, INFO: Loss in epoch 28 is 0.1994212402496487
2022-09-19 13:50:02, INFO: Loss in epoch 29 is 0.19977716938592494
2022-09-19 13:50:48, INFO: train in episode 20 has success rate: 0.70, failure rate: 0.10, average extra time to goal: 28
2022-09-19 13:50:48, INFO: Loss in epoch 0 is 0.20031636930070817
2022-09-19 13:50:48, INFO: Loss in epoch 1 is 0.20052283979021013
2022-09-19 13:50:49, INFO: Loss in epoch 2 is 0.20151769206859171
2022-09-19 13:50:49, INFO: Loss in epoch 3 is 0.2009005204308778
2022-09-19 13:50:49, INFO: Loss in epoch 4 is 0.19982288894243538
2022-09-19 13:50:49, INFO: Loss in epoch 5 is 0.1992110083810985
2022-09-19 13:50:49, INFO: Loss in epoch 6 is 0.19967128848657012
2022-09-19 13:50:49, INFO: Loss in epoch 7 is 0.19957117456942797
2022-09-19 13:50:50, INFO: Loss in epoch 8 is 0.200062618823722
2022-09-19 13:50:50, INFO: Loss in epoch 9 is 0.1989900590851903
2022-09-19 13:50:50, INFO: Loss in epoch 10 is 0.19873577961698174
2022-09-19 13:50:50, INFO: Loss in epoch 11 is 0.1990835345350206
2022-09-19 13:50:50, INFO: Loss in epoch 12 is 0.19990715221501887
2022-09-19 13:50:51, INFO: Loss in epoch 13 is 0.19888560264371336
2022-09-19 13:50:51, INFO: Loss in epoch 14 is 0.19905733736231923
2022-09-19 13:50:51, INFO: Loss in epoch 15 is 0.19936025817878544
2022-09-19 13:50:51, INFO: Loss in epoch 16 is 0.1985193134751171
2022-09-19 13:50:51, INFO: Loss in epoch 17 is 0.19875153596512973
2022-09-19 13:50:51, INFO: Loss in epoch 18 is 0.19852470234036446
2022-09-19 13:50:52, INFO: Loss in epoch 19 is 0.1983070932328701
2022-09-19 13:50:52, INFO: Loss in epoch 20 is 0.19796023005619645
2022-09-19 13:50:52, INFO: Loss in epoch 21 is 0.19779887958429754
2022-09-19 13:50:52, INFO: Loss in epoch 22 is 0.1976635183673352
2022-09-19 13:50:52, INFO: Loss in epoch 23 is 0.19762402935884893
2022-09-19 13:50:53, INFO: Loss in epoch 24 is 0.1988848529290408
2022-09-19 13:50:53, INFO: Loss in epoch 25 is 0.19721088837832212
2022-09-19 13:50:53, INFO: Loss in epoch 26 is 0.1975549766793847
2022-09-19 13:50:53, INFO: Loss in epoch 27 is 0.19705526228062809
2022-09-19 13:50:53, INFO: Loss in epoch 28 is 0.19842927833087742
2022-09-19 13:50:54, INFO: Loss in epoch 29 is 0.19739845022559166
2022-09-19 13:51:35, INFO: train in episode 21 has success rate: 0.90, failure rate: 0.00, average extra time to goal: 22
2022-09-19 13:51:36, INFO: Loss in epoch 0 is 0.20207267720252275
2022-09-19 13:51:36, INFO: Loss in epoch 1 is 0.20285951416008174
2022-09-19 13:51:36, INFO: Loss in epoch 2 is 0.2015404854901135
2022-09-19 13:51:36, INFO: Loss in epoch 3 is 0.20175425056368113
2022-09-19 13:51:36, INFO: Loss in epoch 4 is 0.20210914383642375
2022-09-19 13:51:37, INFO: Loss in epoch 5 is 0.20099976449273527
2022-09-19 13:51:37, INFO: Loss in epoch 6 is 0.20029734820127487
2022-09-19 13:51:37, INFO: Loss in epoch 7 is 0.201096436008811
2022-09-19 13:51:37, INFO: Loss in epoch 8 is 0.2012433921918273
2022-09-19 13:51:37, INFO: Loss in epoch 9 is 0.20302969124168158
2022-09-19 13:51:37, INFO: Loss in epoch 10 is 0.20078000100329518
2022-09-19 13:51:38, INFO: Loss in epoch 11 is 0.20029415818862617
2022-09-19 13:51:38, INFO: Loss in epoch 12 is 0.19979158393107355
2022-09-19 13:51:38, INFO: Loss in epoch 13 is 0.19955010060220957
2022-09-19 13:51:38, INFO: Loss in epoch 14 is 0.19928732025437057
2022-09-19 13:51:38, INFO: Loss in epoch 15 is 0.20001515722833574
2022-09-19 13:51:39, INFO: Loss in epoch 16 is 0.19942085118964314
2022-09-19 13:51:39, INFO: Loss in epoch 17 is 0.19998760684393346
2022-09-19 13:51:39, INFO: Loss in epoch 18 is 0.1999380635097623
2022-09-19 13:51:39, INFO: Loss in epoch 19 is 0.19881819561123848
2022-09-19 13:51:39, INFO: Loss in epoch 20 is 0.19942480907775462
2022-09-19 13:51:40, INFO: Loss in epoch 21 is 0.2003111382946372
2022-09-19 13:51:40, INFO: Loss in epoch 22 is 0.20062756375409663
2022-09-19 13:51:40, INFO: Loss in epoch 23 is 0.19870658870786428
2022-09-19 13:51:40, INFO: Loss in epoch 24 is 0.19934173137880862
2022-09-19 13:51:40, INFO: Loss in epoch 25 is 0.19874776084907353
2022-09-19 13:51:41, INFO: Loss in epoch 26 is 0.19873138680122793
2022-09-19 13:51:41, INFO: Loss in epoch 27 is 0.19969438924454153
2022-09-19 13:51:41, INFO: Loss in epoch 28 is 0.2005602978169918
2022-09-19 13:51:41, INFO: Loss in epoch 29 is 0.19828024273738265
2022-09-19 13:52:27, INFO: train in episode 22 has success rate: 0.90, failure rate: 0.10, average extra time to goal: 33
2022-09-19 13:52:27, INFO: Loss in epoch 0 is 0.20026837359182537
2022-09-19 13:52:27, INFO: Loss in epoch 1 is 0.20086648454889655
2022-09-19 13:52:28, INFO: Loss in epoch 2 is 0.20005741529166698
2022-09-19 13:52:28, INFO: Loss in epoch 3 is 0.19920561579056084
2022-09-19 13:52:28, INFO: Loss in epoch 4 is 0.1988243607338518
2022-09-19 13:52:28, INFO: Loss in epoch 5 is 0.1987745959777385
2022-09-19 13:52:28, INFO: Loss in epoch 6 is 0.19906236417591572
2022-09-19 13:52:29, INFO: Loss in epoch 7 is 0.1999841493088752
2022-09-19 13:52:29, INFO: Loss in epoch 8 is 0.19885906833223999
2022-09-19 13:52:29, INFO: Loss in epoch 9 is 0.19848934654146433
2022-09-19 13:52:29, INFO: Loss in epoch 10 is 0.1978738100733608
2022-09-19 13:52:29, INFO: Loss in epoch 11 is 0.19945837929844856
2022-09-19 13:52:30, INFO: Loss in epoch 12 is 0.19882013136520982
2022-09-19 13:52:30, INFO: Loss in epoch 13 is 0.1983446585945785
2022-09-19 13:52:30, INFO: Loss in epoch 14 is 0.19896089984104037
2022-09-19 13:52:30, INFO: Loss in epoch 15 is 0.1989041471388191
2022-09-19 13:52:30, INFO: Loss in epoch 16 is 0.20008069509640336
2022-09-19 13:52:31, INFO: Loss in epoch 17 is 0.19822872895747423
2022-09-19 13:52:31, INFO: Loss in epoch 18 is 0.19718383462168276
2022-09-19 13:52:31, INFO: Loss in epoch 19 is 0.1979963907506317
2022-09-19 13:52:31, INFO: Loss in epoch 20 is 0.19791804533451796
2022-09-19 13:52:31, INFO: Loss in epoch 21 is 0.19777795439586043
2022-09-19 13:52:32, INFO: Loss in epoch 22 is 0.1982851019129157
2022-09-19 13:52:32, INFO: Loss in epoch 23 is 0.19795652921311557
2022-09-19 13:52:32, INFO: Loss in epoch 24 is 0.19848498539067805
2022-09-19 13:52:32, INFO: Loss in epoch 25 is 0.1977467960678041
2022-09-19 13:52:32, INFO: Loss in epoch 26 is 0.1968916906043887
2022-09-19 13:52:33, INFO: Loss in epoch 27 is 0.1966206373181194
2022-09-19 13:52:33, INFO: Loss in epoch 28 is 0.19761535222642124
2022-09-19 13:52:33, INFO: Loss in epoch 29 is 0.19728421536274254
2022-09-19 13:53:03, INFO: train in episode 23 has success rate: 0.70, failure rate: 0.30, average extra time to goal: 24
2022-09-19 13:53:03, INFO: Loss in epoch 0 is 0.19761521485634148
2022-09-19 13:53:04, INFO: Loss in epoch 1 is 0.19903182983398438
2022-09-19 13:53:04, INFO: Loss in epoch 2 is 0.19831433868966997
2022-09-19 13:53:04, INFO: Loss in epoch 3 is 0.19661726942285895
2022-09-19 13:53:04, INFO: Loss in epoch 4 is 0.19808809226378798
2022-09-19 13:53:04, INFO: Loss in epoch 5 is 0.197166163707152
2022-09-19 13:53:05, INFO: Loss in epoch 6 is 0.19717747950926423
2022-09-19 13:53:05, INFO: Loss in epoch 7 is 0.19693451188504696
2022-09-19 13:53:05, INFO: Loss in epoch 8 is 0.1978533596266061
2022-09-19 13:53:05, INFO: Loss in epoch 9 is 0.19724550214596093
2022-09-19 13:53:05, INFO: Loss in epoch 10 is 0.1964466432109475
2022-09-19 13:53:05, INFO: Loss in epoch 11 is 0.1966732193250209
2022-09-19 13:53:06, INFO: Loss in epoch 12 is 0.19641938363201916
2022-09-19 13:53:06, INFO: Loss in epoch 13 is 0.1971242215950042
2022-09-19 13:53:06, INFO: Loss in epoch 14 is 0.19719321420416236
2022-09-19 13:53:06, INFO: Loss in epoch 15 is 0.1966445881407708
2022-09-19 13:53:06, INFO: Loss in epoch 16 is 0.19531246274709702
2022-09-19 13:53:07, INFO: Loss in epoch 17 is 0.19652115879580379
2022-09-19 13:53:07, INFO: Loss in epoch 18 is 0.19601315446197987
2022-09-19 13:53:07, INFO: Loss in epoch 19 is 0.19601374049670994
2022-09-19 13:53:07, INFO: Loss in epoch 20 is 0.1962085240520537
2022-09-19 13:53:07, INFO: Loss in epoch 21 is 0.19620128185488284
2022-09-19 13:53:07, INFO: Loss in epoch 22 is 0.19586418382823467
2022-09-19 13:53:08, INFO: Loss in epoch 23 is 0.19458748260512948
2022-09-19 13:53:08, INFO: Loss in epoch 24 is 0.19434521161019802
2022-09-19 13:53:08, INFO: Loss in epoch 25 is 0.19431531918235123
2022-09-19 13:53:08, INFO: Loss in epoch 26 is 0.19500458845868707
2022-09-19 13:53:08, INFO: Loss in epoch 27 is 0.1974704668391496
2022-09-19 13:53:08, INFO: Loss in epoch 28 is 0.19369948632083833
2022-09-19 13:53:09, INFO: Loss in epoch 29 is 0.19427623180672526
2022-09-19 13:53:50, INFO: train in episode 24 has success rate: 0.70, failure rate: 0.20, average extra time to goal: 29
2022-09-19 13:53:51, INFO: Loss in epoch 0 is 0.20065307221375406
2022-09-19 13:53:51, INFO: Loss in epoch 1 is 0.19865946844220161
2022-09-19 13:53:51, INFO: Loss in epoch 2 is 0.1988866929896176
2022-09-19 13:53:51, INFO: Loss in epoch 3 is 0.20211080112494528
2022-09-19 13:53:51, INFO: Loss in epoch 4 is 0.19887227821163833
2022-09-19 13:53:51, INFO: Loss in epoch 5 is 0.19856831640936434
2022-09-19 13:53:52, INFO: Loss in epoch 6 is 0.19815007923170924
2022-09-19 13:53:52, INFO: Loss in epoch 7 is 0.1988381154369563
2022-09-19 13:53:52, INFO: Loss in epoch 8 is 0.1975645946804434
2022-09-19 13:53:52, INFO: Loss in epoch 9 is 0.19840188696980476
2022-09-19 13:53:52, INFO: Loss in epoch 10 is 0.19759647082537413
2022-09-19 13:53:53, INFO: Loss in epoch 11 is 0.19982086960226297
2022-09-19 13:53:53, INFO: Loss in epoch 12 is 0.19879606063477695
2022-09-19 13:53:53, INFO: Loss in epoch 13 is 0.19727406790480018
2022-09-19 13:53:53, INFO: Loss in epoch 14 is 0.19787397840991616
2022-09-19 13:53:53, INFO: Loss in epoch 15 is 0.19736306369304657
2022-09-19 13:53:54, INFO: Loss in epoch 16 is 0.1978012197650969
2022-09-19 13:53:54, INFO: Loss in epoch 17 is 0.19837781321257353
2022-09-19 13:53:54, INFO: Loss in epoch 18 is 0.19773043529130518
2022-09-19 13:53:54, INFO: Loss in epoch 19 is 0.19776311400346458
2022-09-19 13:53:54, INFO: Loss in epoch 20 is 0.1980511851143092
2022-09-19 13:53:54, INFO: Loss in epoch 21 is 0.19715352565981448
2022-09-19 13:53:55, INFO: Loss in epoch 22 is 0.19860536023043096
2022-09-19 13:53:55, INFO: Loss in epoch 23 is 0.19749910896643996
2022-09-19 13:53:55, INFO: Loss in epoch 24 is 0.19726168643683195
2022-09-19 13:53:55, INFO: Loss in epoch 25 is 0.19703092123381793
2022-09-19 13:53:55, INFO: Loss in epoch 26 is 0.19722546613775194
2022-09-19 13:53:55, INFO: Loss in epoch 27 is 0.19716047029942274
2022-09-19 13:53:56, INFO: Loss in epoch 28 is 0.19697566097602248
2022-09-19 13:53:56, INFO: Loss in epoch 29 is 0.1970453462563455
2022-09-19 13:54:39, INFO: train in episode 25 has success rate: 0.40, failure rate: 0.40, average extra time to goal: 25
2022-09-19 13:54:39, INFO: Loss in epoch 0 is 0.20364825846627355
2022-09-19 13:54:39, INFO: Loss in epoch 1 is 0.2023442406207323
2022-09-19 13:54:39, INFO: Loss in epoch 2 is 0.2054518002551049
2022-09-19 13:54:40, INFO: Loss in epoch 3 is 0.2046042897272855
2022-09-19 13:54:40, INFO: Loss in epoch 4 is 0.2009895513765514
2022-09-19 13:54:40, INFO: Loss in epoch 5 is 0.20149135775864124
2022-09-19 13:54:40, INFO: Loss in epoch 6 is 0.19962709140963852
2022-09-19 13:54:40, INFO: Loss in epoch 7 is 0.20287519344128668
2022-09-19 13:54:41, INFO: Loss in epoch 8 is 0.2017263218294829
2022-09-19 13:54:41, INFO: Loss in epoch 9 is 0.20066157006658614
2022-09-19 13:54:41, INFO: Loss in epoch 10 is 0.2001953567378223
2022-09-19 13:54:41, INFO: Loss in epoch 11 is 0.1996057340875268
2022-09-19 13:54:41, INFO: Loss in epoch 12 is 0.19974067155271769
2022-09-19 13:54:42, INFO: Loss in epoch 13 is 0.20262578665278852
2022-09-19 13:54:42, INFO: Loss in epoch 14 is 0.200078462716192
2022-09-19 13:54:42, INFO: Loss in epoch 15 is 0.19941091677173972
2022-09-19 13:54:42, INFO: Loss in epoch 16 is 0.20345234125852585
2022-09-19 13:54:42, INFO: Loss in epoch 17 is 0.2003549870569259
2022-09-19 13:54:43, INFO: Loss in epoch 18 is 0.19974957196973264
2022-09-19 13:54:43, INFO: Loss in epoch 19 is 0.19927793997339904
2022-09-19 13:54:43, INFO: Loss in epoch 20 is 0.2004531635902822
2022-09-19 13:54:43, INFO: Loss in epoch 21 is 0.1995560023933649
2022-09-19 13:54:43, INFO: Loss in epoch 22 is 0.1983297560364008
2022-09-19 13:54:44, INFO: Loss in epoch 23 is 0.19833165523596108
2022-09-19 13:54:44, INFO: Loss in epoch 24 is 0.1981957070529461
2022-09-19 13:54:44, INFO: Loss in epoch 25 is 0.20130360289476812
2022-09-19 13:54:44, INFO: Loss in epoch 26 is 0.19782179547473788
2022-09-19 13:54:44, INFO: Loss in epoch 27 is 0.19743733759969473
2022-09-19 13:54:45, INFO: Loss in epoch 28 is 0.1983351653907448
2022-09-19 13:54:45, INFO: Loss in epoch 29 is 0.19820470665581524
2022-09-19 13:55:20, INFO: train in episode 26 has success rate: 0.80, failure rate: 0.10, average extra time to goal: 21
2022-09-19 13:55:20, INFO: Loss in epoch 0 is 0.2027134953532368
2022-09-19 13:55:20, INFO: Loss in epoch 1 is 0.20429782918654382
2022-09-19 13:55:20, INFO: Loss in epoch 2 is 0.20483528170734644
2022-09-19 13:55:21, INFO: Loss in epoch 3 is 0.20166222425177693
2022-09-19 13:55:21, INFO: Loss in epoch 4 is 0.20209674630314112
2022-09-19 13:55:21, INFO: Loss in epoch 5 is 0.20192840369418263
2022-09-19 13:55:21, INFO: Loss in epoch 6 is 0.20054861507378519
2022-09-19 13:55:22, INFO: Loss in epoch 7 is 0.20047331997193396
2022-09-19 13:55:22, INFO: Loss in epoch 8 is 0.20311946910806
2022-09-19 13:55:22, INFO: Loss in epoch 9 is 0.20021355361677706
2022-09-19 13:55:22, INFO: Loss in epoch 10 is 0.20010589226149023
2022-09-19 13:55:23, INFO: Loss in epoch 11 is 0.19998039421625435
2022-09-19 13:55:23, INFO: Loss in epoch 12 is 0.20074843987822533
2022-09-19 13:55:23, INFO: Loss in epoch 13 is 0.20158606208860874
2022-09-19 13:55:23, INFO: Loss in epoch 14 is 0.20076446142047644
2022-09-19 13:55:24, INFO: Loss in epoch 15 is 0.2002295246347785
2022-09-19 13:55:24, INFO: Loss in epoch 16 is 0.19973384239710867
2022-09-19 13:55:24, INFO: Loss in epoch 17 is 0.19923599832691252
2022-09-19 13:55:24, INFO: Loss in epoch 18 is 0.20052655250765383
2022-09-19 13:55:24, INFO: Loss in epoch 19 is 0.1995659319218248
2022-09-19 13:55:25, INFO: Loss in epoch 20 is 0.19900254206731915
2022-09-19 13:55:25, INFO: Loss in epoch 21 is 0.1986121649388224
2022-09-19 13:55:25, INFO: Loss in epoch 22 is 0.19941142993047833
2022-09-19 13:55:25, INFO: Loss in epoch 23 is 0.19950873404741287
2022-09-19 13:55:25, INFO: Loss in epoch 24 is 0.19914078759029508
2022-09-19 13:55:26, INFO: Loss in epoch 25 is 0.19896119949407876
2022-09-19 13:55:26, INFO: Loss in epoch 26 is 0.20043586567044258
2022-09-19 13:55:26, INFO: Loss in epoch 27 is 0.19766799081116915
2022-09-19 13:55:26, INFO: Loss in epoch 28 is 0.19972574524581432
2022-09-19 13:55:26, INFO: Loss in epoch 29 is 0.19906684453599155
2022-09-19 13:56:18, INFO: train in episode 27 has success rate: 0.40, failure rate: 0.20, average extra time to goal: 34
2022-09-19 13:56:19, INFO: Loss in epoch 0 is 0.20394116011448205
2022-09-19 13:56:19, INFO: Loss in epoch 1 is 0.20260297157801688
2022-09-19 13:56:19, INFO: Loss in epoch 2 is 0.20273015601560473
2022-09-19 13:56:19, INFO: Loss in epoch 3 is 0.20256103109568357
2022-09-19 13:56:19, INFO: Loss in epoch 4 is 0.2027015641797334
2022-09-19 13:56:20, INFO: Loss in epoch 5 is 0.20280020800419152
2022-09-19 13:56:20, INFO: Loss in epoch 6 is 0.20163213508203626
2022-09-19 13:56:20, INFO: Loss in epoch 7 is 0.20313366292975843
2022-09-19 13:56:20, INFO: Loss in epoch 8 is 0.20296050375327468
2022-09-19 13:56:20, INFO: Loss in epoch 9 is 0.20184587431140244
2022-09-19 13:56:21, INFO: Loss in epoch 10 is 0.20172969647683203
2022-09-19 13:56:21, INFO: Loss in epoch 11 is 0.2025613747537136
2022-09-19 13:56:21, INFO: Loss in epoch 12 is 0.2046293520834297
2022-09-19 13:56:21, INFO: Loss in epoch 13 is 0.2019244972616434
2022-09-19 13:56:21, INFO: Loss in epoch 14 is 0.20346281677484512
2022-09-19 13:56:22, INFO: Loss in epoch 15 is 0.20040201116353273
2022-09-19 13:56:22, INFO: Loss in epoch 16 is 0.20034704986028373
2022-09-19 13:56:22, INFO: Loss in epoch 17 is 0.20313045289367437
2022-09-19 13:56:22, INFO: Loss in epoch 18 is 0.20050222892314196
2022-09-19 13:56:22, INFO: Loss in epoch 19 is 0.20036419620737433
2022-09-19 13:56:22, INFO: Loss in epoch 20 is 0.204313411610201
2022-09-19 13:56:23, INFO: Loss in epoch 21 is 0.20104782260023057
2022-09-19 13:56:23, INFO: Loss in epoch 22 is 0.20336632896214724
2022-09-19 13:56:23, INFO: Loss in epoch 23 is 0.2017443343065679
2022-09-19 13:56:23, INFO: Loss in epoch 24 is 0.20050793420523405
2022-09-19 13:56:23, INFO: Loss in epoch 25 is 0.19990767445415258
2022-09-19 13:56:24, INFO: Loss in epoch 26 is 0.20093020284548402
2022-09-19 13:56:24, INFO: Loss in epoch 27 is 0.20015470683574677
2022-09-19 13:56:24, INFO: Loss in epoch 28 is 0.20333078922703862
2022-09-19 13:56:24, INFO: Loss in epoch 29 is 0.20090078096836805
2022-09-19 13:57:04, INFO: train in episode 28 has success rate: 0.50, failure rate: 0.20, average extra time to goal: 30
2022-09-19 13:57:05, INFO: Loss in epoch 0 is 0.20239370153285563
2022-09-19 13:57:05, INFO: Loss in epoch 1 is 0.1994968403596431
2022-09-19 13:57:05, INFO: Loss in epoch 2 is 0.19978398038074374
2022-09-19 13:57:05, INFO: Loss in epoch 3 is 0.20010017603635788
2022-09-19 13:57:05, INFO: Loss in epoch 4 is 0.2017127564176917
2022-09-19 13:57:05, INFO: Loss in epoch 5 is 0.2014926541596651
2022-09-19 13:57:06, INFO: Loss in epoch 6 is 0.1994544060435146
2022-09-19 13:57:06, INFO: Loss in epoch 7 is 0.20086442888714373
2022-09-19 13:57:06, INFO: Loss in epoch 8 is 0.1997390256728977
2022-09-19 13:57:06, INFO: Loss in epoch 9 is 0.2003470454365015
2022-09-19 13:57:06, INFO: Loss in epoch 10 is 0.19937850418500602
2022-09-19 13:57:06, INFO: Loss in epoch 11 is 0.19933913182467222
2022-09-19 13:57:07, INFO: Loss in epoch 12 is 0.20000862935557961
2022-09-19 13:57:07, INFO: Loss in epoch 13 is 0.20129686780273914
2022-09-19 13:57:07, INFO: Loss in epoch 14 is 0.2009973230306059
2022-09-19 13:57:07, INFO: Loss in epoch 15 is 0.19856729079037905
2022-09-19 13:57:07, INFO: Loss in epoch 16 is 0.19881820701994002
2022-09-19 13:57:08, INFO: Loss in epoch 17 is 0.2031556556466967
2022-09-19 13:57:08, INFO: Loss in epoch 18 is 0.198493781266734
2022-09-19 13:57:08, INFO: Loss in epoch 19 is 0.19808253389783204
2022-09-19 13:57:08, INFO: Loss in epoch 20 is 0.19792617368511856
2022-09-19 13:57:08, INFO: Loss in epoch 21 is 0.19708457309752703
2022-09-19 13:57:08, INFO: Loss in epoch 22 is 0.1987135207746178
2022-09-19 13:57:09, INFO: Loss in epoch 23 is 0.1972950838971883
2022-09-19 13:57:09, INFO: Loss in epoch 24 is 0.1975791233126074
2022-09-19 13:57:09, INFO: Loss in epoch 25 is 0.19782010978087783
2022-09-19 13:57:09, INFO: Loss in epoch 26 is 0.19926680042408407
2022-09-19 13:57:09, INFO: Loss in epoch 27 is 0.19860626431182027
2022-09-19 13:57:10, INFO: Loss in epoch 28 is 0.19722356810234487
2022-09-19 13:57:10, INFO: Loss in epoch 29 is 0.19606590177863836
2022-09-19 13:57:43, INFO: train in episode 29 has success rate: 0.40, failure rate: 0.40, average extra time to goal: 14
2022-09-19 13:57:43, INFO: Loss in epoch 0 is 0.1978881461545825
2022-09-19 13:57:43, INFO: Loss in epoch 1 is 0.1981111904606223
2022-09-19 13:57:43, INFO: Loss in epoch 2 is 0.1989120172802359
2022-09-19 13:57:44, INFO: Loss in epoch 3 is 0.19677743478678167
2022-09-19 13:57:44, INFO: Loss in epoch 4 is 0.19763702456839383
2022-09-19 13:57:44, INFO: Loss in epoch 5 is 0.20071739493869245
2022-09-19 13:57:44, INFO: Loss in epoch 6 is 0.1986417060252279
2022-09-19 13:57:44, INFO: Loss in epoch 7 is 0.1968467477709055
2022-09-19 13:57:44, INFO: Loss in epoch 8 is 0.1982543224003166
2022-09-19 13:57:45, INFO: Loss in epoch 9 is 0.1993245123885572
2022-09-19 13:57:45, INFO: Loss in epoch 10 is 0.19830722105689347
2022-09-19 13:57:45, INFO: Loss in epoch 11 is 0.19779089326038957
2022-09-19 13:57:45, INFO: Loss in epoch 12 is 0.19611156242899597
2022-09-19 13:57:45, INFO: Loss in epoch 13 is 0.19504542648792267
2022-09-19 13:57:46, INFO: Loss in epoch 14 is 0.19668718334287405
2022-09-19 13:57:46, INFO: Loss in epoch 15 is 0.19643734907731414
2022-09-19 13:57:46, INFO: Loss in epoch 16 is 0.19797364552505314
2022-09-19 13:57:46, INFO: Loss in epoch 17 is 0.19462379207834601
2022-09-19 13:57:46, INFO: Loss in epoch 18 is 0.1949354459065944
2022-09-19 13:57:46, INFO: Loss in epoch 19 is 0.194609486265108
2022-09-19 13:57:47, INFO: Loss in epoch 20 is 0.1942079949658364
2022-09-19 13:57:47, INFO: Loss in epoch 21 is 0.19414709438569844
2022-09-19 13:57:47, INFO: Loss in epoch 22 is 0.196152318501845
2022-09-19 13:57:47, INFO: Loss in epoch 23 is 0.1952402046881616
2022-09-19 13:57:47, INFO: Loss in epoch 24 is 0.19371957052499056
2022-09-19 13:57:47, INFO: Loss in epoch 25 is 0.19425825239159167
2022-09-19 13:57:48, INFO: Loss in epoch 26 is 0.1936142174527049
2022-09-19 13:57:48, INFO: Loss in epoch 27 is 0.19441093388013542
2022-09-19 13:57:48, INFO: Loss in epoch 28 is 0.19652644637972116
2022-09-19 13:57:48, INFO: Loss in epoch 29 is 0.1941923014819622
2022-09-19 13:58:33, INFO: train in episode 30 has success rate: 0.70, failure rate: 0.20, average extra time to goal: 22
2022-09-19 13:58:33, INFO: Loss in epoch 0 is 0.19507020735181868
2022-09-19 13:58:33, INFO: Loss in epoch 1 is 0.1963547971099615
2022-09-19 13:58:33, INFO: Loss in epoch 2 is 0.19857034110464156
2022-09-19 13:58:33, INFO: Loss in epoch 3 is 0.19707465404644608
2022-09-19 13:58:34, INFO: Loss in epoch 4 is 0.19767939182929695
2022-09-19 13:58:34, INFO: Loss in epoch 5 is 0.19762461469508708
2022-09-19 13:58:34, INFO: Loss in epoch 6 is 0.1949381334707141
2022-09-19 13:58:34, INFO: Loss in epoch 7 is 0.19574072607792914
2022-09-19 13:58:34, INFO: Loss in epoch 8 is 0.1951058788690716
2022-09-19 13:58:35, INFO: Loss in epoch 9 is 0.1964863659814
2022-09-19 13:58:35, INFO: Loss in epoch 10 is 0.19619074882939458
2022-09-19 13:58:35, INFO: Loss in epoch 11 is 0.19600823358632624
2022-09-19 13:58:35, INFO: Loss in epoch 12 is 0.1943507082760334
2022-09-19 13:58:35, INFO: Loss in epoch 13 is 0.19730899715796113
2022-09-19 13:58:36, INFO: Loss in epoch 14 is 0.19514543772675097
2022-09-19 13:58:36, INFO: Loss in epoch 15 is 0.19543699780479074
2022-09-19 13:58:36, INFO: Loss in epoch 16 is 0.1981887051369995
2022-09-19 13:58:36, INFO: Loss in epoch 17 is 0.1995836109854281
2022-09-19 13:58:36, INFO: Loss in epoch 18 is 0.19397663162089884
2022-09-19 13:58:36, INFO: Loss in epoch 19 is 0.1943734441883862
2022-09-19 13:58:37, INFO: Loss in epoch 20 is 0.19512470997869968
2022-09-19 13:58:37, INFO: Loss in epoch 21 is 0.19405592046678066
2022-09-19 13:58:37, INFO: Loss in epoch 22 is 0.1967974896542728
2022-09-19 13:58:37, INFO: Loss in epoch 23 is 0.19608793407678604
2022-09-19 13:58:37, INFO: Loss in epoch 24 is 0.19437100179493427
2022-09-19 13:58:38, INFO: Loss in epoch 25 is 0.19573826645500958
2022-09-19 13:58:38, INFO: Loss in epoch 26 is 0.1955146170221269
2022-09-19 13:58:38, INFO: Loss in epoch 27 is 0.19208035804331303
2022-09-19 13:58:38, INFO: Loss in epoch 28 is 0.192302759969607
2022-09-19 13:58:38, INFO: Loss in epoch 29 is 0.1937964246608317
