2022-09-19 13:26:02, INFO: Using device: cuda:0
2022-09-19 13:33:51, INFO: Total number of state_value pairs: 40000
2022-09-19 13:33:52, INFO: Loss in epoch 0: 0.29
2022-09-19 13:33:52, INFO: Loss in epoch 1: 0.23
2022-09-19 13:33:52, INFO: Loss in epoch 2: 0.19
2022-09-19 13:33:52, INFO: Loss in epoch 3: 0.14
2022-09-19 13:33:52, INFO: Loss in epoch 4: 0.10
2022-09-19 13:33:52, INFO: Loss in epoch 5: 0.09
2022-09-19 13:33:52, INFO: Loss in epoch 6: 0.09
2022-09-19 13:33:52, INFO: Loss in epoch 7: 0.08
2022-09-19 13:33:53, INFO: Loss in epoch 8: 0.08
2022-09-19 13:33:53, INFO: Loss in epoch 9: 0.07
2022-09-19 13:33:53, INFO: Loss in epoch 10: 0.07
2022-09-19 13:33:53, INFO: Loss in epoch 11: 0.06
2022-09-19 13:33:53, INFO: Loss in epoch 12: 0.06
2022-09-19 13:33:53, INFO: Loss in epoch 13: 0.06
2022-09-19 13:33:53, INFO: Loss in epoch 14: 0.06
2022-09-19 13:33:53, INFO: Loss in epoch 15: 0.06
2022-09-19 13:33:53, INFO: Loss in epoch 16: 0.06
2022-09-19 13:33:54, INFO: Loss in epoch 17: 0.05
2022-09-19 13:33:54, INFO: Loss in epoch 18: 0.05
2022-09-19 13:33:54, INFO: Loss in epoch 19: 0.05
2022-09-19 13:33:54, INFO: Loss in epoch 20: 0.05
2022-09-19 13:33:54, INFO: Loss in epoch 21: 0.05
2022-09-19 13:33:54, INFO: Loss in epoch 22: 0.05
2022-09-19 13:33:54, INFO: Loss in epoch 23: 0.05
2022-09-19 13:33:54, INFO: Loss in epoch 24: 0.05
2022-09-19 13:33:55, INFO: Loss in epoch 25: 0.05
2022-09-19 13:33:55, INFO: Loss in epoch 26: 0.05
2022-09-19 13:33:55, INFO: Loss in epoch 27: 0.05
2022-09-19 13:33:55, INFO: Loss in epoch 28: 0.05
2022-09-19 13:33:55, INFO: Loss in epoch 29: 0.05
2022-09-19 13:33:55, INFO: Loss in epoch 30: 0.05
2022-09-19 13:33:55, INFO: Loss in epoch 31: 0.05
2022-09-19 13:33:55, INFO: Loss in epoch 32: 0.05
2022-09-19 13:33:56, INFO: Loss in epoch 33: 0.05
2022-09-19 13:33:56, INFO: Loss in epoch 34: 0.05
2022-09-19 13:33:56, INFO: Loss in epoch 35: 0.05
2022-09-19 13:33:56, INFO: Loss in epoch 36: 0.05
2022-09-19 13:33:56, INFO: Loss in epoch 37: 0.05
2022-09-19 13:33:56, INFO: Loss in epoch 38: 0.05
2022-09-19 13:33:56, INFO: Loss in epoch 39: 0.05
2022-09-19 13:33:56, INFO: Loss in epoch 40: 0.05
2022-09-19 13:33:56, INFO: Loss in epoch 41: 0.05
2022-09-19 13:33:57, INFO: Loss in epoch 42: 0.05
2022-09-19 13:33:57, INFO: Loss in epoch 43: 0.05
2022-09-19 13:33:57, INFO: Loss in epoch 44: 0.05
2022-09-19 13:33:57, INFO: Loss in epoch 45: 0.05
2022-09-19 13:33:57, INFO: Loss in epoch 46: 0.05
2022-09-19 13:33:57, INFO: Loss in epoch 47: 0.05
2022-09-19 13:33:57, INFO: Loss in epoch 48: 0.05
2022-09-19 13:33:57, INFO: Loss in epoch 49: 0.05
2022-09-19 13:33:57, INFO: Loss in epoch 50: 0.05
2022-09-19 13:33:57, INFO: Loss in epoch 51: 0.05
2022-09-19 13:33:58, INFO: Loss in epoch 52: 0.05
2022-09-19 13:33:58, INFO: Loss in epoch 53: 0.05
2022-09-19 13:33:58, INFO: Loss in epoch 54: 0.05
2022-09-19 13:33:58, INFO: Loss in epoch 55: 0.05
2022-09-19 13:33:58, INFO: Loss in epoch 56: 0.05
2022-09-19 13:33:58, INFO: Loss in epoch 57: 0.05
2022-09-19 13:33:58, INFO: Loss in epoch 58: 0.05
2022-09-19 13:33:58, INFO: Loss in epoch 59: 0.05
2022-09-19 13:33:59, INFO: Loss in epoch 60: 0.05
2022-09-19 13:33:59, INFO: Loss in epoch 61: 0.05
2022-09-19 13:33:59, INFO: Loss in epoch 62: 0.05
2022-09-19 13:33:59, INFO: Loss in epoch 63: 0.05
2022-09-19 13:33:59, INFO: Loss in epoch 64: 0.05
2022-09-19 13:33:59, INFO: Loss in epoch 65: 0.05
2022-09-19 13:33:59, INFO: Loss in epoch 66: 0.04
2022-09-19 13:33:59, INFO: Loss in epoch 67: 0.04
2022-09-19 13:33:59, INFO: Loss in epoch 68: 0.04
2022-09-19 13:33:59, INFO: Loss in epoch 69: 0.04
2022-09-19 13:34:00, INFO: Loss in epoch 70: 0.04
2022-09-19 13:34:00, INFO: Loss in epoch 71: 0.04
2022-09-19 13:34:00, INFO: Loss in epoch 72: 0.04
2022-09-19 13:34:00, INFO: Loss in epoch 73: 0.04
2022-09-19 13:34:00, INFO: Loss in epoch 74: 0.04
2022-09-19 13:34:00, INFO: Loss in epoch 75: 0.04
2022-09-19 13:34:01, INFO: Loss in epoch 76: 0.04
2022-09-19 13:34:01, INFO: Loss in epoch 77: 0.04
2022-09-19 13:34:01, INFO: Loss in epoch 78: 0.04
2022-09-19 13:34:01, INFO: Loss in epoch 79: 0.04
2022-09-19 13:34:01, INFO: Loss in epoch 80: 0.04
2022-09-19 13:34:01, INFO: Loss in epoch 81: 0.04
2022-09-19 13:34:01, INFO: Loss in epoch 82: 0.04
2022-09-19 13:34:01, INFO: Loss in epoch 83: 0.04
2022-09-19 13:34:02, INFO: Loss in epoch 84: 0.04
2022-09-19 13:34:02, INFO: Loss in epoch 85: 0.04
2022-09-19 13:34:02, INFO: Loss in epoch 86: 0.04
2022-09-19 13:34:02, INFO: Loss in epoch 87: 0.04
2022-09-19 13:34:02, INFO: Loss in epoch 88: 0.04
2022-09-19 13:34:02, INFO: Loss in epoch 89: 0.04
2022-09-19 13:34:02, INFO: Loss in epoch 90: 0.04
2022-09-19 13:34:03, INFO: Loss in epoch 91: 0.04
2022-09-19 13:34:03, INFO: Loss in epoch 92: 0.04
2022-09-19 13:34:03, INFO: Loss in epoch 93: 0.04
2022-09-19 13:34:03, INFO: Loss in epoch 94: 0.04
2022-09-19 13:34:03, INFO: Loss in epoch 95: 0.04
2022-09-19 13:34:03, INFO: Loss in epoch 96: 0.04
2022-09-19 13:34:03, INFO: Loss in epoch 97: 0.04
2022-09-19 13:34:04, INFO: Loss in epoch 98: 0.04
2022-09-19 13:34:04, INFO: Loss in epoch 99: 0.04
2022-09-19 13:34:04, INFO: Loss in epoch 100: 0.04
2022-09-19 13:34:04, INFO: Loss in epoch 101: 0.04
2022-09-19 13:34:04, INFO: Loss in epoch 102: 0.04
2022-09-19 13:34:04, INFO: Loss in epoch 103: 0.04
2022-09-19 13:34:04, INFO: Loss in epoch 104: 0.04
2022-09-19 13:34:04, INFO: Loss in epoch 105: 0.04
2022-09-19 13:34:05, INFO: Loss in epoch 106: 0.04
2022-09-19 13:34:05, INFO: Loss in epoch 107: 0.04
2022-09-19 13:34:05, INFO: Loss in epoch 108: 0.04
2022-09-19 13:34:05, INFO: Loss in epoch 109: 0.04
2022-09-19 13:34:05, INFO: Loss in epoch 110: 0.04
2022-09-19 13:34:05, INFO: Loss in epoch 111: 0.04
2022-09-19 13:34:05, INFO: Loss in epoch 112: 0.04
2022-09-19 13:34:05, INFO: Loss in epoch 113: 0.04
2022-09-19 13:34:06, INFO: Loss in epoch 114: 0.04
2022-09-19 13:34:06, INFO: Loss in epoch 115: 0.04
2022-09-19 13:34:06, INFO: Loss in epoch 116: 0.04
2022-09-19 13:34:06, INFO: Loss in epoch 117: 0.04
2022-09-19 13:34:06, INFO: Loss in epoch 118: 0.04
2022-09-19 13:34:06, INFO: Loss in epoch 119: 0.04
2022-09-19 13:34:06, INFO: Loss in epoch 120: 0.04
2022-09-19 13:34:07, INFO: Loss in epoch 121: 0.04
2022-09-19 13:34:07, INFO: Loss in epoch 122: 0.04
2022-09-19 13:34:07, INFO: Loss in epoch 123: 0.04
2022-09-19 13:34:07, INFO: Loss in epoch 124: 0.04
2022-09-19 13:34:07, INFO: Loss in epoch 125: 0.04
2022-09-19 13:34:07, INFO: Loss in epoch 126: 0.04
2022-09-19 13:34:07, INFO: Loss in epoch 127: 0.04
2022-09-19 13:34:08, INFO: Loss in epoch 128: 0.04
2022-09-19 13:34:08, INFO: Loss in epoch 129: 0.04
2022-09-19 13:34:08, INFO: Loss in epoch 130: 0.04
2022-09-19 13:34:08, INFO: Loss in epoch 131: 0.04
2022-09-19 13:34:08, INFO: Loss in epoch 132: 0.04
2022-09-19 13:34:08, INFO: Loss in epoch 133: 0.04
2022-09-19 13:34:08, INFO: Loss in epoch 134: 0.04
2022-09-19 13:34:08, INFO: Loss in epoch 135: 0.04
2022-09-19 13:34:09, INFO: Loss in epoch 136: 0.04
2022-09-19 13:34:09, INFO: Loss in epoch 137: 0.04
2022-09-19 13:34:09, INFO: Loss in epoch 138: 0.04
2022-09-19 13:34:09, INFO: Loss in epoch 139: 0.04
2022-09-19 13:34:09, INFO: Loss in epoch 140: 0.04
2022-09-19 13:34:09, INFO: Loss in epoch 141: 0.04
2022-09-19 13:34:09, INFO: Loss in epoch 142: 0.04
2022-09-19 13:34:10, INFO: Loss in epoch 143: 0.04
2022-09-19 13:34:10, INFO: Loss in epoch 144: 0.04
2022-09-19 13:34:10, INFO: Loss in epoch 145: 0.04
2022-09-19 13:34:10, INFO: Loss in epoch 146: 0.04
2022-09-19 13:34:10, INFO: Loss in epoch 147: 0.04
2022-09-19 13:34:10, INFO: Loss in epoch 148: 0.04
2022-09-19 13:34:10, INFO: Loss in epoch 149: 0.04
2022-09-19 13:34:10, INFO: Loss in epoch 150: 0.04
2022-09-19 13:34:11, INFO: Loss in epoch 151: 0.04
2022-09-19 13:34:11, INFO: Loss in epoch 152: 0.04
2022-09-19 13:34:11, INFO: Loss in epoch 153: 0.04
2022-09-19 13:34:11, INFO: Loss in epoch 154: 0.04
2022-09-19 13:34:11, INFO: Loss in epoch 155: 0.04
2022-09-19 13:34:11, INFO: Loss in epoch 156: 0.04
2022-09-19 13:34:11, INFO: Loss in epoch 157: 0.04
2022-09-19 13:34:12, INFO: Loss in epoch 158: 0.04
2022-09-19 13:34:12, INFO: Loss in epoch 159: 0.04
2022-09-19 13:34:12, INFO: Loss in epoch 160: 0.04
2022-09-19 13:34:12, INFO: Loss in epoch 161: 0.04
2022-09-19 13:34:12, INFO: Loss in epoch 162: 0.04
2022-09-19 13:34:12, INFO: Loss in epoch 163: 0.04
2022-09-19 13:34:12, INFO: Loss in epoch 164: 0.04
2022-09-19 13:34:12, INFO: Loss in epoch 165: 0.04
2022-09-19 13:34:12, INFO: Loss in epoch 166: 0.04
2022-09-19 13:34:13, INFO: Loss in epoch 167: 0.04
2022-09-19 13:34:13, INFO: Loss in epoch 168: 0.04
2022-09-19 13:34:13, INFO: Loss in epoch 169: 0.04
2022-09-19 13:34:13, INFO: Loss in epoch 170: 0.04
2022-09-19 13:34:13, INFO: Loss in epoch 171: 0.04
2022-09-19 13:34:13, INFO: Loss in epoch 172: 0.04
2022-09-19 13:34:13, INFO: Loss in epoch 173: 0.04
2022-09-19 13:34:14, INFO: Loss in epoch 174: 0.04
2022-09-19 13:34:14, INFO: Loss in epoch 175: 0.04
2022-09-19 13:34:14, INFO: Loss in epoch 176: 0.04
2022-09-19 13:34:14, INFO: Loss in epoch 177: 0.04
2022-09-19 13:34:14, INFO: Loss in epoch 178: 0.04
2022-09-19 13:34:14, INFO: Loss in epoch 179: 0.04
2022-09-19 13:34:14, INFO: Loss in epoch 180: 0.04
2022-09-19 13:34:15, INFO: Loss in epoch 181: 0.04
2022-09-19 13:34:15, INFO: Loss in epoch 182: 0.04
2022-09-19 13:34:15, INFO: Loss in epoch 183: 0.04
2022-09-19 13:34:15, INFO: Loss in epoch 184: 0.04
2022-09-19 13:34:15, INFO: Loss in epoch 185: 0.04
2022-09-19 13:34:15, INFO: Loss in epoch 186: 0.04
2022-09-19 13:34:15, INFO: Loss in epoch 187: 0.04
2022-09-19 13:34:15, INFO: Loss in epoch 188: 0.04
2022-09-19 13:34:15, INFO: Loss in epoch 189: 0.04
2022-09-19 13:34:16, INFO: Loss in epoch 190: 0.04
2022-09-19 13:34:16, INFO: Loss in epoch 191: 0.04
2022-09-19 13:34:16, INFO: Loss in epoch 192: 0.04
2022-09-19 13:34:16, INFO: Loss in epoch 193: 0.04
2022-09-19 13:34:16, INFO: Loss in epoch 194: 0.04
2022-09-19 13:34:16, INFO: Loss in epoch 195: 0.04
2022-09-19 13:34:16, INFO: Loss in epoch 196: 0.04
2022-09-19 13:34:16, INFO: Loss in epoch 197: 0.04
2022-09-19 13:34:17, INFO: Loss in epoch 198: 0.04
2022-09-19 13:34:17, INFO: Loss in epoch 199: 0.04
2022-09-19 13:34:17, INFO: Loss in epoch 200: 0.04
2022-09-19 13:34:17, INFO: Loss in epoch 201: 0.04
2022-09-19 13:34:17, INFO: Loss in epoch 202: 0.04
2022-09-19 13:34:17, INFO: Loss in epoch 203: 0.04
2022-09-19 13:34:17, INFO: Loss in epoch 204: 0.04
2022-09-19 13:34:18, INFO: Loss in epoch 205: 0.04
2022-09-19 13:34:18, INFO: Loss in epoch 206: 0.04
2022-09-19 13:34:18, INFO: Loss in epoch 207: 0.04
2022-09-19 13:34:18, INFO: Loss in epoch 208: 0.04
2022-09-19 13:34:18, INFO: Loss in epoch 209: 0.04
2022-09-19 13:34:18, INFO: Loss in epoch 210: 0.04
2022-09-19 13:34:18, INFO: Loss in epoch 211: 0.04
2022-09-19 13:34:18, INFO: Loss in epoch 212: 0.04
2022-09-19 13:34:19, INFO: Loss in epoch 213: 0.04
2022-09-19 13:34:19, INFO: Loss in epoch 214: 0.04
2022-09-19 13:34:19, INFO: Loss in epoch 215: 0.04
2022-09-19 13:34:19, INFO: Loss in epoch 216: 0.04
2022-09-19 13:34:19, INFO: Loss in epoch 217: 0.04
2022-09-19 13:34:19, INFO: Loss in epoch 218: 0.04
2022-09-19 13:34:19, INFO: Loss in epoch 219: 0.04
2022-09-19 13:34:20, INFO: Loss in epoch 220: 0.04
2022-09-19 13:34:20, INFO: Loss in epoch 221: 0.04
2022-09-19 13:34:20, INFO: Loss in epoch 222: 0.04
2022-09-19 13:34:20, INFO: Loss in epoch 223: 0.04
2022-09-19 13:34:20, INFO: Loss in epoch 224: 0.04
2022-09-19 13:34:20, INFO: Loss in epoch 225: 0.04
2022-09-19 13:34:20, INFO: Loss in epoch 226: 0.04
2022-09-19 13:34:20, INFO: Loss in epoch 227: 0.04
2022-09-19 13:34:21, INFO: Loss in epoch 228: 0.04
2022-09-19 13:34:21, INFO: Loss in epoch 229: 0.04
2022-09-19 13:34:21, INFO: Loss in epoch 230: 0.04
2022-09-19 13:34:21, INFO: Loss in epoch 231: 0.04
2022-09-19 13:34:21, INFO: Loss in epoch 232: 0.04
2022-09-19 13:34:21, INFO: Loss in epoch 233: 0.04
2022-09-19 13:34:21, INFO: Loss in epoch 234: 0.04
2022-09-19 13:34:21, INFO: Loss in epoch 235: 0.04
2022-09-19 13:34:21, INFO: Loss in epoch 236: 0.04
2022-09-19 13:34:22, INFO: Loss in epoch 237: 0.04
2022-09-19 13:34:22, INFO: Loss in epoch 238: 0.04
2022-09-19 13:34:22, INFO: Loss in epoch 239: 0.04
2022-09-19 13:34:22, INFO: Loss in epoch 240: 0.04
2022-09-19 13:34:22, INFO: Loss in epoch 241: 0.04
2022-09-19 13:34:22, INFO: Loss in epoch 242: 0.04
2022-09-19 13:34:22, INFO: Loss in epoch 243: 0.04
2022-09-19 13:34:22, INFO: Loss in epoch 244: 0.04
2022-09-19 13:34:22, INFO: Loss in epoch 245: 0.04
2022-09-19 13:34:23, INFO: Loss in epoch 246: 0.04
2022-09-19 13:34:23, INFO: Loss in epoch 247: 0.04
2022-09-19 13:34:23, INFO: Loss in epoch 248: 0.04
2022-09-19 13:34:23, INFO: Loss in epoch 249: 0.04
2022-09-19 13:34:23, INFO: Finish initializing model. Model saved
2022-09-19 13:37:50, INFO: test in episode 0 has success rate: 0.17, failure rate: 0.83, average extra time to goal: 9
2022-09-19 13:38:12, INFO: train in episode 0 has success rate: 0.30, failure rate: 0.70, average extra time to goal: 36
2022-09-19 13:38:12, INFO: Loss in epoch 0 is 0.04361255466938019
2022-09-19 13:38:12, INFO: Loss in epoch 1 is 0.0435513611882925
2022-09-19 13:38:12, INFO: Loss in epoch 2 is 0.04347762372344732
2022-09-19 13:38:12, INFO: Loss in epoch 3 is 0.04340419452637434
2022-09-19 13:38:12, INFO: Loss in epoch 4 is 0.04333413019776344
2022-09-19 13:38:12, INFO: Loss in epoch 5 is 0.04326004721224308
2022-09-19 13:38:12, INFO: Loss in epoch 6 is 0.04319707863032818
2022-09-19 13:38:13, INFO: Loss in epoch 7 is 0.043134783394634724
2022-09-19 13:38:13, INFO: Loss in epoch 8 is 0.04307951871305704
2022-09-19 13:38:13, INFO: Loss in epoch 9 is 0.043025558814406395
2022-09-19 13:38:13, INFO: Loss in epoch 10 is 0.042971979826688766
2022-09-19 13:38:13, INFO: Loss in epoch 11 is 0.042921027168631554
2022-09-19 13:38:13, INFO: Loss in epoch 12 is 0.042869181372225285
2022-09-19 13:38:13, INFO: Loss in epoch 13 is 0.0428226413205266
2022-09-19 13:38:13, INFO: Loss in epoch 14 is 0.04277484957128763
2022-09-19 13:38:13, INFO: Loss in epoch 15 is 0.04273133538663387
2022-09-19 13:38:14, INFO: Loss in epoch 16 is 0.0426927525550127
2022-09-19 13:38:14, INFO: Loss in epoch 17 is 0.04264345020055771
2022-09-19 13:38:14, INFO: Loss in epoch 18 is 0.04260261915624142
2022-09-19 13:38:14, INFO: Loss in epoch 19 is 0.04256289917975664
2022-09-19 13:38:14, INFO: Loss in epoch 20 is 0.04252238571643829
2022-09-19 13:38:14, INFO: Loss in epoch 21 is 0.04248624108731747
2022-09-19 13:38:14, INFO: Loss in epoch 22 is 0.04244878329336643
2022-09-19 13:38:14, INFO: Loss in epoch 23 is 0.042409355752170086
2022-09-19 13:38:14, INFO: Loss in epoch 24 is 0.04237463418394327
2022-09-19 13:38:15, INFO: Loss in epoch 25 is 0.042344458401203156
2022-09-19 13:38:15, INFO: Loss in epoch 26 is 0.04230320453643799
2022-09-19 13:38:15, INFO: Loss in epoch 27 is 0.04227259289473295
2022-09-19 13:38:15, INFO: Loss in epoch 28 is 0.042243244126439095
2022-09-19 13:38:15, INFO: Loss in epoch 29 is 0.042203337885439396
2022-09-19 13:38:44, INFO: train in episode 1 has success rate: 0.10, failure rate: 0.70, average extra time to goal: 13
2022-09-19 13:38:44, INFO: Loss in epoch 0 is 0.04352248925715685
2022-09-19 13:38:44, INFO: Loss in epoch 1 is 0.04342170525342226
2022-09-19 13:38:44, INFO: Loss in epoch 2 is 0.04332008399069309
2022-09-19 13:38:44, INFO: Loss in epoch 3 is 0.043222539126873016
2022-09-19 13:38:44, INFO: Loss in epoch 4 is 0.04314081370830536
2022-09-19 13:38:44, INFO: Loss in epoch 5 is 0.04305681958794594
2022-09-19 13:38:44, INFO: Loss in epoch 6 is 0.0429831650108099
2022-09-19 13:38:44, INFO: Loss in epoch 7 is 0.042912923730909824
2022-09-19 13:38:45, INFO: Loss in epoch 8 is 0.04284233506768942
2022-09-19 13:38:45, INFO: Loss in epoch 9 is 0.04277947545051575
2022-09-19 13:38:45, INFO: Loss in epoch 10 is 0.04271028283983469
2022-09-19 13:38:45, INFO: Loss in epoch 11 is 0.04264857620000839
2022-09-19 13:38:45, INFO: Loss in epoch 12 is 0.04259329941123724
2022-09-19 13:38:45, INFO: Loss in epoch 13 is 0.04253774415701628
2022-09-19 13:38:45, INFO: Loss in epoch 14 is 0.042486940510571
2022-09-19 13:38:45, INFO: Loss in epoch 15 is 0.042437177151441574
2022-09-19 13:38:45, INFO: Loss in epoch 16 is 0.042385430075228214
2022-09-19 13:38:45, INFO: Loss in epoch 17 is 0.04233958479017019
2022-09-19 13:38:46, INFO: Loss in epoch 18 is 0.04229444544762373
2022-09-19 13:38:46, INFO: Loss in epoch 19 is 0.04224975313991308
2022-09-19 13:38:46, INFO: Loss in epoch 20 is 0.04220661427825689
2022-09-19 13:38:46, INFO: Loss in epoch 21 is 0.042166661471128464
2022-09-19 13:38:46, INFO: Loss in epoch 22 is 0.04212623089551926
2022-09-19 13:38:46, INFO: Loss in epoch 23 is 0.04208647180348635
2022-09-19 13:38:46, INFO: Loss in epoch 24 is 0.042047951370477676
2022-09-19 13:38:46, INFO: Loss in epoch 25 is 0.04200973454862833
2022-09-19 13:38:46, INFO: Loss in epoch 26 is 0.04197322018444538
2022-09-19 13:38:47, INFO: Loss in epoch 27 is 0.04193572420626879
2022-09-19 13:38:47, INFO: Loss in epoch 28 is 0.04190031345933676
2022-09-19 13:38:47, INFO: Loss in epoch 29 is 0.041865735314786434
2022-09-19 13:39:09, INFO: train in episode 2 has success rate: 0.40, failure rate: 0.60, average extra time to goal: 24
2022-09-19 13:39:09, INFO: Loss in epoch 0 is 0.041824936866760254
2022-09-19 13:39:09, INFO: Loss in epoch 1 is 0.04178380034863949
2022-09-19 13:39:09, INFO: Loss in epoch 2 is 0.04174803476780653
2022-09-19 13:39:09, INFO: Loss in epoch 3 is 0.04170990735292435
2022-09-19 13:39:09, INFO: Loss in epoch 4 is 0.04167343582957983
2022-09-19 13:39:10, INFO: Loss in epoch 5 is 0.04163622483611107
2022-09-19 13:39:10, INFO: Loss in epoch 6 is 0.041602310724556446
2022-09-19 13:39:10, INFO: Loss in epoch 7 is 0.04156711045652628
2022-09-19 13:39:10, INFO: Loss in epoch 8 is 0.041533276438713074
2022-09-19 13:39:10, INFO: Loss in epoch 9 is 0.04150133579969406
2022-09-19 13:39:10, INFO: Loss in epoch 10 is 0.04147103987634182
2022-09-19 13:39:10, INFO: Loss in epoch 11 is 0.0414352361112833
2022-09-19 13:39:10, INFO: Loss in epoch 12 is 0.041403052397072315
2022-09-19 13:39:10, INFO: Loss in epoch 13 is 0.04137326683849096
2022-09-19 13:39:10, INFO: Loss in epoch 14 is 0.041343292221426964
2022-09-19 13:39:11, INFO: Loss in epoch 15 is 0.041311380453407764
2022-09-19 13:39:11, INFO: Loss in epoch 16 is 0.041281321085989475
2022-09-19 13:39:11, INFO: Loss in epoch 17 is 0.0412535909563303
2022-09-19 13:39:11, INFO: Loss in epoch 18 is 0.04122404847294092
2022-09-19 13:39:11, INFO: Loss in epoch 19 is 0.04119397513568401
2022-09-19 13:39:11, INFO: Loss in epoch 20 is 0.041165437549352646
2022-09-19 13:39:11, INFO: Loss in epoch 21 is 0.04113855306059122
2022-09-19 13:39:11, INFO: Loss in epoch 22 is 0.04110961873084307
2022-09-19 13:39:11, INFO: Loss in epoch 23 is 0.04108269885182381
2022-09-19 13:39:11, INFO: Loss in epoch 24 is 0.041055270470678806
2022-09-19 13:39:12, INFO: Loss in epoch 25 is 0.04102803021669388
2022-09-19 13:39:12, INFO: Loss in epoch 26 is 0.04100238997489214
2022-09-19 13:39:12, INFO: Loss in epoch 27 is 0.0409759571775794
2022-09-19 13:39:12, INFO: Loss in epoch 28 is 0.040948934853076935
2022-09-19 13:39:12, INFO: Loss in epoch 29 is 0.04092629440128803
2022-09-19 13:39:33, INFO: train in episode 3 has success rate: 0.30, failure rate: 0.70, average extra time to goal: 32
2022-09-19 13:39:33, INFO: Loss in epoch 0 is 0.0413073543459177
2022-09-19 13:39:34, INFO: Loss in epoch 1 is 0.041276042349636555
2022-09-19 13:39:34, INFO: Loss in epoch 2 is 0.041243938729166985
2022-09-19 13:39:34, INFO: Loss in epoch 3 is 0.041213756427168846
2022-09-19 13:39:34, INFO: Loss in epoch 4 is 0.041182732209563255
2022-09-19 13:39:34, INFO: Loss in epoch 5 is 0.04115124512463808
2022-09-19 13:39:34, INFO: Loss in epoch 6 is 0.0411195307970047
2022-09-19 13:39:34, INFO: Loss in epoch 7 is 0.04109047818928957
2022-09-19 13:39:34, INFO: Loss in epoch 8 is 0.04106364957988262
2022-09-19 13:39:35, INFO: Loss in epoch 9 is 0.04103284049779177
2022-09-19 13:39:35, INFO: Loss in epoch 10 is 0.041003880091011524
2022-09-19 13:39:35, INFO: Loss in epoch 11 is 0.040975891053676605
2022-09-19 13:39:35, INFO: Loss in epoch 12 is 0.040948815643787384
2022-09-19 13:39:35, INFO: Loss in epoch 13 is 0.040923237800598145
2022-09-19 13:39:35, INFO: Loss in epoch 14 is 0.040894404985010624
2022-09-19 13:39:35, INFO: Loss in epoch 15 is 0.04086925555020571
2022-09-19 13:39:35, INFO: Loss in epoch 16 is 0.040842080488801
2022-09-19 13:39:36, INFO: Loss in epoch 17 is 0.04081704281270504
2022-09-19 13:39:36, INFO: Loss in epoch 18 is 0.04079125542193651
2022-09-19 13:39:36, INFO: Loss in epoch 19 is 0.0407657315954566
2022-09-19 13:39:36, INFO: Loss in epoch 20 is 0.040740548633039
2022-09-19 13:39:36, INFO: Loss in epoch 21 is 0.04071585088968277
2022-09-19 13:39:36, INFO: Loss in epoch 22 is 0.04069062415510416
2022-09-19 13:39:36, INFO: Loss in epoch 23 is 0.04066614154726267
2022-09-19 13:39:36, INFO: Loss in epoch 24 is 0.040640588849782944
2022-09-19 13:39:37, INFO: Loss in epoch 25 is 0.040618021972477436
2022-09-19 13:39:37, INFO: Loss in epoch 26 is 0.040593466721475124
2022-09-19 13:39:37, INFO: Loss in epoch 27 is 0.04057390708476305
2022-09-19 13:39:37, INFO: Loss in epoch 28 is 0.04054757859557867
2022-09-19 13:39:37, INFO: Loss in epoch 29 is 0.0405233409255743
2022-09-19 13:40:02, INFO: train in episode 4 has success rate: 0.20, failure rate: 0.70, average extra time to goal: 14
2022-09-19 13:40:02, INFO: Loss in epoch 0 is 0.04132255259901285
2022-09-19 13:40:02, INFO: Loss in epoch 1 is 0.041291759349405766
2022-09-19 13:40:02, INFO: Loss in epoch 2 is 0.04125481843948364
2022-09-19 13:40:02, INFO: Loss in epoch 3 is 0.04122067429125309
2022-09-19 13:40:02, INFO: Loss in epoch 4 is 0.041187532246112823
2022-09-19 13:40:02, INFO: Loss in epoch 5 is 0.04115299042314291
2022-09-19 13:40:02, INFO: Loss in epoch 6 is 0.04112232569605112
2022-09-19 13:40:02, INFO: Loss in epoch 7 is 0.041091714054346085
2022-09-19 13:40:03, INFO: Loss in epoch 8 is 0.041063438169658184
2022-09-19 13:40:03, INFO: Loss in epoch 9 is 0.04103467334061861
2022-09-19 13:40:03, INFO: Loss in epoch 10 is 0.041003793478012085
2022-09-19 13:40:03, INFO: Loss in epoch 11 is 0.040978558361530304
2022-09-19 13:40:03, INFO: Loss in epoch 12 is 0.04095005430281162
2022-09-19 13:40:03, INFO: Loss in epoch 13 is 0.04092300124466419
2022-09-19 13:40:03, INFO: Loss in epoch 14 is 0.04089983459562063
2022-09-19 13:40:04, INFO: Loss in epoch 15 is 0.040873163379728794
2022-09-19 13:40:04, INFO: Loss in epoch 16 is 0.040847315452992916
2022-09-19 13:40:04, INFO: Loss in epoch 17 is 0.04082089941948652
2022-09-19 13:40:04, INFO: Loss in epoch 18 is 0.04079607781022787
2022-09-19 13:40:04, INFO: Loss in epoch 19 is 0.04077413398772478
2022-09-19 13:40:04, INFO: Loss in epoch 20 is 0.0407490786164999
2022-09-19 13:40:04, INFO: Loss in epoch 21 is 0.04072577506303787
2022-09-19 13:40:05, INFO: Loss in epoch 22 is 0.04070075415074825
2022-09-19 13:40:05, INFO: Loss in epoch 23 is 0.040678597055375576
2022-09-19 13:40:05, INFO: Loss in epoch 24 is 0.04065876826643944
2022-09-19 13:40:05, INFO: Loss in epoch 25 is 0.040636761114001274
2022-09-19 13:40:05, INFO: Loss in epoch 26 is 0.040611146949231625
2022-09-19 13:40:05, INFO: Loss in epoch 27 is 0.040587701834738255
2022-09-19 13:40:05, INFO: Loss in epoch 28 is 0.04056469537317753
2022-09-19 13:40:06, INFO: Loss in epoch 29 is 0.04054598603397608
2022-09-19 13:40:31, INFO: train in episode 5 has success rate: 0.20, failure rate: 0.70, average extra time to goal: 37
2022-09-19 13:40:31, INFO: Loss in epoch 0 is 0.0409510163590312
2022-09-19 13:40:32, INFO: Loss in epoch 1 is 0.04092635866254568
2022-09-19 13:40:32, INFO: Loss in epoch 2 is 0.040902700275182724
2022-09-19 13:40:32, INFO: Loss in epoch 3 is 0.0408773235976696
2022-09-19 13:40:32, INFO: Loss in epoch 4 is 0.040860336273908615
2022-09-19 13:40:32, INFO: Loss in epoch 5 is 0.0408312501385808
2022-09-19 13:40:32, INFO: Loss in epoch 6 is 0.04080655612051487
2022-09-19 13:40:32, INFO: Loss in epoch 7 is 0.04078405909240246
2022-09-19 13:40:32, INFO: Loss in epoch 8 is 0.04075966589152813
2022-09-19 13:40:33, INFO: Loss in epoch 9 is 0.04073918517678976
2022-09-19 13:40:33, INFO: Loss in epoch 10 is 0.04071549512445927
2022-09-19 13:40:33, INFO: Loss in epoch 11 is 0.04069254547357559
2022-09-19 13:40:33, INFO: Loss in epoch 12 is 0.04067141376435757
2022-09-19 13:40:33, INFO: Loss in epoch 13 is 0.040652887895703316
2022-09-19 13:40:33, INFO: Loss in epoch 14 is 0.04062834847718477
2022-09-19 13:40:33, INFO: Loss in epoch 15 is 0.04060876835137606
2022-09-19 13:40:33, INFO: Loss in epoch 16 is 0.04059000965207815
2022-09-19 13:40:33, INFO: Loss in epoch 17 is 0.04056497849524021
2022-09-19 13:40:33, INFO: Loss in epoch 18 is 0.04054281394928694
2022-09-19 13:40:34, INFO: Loss in epoch 19 is 0.04052317049354315
2022-09-19 13:40:34, INFO: Loss in epoch 20 is 0.04050620645284653
2022-09-19 13:40:34, INFO: Loss in epoch 21 is 0.04048869013786316
2022-09-19 13:40:34, INFO: Loss in epoch 22 is 0.0404663709923625
2022-09-19 13:40:34, INFO: Loss in epoch 23 is 0.040441956371068954
2022-09-19 13:40:34, INFO: Loss in epoch 24 is 0.04042172431945801
2022-09-19 13:40:34, INFO: Loss in epoch 25 is 0.040401886217296124
2022-09-19 13:40:34, INFO: Loss in epoch 26 is 0.04038187023252249
2022-09-19 13:40:34, INFO: Loss in epoch 27 is 0.04036582261323929
2022-09-19 13:40:35, INFO: Loss in epoch 28 is 0.04034631233662367
2022-09-19 13:40:35, INFO: Loss in epoch 29 is 0.04032440669834614
2022-09-19 13:41:01, INFO: train in episode 6 has success rate: 0.40, failure rate: 0.50, average extra time to goal: 13
2022-09-19 13:41:01, INFO: Loss in epoch 0 is 0.04098622966557741
2022-09-19 13:41:02, INFO: Loss in epoch 1 is 0.040972004644572735
2022-09-19 13:41:02, INFO: Loss in epoch 2 is 0.04094717185944319
2022-09-19 13:41:02, INFO: Loss in epoch 3 is 0.04092688579112291
2022-09-19 13:41:02, INFO: Loss in epoch 4 is 0.04090529214590788
2022-09-19 13:41:02, INFO: Loss in epoch 5 is 0.04088600352406502
2022-09-19 13:41:02, INFO: Loss in epoch 6 is 0.040867446921765804
2022-09-19 13:41:02, INFO: Loss in epoch 7 is 0.040846032090485096
2022-09-19 13:41:02, INFO: Loss in epoch 8 is 0.04082750901579857
2022-09-19 13:41:02, INFO: Loss in epoch 9 is 0.0408066101372242
2022-09-19 13:41:02, INFO: Loss in epoch 10 is 0.04079078324139118
2022-09-19 13:41:03, INFO: Loss in epoch 11 is 0.04077116958796978
2022-09-19 13:41:03, INFO: Loss in epoch 12 is 0.04075170215219259
2022-09-19 13:41:03, INFO: Loss in epoch 13 is 0.0407324843108654
2022-09-19 13:41:03, INFO: Loss in epoch 14 is 0.040714168921113014
2022-09-19 13:41:03, INFO: Loss in epoch 15 is 0.040696222335100174
2022-09-19 13:41:03, INFO: Loss in epoch 16 is 0.04067700915038586
2022-09-19 13:41:03, INFO: Loss in epoch 17 is 0.04065690003335476
2022-09-19 13:41:03, INFO: Loss in epoch 18 is 0.04064401425421238
2022-09-19 13:41:03, INFO: Loss in epoch 19 is 0.04062437545508146
2022-09-19 13:41:03, INFO: Loss in epoch 20 is 0.04060534667223692
2022-09-19 13:41:04, INFO: Loss in epoch 21 is 0.04058620799332857
2022-09-19 13:41:04, INFO: Loss in epoch 22 is 0.04056977108120918
2022-09-19 13:41:04, INFO: Loss in epoch 23 is 0.040550556033849716
2022-09-19 13:41:04, INFO: Loss in epoch 24 is 0.04053630959242582
2022-09-19 13:41:04, INFO: Loss in epoch 25 is 0.04051585402339697
2022-09-19 13:41:04, INFO: Loss in epoch 26 is 0.040498947724699974
2022-09-19 13:41:04, INFO: Loss in epoch 27 is 0.04048297647386789
2022-09-19 13:41:04, INFO: Loss in epoch 28 is 0.04046481102705002
2022-09-19 13:41:04, INFO: Loss in epoch 29 is 0.040447686798870564
2022-09-19 13:41:28, INFO: train in episode 7 has success rate: 0.60, failure rate: 0.40, average extra time to goal: 17
2022-09-19 13:41:28, INFO: Loss in epoch 0 is 0.0407865047454834
2022-09-19 13:41:28, INFO: Loss in epoch 1 is 0.0407726364210248
2022-09-19 13:41:28, INFO: Loss in epoch 2 is 0.040753548964858055
2022-09-19 13:41:28, INFO: Loss in epoch 3 is 0.04073541518300772
2022-09-19 13:41:28, INFO: Loss in epoch 4 is 0.04071876220405102
2022-09-19 13:41:28, INFO: Loss in epoch 5 is 0.040699271485209465
2022-09-19 13:41:28, INFO: Loss in epoch 6 is 0.040683306753635406
2022-09-19 13:41:29, INFO: Loss in epoch 7 is 0.0406658248975873
2022-09-19 13:41:29, INFO: Loss in epoch 8 is 0.04064829833805561
2022-09-19 13:41:29, INFO: Loss in epoch 9 is 0.040633056312799454
2022-09-19 13:41:29, INFO: Loss in epoch 10 is 0.040614924393594265
2022-09-19 13:41:29, INFO: Loss in epoch 11 is 0.04059796314686537
2022-09-19 13:41:29, INFO: Loss in epoch 12 is 0.0405869260430336
2022-09-19 13:41:29, INFO: Loss in epoch 13 is 0.040568931959569454
2022-09-19 13:41:29, INFO: Loss in epoch 14 is 0.0405489020049572
2022-09-19 13:41:29, INFO: Loss in epoch 15 is 0.04053077474236488
2022-09-19 13:41:30, INFO: Loss in epoch 16 is 0.04051616229116917
2022-09-19 13:41:30, INFO: Loss in epoch 17 is 0.04050183016806841
2022-09-19 13:41:30, INFO: Loss in epoch 18 is 0.040485153906047344
2022-09-19 13:41:30, INFO: Loss in epoch 19 is 0.040470220148563385
2022-09-19 13:41:30, INFO: Loss in epoch 20 is 0.04044955689460039
2022-09-19 13:41:30, INFO: Loss in epoch 21 is 0.040433784015476704
2022-09-19 13:41:30, INFO: Loss in epoch 22 is 0.04041905328631401
2022-09-19 13:41:30, INFO: Loss in epoch 23 is 0.040400837548077106
2022-09-19 13:41:30, INFO: Loss in epoch 24 is 0.04038738179951906
2022-09-19 13:41:31, INFO: Loss in epoch 25 is 0.04036993905901909
2022-09-19 13:41:31, INFO: Loss in epoch 26 is 0.04035197198390961
2022-09-19 13:41:31, INFO: Loss in epoch 27 is 0.04033851344138384
2022-09-19 13:41:31, INFO: Loss in epoch 28 is 0.040319694206118584
2022-09-19 13:41:31, INFO: Loss in epoch 29 is 0.040304576978087425
2022-09-19 13:41:59, INFO: train in episode 8 has success rate: 0.50, failure rate: 0.50, average extra time to goal: 31
2022-09-19 13:42:00, INFO: Loss in epoch 0 is 0.04070921614766121
2022-09-19 13:42:00, INFO: Loss in epoch 1 is 0.04069086071103811
2022-09-19 13:42:00, INFO: Loss in epoch 2 is 0.040674502961337566
2022-09-19 13:42:00, INFO: Loss in epoch 3 is 0.04066070821136236
2022-09-19 13:42:00, INFO: Loss in epoch 4 is 0.040637181140482426
2022-09-19 13:42:00, INFO: Loss in epoch 5 is 0.04062319453805685
2022-09-19 13:42:00, INFO: Loss in epoch 6 is 0.040607486851513386
2022-09-19 13:42:00, INFO: Loss in epoch 7 is 0.04058568738400936
2022-09-19 13:42:00, INFO: Loss in epoch 8 is 0.040567563846707344
2022-09-19 13:42:00, INFO: Loss in epoch 9 is 0.04055153764784336
2022-09-19 13:42:01, INFO: Loss in epoch 10 is 0.04053368233144283
2022-09-19 13:42:01, INFO: Loss in epoch 11 is 0.040517715737223625
2022-09-19 13:42:01, INFO: Loss in epoch 12 is 0.040500893257558346
2022-09-19 13:42:01, INFO: Loss in epoch 13 is 0.04048653971403837
2022-09-19 13:42:01, INFO: Loss in epoch 14 is 0.04046844597905874
2022-09-19 13:42:01, INFO: Loss in epoch 15 is 0.04045283142477274
2022-09-19 13:42:01, INFO: Loss in epoch 16 is 0.040436782874166965
2022-09-19 13:42:01, INFO: Loss in epoch 17 is 0.04042014107108116
2022-09-19 13:42:01, INFO: Loss in epoch 18 is 0.040406301617622375
2022-09-19 13:42:01, INFO: Loss in epoch 19 is 0.04038928356021643
2022-09-19 13:42:02, INFO: Loss in epoch 20 is 0.040375176817178726
2022-09-19 13:42:02, INFO: Loss in epoch 21 is 0.04035917762666941
2022-09-19 13:42:02, INFO: Loss in epoch 22 is 0.040345367044210434
2022-09-19 13:42:02, INFO: Loss in epoch 23 is 0.040327224880456924
2022-09-19 13:42:02, INFO: Loss in epoch 24 is 0.04031857382506132
2022-09-19 13:42:02, INFO: Loss in epoch 25 is 0.04029987473040819
2022-09-19 13:42:02, INFO: Loss in epoch 26 is 0.040286396630108356
2022-09-19 13:42:02, INFO: Loss in epoch 27 is 0.04026982560753822
2022-09-19 13:42:02, INFO: Loss in epoch 28 is 0.0402565523982048
2022-09-19 13:42:02, INFO: Loss in epoch 29 is 0.04024213459342718
2022-09-19 13:42:32, INFO: train in episode 9 has success rate: 0.50, failure rate: 0.40, average extra time to goal: 28
2022-09-19 13:42:32, INFO: Loss in epoch 0 is 0.04064619913697243
2022-09-19 13:42:32, INFO: Loss in epoch 1 is 0.040627721697092056
2022-09-19 13:42:33, INFO: Loss in epoch 2 is 0.04061714466661215
2022-09-19 13:42:33, INFO: Loss in epoch 3 is 0.040597230195999146
2022-09-19 13:42:33, INFO: Loss in epoch 4 is 0.04058206267654896
2022-09-19 13:42:33, INFO: Loss in epoch 5 is 0.040565162897109985
2022-09-19 13:42:33, INFO: Loss in epoch 6 is 0.040546031668782234
2022-09-19 13:42:33, INFO: Loss in epoch 7 is 0.04053414426743984
2022-09-19 13:42:33, INFO: Loss in epoch 8 is 0.04052369575947523
2022-09-19 13:42:33, INFO: Loss in epoch 9 is 0.04050165042281151
2022-09-19 13:42:33, INFO: Loss in epoch 10 is 0.04048680607229471
2022-09-19 13:42:34, INFO: Loss in epoch 11 is 0.04046857077628374
2022-09-19 13:42:34, INFO: Loss in epoch 12 is 0.0404567439109087
2022-09-19 13:42:34, INFO: Loss in epoch 13 is 0.04044175334274769
2022-09-19 13:42:34, INFO: Loss in epoch 14 is 0.04042601305991411
2022-09-19 13:42:34, INFO: Loss in epoch 15 is 0.040411991998553276
2022-09-19 13:42:34, INFO: Loss in epoch 16 is 0.040394922718405724
2022-09-19 13:42:34, INFO: Loss in epoch 17 is 0.040387832559645176
2022-09-19 13:42:34, INFO: Loss in epoch 18 is 0.04036639165133238
2022-09-19 13:42:34, INFO: Loss in epoch 19 is 0.04035478364676237
2022-09-19 13:42:35, INFO: Loss in epoch 20 is 0.040336537174880505
2022-09-19 13:42:35, INFO: Loss in epoch 21 is 0.04032608401030302
2022-09-19 13:42:35, INFO: Loss in epoch 22 is 0.04031467158347368
2022-09-19 13:42:35, INFO: Loss in epoch 23 is 0.04029807820916176
2022-09-19 13:42:35, INFO: Loss in epoch 24 is 0.04028471000492573
2022-09-19 13:42:35, INFO: Loss in epoch 25 is 0.040271841920912266
2022-09-19 13:42:35, INFO: Loss in epoch 26 is 0.04025586135685444
2022-09-19 13:42:35, INFO: Loss in epoch 27 is 0.04024147894233465
2022-09-19 13:42:35, INFO: Loss in epoch 28 is 0.04023055825382471
2022-09-19 13:42:35, INFO: Loss in epoch 29 is 0.04021506942808628
2022-09-19 13:43:05, INFO: train in episode 10 has success rate: 0.50, failure rate: 0.40, average extra time to goal: 23
2022-09-19 13:43:05, INFO: Loss in epoch 0 is 0.040844337083399296
2022-09-19 13:43:05, INFO: Loss in epoch 1 is 0.04082760773599148
2022-09-19 13:43:05, INFO: Loss in epoch 2 is 0.040811640210449696
2022-09-19 13:43:05, INFO: Loss in epoch 3 is 0.04079545754939318
2022-09-19 13:43:06, INFO: Loss in epoch 4 is 0.040780073031783104
2022-09-19 13:43:06, INFO: Loss in epoch 5 is 0.04076504614204168
2022-09-19 13:43:06, INFO: Loss in epoch 6 is 0.040750266052782536
2022-09-19 13:43:06, INFO: Loss in epoch 7 is 0.04073369596153498
2022-09-19 13:43:06, INFO: Loss in epoch 8 is 0.040719457902014256
2022-09-19 13:43:06, INFO: Loss in epoch 9 is 0.040704586543142796
2022-09-19 13:43:06, INFO: Loss in epoch 10 is 0.04069062042981386
2022-09-19 13:43:06, INFO: Loss in epoch 11 is 0.04067586548626423
2022-09-19 13:43:06, INFO: Loss in epoch 12 is 0.04066070448607206
2022-09-19 13:43:06, INFO: Loss in epoch 13 is 0.040647310204803944
2022-09-19 13:43:07, INFO: Loss in epoch 14 is 0.04063189122825861
2022-09-19 13:43:07, INFO: Loss in epoch 15 is 0.040619480423629284
2022-09-19 13:43:07, INFO: Loss in epoch 16 is 0.04060412850230932
2022-09-19 13:43:07, INFO: Loss in epoch 17 is 0.040590581484138966
2022-09-19 13:43:07, INFO: Loss in epoch 18 is 0.04057847987860441
2022-09-19 13:43:07, INFO: Loss in epoch 19 is 0.04056573659181595
2022-09-19 13:43:07, INFO: Loss in epoch 20 is 0.04054985661059618
2022-09-19 13:43:07, INFO: Loss in epoch 21 is 0.04053675290197134
2022-09-19 13:43:07, INFO: Loss in epoch 22 is 0.04052366502583027
2022-09-19 13:43:08, INFO: Loss in epoch 23 is 0.04051084257662296
2022-09-19 13:43:08, INFO: Loss in epoch 24 is 0.040500542148947716
2022-09-19 13:43:08, INFO: Loss in epoch 25 is 0.04048419650644064
2022-09-19 13:43:08, INFO: Loss in epoch 26 is 0.040473089553415775
2022-09-19 13:43:08, INFO: Loss in epoch 27 is 0.04045841097831726
2022-09-19 13:43:08, INFO: Loss in epoch 28 is 0.04044925048947334
2022-09-19 13:43:08, INFO: Loss in epoch 29 is 0.04043327923864126
2022-09-19 13:43:31, INFO: train in episode 11 has success rate: 0.40, failure rate: 0.60, average extra time to goal: 13
2022-09-19 13:43:31, INFO: Loss in epoch 0 is 0.04039751831442118
2022-09-19 13:43:31, INFO: Loss in epoch 1 is 0.04038445185869932
2022-09-19 13:43:31, INFO: Loss in epoch 2 is 0.04037103150039911
2022-09-19 13:43:31, INFO: Loss in epoch 3 is 0.04036059137433767
2022-09-19 13:43:31, INFO: Loss in epoch 4 is 0.04034747462719679
2022-09-19 13:43:31, INFO: Loss in epoch 5 is 0.04033768270164728
2022-09-19 13:43:31, INFO: Loss in epoch 6 is 0.04032230004668236
2022-09-19 13:43:32, INFO: Loss in epoch 7 is 0.040310051292181015
2022-09-19 13:43:32, INFO: Loss in epoch 8 is 0.040297907777130604
2022-09-19 13:43:32, INFO: Loss in epoch 9 is 0.040286063216626644
2022-09-19 13:43:32, INFO: Loss in epoch 10 is 0.04027407057583332
2022-09-19 13:43:32, INFO: Loss in epoch 11 is 0.04026536177843809
2022-09-19 13:43:32, INFO: Loss in epoch 12 is 0.040252882055938244
2022-09-19 13:43:32, INFO: Loss in epoch 13 is 0.04023800045251846
2022-09-19 13:43:33, INFO: Loss in epoch 14 is 0.040226652286946774
2022-09-19 13:43:33, INFO: Loss in epoch 15 is 0.0402164813131094
2022-09-19 13:43:33, INFO: Loss in epoch 16 is 0.04020489938557148
2022-09-19 13:43:33, INFO: Loss in epoch 17 is 0.0401942478492856
2022-09-19 13:43:33, INFO: Loss in epoch 18 is 0.040181009098887444
2022-09-19 13:43:33, INFO: Loss in epoch 19 is 0.040169996209442616
2022-09-19 13:43:33, INFO: Loss in epoch 20 is 0.040157442912459373
2022-09-19 13:43:33, INFO: Loss in epoch 21 is 0.040146321058273315
2022-09-19 13:43:33, INFO: Loss in epoch 22 is 0.04013610631227493
2022-09-19 13:43:34, INFO: Loss in epoch 23 is 0.040124122984707355
2022-09-19 13:43:34, INFO: Loss in epoch 24 is 0.04011366795748472
2022-09-19 13:43:34, INFO: Loss in epoch 25 is 0.04010458290576935
2022-09-19 13:43:34, INFO: Loss in epoch 26 is 0.040095824748277664
2022-09-19 13:43:34, INFO: Loss in epoch 27 is 0.040082271210849285
2022-09-19 13:43:34, INFO: Loss in epoch 28 is 0.04007099289447069
2022-09-19 13:43:34, INFO: Loss in epoch 29 is 0.040059871040284634
2022-09-19 13:44:06, INFO: train in episode 12 has success rate: 0.30, failure rate: 0.60, average extra time to goal: 35
2022-09-19 13:44:06, INFO: Loss in epoch 0 is 0.04081808589398861
2022-09-19 13:44:06, INFO: Loss in epoch 1 is 0.04080810118466616
2022-09-19 13:44:06, INFO: Loss in epoch 2 is 0.04079544823616743
2022-09-19 13:44:06, INFO: Loss in epoch 3 is 0.04078695457428694
2022-09-19 13:44:06, INFO: Loss in epoch 4 is 0.04078354872763157
2022-09-19 13:44:06, INFO: Loss in epoch 5 is 0.040763902477920055
2022-09-19 13:44:06, INFO: Loss in epoch 6 is 0.04075007978826761
2022-09-19 13:44:06, INFO: Loss in epoch 7 is 0.04073832556605339
2022-09-19 13:44:07, INFO: Loss in epoch 8 is 0.04073059745132923
2022-09-19 13:44:07, INFO: Loss in epoch 9 is 0.040714715607464314
2022-09-19 13:44:07, INFO: Loss in epoch 10 is 0.040704588405787945
2022-09-19 13:44:07, INFO: Loss in epoch 11 is 0.040690742433071136
2022-09-19 13:44:07, INFO: Loss in epoch 12 is 0.04068741388618946
2022-09-19 13:44:07, INFO: Loss in epoch 13 is 0.04066758509725332
2022-09-19 13:44:07, INFO: Loss in epoch 14 is 0.040658555924892426
2022-09-19 13:44:07, INFO: Loss in epoch 15 is 0.040646604262292385
2022-09-19 13:44:07, INFO: Loss in epoch 16 is 0.040635062381625175
2022-09-19 13:44:08, INFO: Loss in epoch 17 is 0.040627759881317616
2022-09-19 13:44:08, INFO: Loss in epoch 18 is 0.04061279818415642
2022-09-19 13:44:08, INFO: Loss in epoch 19 is 0.04060585517436266
2022-09-19 13:44:08, INFO: Loss in epoch 20 is 0.040598876774311066
2022-09-19 13:44:08, INFO: Loss in epoch 21 is 0.04057998675853014
2022-09-19 13:44:08, INFO: Loss in epoch 22 is 0.04057271033525467
2022-09-19 13:44:08, INFO: Loss in epoch 23 is 0.040558913722634315
2022-09-19 13:44:08, INFO: Loss in epoch 24 is 0.04054930806159973
2022-09-19 13:44:09, INFO: Loss in epoch 25 is 0.040537720546126366
2022-09-19 13:44:09, INFO: Loss in epoch 26 is 0.04052839241921902
2022-09-19 13:44:09, INFO: Loss in epoch 27 is 0.0405146861448884
2022-09-19 13:44:09, INFO: Loss in epoch 28 is 0.04050703905522823
2022-09-19 13:44:09, INFO: Loss in epoch 29 is 0.04049731697887182
2022-09-19 13:45:02, INFO: train in episode 13 has success rate: 0.50, failure rate: 0.30, average extra time to goal: 34
2022-09-19 13:45:03, INFO: Loss in epoch 0 is 0.04056715127080679
2022-09-19 13:45:03, INFO: Loss in epoch 1 is 0.04054902959614992
2022-09-19 13:45:03, INFO: Loss in epoch 2 is 0.04053439386188984
2022-09-19 13:45:03, INFO: Loss in epoch 3 is 0.04052362684160471
2022-09-19 13:45:03, INFO: Loss in epoch 4 is 0.04051514249294996
2022-09-19 13:45:03, INFO: Loss in epoch 5 is 0.04050156753510237
2022-09-19 13:45:03, INFO: Loss in epoch 6 is 0.04048943519592285
2022-09-19 13:45:03, INFO: Loss in epoch 7 is 0.04047424905002117
2022-09-19 13:45:03, INFO: Loss in epoch 8 is 0.04046240448951721
2022-09-19 13:45:04, INFO: Loss in epoch 9 is 0.04045233130455017
2022-09-19 13:45:04, INFO: Loss in epoch 10 is 0.04043902177363634
2022-09-19 13:45:04, INFO: Loss in epoch 11 is 0.040428961627185345
2022-09-19 13:45:04, INFO: Loss in epoch 12 is 0.04041682556271553
2022-09-19 13:45:04, INFO: Loss in epoch 13 is 0.04040899779647589
2022-09-19 13:45:04, INFO: Loss in epoch 14 is 0.04039293713867664
2022-09-19 13:45:04, INFO: Loss in epoch 15 is 0.04038328770548105
2022-09-19 13:45:04, INFO: Loss in epoch 16 is 0.04037689138203859
2022-09-19 13:45:05, INFO: Loss in epoch 17 is 0.04036295413970947
2022-09-19 13:45:05, INFO: Loss in epoch 18 is 0.04035354312509298
2022-09-19 13:45:05, INFO: Loss in epoch 19 is 0.040338728576898575
2022-09-19 13:45:05, INFO: Loss in epoch 20 is 0.04032851383090019
2022-09-19 13:45:05, INFO: Loss in epoch 21 is 0.04031592886894941
2022-09-19 13:45:05, INFO: Loss in epoch 22 is 0.04030586499720812
2022-09-19 13:45:05, INFO: Loss in epoch 23 is 0.04029649682343006
2022-09-19 13:45:05, INFO: Loss in epoch 24 is 0.0402837423607707
2022-09-19 13:45:05, INFO: Loss in epoch 25 is 0.04027672857046127
2022-09-19 13:45:06, INFO: Loss in epoch 26 is 0.040263231843709946
2022-09-19 13:45:06, INFO: Loss in epoch 27 is 0.040253921411931515
2022-09-19 13:45:06, INFO: Loss in epoch 28 is 0.04024567827582359
2022-09-19 13:45:06, INFO: Loss in epoch 29 is 0.040234362706542015
2022-09-19 13:45:32, INFO: train in episode 14 has success rate: 0.60, failure rate: 0.40, average extra time to goal: 18
2022-09-19 13:45:32, INFO: Loss in epoch 0 is 0.04039028473198414
2022-09-19 13:45:32, INFO: Loss in epoch 1 is 0.04038344044238329
2022-09-19 13:45:32, INFO: Loss in epoch 2 is 0.04036909528076649
2022-09-19 13:45:32, INFO: Loss in epoch 3 is 0.04035986587405205
2022-09-19 13:45:32, INFO: Loss in epoch 4 is 0.04034795146435499
2022-09-19 13:45:32, INFO: Loss in epoch 5 is 0.040340254083275795
2022-09-19 13:45:33, INFO: Loss in epoch 6 is 0.04032640904188156
2022-09-19 13:45:33, INFO: Loss in epoch 7 is 0.0403184462338686
2022-09-19 13:45:33, INFO: Loss in epoch 8 is 0.04031088016927242
2022-09-19 13:45:33, INFO: Loss in epoch 9 is 0.040294540114700794
2022-09-19 13:45:33, INFO: Loss in epoch 10 is 0.040286118164658546
2022-09-19 13:45:33, INFO: Loss in epoch 11 is 0.04027867317199707
2022-09-19 13:45:33, INFO: Loss in epoch 12 is 0.04027047287672758
2022-09-19 13:45:33, INFO: Loss in epoch 13 is 0.04025558289140463
2022-09-19 13:45:34, INFO: Loss in epoch 14 is 0.04024798423051834
2022-09-19 13:45:34, INFO: Loss in epoch 15 is 0.04023702349513769
2022-09-19 13:45:34, INFO: Loss in epoch 16 is 0.04022866487503052
2022-09-19 13:45:34, INFO: Loss in epoch 17 is 0.04022466950118542
2022-09-19 13:45:34, INFO: Loss in epoch 18 is 0.040206991136074066
2022-09-19 13:45:34, INFO: Loss in epoch 19 is 0.04020214546471834
2022-09-19 13:45:34, INFO: Loss in epoch 20 is 0.04019501246511936
2022-09-19 13:45:34, INFO: Loss in epoch 21 is 0.04018204286694527
2022-09-19 13:45:35, INFO: Loss in epoch 22 is 0.04017600789666176
2022-09-19 13:45:35, INFO: Loss in epoch 23 is 0.040172821842134
2022-09-19 13:45:35, INFO: Loss in epoch 24 is 0.040158494375646114
2022-09-19 13:45:35, INFO: Loss in epoch 25 is 0.040147979743778706
2022-09-19 13:45:35, INFO: Loss in epoch 26 is 0.04013729561120272
2022-09-19 13:45:35, INFO: Loss in epoch 27 is 0.04013089556246996
2022-09-19 13:45:35, INFO: Loss in epoch 28 is 0.040119036100804806
2022-09-19 13:45:35, INFO: Loss in epoch 29 is 0.04010776709765196
2022-09-19 13:46:13, INFO: train in episode 15 has success rate: 0.60, failure rate: 0.30, average extra time to goal: 20
2022-09-19 13:46:13, INFO: Loss in epoch 0 is 0.04054442327469587
2022-09-19 13:46:13, INFO: Loss in epoch 1 is 0.0405332837253809
2022-09-19 13:46:13, INFO: Loss in epoch 2 is 0.040525482036173344
2022-09-19 13:46:13, INFO: Loss in epoch 3 is 0.04051526170223951
2022-09-19 13:46:14, INFO: Loss in epoch 4 is 0.040505530312657356
2022-09-19 13:46:14, INFO: Loss in epoch 5 is 0.04049345012754202
2022-09-19 13:46:14, INFO: Loss in epoch 6 is 0.04048603121191263
2022-09-19 13:46:14, INFO: Loss in epoch 7 is 0.04047476779669523
2022-09-19 13:46:14, INFO: Loss in epoch 8 is 0.04046576749533415
2022-09-19 13:46:14, INFO: Loss in epoch 9 is 0.04045712761580944
2022-09-19 13:46:14, INFO: Loss in epoch 10 is 0.0404512993991375
2022-09-19 13:46:14, INFO: Loss in epoch 11 is 0.040438780561089516
2022-09-19 13:46:15, INFO: Loss in epoch 12 is 0.04042710829526186
2022-09-19 13:46:15, INFO: Loss in epoch 13 is 0.04042467940598726
2022-09-19 13:46:15, INFO: Loss in epoch 14 is 0.0404166616499424
2022-09-19 13:46:15, INFO: Loss in epoch 15 is 0.04039867874234915
2022-09-19 13:46:15, INFO: Loss in epoch 16 is 0.04039510991424322
2022-09-19 13:46:15, INFO: Loss in epoch 17 is 0.04038431588560343
2022-09-19 13:46:15, INFO: Loss in epoch 18 is 0.04037172347307205
2022-09-19 13:46:15, INFO: Loss in epoch 19 is 0.04036413598805666
2022-09-19 13:46:15, INFO: Loss in epoch 20 is 0.04035479575395584
2022-09-19 13:46:15, INFO: Loss in epoch 21 is 0.040345752611756325
2022-09-19 13:46:16, INFO: Loss in epoch 22 is 0.04033767990767956
2022-09-19 13:46:16, INFO: Loss in epoch 23 is 0.040328522212803364
2022-09-19 13:46:16, INFO: Loss in epoch 24 is 0.040319040417671204
2022-09-19 13:46:16, INFO: Loss in epoch 25 is 0.04031182546168566
2022-09-19 13:46:16, INFO: Loss in epoch 26 is 0.04030222073197365
2022-09-19 13:46:16, INFO: Loss in epoch 27 is 0.0402945252135396
2022-09-19 13:46:16, INFO: Loss in epoch 28 is 0.04028539638966322
2022-09-19 13:46:16, INFO: Loss in epoch 29 is 0.0402756305411458
2022-09-19 13:46:59, INFO: train in episode 16 has success rate: 0.70, failure rate: 0.20, average extra time to goal: 27
2022-09-19 13:46:59, INFO: Loss in epoch 0 is 0.04002986382693052
2022-09-19 13:46:59, INFO: Loss in epoch 1 is 0.040021248161792755
2022-09-19 13:46:59, INFO: Loss in epoch 2 is 0.04001337103545666
2022-09-19 13:46:59, INFO: Loss in epoch 3 is 0.040003297850489616
2022-09-19 13:47:00, INFO: Loss in epoch 4 is 0.039997268468141556
2022-09-19 13:47:00, INFO: Loss in epoch 5 is 0.03998694010078907
2022-09-19 13:47:00, INFO: Loss in epoch 6 is 0.039978294633328915
2022-09-19 13:47:00, INFO: Loss in epoch 7 is 0.03996895346790552
2022-09-19 13:47:00, INFO: Loss in epoch 8 is 0.03996032942086458
2022-09-19 13:47:00, INFO: Loss in epoch 9 is 0.03995302505791187
2022-09-19 13:47:00, INFO: Loss in epoch 10 is 0.03994836285710335
2022-09-19 13:47:00, INFO: Loss in epoch 11 is 0.039935735054314137
2022-09-19 13:47:00, INFO: Loss in epoch 12 is 0.039929091930389404
2022-09-19 13:47:01, INFO: Loss in epoch 13 is 0.03992116544395685
2022-09-19 13:47:01, INFO: Loss in epoch 14 is 0.039910588413476944
2022-09-19 13:47:01, INFO: Loss in epoch 15 is 0.03990295249968767
2022-09-19 13:47:01, INFO: Loss in epoch 16 is 0.03989475965499878
2022-09-19 13:47:01, INFO: Loss in epoch 17 is 0.03988627344369888
2022-09-19 13:47:01, INFO: Loss in epoch 18 is 0.03987716976553202
2022-09-19 13:47:01, INFO: Loss in epoch 19 is 0.03986938949674368
2022-09-19 13:47:01, INFO: Loss in epoch 20 is 0.039862112142145634
2022-09-19 13:47:01, INFO: Loss in epoch 21 is 0.03985430859029293
2022-09-19 13:47:02, INFO: Loss in epoch 22 is 0.03984699957072735
2022-09-19 13:47:02, INFO: Loss in epoch 23 is 0.03983735479414463
2022-09-19 13:47:02, INFO: Loss in epoch 24 is 0.03982775658369064
2022-09-19 13:47:02, INFO: Loss in epoch 25 is 0.03982421290129423
2022-09-19 13:47:02, INFO: Loss in epoch 26 is 0.03981232363730669
2022-09-19 13:47:02, INFO: Loss in epoch 27 is 0.03980952873826027
2022-09-19 13:47:02, INFO: Loss in epoch 28 is 0.03979744017124176
2022-09-19 13:47:02, INFO: Loss in epoch 29 is 0.03979538194835186
2022-09-19 13:47:41, INFO: train in episode 17 has success rate: 0.60, failure rate: 0.40, average extra time to goal: 24
2022-09-19 13:47:41, INFO: Loss in epoch 0 is 0.039808038622140884
2022-09-19 13:47:41, INFO: Loss in epoch 1 is 0.039800871163606644
2022-09-19 13:47:41, INFO: Loss in epoch 2 is 0.03979326784610748
2022-09-19 13:47:41, INFO: Loss in epoch 3 is 0.03978342283517122
2022-09-19 13:47:41, INFO: Loss in epoch 4 is 0.03977562393993139
2022-09-19 13:47:41, INFO: Loss in epoch 5 is 0.03976760245859623
2022-09-19 13:47:42, INFO: Loss in epoch 6 is 0.03975875396281481
2022-09-19 13:47:42, INFO: Loss in epoch 7 is 0.03974922467023134
2022-09-19 13:47:42, INFO: Loss in epoch 8 is 0.03974475897848606
2022-09-19 13:47:42, INFO: Loss in epoch 9 is 0.039734271354973316
2022-09-19 13:47:42, INFO: Loss in epoch 10 is 0.039726682007312775
2022-09-19 13:47:42, INFO: Loss in epoch 11 is 0.03971888218075037
2022-09-19 13:47:42, INFO: Loss in epoch 12 is 0.03970983158797026
2022-09-19 13:47:42, INFO: Loss in epoch 13 is 0.03970299009233713
2022-09-19 13:47:42, INFO: Loss in epoch 14 is 0.03969276510179043
2022-09-19 13:47:43, INFO: Loss in epoch 15 is 0.03968640323728323
2022-09-19 13:47:43, INFO: Loss in epoch 16 is 0.03967826906591654
2022-09-19 13:47:43, INFO: Loss in epoch 17 is 0.039671337231993675
2022-09-19 13:47:43, INFO: Loss in epoch 18 is 0.03966345079243183
2022-09-19 13:47:43, INFO: Loss in epoch 19 is 0.03965595364570618
2022-09-19 13:47:43, INFO: Loss in epoch 20 is 0.03964900691062212
2022-09-19 13:47:43, INFO: Loss in epoch 21 is 0.03964074607938528
2022-09-19 13:47:43, INFO: Loss in epoch 22 is 0.03963402658700943
2022-09-19 13:47:43, INFO: Loss in epoch 23 is 0.039627294056117535
2022-09-19 13:47:44, INFO: Loss in epoch 24 is 0.03961872402578592
2022-09-19 13:47:44, INFO: Loss in epoch 25 is 0.03961378242820501
2022-09-19 13:47:44, INFO: Loss in epoch 26 is 0.03960412181913853
2022-09-19 13:47:44, INFO: Loss in epoch 27 is 0.03959732502698898
2022-09-19 13:47:44, INFO: Loss in epoch 28 is 0.039588261395692825
2022-09-19 13:47:44, INFO: Loss in epoch 29 is 0.03958262596279383
2022-09-19 13:48:17, INFO: train in episode 18 has success rate: 0.70, failure rate: 0.20, average extra time to goal: 16
2022-09-19 13:48:18, INFO: Loss in epoch 0 is 0.03948711324483156
2022-09-19 13:48:18, INFO: Loss in epoch 1 is 0.039480180479586124
2022-09-19 13:48:18, INFO: Loss in epoch 2 is 0.039475792087614536
2022-09-19 13:48:18, INFO: Loss in epoch 3 is 0.039464324712753296
2022-09-19 13:48:18, INFO: Loss in epoch 4 is 0.03945869114249945
2022-09-19 13:48:18, INFO: Loss in epoch 5 is 0.03944902215152979
2022-09-19 13:48:18, INFO: Loss in epoch 6 is 0.03944550361484289
2022-09-19 13:48:18, INFO: Loss in epoch 7 is 0.039433375000953674
2022-09-19 13:48:18, INFO: Loss in epoch 8 is 0.039430152624845505
2022-09-19 13:48:19, INFO: Loss in epoch 9 is 0.039421734400093555
2022-09-19 13:48:19, INFO: Loss in epoch 10 is 0.03941372502595186
2022-09-19 13:48:19, INFO: Loss in epoch 11 is 0.039405389688909054
2022-09-19 13:48:19, INFO: Loss in epoch 12 is 0.0393989272415638
2022-09-19 13:48:19, INFO: Loss in epoch 13 is 0.03939239773899317
2022-09-19 13:48:19, INFO: Loss in epoch 14 is 0.03938158508390188
2022-09-19 13:48:19, INFO: Loss in epoch 15 is 0.03937545605003834
2022-09-19 13:48:19, INFO: Loss in epoch 16 is 0.03936822805553675
2022-09-19 13:48:19, INFO: Loss in epoch 17 is 0.03936366178095341
2022-09-19 13:48:20, INFO: Loss in epoch 18 is 0.03935510851442814
2022-09-19 13:48:20, INFO: Loss in epoch 19 is 0.039348531514406204
2022-09-19 13:48:20, INFO: Loss in epoch 20 is 0.0393415130674839
2022-09-19 13:48:20, INFO: Loss in epoch 21 is 0.03933301568031311
2022-09-19 13:48:20, INFO: Loss in epoch 22 is 0.03933000843971968
2022-09-19 13:48:20, INFO: Loss in epoch 23 is 0.03932343516498804
2022-09-19 13:48:20, INFO: Loss in epoch 24 is 0.03931812848895788
2022-09-19 13:48:20, INFO: Loss in epoch 25 is 0.039316125214099884
2022-09-19 13:48:20, INFO: Loss in epoch 26 is 0.039299202151596546
2022-09-19 13:48:21, INFO: Loss in epoch 27 is 0.03929154668003321
2022-09-19 13:48:21, INFO: Loss in epoch 28 is 0.039287629537284374
2022-09-19 13:48:21, INFO: Loss in epoch 29 is 0.03927847184240818
2022-09-19 13:48:58, INFO: train in episode 19 has success rate: 0.70, failure rate: 0.10, average extra time to goal: 25
2022-09-19 13:48:58, INFO: Loss in epoch 0 is 0.03911017067730427
2022-09-19 13:48:58, INFO: Loss in epoch 1 is 0.03910239785909653
2022-09-19 13:48:58, INFO: Loss in epoch 2 is 0.03909773472696543
2022-09-19 13:48:58, INFO: Loss in epoch 3 is 0.039092209190130234
2022-09-19 13:48:58, INFO: Loss in epoch 4 is 0.03908327780663967
2022-09-19 13:48:59, INFO: Loss in epoch 5 is 0.03907340858131647
2022-09-19 13:48:59, INFO: Loss in epoch 6 is 0.03906599339097738
2022-09-19 13:48:59, INFO: Loss in epoch 7 is 0.03906294237822294
2022-09-19 13:48:59, INFO: Loss in epoch 8 is 0.03905244916677475
2022-09-19 13:48:59, INFO: Loss in epoch 9 is 0.03904688637703657
2022-09-19 13:48:59, INFO: Loss in epoch 10 is 0.0390370711684227
2022-09-19 13:48:59, INFO: Loss in epoch 11 is 0.039032415486872196
2022-09-19 13:48:59, INFO: Loss in epoch 12 is 0.039021680131554604
2022-09-19 13:48:59, INFO: Loss in epoch 13 is 0.03901496063917875
2022-09-19 13:48:59, INFO: Loss in epoch 14 is 0.03901293873786926
2022-09-19 13:49:00, INFO: Loss in epoch 15 is 0.039005895145237446
2022-09-19 13:49:00, INFO: Loss in epoch 16 is 0.038997501134872437
2022-09-19 13:49:00, INFO: Loss in epoch 17 is 0.03899161145091057
2022-09-19 13:49:00, INFO: Loss in epoch 18 is 0.038979594595730305
2022-09-19 13:49:00, INFO: Loss in epoch 19 is 0.03897760808467865
2022-09-19 13:49:00, INFO: Loss in epoch 20 is 0.038966759108006954
2022-09-19 13:49:00, INFO: Loss in epoch 21 is 0.03895946126431227
2022-09-19 13:49:00, INFO: Loss in epoch 22 is 0.0389539310708642
2022-09-19 13:49:00, INFO: Loss in epoch 23 is 0.038946702145040035
2022-09-19 13:49:01, INFO: Loss in epoch 24 is 0.038944900035858154
2022-09-19 13:49:01, INFO: Loss in epoch 25 is 0.03893664386123419
2022-09-19 13:49:01, INFO: Loss in epoch 26 is 0.03892685193568468
2022-09-19 13:49:01, INFO: Loss in epoch 27 is 0.03892632853239775
2022-09-19 13:49:01, INFO: Loss in epoch 28 is 0.038919790647923946
2022-09-19 13:49:01, INFO: Loss in epoch 29 is 0.038908326998353004
2022-09-19 13:49:50, INFO: train in episode 20 has success rate: 0.50, failure rate: 0.20, average extra time to goal: 20
2022-09-19 13:49:50, INFO: Loss in epoch 0 is 0.038857211358845234
2022-09-19 13:49:50, INFO: Loss in epoch 1 is 0.03884849324822426
2022-09-19 13:49:50, INFO: Loss in epoch 2 is 0.03883916325867176
2022-09-19 13:49:50, INFO: Loss in epoch 3 is 0.03883300255984068
2022-09-19 13:49:50, INFO: Loss in epoch 4 is 0.03882582671940327
2022-09-19 13:49:50, INFO: Loss in epoch 5 is 0.03882217779755592
2022-09-19 13:49:50, INFO: Loss in epoch 6 is 0.038809921592473984
2022-09-19 13:49:50, INFO: Loss in epoch 7 is 0.038805413991212845
2022-09-19 13:49:50, INFO: Loss in epoch 8 is 0.03879609331488609
2022-09-19 13:49:51, INFO: Loss in epoch 9 is 0.03878845740109682
2022-09-19 13:49:51, INFO: Loss in epoch 10 is 0.0387808782979846
2022-09-19 13:49:51, INFO: Loss in epoch 11 is 0.03877536579966545
2022-09-19 13:49:51, INFO: Loss in epoch 12 is 0.038768794387578964
2022-09-19 13:49:51, INFO: Loss in epoch 13 is 0.03876639902591705
2022-09-19 13:49:51, INFO: Loss in epoch 14 is 0.03875525947660208
2022-09-19 13:49:51, INFO: Loss in epoch 15 is 0.038748263381421566
2022-09-19 13:49:51, INFO: Loss in epoch 16 is 0.038740464486181736
2022-09-19 13:49:52, INFO: Loss in epoch 17 is 0.03873262740671635
2022-09-19 13:49:52, INFO: Loss in epoch 18 is 0.03872445784509182
2022-09-19 13:49:52, INFO: Loss in epoch 19 is 0.0387182105332613
2022-09-19 13:49:52, INFO: Loss in epoch 20 is 0.03871405869722366
2022-09-19 13:49:52, INFO: Loss in epoch 21 is 0.038707299157977104
2022-09-19 13:49:52, INFO: Loss in epoch 22 is 0.038699942640960217
2022-09-19 13:49:52, INFO: Loss in epoch 23 is 0.038692353293299675
2022-09-19 13:49:52, INFO: Loss in epoch 24 is 0.03868403751403093
2022-09-19 13:49:52, INFO: Loss in epoch 25 is 0.038678621873259544
2022-09-19 13:49:52, INFO: Loss in epoch 26 is 0.03866900969296694
2022-09-19 13:49:53, INFO: Loss in epoch 27 is 0.0386648029088974
2022-09-19 13:49:53, INFO: Loss in epoch 28 is 0.038659303449094296
2022-09-19 13:49:53, INFO: Loss in epoch 29 is 0.03865154180675745
2022-09-19 13:50:25, INFO: train in episode 21 has success rate: 0.70, failure rate: 0.30, average extra time to goal: 25
2022-09-19 13:50:25, INFO: Loss in epoch 0 is 0.038911426439881325
2022-09-19 13:50:25, INFO: Loss in epoch 1 is 0.03890763595700264
2022-09-19 13:50:25, INFO: Loss in epoch 2 is 0.03889769222587347
2022-09-19 13:50:25, INFO: Loss in epoch 3 is 0.0388927236199379
2022-09-19 13:50:26, INFO: Loss in epoch 4 is 0.03888616990298033
2022-09-19 13:50:26, INFO: Loss in epoch 5 is 0.03887706808745861
2022-09-19 13:50:26, INFO: Loss in epoch 6 is 0.03887162450700998
2022-09-19 13:50:26, INFO: Loss in epoch 7 is 0.03886691480875015
2022-09-19 13:50:26, INFO: Loss in epoch 8 is 0.03885927330702543
2022-09-19 13:50:26, INFO: Loss in epoch 9 is 0.03885256592184305
2022-09-19 13:50:26, INFO: Loss in epoch 10 is 0.03884373977780342
2022-09-19 13:50:26, INFO: Loss in epoch 11 is 0.038838998414576054
2022-09-19 13:50:27, INFO: Loss in epoch 12 is 0.03883143421262503
2022-09-19 13:50:27, INFO: Loss in epoch 13 is 0.03882251214236021
2022-09-19 13:50:27, INFO: Loss in epoch 14 is 0.038816386833786964
2022-09-19 13:50:27, INFO: Loss in epoch 15 is 0.03881755843758583
2022-09-19 13:50:27, INFO: Loss in epoch 16 is 0.03880309872329235
2022-09-19 13:50:27, INFO: Loss in epoch 17 is 0.038809348829090595
2022-09-19 13:50:27, INFO: Loss in epoch 18 is 0.03878964018076658
2022-09-19 13:50:28, INFO: Loss in epoch 19 is 0.03878317680209875
2022-09-19 13:50:28, INFO: Loss in epoch 20 is 0.0387750044465065
2022-09-19 13:50:28, INFO: Loss in epoch 21 is 0.038770463317632675
2022-09-19 13:50:28, INFO: Loss in epoch 22 is 0.03876376058906317
2022-09-19 13:50:28, INFO: Loss in epoch 23 is 0.03875598218291998
2022-09-19 13:50:28, INFO: Loss in epoch 24 is 0.03875374235212803
2022-09-19 13:50:28, INFO: Loss in epoch 25 is 0.038745226338505745
2022-09-19 13:50:28, INFO: Loss in epoch 26 is 0.03873651847243309
2022-09-19 13:50:28, INFO: Loss in epoch 27 is 0.038732388988137245
2022-09-19 13:50:29, INFO: Loss in epoch 28 is 0.03872647974640131
2022-09-19 13:50:29, INFO: Loss in epoch 29 is 0.03871676977723837
2022-09-19 13:51:12, INFO: train in episode 22 has success rate: 0.80, failure rate: 0.10, average extra time to goal: 21
2022-09-19 13:51:12, INFO: Loss in epoch 0 is 0.03842591401189566
2022-09-19 13:51:12, INFO: Loss in epoch 1 is 0.03841846529394388
2022-09-19 13:51:12, INFO: Loss in epoch 2 is 0.038410840556025505
2022-09-19 13:51:13, INFO: Loss in epoch 3 is 0.038405055180191994
2022-09-19 13:51:13, INFO: Loss in epoch 4 is 0.038394722156226635
2022-09-19 13:51:13, INFO: Loss in epoch 5 is 0.038388269022107124
2022-09-19 13:51:13, INFO: Loss in epoch 6 is 0.03838030435144901
2022-09-19 13:51:13, INFO: Loss in epoch 7 is 0.03837693948298693
2022-09-19 13:51:13, INFO: Loss in epoch 8 is 0.03836890961974859
2022-09-19 13:51:13, INFO: Loss in epoch 9 is 0.03836330585181713
2022-09-19 13:51:13, INFO: Loss in epoch 10 is 0.0383550263941288
2022-09-19 13:51:13, INFO: Loss in epoch 11 is 0.038351952098309994
2022-09-19 13:51:14, INFO: Loss in epoch 12 is 0.03834217693656683
2022-09-19 13:51:14, INFO: Loss in epoch 13 is 0.038334271870553493
2022-09-19 13:51:14, INFO: Loss in epoch 14 is 0.0383311714977026
2022-09-19 13:51:14, INFO: Loss in epoch 15 is 0.038321398198604584
2022-09-19 13:51:14, INFO: Loss in epoch 16 is 0.03831620141863823
2022-09-19 13:51:14, INFO: Loss in epoch 17 is 0.038305770605802536
2022-09-19 13:51:14, INFO: Loss in epoch 18 is 0.03830336965620518
2022-09-19 13:51:14, INFO: Loss in epoch 19 is 0.038291892036795616
2022-09-19 13:51:14, INFO: Loss in epoch 20 is 0.03828522376716137
2022-09-19 13:51:15, INFO: Loss in epoch 21 is 0.03828110173344612
2022-09-19 13:51:15, INFO: Loss in epoch 22 is 0.03827196639031172
2022-09-19 13:51:15, INFO: Loss in epoch 23 is 0.03826717473566532
2022-09-19 13:51:15, INFO: Loss in epoch 24 is 0.038263773545622826
2022-09-19 13:51:15, INFO: Loss in epoch 25 is 0.03825591970235109
2022-09-19 13:51:15, INFO: Loss in epoch 26 is 0.03824550285935402
2022-09-19 13:51:15, INFO: Loss in epoch 27 is 0.03824080899357796
2022-09-19 13:51:16, INFO: Loss in epoch 28 is 0.038238538429141045
2022-09-19 13:51:16, INFO: Loss in epoch 29 is 0.03822897560894489
2022-09-19 13:52:16, INFO: train in episode 23 has success rate: 0.60, failure rate: 0.10, average extra time to goal: 26
2022-09-19 13:52:16, INFO: Loss in epoch 0 is 0.038266370072960854
2022-09-19 13:52:16, INFO: Loss in epoch 1 is 0.03825899586081505
2022-09-19 13:52:17, INFO: Loss in epoch 2 is 0.03824707120656967
2022-09-19 13:52:17, INFO: Loss in epoch 3 is 0.03824126999825239
2022-09-19 13:52:17, INFO: Loss in epoch 4 is 0.03823931887745857
2022-09-19 13:52:17, INFO: Loss in epoch 5 is 0.03823038563132286
2022-09-19 13:52:17, INFO: Loss in epoch 6 is 0.038217345252633095
2022-09-19 13:52:17, INFO: Loss in epoch 7 is 0.03821232356131077
2022-09-19 13:52:17, INFO: Loss in epoch 8 is 0.0382011728361249
2022-09-19 13:52:17, INFO: Loss in epoch 9 is 0.03819598350673914
2022-09-19 13:52:17, INFO: Loss in epoch 10 is 0.038186040706932545
2022-09-19 13:52:18, INFO: Loss in epoch 11 is 0.038182660937309265
2022-09-19 13:52:18, INFO: Loss in epoch 12 is 0.03817447740584612
2022-09-19 13:52:18, INFO: Loss in epoch 13 is 0.038165575824677944
2022-09-19 13:52:18, INFO: Loss in epoch 14 is 0.03815938625484705
2022-09-19 13:52:18, INFO: Loss in epoch 15 is 0.0381532721221447
2022-09-19 13:52:18, INFO: Loss in epoch 16 is 0.038145486265420914
2022-09-19 13:52:18, INFO: Loss in epoch 17 is 0.03813973721116781
2022-09-19 13:52:18, INFO: Loss in epoch 18 is 0.03813271690160036
2022-09-19 13:52:18, INFO: Loss in epoch 19 is 0.03812663722783327
2022-09-19 13:52:19, INFO: Loss in epoch 20 is 0.03811821900308132
2022-09-19 13:52:19, INFO: Loss in epoch 21 is 0.038110957480967045
2022-09-19 13:52:19, INFO: Loss in epoch 22 is 0.03810403496026993
2022-09-19 13:52:19, INFO: Loss in epoch 23 is 0.03810001350939274
2022-09-19 13:52:19, INFO: Loss in epoch 24 is 0.03809328284114599
2022-09-19 13:52:19, INFO: Loss in epoch 25 is 0.038085902109742165
2022-09-19 13:52:19, INFO: Loss in epoch 26 is 0.038080619648098946
2022-09-19 13:52:19, INFO: Loss in epoch 27 is 0.03807547688484192
2022-09-19 13:52:20, INFO: Loss in epoch 28 is 0.038068266585469246
2022-09-19 13:52:20, INFO: Loss in epoch 29 is 0.038060262799263
2022-09-19 13:53:13, INFO: train in episode 24 has success rate: 0.70, failure rate: 0.10, average extra time to goal: 29
2022-09-19 13:53:13, INFO: Loss in epoch 0 is 0.037611319683492184
2022-09-19 13:53:13, INFO: Loss in epoch 1 is 0.03760073706507683
2022-09-19 13:53:13, INFO: Loss in epoch 2 is 0.03759536799043417
2022-09-19 13:53:13, INFO: Loss in epoch 3 is 0.03758778050541878
2022-09-19 13:53:13, INFO: Loss in epoch 4 is 0.037582517601549625
2022-09-19 13:53:13, INFO: Loss in epoch 5 is 0.03757483046501875
2022-09-19 13:53:14, INFO: Loss in epoch 6 is 0.03756922297179699
2022-09-19 13:53:14, INFO: Loss in epoch 7 is 0.03755860589444637
2022-09-19 13:53:14, INFO: Loss in epoch 8 is 0.03755573369562626
2022-09-19 13:53:14, INFO: Loss in epoch 9 is 0.03754976857453585
2022-09-19 13:53:14, INFO: Loss in epoch 10 is 0.037538024596869946
2022-09-19 13:53:14, INFO: Loss in epoch 11 is 0.03753512352705002
2022-09-19 13:53:14, INFO: Loss in epoch 12 is 0.0375351719558239
2022-09-19 13:53:14, INFO: Loss in epoch 13 is 0.037524983286857605
2022-09-19 13:53:15, INFO: Loss in epoch 14 is 0.037523253820836544
2022-09-19 13:53:15, INFO: Loss in epoch 15 is 0.0375117938965559
2022-09-19 13:53:15, INFO: Loss in epoch 16 is 0.037503546103835106
2022-09-19 13:53:15, INFO: Loss in epoch 17 is 0.03749558050185442
2022-09-19 13:53:15, INFO: Loss in epoch 18 is 0.03749165590852499
2022-09-19 13:53:15, INFO: Loss in epoch 19 is 0.037482913583517075
2022-09-19 13:53:15, INFO: Loss in epoch 20 is 0.03747870121151209
2022-09-19 13:53:16, INFO: Loss in epoch 21 is 0.03747036214917898
2022-09-19 13:53:16, INFO: Loss in epoch 22 is 0.03746755328029394
2022-09-19 13:53:16, INFO: Loss in epoch 23 is 0.03746068384498358
2022-09-19 13:53:16, INFO: Loss in epoch 24 is 0.03745543211698532
2022-09-19 13:53:16, INFO: Loss in epoch 25 is 0.03744735475629568
2022-09-19 13:53:16, INFO: Loss in epoch 26 is 0.03744475543498993
2022-09-19 13:53:16, INFO: Loss in epoch 27 is 0.03743868134915829
2022-09-19 13:53:16, INFO: Loss in epoch 28 is 0.0374312549829483
2022-09-19 13:53:16, INFO: Loss in epoch 29 is 0.03742601536214352
2022-09-19 13:54:17, INFO: train in episode 25 has success rate: 0.90, failure rate: 0.00, average extra time to goal: 39
2022-09-19 13:54:18, INFO: Loss in epoch 0 is 0.036948611959815025
2022-09-19 13:54:18, INFO: Loss in epoch 1 is 0.0369412275031209
2022-09-19 13:54:18, INFO: Loss in epoch 2 is 0.03693900629878044
2022-09-19 13:54:18, INFO: Loss in epoch 3 is 0.03692898899316788
2022-09-19 13:54:18, INFO: Loss in epoch 4 is 0.03692310396581888
2022-09-19 13:54:18, INFO: Loss in epoch 5 is 0.036915973760187626
2022-09-19 13:54:18, INFO: Loss in epoch 6 is 0.036912391893565655
2022-09-19 13:54:18, INFO: Loss in epoch 7 is 0.03690518531948328
2022-09-19 13:54:18, INFO: Loss in epoch 8 is 0.03690537251532078
2022-09-19 13:54:19, INFO: Loss in epoch 9 is 0.03689508233219385
2022-09-19 13:54:19, INFO: Loss in epoch 10 is 0.036891570314764977
2022-09-19 13:54:19, INFO: Loss in epoch 11 is 0.03688497934490442
2022-09-19 13:54:19, INFO: Loss in epoch 12 is 0.03687263000756502
2022-09-19 13:54:19, INFO: Loss in epoch 13 is 0.03687124326825142
2022-09-19 13:54:19, INFO: Loss in epoch 14 is 0.03686334379017353
2022-09-19 13:54:19, INFO: Loss in epoch 15 is 0.03685831464827061
2022-09-19 13:54:19, INFO: Loss in epoch 16 is 0.036853562109172344
2022-09-19 13:54:19, INFO: Loss in epoch 17 is 0.03684922866523266
2022-09-19 13:54:20, INFO: Loss in epoch 18 is 0.03683831077069044
2022-09-19 13:54:20, INFO: Loss in epoch 19 is 0.03683353215456009
2022-09-19 13:54:20, INFO: Loss in epoch 20 is 0.036827717907726765
2022-09-19 13:54:20, INFO: Loss in epoch 21 is 0.03682116977870464
2022-09-19 13:54:20, INFO: Loss in epoch 22 is 0.03681586589664221
2022-09-19 13:54:20, INFO: Loss in epoch 23 is 0.03681125584989786
2022-09-19 13:54:20, INFO: Loss in epoch 24 is 0.03680608607828617
2022-09-19 13:54:20, INFO: Loss in epoch 25 is 0.036799545399844646
2022-09-19 13:54:20, INFO: Loss in epoch 26 is 0.03679465316236019
2022-09-19 13:54:20, INFO: Loss in epoch 27 is 0.03679012134671211
2022-09-19 13:54:21, INFO: Loss in epoch 28 is 0.03678511921316385
2022-09-19 13:54:21, INFO: Loss in epoch 29 is 0.0367828905582428
2022-09-19 13:55:02, INFO: train in episode 26 has success rate: 0.80, failure rate: 0.00, average extra time to goal: 21
2022-09-19 13:55:02, INFO: Loss in epoch 0 is 0.036738401278853416
2022-09-19 13:55:03, INFO: Loss in epoch 1 is 0.03673286456614733
2022-09-19 13:55:03, INFO: Loss in epoch 2 is 0.03672600071877241
2022-09-19 13:55:03, INFO: Loss in epoch 3 is 0.036723705008625984
2022-09-19 13:55:03, INFO: Loss in epoch 4 is 0.03671659342944622
2022-09-19 13:55:03, INFO: Loss in epoch 5 is 0.03671027161180973
2022-09-19 13:55:03, INFO: Loss in epoch 6 is 0.036706194281578064
2022-09-19 13:55:03, INFO: Loss in epoch 7 is 0.036698656156659126
2022-09-19 13:55:03, INFO: Loss in epoch 8 is 0.03669334389269352
2022-09-19 13:55:03, INFO: Loss in epoch 9 is 0.036687057465314865
2022-09-19 13:55:03, INFO: Loss in epoch 10 is 0.03668254893273115
2022-09-19 13:55:04, INFO: Loss in epoch 11 is 0.036678384989500046
2022-09-19 13:55:04, INFO: Loss in epoch 12 is 0.036671195179224014
2022-09-19 13:55:04, INFO: Loss in epoch 13 is 0.03666609898209572
2022-09-19 13:55:04, INFO: Loss in epoch 14 is 0.036666552536189556
2022-09-19 13:55:04, INFO: Loss in epoch 15 is 0.03665447235107422
2022-09-19 13:55:04, INFO: Loss in epoch 16 is 0.03665727563202381
2022-09-19 13:55:04, INFO: Loss in epoch 17 is 0.03665574360638857
2022-09-19 13:55:05, INFO: Loss in epoch 18 is 0.03664778079837561
2022-09-19 13:55:05, INFO: Loss in epoch 19 is 0.036637444980442524
2022-09-19 13:55:05, INFO: Loss in epoch 20 is 0.036630865186452866
2022-09-19 13:55:05, INFO: Loss in epoch 21 is 0.0366247184574604
2022-09-19 13:55:05, INFO: Loss in epoch 22 is 0.03662216570228338
2022-09-19 13:55:05, INFO: Loss in epoch 23 is 0.03661274630576372
2022-09-19 13:55:05, INFO: Loss in epoch 24 is 0.03660532180219889
2022-09-19 13:55:05, INFO: Loss in epoch 25 is 0.036605337634682655
2022-09-19 13:55:05, INFO: Loss in epoch 26 is 0.03660865034908056
2022-09-19 13:55:06, INFO: Loss in epoch 27 is 0.036603485234081745
2022-09-19 13:55:06, INFO: Loss in epoch 28 is 0.03659311681985855
2022-09-19 13:55:06, INFO: Loss in epoch 29 is 0.03658701293170452
2022-09-19 13:55:50, INFO: train in episode 27 has success rate: 0.90, failure rate: 0.00, average extra time to goal: 23
2022-09-19 13:55:50, INFO: Loss in epoch 0 is 0.036250061355531216
2022-09-19 13:55:50, INFO: Loss in epoch 1 is 0.03624366503208876
2022-09-19 13:55:50, INFO: Loss in epoch 2 is 0.03622893523424864
2022-09-19 13:55:50, INFO: Loss in epoch 3 is 0.03622529376298189
2022-09-19 13:55:51, INFO: Loss in epoch 4 is 0.03621911257505417
2022-09-19 13:55:51, INFO: Loss in epoch 5 is 0.03621512372046709
2022-09-19 13:55:51, INFO: Loss in epoch 6 is 0.036208996549248695
2022-09-19 13:55:51, INFO: Loss in epoch 7 is 0.03620370291173458
2022-09-19 13:55:51, INFO: Loss in epoch 8 is 0.0361971752718091
2022-09-19 13:55:51, INFO: Loss in epoch 9 is 0.036200006026774645
2022-09-19 13:55:51, INFO: Loss in epoch 10 is 0.0361887663602829
2022-09-19 13:55:51, INFO: Loss in epoch 11 is 0.036180952563881874
2022-09-19 13:55:51, INFO: Loss in epoch 12 is 0.03617863543331623
2022-09-19 13:55:52, INFO: Loss in epoch 13 is 0.03617201466113329
2022-09-19 13:55:52, INFO: Loss in epoch 14 is 0.036165314726531506
2022-09-19 13:55:52, INFO: Loss in epoch 15 is 0.03616708796471357
2022-09-19 13:55:52, INFO: Loss in epoch 16 is 0.03615841455757618
2022-09-19 13:55:52, INFO: Loss in epoch 17 is 0.036153899505734444
2022-09-19 13:55:52, INFO: Loss in epoch 18 is 0.03614875581115484
2022-09-19 13:55:52, INFO: Loss in epoch 19 is 0.036143855191767216
2022-09-19 13:55:52, INFO: Loss in epoch 20 is 0.036140188574790955
2022-09-19 13:55:52, INFO: Loss in epoch 21 is 0.036133432760834694
2022-09-19 13:55:53, INFO: Loss in epoch 22 is 0.03612830117344856
2022-09-19 13:55:53, INFO: Loss in epoch 23 is 0.03612039517611265
2022-09-19 13:55:53, INFO: Loss in epoch 24 is 0.03611733391880989
2022-09-19 13:55:53, INFO: Loss in epoch 25 is 0.036113410256803036
2022-09-19 13:55:53, INFO: Loss in epoch 26 is 0.036108474247157574
2022-09-19 13:55:53, INFO: Loss in epoch 27 is 0.03610259108245373
2022-09-19 13:55:53, INFO: Loss in epoch 28 is 0.03609911911189556
2022-09-19 13:55:54, INFO: Loss in epoch 29 is 0.03609811142086983
2022-09-19 13:56:39, INFO: train in episode 28 has success rate: 0.60, failure rate: 0.20, average extra time to goal: 36
2022-09-19 13:56:39, INFO: Loss in epoch 0 is 0.036083023995161057
2022-09-19 13:56:39, INFO: Loss in epoch 1 is 0.03608005680143833
2022-09-19 13:56:40, INFO: Loss in epoch 2 is 0.036069621331989765
2022-09-19 13:56:40, INFO: Loss in epoch 3 is 0.03606533911079168
2022-09-19 13:56:40, INFO: Loss in epoch 4 is 0.03605942055583
2022-09-19 13:56:40, INFO: Loss in epoch 5 is 0.03605739492923021
2022-09-19 13:56:40, INFO: Loss in epoch 6 is 0.03605208545923233
2022-09-19 13:56:40, INFO: Loss in epoch 7 is 0.036046077497303486
2022-09-19 13:56:40, INFO: Loss in epoch 8 is 0.03604481741786003
2022-09-19 13:56:40, INFO: Loss in epoch 9 is 0.03603104781359434
2022-09-19 13:56:41, INFO: Loss in epoch 10 is 0.036031254567205906
2022-09-19 13:56:41, INFO: Loss in epoch 11 is 0.036025270819664
2022-09-19 13:56:41, INFO: Loss in epoch 12 is 0.036020505242049694
2022-09-19 13:56:41, INFO: Loss in epoch 13 is 0.03601498622447252
2022-09-19 13:56:41, INFO: Loss in epoch 14 is 0.03600827977061272
2022-09-19 13:56:41, INFO: Loss in epoch 15 is 0.0360072236508131
2022-09-19 13:56:41, INFO: Loss in epoch 16 is 0.03600119519978762
2022-09-19 13:56:41, INFO: Loss in epoch 17 is 0.03599902894347906
2022-09-19 13:56:42, INFO: Loss in epoch 18 is 0.03599489480257034
2022-09-19 13:56:42, INFO: Loss in epoch 19 is 0.03599232994019985
2022-09-19 13:56:42, INFO: Loss in epoch 20 is 0.03598318435251713
2022-09-19 13:56:42, INFO: Loss in epoch 21 is 0.03597542084753513
2022-09-19 13:56:42, INFO: Loss in epoch 22 is 0.035974436439573765
2022-09-19 13:56:42, INFO: Loss in epoch 23 is 0.03596518747508526
2022-09-19 13:56:42, INFO: Loss in epoch 24 is 0.0359625993296504
2022-09-19 13:56:42, INFO: Loss in epoch 25 is 0.035962121561169624
2022-09-19 13:56:43, INFO: Loss in epoch 26 is 0.0359550891444087
2022-09-19 13:56:43, INFO: Loss in epoch 27 is 0.0359512809664011
2022-09-19 13:56:43, INFO: Loss in epoch 28 is 0.03594490699470043
2022-09-19 13:56:43, INFO: Loss in epoch 29 is 0.03594185505062342
2022-09-19 13:57:35, INFO: train in episode 29 has success rate: 0.80, failure rate: 0.00, average extra time to goal: 28
2022-09-19 13:57:35, INFO: Loss in epoch 0 is 0.03541786037385464
2022-09-19 13:57:36, INFO: Loss in epoch 1 is 0.035415573976933956
2022-09-19 13:57:36, INFO: Loss in epoch 2 is 0.03541688248515129
2022-09-19 13:57:36, INFO: Loss in epoch 3 is 0.03540130611509085
2022-09-19 13:57:36, INFO: Loss in epoch 4 is 0.035394031554460526
2022-09-19 13:57:36, INFO: Loss in epoch 5 is 0.03539124131202698
2022-09-19 13:57:36, INFO: Loss in epoch 6 is 0.03538877610117197
2022-09-19 13:57:36, INFO: Loss in epoch 7 is 0.03537788987159729
2022-09-19 13:57:36, INFO: Loss in epoch 8 is 0.03537352196872234
2022-09-19 13:57:37, INFO: Loss in epoch 9 is 0.03537100646644831
2022-09-19 13:57:37, INFO: Loss in epoch 10 is 0.035364268347620964
2022-09-19 13:57:37, INFO: Loss in epoch 11 is 0.03536449745297432
2022-09-19 13:57:37, INFO: Loss in epoch 12 is 0.035364171490073204
2022-09-19 13:57:37, INFO: Loss in epoch 13 is 0.035352591425180435
2022-09-19 13:57:37, INFO: Loss in epoch 14 is 0.03535127639770508
2022-09-19 13:57:37, INFO: Loss in epoch 15 is 0.03536006435751915
2022-09-19 13:57:37, INFO: Loss in epoch 16 is 0.035348525270819664
2022-09-19 13:57:37, INFO: Loss in epoch 17 is 0.03533623367547989
2022-09-19 13:57:38, INFO: Loss in epoch 18 is 0.03533281106501818
2022-09-19 13:57:38, INFO: Loss in epoch 19 is 0.035331218503415585
2022-09-19 13:57:38, INFO: Loss in epoch 20 is 0.03532543685287237
2022-09-19 13:57:38, INFO: Loss in epoch 21 is 0.03533036820590496
2022-09-19 13:57:38, INFO: Loss in epoch 22 is 0.03531546983867884
2022-09-19 13:57:38, INFO: Loss in epoch 23 is 0.03530717454850674
2022-09-19 13:57:38, INFO: Loss in epoch 24 is 0.03530558850616217
2022-09-19 13:57:38, INFO: Loss in epoch 25 is 0.03529856912791729
2022-09-19 13:57:38, INFO: Loss in epoch 26 is 0.03529230318963528
2022-09-19 13:57:39, INFO: Loss in epoch 27 is 0.03529063239693642
2022-09-19 13:57:39, INFO: Loss in epoch 28 is 0.03528634458780289
2022-09-19 13:57:39, INFO: Loss in epoch 29 is 0.03527969587594271
2022-09-19 13:58:20, INFO: train in episode 30 has success rate: 0.70, failure rate: 0.10, average extra time to goal: 18
2022-09-19 13:58:20, INFO: Loss in epoch 0 is 0.03544057719409466
2022-09-19 13:58:20, INFO: Loss in epoch 1 is 0.0354336891323328
2022-09-19 13:58:20, INFO: Loss in epoch 2 is 0.03543068002909422
2022-09-19 13:58:21, INFO: Loss in epoch 3 is 0.03542528860270977
2022-09-19 13:58:21, INFO: Loss in epoch 4 is 0.03542260732501745
2022-09-19 13:58:21, INFO: Loss in epoch 5 is 0.03541458956897259
2022-09-19 13:58:21, INFO: Loss in epoch 6 is 0.03540817741304636
2022-09-19 13:58:21, INFO: Loss in epoch 7 is 0.03540560230612755
2022-09-19 13:58:21, INFO: Loss in epoch 8 is 0.035402112640440464
2022-09-19 13:58:21, INFO: Loss in epoch 9 is 0.03539799805730581
2022-09-19 13:58:21, INFO: Loss in epoch 10 is 0.03539204504340887
2022-09-19 13:58:22, INFO: Loss in epoch 11 is 0.03538860660046339
2022-09-19 13:58:22, INFO: Loss in epoch 12 is 0.03538319934159517
2022-09-19 13:58:22, INFO: Loss in epoch 13 is 0.03537694737315178
2022-09-19 13:58:22, INFO: Loss in epoch 14 is 0.03537422604858875
2022-09-19 13:58:22, INFO: Loss in epoch 15 is 0.035367957316339016
2022-09-19 13:58:22, INFO: Loss in epoch 16 is 0.035369932651519775
2022-09-19 13:58:22, INFO: Loss in epoch 17 is 0.03536243084818125
2022-09-19 13:58:22, INFO: Loss in epoch 18 is 0.035354833118617535
2022-09-19 13:58:23, INFO: Loss in epoch 19 is 0.03535795956850052
2022-09-19 13:58:23, INFO: Loss in epoch 20 is 0.035349221900105476
2022-09-19 13:58:23, INFO: Loss in epoch 21 is 0.035343410447239876
2022-09-19 13:58:23, INFO: Loss in epoch 22 is 0.035337887704372406
2022-09-19 13:58:23, INFO: Loss in epoch 23 is 0.03533478174358606
2022-09-19 13:58:23, INFO: Loss in epoch 24 is 0.035328347235918045
2022-09-19 13:58:23, INFO: Loss in epoch 25 is 0.035324785858392715
2022-09-19 13:58:23, INFO: Loss in epoch 26 is 0.03532160073518753
2022-09-19 13:58:23, INFO: Loss in epoch 27 is 0.035316621884703636
2022-09-19 13:58:24, INFO: Loss in epoch 28 is 0.035314387641847134
2022-09-19 13:58:24, INFO: Loss in epoch 29 is 0.03530951030552387
