2022-09-07 17:47:15, INFO: Using device: cuda:0
2022-09-07 17:47:23, INFO: Total number of state_value pairs: 23114
2022-09-07 17:47:24, INFO: Loss in epoch 0: 3.43
2022-09-07 17:47:24, INFO: Loss in epoch 1: 1.06
2022-09-07 17:47:24, INFO: Loss in epoch 2: 1.00
2022-09-07 17:47:25, INFO: Loss in epoch 3: 0.97
2022-09-07 17:47:25, INFO: Loss in epoch 4: 0.95
2022-09-07 17:47:26, INFO: Loss in epoch 5: 0.93
2022-09-07 17:47:26, INFO: Loss in epoch 6: 0.92
2022-09-07 17:47:27, INFO: Loss in epoch 7: 0.91
2022-09-07 17:47:27, INFO: Loss in epoch 8: 0.90
2022-09-07 17:47:27, INFO: Loss in epoch 9: 0.89
2022-09-07 17:47:28, INFO: Loss in epoch 10: 0.88
2022-09-07 17:47:28, INFO: Loss in epoch 11: 0.86
2022-09-07 17:47:29, INFO: Loss in epoch 12: 0.86
2022-09-07 17:47:29, INFO: Loss in epoch 13: 0.85
2022-09-07 17:47:30, INFO: Loss in epoch 14: 0.84
2022-09-07 17:47:30, INFO: Loss in epoch 15: 0.83
2022-09-07 17:47:30, INFO: Loss in epoch 16: 0.82
2022-09-07 17:47:31, INFO: Loss in epoch 17: 0.82
2022-09-07 17:47:31, INFO: Loss in epoch 18: 0.81
2022-09-07 17:47:32, INFO: Loss in epoch 19: 0.80
2022-09-07 17:47:32, INFO: Loss in epoch 20: 0.80
2022-09-07 17:47:33, INFO: Loss in epoch 21: 0.79
2022-09-07 17:47:33, INFO: Loss in epoch 22: 0.79
2022-09-07 17:47:33, INFO: Loss in epoch 23: 0.78
2022-09-07 17:47:34, INFO: Loss in epoch 24: 0.78
2022-09-07 17:47:34, INFO: Loss in epoch 25: 0.77
2022-09-07 17:47:35, INFO: Loss in epoch 26: 0.77
2022-09-07 17:47:35, INFO: Loss in epoch 27: 0.77
2022-09-07 17:47:36, INFO: Loss in epoch 28: 0.76
2022-09-07 17:47:36, INFO: Loss in epoch 29: 0.76
2022-09-07 17:47:37, INFO: Loss in epoch 30: 0.76
2022-09-07 17:47:37, INFO: Loss in epoch 31: 0.75
2022-09-07 17:47:38, INFO: Loss in epoch 32: 0.75
2022-09-07 17:47:38, INFO: Loss in epoch 33: 0.75
2022-09-07 17:47:38, INFO: Loss in epoch 34: 0.75
2022-09-07 17:47:39, INFO: Loss in epoch 35: 0.74
2022-09-07 17:47:39, INFO: Loss in epoch 36: 0.74
2022-09-07 17:47:40, INFO: Loss in epoch 37: 0.74
2022-09-07 17:47:40, INFO: Loss in epoch 38: 0.74
2022-09-07 17:47:41, INFO: Loss in epoch 39: 0.73
2022-09-07 17:47:41, INFO: Loss in epoch 40: 0.73
2022-09-07 17:47:41, INFO: Loss in epoch 41: 0.73
2022-09-07 17:47:42, INFO: Loss in epoch 42: 0.73
2022-09-07 17:47:42, INFO: Loss in epoch 43: 0.73
2022-09-07 17:47:43, INFO: Loss in epoch 44: 0.72
2022-09-07 17:47:43, INFO: Loss in epoch 45: 0.73
2022-09-07 17:47:44, INFO: Loss in epoch 46: 0.72
2022-09-07 17:47:44, INFO: Loss in epoch 47: 0.72
2022-09-07 17:47:45, INFO: Loss in epoch 48: 0.72
2022-09-07 17:47:45, INFO: Loss in epoch 49: 0.73
2022-09-07 17:47:45, INFO: Loss in epoch 50: 0.72
2022-09-07 17:47:46, INFO: Loss in epoch 51: 0.72
2022-09-07 17:47:46, INFO: Loss in epoch 52: 0.72
2022-09-07 17:47:47, INFO: Loss in epoch 53: 0.72
2022-09-07 17:47:47, INFO: Loss in epoch 54: 0.71
2022-09-07 17:47:48, INFO: Loss in epoch 55: 0.72
2022-09-07 17:47:48, INFO: Loss in epoch 56: 0.71
2022-09-07 17:47:49, INFO: Loss in epoch 57: 0.71
2022-09-07 17:47:49, INFO: Loss in epoch 58: 0.71
2022-09-07 17:47:49, INFO: Loss in epoch 59: 0.71
2022-09-07 17:47:50, INFO: Loss in epoch 60: 0.71
2022-09-07 17:47:50, INFO: Loss in epoch 61: 0.71
2022-09-07 17:47:51, INFO: Loss in epoch 62: 0.71
2022-09-07 17:47:51, INFO: Loss in epoch 63: 0.71
2022-09-07 17:47:52, INFO: Loss in epoch 64: 0.71
2022-09-07 17:47:52, INFO: Loss in epoch 65: 0.71
2022-09-07 17:47:52, INFO: Loss in epoch 66: 0.71
2022-09-07 17:47:53, INFO: Loss in epoch 67: 0.71
2022-09-07 17:47:53, INFO: Loss in epoch 68: 0.71
2022-09-07 17:47:54, INFO: Loss in epoch 69: 0.71
2022-09-07 17:47:54, INFO: Loss in epoch 70: 0.71
2022-09-07 17:47:55, INFO: Loss in epoch 71: 0.71
2022-09-07 17:47:55, INFO: Loss in epoch 72: 0.70
2022-09-07 17:47:55, INFO: Loss in epoch 73: 0.71
2022-09-07 17:47:56, INFO: Loss in epoch 74: 0.70
2022-09-07 17:47:56, INFO: Loss in epoch 75: 0.71
2022-09-07 17:47:57, INFO: Loss in epoch 76: 0.70
2022-09-07 17:47:57, INFO: Loss in epoch 77: 0.70
2022-09-07 17:47:58, INFO: Loss in epoch 78: 0.70
2022-09-07 17:47:58, INFO: Loss in epoch 79: 0.70
2022-09-07 17:47:58, INFO: Loss in epoch 80: 0.70
2022-09-07 17:47:59, INFO: Loss in epoch 81: 0.70
2022-09-07 17:47:59, INFO: Loss in epoch 82: 0.70
2022-09-07 17:48:00, INFO: Loss in epoch 83: 0.70
2022-09-07 17:48:00, INFO: Loss in epoch 84: 0.70
2022-09-07 17:48:01, INFO: Loss in epoch 85: 0.70
2022-09-07 17:48:01, INFO: Loss in epoch 86: 0.70
2022-09-07 17:48:02, INFO: Loss in epoch 87: 0.70
2022-09-07 17:48:02, INFO: Loss in epoch 88: 0.70
2022-09-07 17:48:02, INFO: Loss in epoch 89: 0.70
2022-09-07 17:48:03, INFO: Loss in epoch 90: 0.69
2022-09-07 17:48:03, INFO: Loss in epoch 91: 0.69
2022-09-07 17:48:04, INFO: Loss in epoch 92: 0.70
2022-09-07 17:48:04, INFO: Loss in epoch 93: 0.70
2022-09-07 17:48:05, INFO: Loss in epoch 94: 0.70
2022-09-07 17:48:05, INFO: Loss in epoch 95: 0.70
2022-09-07 17:48:06, INFO: Loss in epoch 96: 0.70
2022-09-07 17:48:06, INFO: Loss in epoch 97: 0.69
2022-09-07 17:48:07, INFO: Loss in epoch 98: 0.69
2022-09-07 17:48:07, INFO: Loss in epoch 99: 0.69
2022-09-07 17:48:08, INFO: Loss in epoch 100: 0.69
2022-09-07 17:48:08, INFO: Loss in epoch 101: 0.69
2022-09-07 17:48:08, INFO: Loss in epoch 102: 0.69
2022-09-07 17:48:09, INFO: Loss in epoch 103: 0.69
2022-09-07 17:48:09, INFO: Loss in epoch 104: 0.69
2022-09-07 17:48:10, INFO: Loss in epoch 105: 0.69
2022-09-07 17:48:10, INFO: Loss in epoch 106: 0.69
2022-09-07 17:48:11, INFO: Loss in epoch 107: 0.70
2022-09-07 17:48:11, INFO: Loss in epoch 108: 0.70
2022-09-07 17:48:12, INFO: Loss in epoch 109: 0.69
2022-09-07 17:48:12, INFO: Loss in epoch 110: 0.69
2022-09-07 17:48:13, INFO: Loss in epoch 111: 0.69
2022-09-07 17:48:13, INFO: Loss in epoch 112: 0.69
2022-09-07 17:48:13, INFO: Loss in epoch 113: 0.69
2022-09-07 17:48:14, INFO: Loss in epoch 114: 0.69
2022-09-07 17:48:14, INFO: Loss in epoch 115: 0.69
2022-09-07 17:48:15, INFO: Loss in epoch 116: 0.70
2022-09-07 17:48:15, INFO: Loss in epoch 117: 0.69
2022-09-07 17:48:16, INFO: Loss in epoch 118: 0.69
2022-09-07 17:48:16, INFO: Loss in epoch 119: 0.69
2022-09-07 17:48:17, INFO: Loss in epoch 120: 0.69
2022-09-07 17:48:17, INFO: Loss in epoch 121: 0.69
2022-09-07 17:48:18, INFO: Loss in epoch 122: 0.69
2022-09-07 17:48:18, INFO: Loss in epoch 123: 0.69
2022-09-07 17:48:19, INFO: Loss in epoch 124: 0.69
2022-09-07 17:48:19, INFO: Loss in epoch 125: 0.69
2022-09-07 17:48:19, INFO: Loss in epoch 126: 0.69
2022-09-07 17:48:20, INFO: Loss in epoch 127: 0.69
2022-09-07 17:48:20, INFO: Loss in epoch 128: 0.69
2022-09-07 17:48:21, INFO: Loss in epoch 129: 0.68
2022-09-07 17:48:21, INFO: Loss in epoch 130: 0.69
2022-09-07 17:48:22, INFO: Loss in epoch 131: 0.69
2022-09-07 17:48:22, INFO: Loss in epoch 132: 0.69
2022-09-07 17:48:23, INFO: Loss in epoch 133: 0.69
2022-09-07 17:48:23, INFO: Loss in epoch 134: 0.69
2022-09-07 17:48:24, INFO: Loss in epoch 135: 0.68
2022-09-07 17:48:24, INFO: Loss in epoch 136: 0.69
2022-09-07 17:48:24, INFO: Loss in epoch 137: 0.69
2022-09-07 17:48:25, INFO: Loss in epoch 138: 0.69
2022-09-07 17:48:25, INFO: Loss in epoch 139: 0.68
2022-09-07 17:48:26, INFO: Loss in epoch 140: 0.68
2022-09-07 17:48:26, INFO: Loss in epoch 141: 0.69
2022-09-07 17:48:27, INFO: Loss in epoch 142: 0.69
2022-09-07 17:48:27, INFO: Loss in epoch 143: 0.68
2022-09-07 17:48:28, INFO: Loss in epoch 144: 0.68
2022-09-07 17:48:28, INFO: Loss in epoch 145: 0.69
2022-09-07 17:48:29, INFO: Loss in epoch 146: 0.68
2022-09-07 17:48:29, INFO: Loss in epoch 147: 0.68
2022-09-07 17:48:30, INFO: Loss in epoch 148: 0.69
2022-09-07 17:48:30, INFO: Loss in epoch 149: 0.67
2022-09-07 17:48:31, INFO: Loss in epoch 150: 0.67
2022-09-07 17:48:31, INFO: Loss in epoch 151: 0.67
2022-09-07 17:48:32, INFO: Loss in epoch 152: 0.67
2022-09-07 17:48:32, INFO: Loss in epoch 153: 0.67
2022-09-07 17:48:33, INFO: Loss in epoch 154: 0.67
2022-09-07 17:48:33, INFO: Loss in epoch 155: 0.67
2022-09-07 17:48:34, INFO: Loss in epoch 156: 0.67
2022-09-07 17:48:34, INFO: Loss in epoch 157: 0.67
2022-09-07 17:48:35, INFO: Loss in epoch 158: 0.67
2022-09-07 17:48:35, INFO: Loss in epoch 159: 0.67
2022-09-07 17:48:36, INFO: Loss in epoch 160: 0.67
2022-09-07 17:48:37, INFO: Loss in epoch 161: 0.67
2022-09-07 17:48:37, INFO: Loss in epoch 162: 0.67
2022-09-07 17:48:38, INFO: Loss in epoch 163: 0.67
2022-09-07 17:48:38, INFO: Loss in epoch 164: 0.67
2022-09-07 17:48:39, INFO: Loss in epoch 165: 0.67
2022-09-07 17:48:39, INFO: Loss in epoch 166: 0.67
2022-09-07 17:48:40, INFO: Loss in epoch 167: 0.67
2022-09-07 17:48:40, INFO: Loss in epoch 168: 0.67
2022-09-07 17:48:41, INFO: Loss in epoch 169: 0.67
2022-09-07 17:48:41, INFO: Loss in epoch 170: 0.67
2022-09-07 17:48:42, INFO: Loss in epoch 171: 0.67
2022-09-07 17:48:42, INFO: Loss in epoch 172: 0.67
2022-09-07 17:48:43, INFO: Loss in epoch 173: 0.67
2022-09-07 17:48:43, INFO: Loss in epoch 174: 0.67
2022-09-07 17:48:44, INFO: Loss in epoch 175: 0.67
2022-09-07 17:48:44, INFO: Loss in epoch 176: 0.67
2022-09-07 17:48:45, INFO: Loss in epoch 177: 0.67
2022-09-07 17:48:45, INFO: Loss in epoch 178: 0.67
2022-09-07 17:48:46, INFO: Loss in epoch 179: 0.67
2022-09-07 17:48:46, INFO: Loss in epoch 180: 0.67
2022-09-07 17:48:47, INFO: Loss in epoch 181: 0.67
2022-09-07 17:48:47, INFO: Loss in epoch 182: 0.67
2022-09-07 17:48:47, INFO: Loss in epoch 183: 0.67
2022-09-07 17:48:48, INFO: Loss in epoch 184: 0.67
2022-09-07 17:48:48, INFO: Loss in epoch 185: 0.67
2022-09-07 17:48:49, INFO: Loss in epoch 186: 0.67
2022-09-07 17:48:49, INFO: Loss in epoch 187: 0.67
2022-09-07 17:48:50, INFO: Loss in epoch 188: 0.67
2022-09-07 17:48:50, INFO: Loss in epoch 189: 0.67
2022-09-07 17:48:51, INFO: Loss in epoch 190: 0.67
2022-09-07 17:48:51, INFO: Loss in epoch 191: 0.67
2022-09-07 17:48:51, INFO: Loss in epoch 192: 0.67
2022-09-07 17:48:52, INFO: Loss in epoch 193: 0.67
2022-09-07 17:48:52, INFO: Loss in epoch 194: 0.67
2022-09-07 17:48:53, INFO: Loss in epoch 195: 0.67
2022-09-07 17:48:53, INFO: Loss in epoch 196: 0.67
2022-09-07 17:48:54, INFO: Loss in epoch 197: 0.67
2022-09-07 17:48:54, INFO: Loss in epoch 198: 0.67
2022-09-07 17:48:55, INFO: Loss in epoch 199: 0.67
2022-09-07 17:48:55, INFO: Loss in epoch 200: 0.67
2022-09-07 17:48:55, INFO: Loss in epoch 201: 0.67
2022-09-07 17:48:56, INFO: Loss in epoch 202: 0.67
2022-09-07 17:48:56, INFO: Loss in epoch 203: 0.67
2022-09-07 17:48:57, INFO: Loss in epoch 204: 0.67
2022-09-07 17:48:57, INFO: Loss in epoch 205: 0.67
2022-09-07 17:48:58, INFO: Loss in epoch 206: 0.67
2022-09-07 17:48:58, INFO: Loss in epoch 207: 0.67
2022-09-07 17:48:59, INFO: Loss in epoch 208: 0.67
2022-09-07 17:48:59, INFO: Loss in epoch 209: 0.67
2022-09-07 17:49:00, INFO: Loss in epoch 210: 0.67
2022-09-07 17:49:00, INFO: Loss in epoch 211: 0.67
2022-09-07 17:49:01, INFO: Loss in epoch 212: 0.67
2022-09-07 17:49:01, INFO: Loss in epoch 213: 0.67
2022-09-07 17:49:02, INFO: Loss in epoch 214: 0.67
2022-09-07 17:49:02, INFO: Loss in epoch 215: 0.67
2022-09-07 17:49:03, INFO: Loss in epoch 216: 0.67
2022-09-07 17:49:03, INFO: Loss in epoch 217: 0.67
2022-09-07 17:49:03, INFO: Loss in epoch 218: 0.67
2022-09-07 17:49:04, INFO: Loss in epoch 219: 0.67
2022-09-07 17:49:04, INFO: Loss in epoch 220: 0.67
2022-09-07 17:49:05, INFO: Loss in epoch 221: 0.67
2022-09-07 17:49:05, INFO: Loss in epoch 222: 0.67
2022-09-07 17:49:06, INFO: Loss in epoch 223: 0.67
2022-09-07 17:49:06, INFO: Loss in epoch 224: 0.67
2022-09-07 17:49:07, INFO: Loss in epoch 225: 0.67
2022-09-07 17:49:07, INFO: Loss in epoch 226: 0.67
2022-09-07 17:49:08, INFO: Loss in epoch 227: 0.67
2022-09-07 17:49:08, INFO: Loss in epoch 228: 0.67
2022-09-07 17:49:09, INFO: Loss in epoch 229: 0.67
2022-09-07 17:49:09, INFO: Loss in epoch 230: 0.67
2022-09-07 17:49:09, INFO: Loss in epoch 231: 0.67
2022-09-07 17:49:10, INFO: Loss in epoch 232: 0.67
2022-09-07 17:49:10, INFO: Loss in epoch 233: 0.67
2022-09-07 17:49:11, INFO: Loss in epoch 234: 0.67
2022-09-07 17:49:11, INFO: Loss in epoch 235: 0.67
2022-09-07 17:49:12, INFO: Loss in epoch 236: 0.67
2022-09-07 17:49:12, INFO: Loss in epoch 237: 0.67
2022-09-07 17:49:13, INFO: Loss in epoch 238: 0.67
2022-09-07 17:49:13, INFO: Loss in epoch 239: 0.67
2022-09-07 17:49:13, INFO: Loss in epoch 240: 0.67
2022-09-07 17:49:14, INFO: Loss in epoch 241: 0.67
2022-09-07 17:49:14, INFO: Loss in epoch 242: 0.67
2022-09-07 17:49:15, INFO: Loss in epoch 243: 0.67
2022-09-07 17:49:15, INFO: Loss in epoch 244: 0.67
2022-09-07 17:49:16, INFO: Loss in epoch 245: 0.67
2022-09-07 17:49:16, INFO: Loss in epoch 246: 0.67
2022-09-07 17:49:17, INFO: Loss in epoch 247: 0.67
2022-09-07 17:49:17, INFO: Loss in epoch 248: 0.67
2022-09-07 17:49:17, INFO: Loss in epoch 249: 0.67
2022-09-07 17:49:17, INFO: Finish initializing model. Model saved
2022-09-07 17:50:15, INFO: test in episode 0 has success rate: 0.24, failure rate: 0.67, average extra time to goal: 4
2022-09-07 17:50:23, INFO: train in episode 0 has success rate: 0.20, failure rate: 0.30, average extra time to goal: 10
2022-09-07 17:50:44, INFO: train in episode 1 has success rate: 0.00, failure rate: 0.60, average extra time to goal: 0
2022-09-07 17:51:06, INFO: train in episode 2 has success rate: 0.00, failure rate: 0.30, average extra time to goal: 0
2022-09-07 17:51:29, INFO: train in episode 3 has success rate: 0.10, failure rate: 0.40, average extra time to goal: 25
2022-09-07 17:51:48, INFO: train in episode 4 has success rate: 0.00, failure rate: 0.80, average extra time to goal: 0
2022-09-07 17:52:04, INFO: train in episode 5 has success rate: 0.00, failure rate: 0.80, average extra time to goal: 0
2022-09-07 17:52:25, INFO: train in episode 6 has success rate: 0.10, failure rate: 0.60, average extra time to goal: 69
2022-09-07 17:52:47, INFO: train in episode 7 has success rate: 0.10, failure rate: 0.40, average extra time to goal: 4
2022-09-07 17:53:11, INFO: train in episode 8 has success rate: 0.00, failure rate: 0.30, average extra time to goal: 0
2022-09-07 17:53:33, INFO: train in episode 9 has success rate: 0.30, failure rate: 0.40, average extra time to goal: 5
2022-09-07 17:53:58, INFO: train in episode 10 has success rate: 0.20, failure rate: 0.30, average extra time to goal: 8
2022-09-07 17:54:25, INFO: train in episode 11 has success rate: 0.00, failure rate: 0.20, average extra time to goal: 0
2022-09-07 17:54:49, INFO: train in episode 12 has success rate: 0.30, failure rate: 0.20, average extra time to goal: 7
2022-09-07 17:55:14, INFO: train in episode 13 has success rate: 0.10, failure rate: 0.50, average extra time to goal: 6
2022-09-07 17:55:38, INFO: train in episode 14 has success rate: 0.00, failure rate: 0.40, average extra time to goal: 0
2022-09-07 17:56:07, INFO: train in episode 15 has success rate: 0.10, failure rate: 0.40, average extra time to goal: 63
2022-09-07 17:56:34, INFO: train in episode 16 has success rate: 0.00, failure rate: 0.30, average extra time to goal: 0
2022-09-07 17:57:02, INFO: train in episode 17 has success rate: 0.20, failure rate: 0.20, average extra time to goal: 16
2022-09-07 17:57:27, INFO: train in episode 18 has success rate: 0.10, failure rate: 0.40, average extra time to goal: 35
2022-09-07 17:57:57, INFO: train in episode 19 has success rate: 0.10, failure rate: 0.30, average extra time to goal: 5
2022-09-07 17:58:24, INFO: train in episode 20 has success rate: 0.10, failure rate: 0.50, average extra time to goal: 3
2022-09-07 17:58:53, INFO: train in episode 21 has success rate: 0.10, failure rate: 0.30, average extra time to goal: 6
2022-09-07 17:59:16, INFO: train in episode 22 has success rate: 0.10, failure rate: 0.60, average extra time to goal: 46
2022-09-07 17:59:48, INFO: train in episode 23 has success rate: 0.00, failure rate: 0.30, average extra time to goal: 0
2022-09-07 18:00:15, INFO: train in episode 24 has success rate: 0.00, failure rate: 0.50, average extra time to goal: 0
2022-09-07 18:00:47, INFO: train in episode 25 has success rate: 0.20, failure rate: 0.20, average extra time to goal: 2
2022-09-07 18:01:20, INFO: train in episode 26 has success rate: 0.00, failure rate: 0.50, average extra time to goal: 0
2022-09-07 18:01:50, INFO: train in episode 27 has success rate: 0.00, failure rate: 0.60, average extra time to goal: 0
2022-09-07 18:02:22, INFO: train in episode 28 has success rate: 0.10, failure rate: 0.40, average extra time to goal: 25
2022-09-07 18:02:54, INFO: train in episode 29 has success rate: 0.10, failure rate: 0.30, average extra time to goal: 5
2022-09-07 18:03:32, INFO: train in episode 30 has success rate: 0.10, failure rate: 0.30, average extra time to goal: 5
2022-09-07 18:04:09, INFO: train in episode 31 has success rate: 0.10, failure rate: 0.40, average extra time to goal: 44
2022-09-07 18:04:43, INFO: train in episode 32 has success rate: 0.10, failure rate: 0.30, average extra time to goal: 50
2022-09-07 18:05:14, INFO: train in episode 33 has success rate: 0.20, failure rate: 0.30, average extra time to goal: 8
2022-09-07 18:05:47, INFO: train in episode 34 has success rate: 0.30, failure rate: 0.30, average extra time to goal: 14
2022-09-07 18:06:21, INFO: train in episode 35 has success rate: 0.10, failure rate: 0.30, average extra time to goal: 6
2022-09-07 18:06:51, INFO: train in episode 36 has success rate: 0.30, failure rate: 0.40, average extra time to goal: 31
2022-09-07 18:07:36, INFO: train in episode 37 has success rate: 0.30, failure rate: 0.10, average extra time to goal: 6
2022-09-07 18:08:21, INFO: train in episode 38 has success rate: 0.00, failure rate: 0.50, average extra time to goal: 0
2022-09-07 18:09:04, INFO: train in episode 39 has success rate: 0.40, failure rate: 0.20, average extra time to goal: 32
2022-09-07 18:09:51, INFO: train in episode 40 has success rate: 0.10, failure rate: 0.30, average extra time to goal: 51
2022-09-07 18:10:31, INFO: train in episode 41 has success rate: 0.30, failure rate: 0.50, average extra time to goal: 19
2022-09-07 18:11:18, INFO: train in episode 42 has success rate: 0.20, failure rate: 0.40, average extra time to goal: 34
2022-09-07 18:12:00, INFO: train in episode 43 has success rate: 0.10, failure rate: 0.20, average extra time to goal: 22
2022-09-07 18:12:36, INFO: train in episode 44 has success rate: 0.00, failure rate: 0.70, average extra time to goal: 0
2022-09-07 18:13:18, INFO: train in episode 45 has success rate: 0.10, failure rate: 0.40, average extra time to goal: 7
2022-09-07 18:13:57, INFO: train in episode 46 has success rate: 0.10, failure rate: 0.60, average extra time to goal: 21
2022-09-07 18:14:39, INFO: train in episode 47 has success rate: 0.10, failure rate: 0.50, average extra time to goal: 5
2022-09-07 18:15:23, INFO: train in episode 48 has success rate: 0.20, failure rate: 0.40, average extra time to goal: 43
2022-09-07 18:16:12, INFO: train in episode 49 has success rate: 0.10, failure rate: 0.30, average extra time to goal: 65
2022-09-07 18:17:01, INFO: train in episode 50 has success rate: 0.10, failure rate: 0.20, average extra time to goal: 7
2022-09-07 18:17:45, INFO: train in episode 51 has success rate: 0.10, failure rate: 0.40, average extra time to goal: 50
2022-09-07 18:18:27, INFO: train in episode 52 has success rate: 0.00, failure rate: 0.40, average extra time to goal: 0
2022-09-07 18:19:08, INFO: train in episode 53 has success rate: 0.30, failure rate: 0.20, average extra time to goal: 36
2022-09-07 18:19:50, INFO: train in episode 54 has success rate: 0.10, failure rate: 0.30, average extra time to goal: 49
2022-09-07 18:20:26, INFO: train in episode 55 has success rate: 0.30, failure rate: 0.30, average extra time to goal: 19
2022-09-07 18:21:01, INFO: train in episode 56 has success rate: 0.10, failure rate: 0.50, average extra time to goal: 50
2022-09-07 18:21:45, INFO: train in episode 57 has success rate: 0.00, failure rate: 0.30, average extra time to goal: 0
2022-09-07 18:22:31, INFO: train in episode 58 has success rate: 0.10, failure rate: 0.10, average extra time to goal: 8
2022-09-07 18:23:14, INFO: train in episode 59 has success rate: 0.20, failure rate: 0.40, average extra time to goal: 47
2022-09-07 18:23:53, INFO: train in episode 60 has success rate: 0.10, failure rate: 0.60, average extra time to goal: 44
2022-09-07 18:24:33, INFO: train in episode 61 has success rate: 0.20, failure rate: 0.60, average extra time to goal: 27
2022-09-07 18:25:11, INFO: train in episode 62 has success rate: 0.20, failure rate: 0.50, average extra time to goal: 30
2022-09-07 18:25:56, INFO: train in episode 63 has success rate: 0.00, failure rate: 0.30, average extra time to goal: 0
2022-09-07 18:26:40, INFO: train in episode 64 has success rate: 0.20, failure rate: 0.20, average extra time to goal: 16
2022-09-07 18:27:19, INFO: train in episode 65 has success rate: 0.10, failure rate: 0.60, average extra time to goal: 32
2022-09-07 18:28:03, INFO: train in episode 66 has success rate: 0.20, failure rate: 0.30, average extra time to goal: 6
2022-09-07 18:28:36, INFO: train in episode 67 has success rate: 0.10, failure rate: 0.70, average extra time to goal: 3
2022-09-07 18:29:16, INFO: train in episode 68 has success rate: 0.00, failure rate: 0.60, average extra time to goal: 0
2022-09-07 18:29:54, INFO: train in episode 69 has success rate: 0.30, failure rate: 0.20, average extra time to goal: 12
2022-09-07 18:30:34, INFO: train in episode 70 has success rate: 0.10, failure rate: 0.20, average extra time to goal: 52
2022-09-07 18:31:13, INFO: train in episode 71 has success rate: 0.00, failure rate: 0.50, average extra time to goal: 0
2022-09-07 18:31:49, INFO: train in episode 72 has success rate: 0.20, failure rate: 0.40, average extra time to goal: 46
2022-09-07 18:32:27, INFO: train in episode 73 has success rate: 0.20, failure rate: 0.30, average extra time to goal: 76
2022-09-07 18:33:04, INFO: train in episode 74 has success rate: 0.10, failure rate: 0.50, average extra time to goal: 4
2022-09-07 18:33:51, INFO: train in episode 75 has success rate: 0.40, failure rate: 0.10, average extra time to goal: 42
2022-09-07 18:34:43, INFO: train in episode 76 has success rate: 0.00, failure rate: 0.10, average extra time to goal: 0
2022-09-07 18:35:25, INFO: train in episode 77 has success rate: 0.10, failure rate: 0.10, average extra time to goal: 3
2022-09-07 18:36:02, INFO: train in episode 78 has success rate: 0.10, failure rate: 0.40, average extra time to goal: 4
2022-09-07 18:36:53, INFO: train in episode 79 has success rate: 0.30, failure rate: 0.00, average extra time to goal: 6
2022-09-07 18:37:29, INFO: train in episode 80 has success rate: 0.10, failure rate: 0.50, average extra time to goal: 3
2022-09-07 18:38:10, INFO: train in episode 81 has success rate: 0.30, failure rate: 0.20, average extra time to goal: 23
2022-09-07 18:39:06, INFO: train in episode 82 has success rate: 0.20, failure rate: 0.00, average extra time to goal: 8
2022-09-07 18:39:46, INFO: train in episode 83 has success rate: 0.40, failure rate: 0.30, average extra time to goal: 31
2022-09-07 18:40:27, INFO: train in episode 84 has success rate: 0.20, failure rate: 0.30, average extra time to goal: 27
2022-09-07 18:41:19, INFO: train in episode 85 has success rate: 0.20, failure rate: 0.10, average extra time to goal: 19
2022-09-07 18:42:04, INFO: train in episode 86 has success rate: 0.30, failure rate: 0.20, average extra time to goal: 39
2022-09-07 18:42:52, INFO: train in episode 87 has success rate: 0.20, failure rate: 0.20, average extra time to goal: 18
2022-09-07 18:43:37, INFO: train in episode 88 has success rate: 0.20, failure rate: 0.20, average extra time to goal: 40
2022-09-07 18:44:30, INFO: train in episode 89 has success rate: 0.10, failure rate: 0.30, average extra time to goal: 2
2022-09-07 18:45:16, INFO: train in episode 90 has success rate: 0.20, failure rate: 0.30, average extra time to goal: 6
2022-09-07 18:46:10, INFO: train in episode 91 has success rate: 0.20, failure rate: 0.10, average extra time to goal: 40
2022-09-07 18:47:07, INFO: train in episode 92 has success rate: 0.20, failure rate: 0.10, average extra time to goal: 67
2022-09-07 18:47:54, INFO: train in episode 93 has success rate: 0.10, failure rate: 0.20, average extra time to goal: 4
2022-09-07 18:48:48, INFO: train in episode 94 has success rate: 0.20, failure rate: 0.10, average extra time to goal: 4
2022-09-07 18:49:43, INFO: train in episode 95 has success rate: 0.30, failure rate: 0.20, average extra time to goal: 26
2022-09-07 18:50:26, INFO: train in episode 96 has success rate: 0.30, failure rate: 0.40, average extra time to goal: 51
2022-09-07 18:51:20, INFO: train in episode 97 has success rate: 0.20, failure rate: 0.10, average extra time to goal: 2
2022-09-07 18:52:10, INFO: train in episode 98 has success rate: 0.20, failure rate: 0.20, average extra time to goal: 32
2022-09-07 18:52:57, INFO: train in episode 99 has success rate: 0.30, failure rate: 0.20, average extra time to goal: 29
2022-09-07 18:53:46, INFO: train in episode 100 has success rate: 0.10, failure rate: 0.30, average extra time to goal: 48
2022-09-07 18:54:28, INFO: train in episode 101 has success rate: 0.30, failure rate: 0.30, average extra time to goal: 6
2022-09-07 18:55:20, INFO: train in episode 102 has success rate: 0.20, failure rate: 0.20, average extra time to goal: 46
2022-09-07 18:56:02, INFO: train in episode 103 has success rate: 0.20, failure rate: 0.20, average extra time to goal: 4
2022-09-07 18:56:54, INFO: train in episode 104 has success rate: 0.10, failure rate: 0.20, average extra time to goal: 8
2022-09-07 18:57:43, INFO: train in episode 105 has success rate: 0.50, failure rate: 0.10, average extra time to goal: 24
2022-09-07 18:58:40, INFO: train in episode 106 has success rate: 0.10, failure rate: 0.20, average extra time to goal: 59
2022-09-07 18:59:28, INFO: train in episode 107 has success rate: 0.10, failure rate: 0.40, average extra time to goal: 67
2022-09-07 19:00:21, INFO: train in episode 108 has success rate: 0.40, failure rate: 0.00, average extra time to goal: 10
2022-09-07 19:01:12, INFO: train in episode 109 has success rate: 0.60, failure rate: 0.00, average extra time to goal: 33
2022-09-07 19:02:13, INFO: train in episode 110 has success rate: 0.50, failure rate: 0.10, average extra time to goal: 61
2022-09-07 19:02:56, INFO: train in episode 111 has success rate: 0.10, failure rate: 0.60, average extra time to goal: 55
2022-09-07 19:03:46, INFO: train in episode 112 has success rate: 0.20, failure rate: 0.30, average extra time to goal: 6
2022-09-07 19:04:25, INFO: train in episode 113 has success rate: 0.30, failure rate: 0.40, average extra time to goal: 52
2022-09-07 19:05:16, INFO: train in episode 114 has success rate: 0.20, failure rate: 0.30, average extra time to goal: 42
2022-09-07 19:06:03, INFO: train in episode 115 has success rate: 0.10, failure rate: 0.50, average extra time to goal: 11
2022-09-07 19:06:56, INFO: train in episode 116 has success rate: 0.20, failure rate: 0.20, average extra time to goal: 22
2022-09-07 19:07:47, INFO: train in episode 117 has success rate: 0.30, failure rate: 0.20, average extra time to goal: 35
2022-09-07 19:08:35, INFO: train in episode 118 has success rate: 0.30, failure rate: 0.40, average extra time to goal: 37
2022-09-07 19:09:24, INFO: train in episode 119 has success rate: 0.00, failure rate: 0.50, average extra time to goal: 0
2022-09-07 19:10:15, INFO: train in episode 120 has success rate: 0.30, failure rate: 0.10, average extra time to goal: 40
2022-09-07 19:11:08, INFO: train in episode 121 has success rate: 0.40, failure rate: 0.10, average extra time to goal: 13
2022-09-07 19:11:50, INFO: train in episode 122 has success rate: 0.40, failure rate: 0.20, average extra time to goal: 6
2022-09-07 19:12:37, INFO: train in episode 123 has success rate: 0.30, failure rate: 0.20, average extra time to goal: 15
2022-09-07 19:13:28, INFO: train in episode 124 has success rate: 0.10, failure rate: 0.20, average extra time to goal: 3
2022-09-07 19:14:15, INFO: train in episode 125 has success rate: 0.40, failure rate: 0.10, average extra time to goal: 4
2022-09-07 19:15:02, INFO: train in episode 126 has success rate: 0.30, failure rate: 0.30, average extra time to goal: 4
2022-09-07 19:16:03, INFO: train in episode 127 has success rate: 0.10, failure rate: 0.10, average extra time to goal: 52
2022-09-07 19:16:52, INFO: train in episode 128 has success rate: 0.20, failure rate: 0.20, average extra time to goal: 8
2022-09-07 19:17:49, INFO: train in episode 129 has success rate: 0.20, failure rate: 0.20, average extra time to goal: 52
2022-09-07 19:18:35, INFO: train in episode 130 has success rate: 0.20, failure rate: 0.40, average extra time to goal: 80
2022-09-07 19:19:19, INFO: train in episode 131 has success rate: 0.40, failure rate: 0.20, average extra time to goal: 38
2022-09-07 19:20:08, INFO: train in episode 132 has success rate: 0.20, failure rate: 0.40, average extra time to goal: 66
2022-09-07 19:20:53, INFO: train in episode 133 has success rate: 0.20, failure rate: 0.30, average extra time to goal: 8
2022-09-07 19:21:51, INFO: train in episode 134 has success rate: 0.20, failure rate: 0.10, average extra time to goal: 28
2022-09-07 19:22:36, INFO: train in episode 135 has success rate: 0.30, failure rate: 0.20, average extra time to goal: 11
2022-09-07 19:23:20, INFO: train in episode 136 has success rate: 0.10, failure rate: 0.40, average extra time to goal: 3
2022-09-07 19:24:06, INFO: train in episode 137 has success rate: 0.60, failure rate: 0.10, average extra time to goal: 16
2022-09-07 19:24:57, INFO: train in episode 138 has success rate: 0.30, failure rate: 0.20, average extra time to goal: 24
2022-09-07 19:25:50, INFO: train in episode 139 has success rate: 0.20, failure rate: 0.20, average extra time to goal: 18
2022-09-07 19:26:48, INFO: train in episode 140 has success rate: 0.30, failure rate: 0.10, average extra time to goal: 29
2022-09-07 19:27:36, INFO: train in episode 141 has success rate: 0.10, failure rate: 0.50, average extra time to goal: 4
2022-09-07 19:28:27, INFO: train in episode 142 has success rate: 0.30, failure rate: 0.20, average extra time to goal: 22
2022-09-07 19:29:27, INFO: train in episode 143 has success rate: 0.30, failure rate: 0.10, average extra time to goal: 42
2022-09-07 19:30:18, INFO: train in episode 144 has success rate: 0.40, failure rate: 0.20, average extra time to goal: 19
2022-09-07 19:31:16, INFO: train in episode 145 has success rate: 0.20, failure rate: 0.30, average extra time to goal: 47
2022-09-07 19:32:01, INFO: train in episode 146 has success rate: 0.10, failure rate: 0.40, average extra time to goal: 22
2022-09-07 19:32:49, INFO: train in episode 147 has success rate: 0.50, failure rate: 0.10, average extra time to goal: 41
2022-09-07 19:33:40, INFO: train in episode 148 has success rate: 0.00, failure rate: 0.40, average extra time to goal: 0
2022-09-07 19:34:30, INFO: train in episode 149 has success rate: 0.10, failure rate: 0.50, average extra time to goal: 5
2022-09-07 19:35:26, INFO: train in episode 150 has success rate: 0.20, failure rate: 0.30, average extra time to goal: 20
2022-09-07 19:36:18, INFO: train in episode 151 has success rate: 0.40, failure rate: 0.00, average extra time to goal: 6
2022-09-07 19:37:18, INFO: train in episode 152 has success rate: 0.10, failure rate: 0.20, average extra time to goal: 35
2022-09-07 19:38:09, INFO: train in episode 153 has success rate: 0.10, failure rate: 0.30, average extra time to goal: 6
2022-09-07 19:38:53, INFO: train in episode 154 has success rate: 0.00, failure rate: 0.50, average extra time to goal: 0
2022-09-07 19:39:29, INFO: train in episode 155 has success rate: 0.30, failure rate: 0.50, average extra time to goal: 18
2022-09-07 19:40:18, INFO: train in episode 156 has success rate: 0.50, failure rate: 0.20, average extra time to goal: 41
2022-09-07 19:41:02, INFO: train in episode 157 has success rate: 0.00, failure rate: 0.50, average extra time to goal: 0
2022-09-07 19:41:49, INFO: train in episode 158 has success rate: 0.10, failure rate: 0.30, average extra time to goal: 5
2022-09-07 19:42:38, INFO: train in episode 159 has success rate: 0.10, failure rate: 0.30, average extra time to goal: 3
2022-09-07 19:43:23, INFO: train in episode 160 has success rate: 0.20, failure rate: 0.40, average extra time to goal: 24
2022-09-07 19:44:20, INFO: train in episode 161 has success rate: 0.20, failure rate: 0.10, average extra time to goal: 47
2022-09-07 19:45:15, INFO: train in episode 162 has success rate: 0.30, failure rate: 0.40, average extra time to goal: 17
2022-09-07 19:46:06, INFO: train in episode 163 has success rate: 0.20, failure rate: 0.30, average extra time to goal: 38
2022-09-07 19:46:55, INFO: train in episode 164 has success rate: 0.30, failure rate: 0.30, average extra time to goal: 31
2022-09-07 19:47:45, INFO: train in episode 165 has success rate: 0.20, failure rate: 0.20, average extra time to goal: 34
2022-09-07 19:48:55, INFO: train in episode 166 has success rate: 0.10, failure rate: 0.20, average extra time to goal: 47
2022-09-07 19:49:54, INFO: train in episode 167 has success rate: 0.10, failure rate: 0.30, average extra time to goal: 2
2022-09-07 19:50:44, INFO: train in episode 168 has success rate: 0.30, failure rate: 0.40, average extra time to goal: 59
2022-09-07 19:51:31, INFO: train in episode 169 has success rate: 0.30, failure rate: 0.30, average extra time to goal: 31
2022-09-07 19:52:30, INFO: train in episode 170 has success rate: 0.20, failure rate: 0.10, average extra time to goal: 4
2022-09-07 19:53:25, INFO: train in episode 171 has success rate: 0.30, failure rate: 0.00, average extra time to goal: 4
2022-09-07 19:54:17, INFO: train in episode 172 has success rate: 0.50, failure rate: 0.10, average extra time to goal: 24
2022-09-07 19:55:03, INFO: train in episode 173 has success rate: 0.30, failure rate: 0.20, average extra time to goal: 28
2022-09-07 19:56:01, INFO: train in episode 174 has success rate: 0.10, failure rate: 0.20, average extra time to goal: 4
2022-09-07 19:56:43, INFO: train in episode 175 has success rate: 0.60, failure rate: 0.10, average extra time to goal: 8
2022-09-07 19:57:30, INFO: train in episode 176 has success rate: 0.40, failure rate: 0.30, average extra time to goal: 43
2022-09-07 19:57:56, INFO: train in episode 177 has success rate: 0.40, failure rate: 0.30, average extra time to goal: 6
2022-09-07 19:58:33, INFO: train in episode 178 has success rate: 0.30, failure rate: 0.10, average extra time to goal: 1
2022-09-07 19:59:09, INFO: train in episode 179 has success rate: 0.40, failure rate: 0.20, average extra time to goal: 42
2022-09-07 19:59:45, INFO: train in episode 180 has success rate: 0.10, failure rate: 0.20, average extra time to goal: 10
2022-09-07 20:00:13, INFO: train in episode 181 has success rate: 0.50, failure rate: 0.30, average extra time to goal: 24
2022-09-07 20:00:54, INFO: train in episode 182 has success rate: 0.10, failure rate: 0.20, average extra time to goal: 16
2022-09-07 20:01:38, INFO: train in episode 183 has success rate: 0.50, failure rate: 0.00, average extra time to goal: 14
2022-09-07 20:02:25, INFO: train in episode 184 has success rate: 0.60, failure rate: 0.10, average extra time to goal: 20
2022-09-07 20:03:05, INFO: train in episode 185 has success rate: 0.30, failure rate: 0.40, average extra time to goal: 10
2022-09-07 20:04:02, INFO: train in episode 186 has success rate: 0.10, failure rate: 0.20, average extra time to goal: 5
2022-09-07 20:04:52, INFO: train in episode 187 has success rate: 0.40, failure rate: 0.20, average extra time to goal: 60
2022-09-07 20:05:28, INFO: train in episode 188 has success rate: 0.60, failure rate: 0.20, average extra time to goal: 4
2022-09-07 20:06:17, INFO: train in episode 189 has success rate: 0.40, failure rate: 0.20, average extra time to goal: 20
2022-09-07 20:07:14, INFO: train in episode 190 has success rate: 0.00, failure rate: 0.20, average extra time to goal: 0
2022-09-07 20:08:13, INFO: train in episode 191 has success rate: 0.30, failure rate: 0.10, average extra time to goal: 55
2022-09-07 20:09:00, INFO: train in episode 192 has success rate: 0.20, failure rate: 0.20, average extra time to goal: 4
2022-09-07 20:09:54, INFO: train in episode 193 has success rate: 0.20, failure rate: 0.10, average extra time to goal: 37
2022-09-07 20:10:39, INFO: train in episode 194 has success rate: 0.30, failure rate: 0.30, average extra time to goal: 25
2022-09-07 20:11:22, INFO: train in episode 195 has success rate: 0.30, failure rate: 0.20, average extra time to goal: 9
2022-09-07 20:12:15, INFO: train in episode 196 has success rate: 0.20, failure rate: 0.30, average extra time to goal: 16
2022-09-07 20:13:04, INFO: train in episode 197 has success rate: 0.10, failure rate: 0.40, average extra time to goal: 19
2022-09-07 20:13:48, INFO: train in episode 198 has success rate: 0.20, failure rate: 0.40, average extra time to goal: 8
2022-09-07 20:14:30, INFO: train in episode 199 has success rate: 0.40, failure rate: 0.30, average extra time to goal: 42
2022-09-07 20:14:55, INFO: Finish initializing model. Model saved
