2022-09-19 13:25:51, INFO: Using device: cuda:0
2022-09-19 13:33:32, INFO: Total number of state_value pairs: 40000
2022-09-19 13:33:33, INFO: Loss in epoch 0: 1.86
2022-09-19 13:33:33, INFO: Loss in epoch 1: 0.66
2022-09-19 13:33:33, INFO: Loss in epoch 2: 0.53
2022-09-19 13:33:33, INFO: Loss in epoch 3: 0.49
2022-09-19 13:33:33, INFO: Loss in epoch 4: 0.48
2022-09-19 13:33:34, INFO: Loss in epoch 5: 0.47
2022-09-19 13:33:34, INFO: Loss in epoch 6: 0.46
2022-09-19 13:33:34, INFO: Loss in epoch 7: 0.45
2022-09-19 13:33:34, INFO: Loss in epoch 8: 0.45
2022-09-19 13:33:34, INFO: Loss in epoch 9: 0.44
2022-09-19 13:33:35, INFO: Loss in epoch 10: 0.44
2022-09-19 13:33:35, INFO: Loss in epoch 11: 0.44
2022-09-19 13:33:35, INFO: Loss in epoch 12: 0.43
2022-09-19 13:33:35, INFO: Loss in epoch 13: 0.43
2022-09-19 13:33:35, INFO: Loss in epoch 14: 0.43
2022-09-19 13:33:35, INFO: Loss in epoch 15: 0.43
2022-09-19 13:33:36, INFO: Loss in epoch 16: 0.42
2022-09-19 13:33:36, INFO: Loss in epoch 17: 0.42
2022-09-19 13:33:36, INFO: Loss in epoch 18: 0.42
2022-09-19 13:33:36, INFO: Loss in epoch 19: 0.42
2022-09-19 13:33:36, INFO: Loss in epoch 20: 0.42
2022-09-19 13:33:36, INFO: Loss in epoch 21: 0.41
2022-09-19 13:33:37, INFO: Loss in epoch 22: 0.41
2022-09-19 13:33:37, INFO: Loss in epoch 23: 0.41
2022-09-19 13:33:37, INFO: Loss in epoch 24: 0.41
2022-09-19 13:33:37, INFO: Loss in epoch 25: 0.41
2022-09-19 13:33:37, INFO: Loss in epoch 26: 0.41
2022-09-19 13:33:38, INFO: Loss in epoch 27: 0.40
2022-09-19 13:33:38, INFO: Loss in epoch 28: 0.40
2022-09-19 13:33:38, INFO: Loss in epoch 29: 0.40
2022-09-19 13:33:38, INFO: Loss in epoch 30: 0.40
2022-09-19 13:33:38, INFO: Loss in epoch 31: 0.40
2022-09-19 13:33:39, INFO: Loss in epoch 32: 0.40
2022-09-19 13:33:39, INFO: Loss in epoch 33: 0.39
2022-09-19 13:33:39, INFO: Loss in epoch 34: 0.39
2022-09-19 13:33:39, INFO: Loss in epoch 35: 0.39
2022-09-19 13:33:39, INFO: Loss in epoch 36: 0.39
2022-09-19 13:33:39, INFO: Loss in epoch 37: 0.39
2022-09-19 13:33:40, INFO: Loss in epoch 38: 0.39
2022-09-19 13:33:40, INFO: Loss in epoch 39: 0.39
2022-09-19 13:33:40, INFO: Loss in epoch 40: 0.39
2022-09-19 13:33:40, INFO: Loss in epoch 41: 0.38
2022-09-19 13:33:40, INFO: Loss in epoch 42: 0.38
2022-09-19 13:33:41, INFO: Loss in epoch 43: 0.38
2022-09-19 13:33:41, INFO: Loss in epoch 44: 0.38
2022-09-19 13:33:41, INFO: Loss in epoch 45: 0.38
2022-09-19 13:33:41, INFO: Loss in epoch 46: 0.38
2022-09-19 13:33:41, INFO: Loss in epoch 47: 0.38
2022-09-19 13:33:41, INFO: Loss in epoch 48: 0.38
2022-09-19 13:33:42, INFO: Loss in epoch 49: 0.38
2022-09-19 13:33:42, INFO: Loss in epoch 50: 0.37
2022-09-19 13:33:42, INFO: Loss in epoch 51: 0.37
2022-09-19 13:33:42, INFO: Loss in epoch 52: 0.37
2022-09-19 13:33:42, INFO: Loss in epoch 53: 0.37
2022-09-19 13:33:42, INFO: Loss in epoch 54: 0.37
2022-09-19 13:33:43, INFO: Loss in epoch 55: 0.37
2022-09-19 13:33:43, INFO: Loss in epoch 56: 0.37
2022-09-19 13:33:43, INFO: Loss in epoch 57: 0.37
2022-09-19 13:33:43, INFO: Loss in epoch 58: 0.37
2022-09-19 13:33:43, INFO: Loss in epoch 59: 0.37
2022-09-19 13:33:44, INFO: Loss in epoch 60: 0.37
2022-09-19 13:33:44, INFO: Loss in epoch 61: 0.36
2022-09-19 13:33:44, INFO: Loss in epoch 62: 0.36
2022-09-19 13:33:44, INFO: Loss in epoch 63: 0.36
2022-09-19 13:33:44, INFO: Loss in epoch 64: 0.36
2022-09-19 13:33:45, INFO: Loss in epoch 65: 0.36
2022-09-19 13:33:45, INFO: Loss in epoch 66: 0.36
2022-09-19 13:33:45, INFO: Loss in epoch 67: 0.36
2022-09-19 13:33:45, INFO: Loss in epoch 68: 0.36
2022-09-19 13:33:45, INFO: Loss in epoch 69: 0.36
2022-09-19 13:33:46, INFO: Loss in epoch 70: 0.36
2022-09-19 13:33:46, INFO: Loss in epoch 71: 0.36
2022-09-19 13:33:46, INFO: Loss in epoch 72: 0.36
2022-09-19 13:33:46, INFO: Loss in epoch 73: 0.36
2022-09-19 13:33:46, INFO: Loss in epoch 74: 0.36
2022-09-19 13:33:47, INFO: Loss in epoch 75: 0.35
2022-09-19 13:33:47, INFO: Loss in epoch 76: 0.35
2022-09-19 13:33:47, INFO: Loss in epoch 77: 0.35
2022-09-19 13:33:47, INFO: Loss in epoch 78: 0.35
2022-09-19 13:33:47, INFO: Loss in epoch 79: 0.35
2022-09-19 13:33:48, INFO: Loss in epoch 80: 0.35
2022-09-19 13:33:48, INFO: Loss in epoch 81: 0.35
2022-09-19 13:33:48, INFO: Loss in epoch 82: 0.35
2022-09-19 13:33:48, INFO: Loss in epoch 83: 0.35
2022-09-19 13:33:48, INFO: Loss in epoch 84: 0.35
2022-09-19 13:33:49, INFO: Loss in epoch 85: 0.35
2022-09-19 13:33:49, INFO: Loss in epoch 86: 0.35
2022-09-19 13:33:49, INFO: Loss in epoch 87: 0.35
2022-09-19 13:33:49, INFO: Loss in epoch 88: 0.35
2022-09-19 13:33:49, INFO: Loss in epoch 89: 0.35
2022-09-19 13:33:50, INFO: Loss in epoch 90: 0.35
2022-09-19 13:33:50, INFO: Loss in epoch 91: 0.35
2022-09-19 13:33:50, INFO: Loss in epoch 92: 0.35
2022-09-19 13:33:50, INFO: Loss in epoch 93: 0.35
2022-09-19 13:33:50, INFO: Loss in epoch 94: 0.35
2022-09-19 13:33:51, INFO: Loss in epoch 95: 0.35
2022-09-19 13:33:51, INFO: Loss in epoch 96: 0.35
2022-09-19 13:33:51, INFO: Loss in epoch 97: 0.34
2022-09-19 13:33:51, INFO: Loss in epoch 98: 0.34
2022-09-19 13:33:51, INFO: Loss in epoch 99: 0.34
2022-09-19 13:33:52, INFO: Loss in epoch 100: 0.34
2022-09-19 13:33:52, INFO: Loss in epoch 101: 0.34
2022-09-19 13:33:52, INFO: Loss in epoch 102: 0.34
2022-09-19 13:33:52, INFO: Loss in epoch 103: 0.34
2022-09-19 13:33:52, INFO: Loss in epoch 104: 0.34
2022-09-19 13:33:53, INFO: Loss in epoch 105: 0.34
2022-09-19 13:33:53, INFO: Loss in epoch 106: 0.34
2022-09-19 13:33:53, INFO: Loss in epoch 107: 0.34
2022-09-19 13:33:53, INFO: Loss in epoch 108: 0.34
2022-09-19 13:33:54, INFO: Loss in epoch 109: 0.34
2022-09-19 13:33:54, INFO: Loss in epoch 110: 0.34
2022-09-19 13:33:54, INFO: Loss in epoch 111: 0.34
2022-09-19 13:33:54, INFO: Loss in epoch 112: 0.34
2022-09-19 13:33:55, INFO: Loss in epoch 113: 0.34
2022-09-19 13:33:55, INFO: Loss in epoch 114: 0.34
2022-09-19 13:33:55, INFO: Loss in epoch 115: 0.34
2022-09-19 13:33:55, INFO: Loss in epoch 116: 0.34
2022-09-19 13:33:56, INFO: Loss in epoch 117: 0.34
2022-09-19 13:33:56, INFO: Loss in epoch 118: 0.34
2022-09-19 13:33:56, INFO: Loss in epoch 119: 0.34
2022-09-19 13:33:56, INFO: Loss in epoch 120: 0.34
2022-09-19 13:33:56, INFO: Loss in epoch 121: 0.34
2022-09-19 13:33:57, INFO: Loss in epoch 122: 0.34
2022-09-19 13:33:57, INFO: Loss in epoch 123: 0.34
2022-09-19 13:33:57, INFO: Loss in epoch 124: 0.34
2022-09-19 13:33:57, INFO: Loss in epoch 125: 0.34
2022-09-19 13:33:58, INFO: Loss in epoch 126: 0.34
2022-09-19 13:33:58, INFO: Loss in epoch 127: 0.34
2022-09-19 13:33:58, INFO: Loss in epoch 128: 0.34
2022-09-19 13:33:58, INFO: Loss in epoch 129: 0.34
2022-09-19 13:33:59, INFO: Loss in epoch 130: 0.34
2022-09-19 13:33:59, INFO: Loss in epoch 131: 0.34
2022-09-19 13:33:59, INFO: Loss in epoch 132: 0.33
2022-09-19 13:33:59, INFO: Loss in epoch 133: 0.33
2022-09-19 13:34:00, INFO: Loss in epoch 134: 0.33
2022-09-19 13:34:00, INFO: Loss in epoch 135: 0.33
2022-09-19 13:34:00, INFO: Loss in epoch 136: 0.33
2022-09-19 13:34:00, INFO: Loss in epoch 137: 0.33
2022-09-19 13:34:01, INFO: Loss in epoch 138: 0.33
2022-09-19 13:34:01, INFO: Loss in epoch 139: 0.33
2022-09-19 13:34:01, INFO: Loss in epoch 140: 0.33
2022-09-19 13:34:01, INFO: Loss in epoch 141: 0.33
2022-09-19 13:34:02, INFO: Loss in epoch 142: 0.33
2022-09-19 13:34:02, INFO: Loss in epoch 143: 0.33
2022-09-19 13:34:02, INFO: Loss in epoch 144: 0.33
2022-09-19 13:34:02, INFO: Loss in epoch 145: 0.33
2022-09-19 13:34:03, INFO: Loss in epoch 146: 0.33
2022-09-19 13:34:03, INFO: Loss in epoch 147: 0.33
2022-09-19 13:34:03, INFO: Loss in epoch 148: 0.33
2022-09-19 13:34:04, INFO: Loss in epoch 149: 0.33
2022-09-19 13:34:04, INFO: Loss in epoch 150: 0.33
2022-09-19 13:34:04, INFO: Loss in epoch 151: 0.33
2022-09-19 13:34:04, INFO: Loss in epoch 152: 0.33
2022-09-19 13:34:05, INFO: Loss in epoch 153: 0.33
2022-09-19 13:34:05, INFO: Loss in epoch 154: 0.33
2022-09-19 13:34:05, INFO: Loss in epoch 155: 0.33
2022-09-19 13:34:06, INFO: Loss in epoch 156: 0.33
2022-09-19 13:34:06, INFO: Loss in epoch 157: 0.33
2022-09-19 13:34:06, INFO: Loss in epoch 158: 0.33
2022-09-19 13:34:07, INFO: Loss in epoch 159: 0.33
2022-09-19 13:34:07, INFO: Loss in epoch 160: 0.33
2022-09-19 13:34:07, INFO: Loss in epoch 161: 0.33
2022-09-19 13:34:07, INFO: Loss in epoch 162: 0.33
2022-09-19 13:34:08, INFO: Loss in epoch 163: 0.33
2022-09-19 13:34:08, INFO: Loss in epoch 164: 0.33
2022-09-19 13:34:08, INFO: Loss in epoch 165: 0.33
2022-09-19 13:34:08, INFO: Loss in epoch 166: 0.33
2022-09-19 13:34:09, INFO: Loss in epoch 167: 0.33
2022-09-19 13:34:09, INFO: Loss in epoch 168: 0.33
2022-09-19 13:34:09, INFO: Loss in epoch 169: 0.33
2022-09-19 13:34:10, INFO: Loss in epoch 170: 0.33
2022-09-19 13:34:10, INFO: Loss in epoch 171: 0.33
2022-09-19 13:34:10, INFO: Loss in epoch 172: 0.33
2022-09-19 13:34:10, INFO: Loss in epoch 173: 0.33
2022-09-19 13:34:11, INFO: Loss in epoch 174: 0.33
2022-09-19 13:34:11, INFO: Loss in epoch 175: 0.33
2022-09-19 13:34:11, INFO: Loss in epoch 176: 0.33
2022-09-19 13:34:11, INFO: Loss in epoch 177: 0.33
2022-09-19 13:34:12, INFO: Loss in epoch 178: 0.33
2022-09-19 13:34:12, INFO: Loss in epoch 179: 0.33
2022-09-19 13:34:12, INFO: Loss in epoch 180: 0.33
2022-09-19 13:34:13, INFO: Loss in epoch 181: 0.33
2022-09-19 13:34:13, INFO: Loss in epoch 182: 0.33
2022-09-19 13:34:13, INFO: Loss in epoch 183: 0.33
2022-09-19 13:34:13, INFO: Loss in epoch 184: 0.33
2022-09-19 13:34:14, INFO: Loss in epoch 185: 0.33
2022-09-19 13:34:14, INFO: Loss in epoch 186: 0.33
2022-09-19 13:34:14, INFO: Loss in epoch 187: 0.33
2022-09-19 13:34:14, INFO: Loss in epoch 188: 0.33
2022-09-19 13:34:15, INFO: Loss in epoch 189: 0.33
2022-09-19 13:34:15, INFO: Loss in epoch 190: 0.33
2022-09-19 13:34:15, INFO: Loss in epoch 191: 0.33
2022-09-19 13:34:15, INFO: Loss in epoch 192: 0.33
2022-09-19 13:34:16, INFO: Loss in epoch 193: 0.33
2022-09-19 13:34:16, INFO: Loss in epoch 194: 0.33
2022-09-19 13:34:16, INFO: Loss in epoch 195: 0.33
2022-09-19 13:34:17, INFO: Loss in epoch 196: 0.33
2022-09-19 13:34:17, INFO: Loss in epoch 197: 0.33
2022-09-19 13:34:17, INFO: Loss in epoch 198: 0.33
2022-09-19 13:34:17, INFO: Loss in epoch 199: 0.33
2022-09-19 13:34:18, INFO: Loss in epoch 200: 0.33
2022-09-19 13:34:18, INFO: Loss in epoch 201: 0.33
2022-09-19 13:34:18, INFO: Loss in epoch 202: 0.33
2022-09-19 13:34:18, INFO: Loss in epoch 203: 0.33
2022-09-19 13:34:19, INFO: Loss in epoch 204: 0.33
2022-09-19 13:34:19, INFO: Loss in epoch 205: 0.33
2022-09-19 13:34:19, INFO: Loss in epoch 206: 0.33
2022-09-19 13:34:19, INFO: Loss in epoch 207: 0.33
2022-09-19 13:34:20, INFO: Loss in epoch 208: 0.33
2022-09-19 13:34:20, INFO: Loss in epoch 209: 0.33
2022-09-19 13:34:20, INFO: Loss in epoch 210: 0.33
2022-09-19 13:34:20, INFO: Loss in epoch 211: 0.33
2022-09-19 13:34:21, INFO: Loss in epoch 212: 0.33
2022-09-19 13:34:21, INFO: Loss in epoch 213: 0.33
2022-09-19 13:34:21, INFO: Loss in epoch 214: 0.33
2022-09-19 13:34:22, INFO: Loss in epoch 215: 0.33
2022-09-19 13:34:22, INFO: Loss in epoch 216: 0.33
2022-09-19 13:34:22, INFO: Loss in epoch 217: 0.33
2022-09-19 13:34:22, INFO: Loss in epoch 218: 0.33
2022-09-19 13:34:23, INFO: Loss in epoch 219: 0.33
2022-09-19 13:34:23, INFO: Loss in epoch 220: 0.33
2022-09-19 13:34:23, INFO: Loss in epoch 221: 0.33
2022-09-19 13:34:23, INFO: Loss in epoch 222: 0.33
2022-09-19 13:34:24, INFO: Loss in epoch 223: 0.33
2022-09-19 13:34:24, INFO: Loss in epoch 224: 0.33
2022-09-19 13:34:24, INFO: Loss in epoch 225: 0.33
2022-09-19 13:34:24, INFO: Loss in epoch 226: 0.33
2022-09-19 13:34:25, INFO: Loss in epoch 227: 0.33
2022-09-19 13:34:25, INFO: Loss in epoch 228: 0.33
2022-09-19 13:34:25, INFO: Loss in epoch 229: 0.33
2022-09-19 13:34:25, INFO: Loss in epoch 230: 0.33
2022-09-19 13:34:25, INFO: Loss in epoch 231: 0.33
2022-09-19 13:34:26, INFO: Loss in epoch 232: 0.33
2022-09-19 13:34:26, INFO: Loss in epoch 233: 0.33
2022-09-19 13:34:26, INFO: Loss in epoch 234: 0.33
2022-09-19 13:34:26, INFO: Loss in epoch 235: 0.33
2022-09-19 13:34:27, INFO: Loss in epoch 236: 0.33
2022-09-19 13:34:27, INFO: Loss in epoch 237: 0.33
2022-09-19 13:34:27, INFO: Loss in epoch 238: 0.33
2022-09-19 13:34:27, INFO: Loss in epoch 239: 0.33
2022-09-19 13:34:27, INFO: Loss in epoch 240: 0.33
2022-09-19 13:34:28, INFO: Loss in epoch 241: 0.33
2022-09-19 13:34:28, INFO: Loss in epoch 242: 0.33
2022-09-19 13:34:28, INFO: Loss in epoch 243: 0.33
2022-09-19 13:34:28, INFO: Loss in epoch 244: 0.33
2022-09-19 13:34:29, INFO: Loss in epoch 245: 0.33
2022-09-19 13:34:29, INFO: Loss in epoch 246: 0.33
2022-09-19 13:34:29, INFO: Loss in epoch 247: 0.33
2022-09-19 13:34:29, INFO: Loss in epoch 248: 0.33
2022-09-19 13:34:30, INFO: Loss in epoch 249: 0.33
2022-09-19 13:34:30, INFO: Finish initializing model. Model saved
2022-09-19 13:37:43, INFO: test in episode 0 has success rate: 0.23, failure rate: 0.77, average extra time to goal: 10
2022-09-19 13:38:03, INFO: train in episode 0 has success rate: 0.10, failure rate: 0.80, average extra time to goal: 13
2022-09-19 13:38:03, INFO: Loss in epoch 0 is 0.34413093654438853
2022-09-19 13:38:03, INFO: Loss in epoch 1 is 0.34328655945137143
2022-09-19 13:38:03, INFO: Loss in epoch 2 is 0.3426782488822937
2022-09-19 13:38:03, INFO: Loss in epoch 3 is 0.3420737385749817
2022-09-19 13:38:04, INFO: Loss in epoch 4 is 0.3424537614919245
2022-09-19 13:38:04, INFO: Loss in epoch 5 is 0.3420743402093649
2022-09-19 13:38:04, INFO: Loss in epoch 6 is 0.3414959670044482
2022-09-19 13:38:04, INFO: Loss in epoch 7 is 0.34099131682887673
2022-09-19 13:38:04, INFO: Loss in epoch 8 is 0.34066203981637955
2022-09-19 13:38:05, INFO: Loss in epoch 9 is 0.3406218094751239
2022-09-19 13:38:05, INFO: Loss in epoch 10 is 0.33977445447817445
2022-09-19 13:38:05, INFO: Loss in epoch 11 is 0.3401707732118666
2022-09-19 13:38:05, INFO: Loss in epoch 12 is 0.3394425166770816
2022-09-19 13:38:05, INFO: Loss in epoch 13 is 0.3393940348178148
2022-09-19 13:38:06, INFO: Loss in epoch 14 is 0.34151115361601114
2022-09-19 13:38:06, INFO: Loss in epoch 15 is 0.3395151267759502
2022-09-19 13:38:06, INFO: Loss in epoch 16 is 0.33856431813910604
2022-09-19 13:38:06, INFO: Loss in epoch 17 is 0.33882582653313875
2022-09-19 13:38:06, INFO: Loss in epoch 18 is 0.3381325271911919
2022-09-19 13:38:07, INFO: Loss in epoch 19 is 0.3378231688402593
2022-09-19 13:38:07, INFO: Loss in epoch 20 is 0.3380032517015934
2022-09-19 13:38:07, INFO: Loss in epoch 21 is 0.338892029132694
2022-09-19 13:38:07, INFO: Loss in epoch 22 is 0.3381047579459846
2022-09-19 13:38:07, INFO: Loss in epoch 23 is 0.33827557880431414
2022-09-19 13:38:08, INFO: Loss in epoch 24 is 0.3380073136650026
2022-09-19 13:38:08, INFO: Loss in epoch 25 is 0.33764337562024593
2022-09-19 13:38:08, INFO: Loss in epoch 26 is 0.3364599822089076
2022-09-19 13:38:08, INFO: Loss in epoch 27 is 0.3377971271984279
2022-09-19 13:38:08, INFO: Loss in epoch 28 is 0.33755588391795754
2022-09-19 13:38:09, INFO: Loss in epoch 29 is 0.3370250458829105
2022-09-19 13:38:55, INFO: train in episode 1 has success rate: 0.50, failure rate: 0.20, average extra time to goal: 24
2022-09-19 13:38:55, INFO: Loss in epoch 0 is 0.33994194818660617
2022-09-19 13:38:55, INFO: Loss in epoch 1 is 0.3384806984104216
2022-09-19 13:38:55, INFO: Loss in epoch 2 is 0.33738954877480865
2022-09-19 13:38:56, INFO: Loss in epoch 3 is 0.336983191780746
2022-09-19 13:38:56, INFO: Loss in epoch 4 is 0.3363208966329694
2022-09-19 13:38:56, INFO: Loss in epoch 5 is 0.33523085713386536
2022-09-19 13:38:56, INFO: Loss in epoch 6 is 0.33530590822920203
2022-09-19 13:38:56, INFO: Loss in epoch 7 is 0.3361285049468279
2022-09-19 13:38:57, INFO: Loss in epoch 8 is 0.3348048790358007
2022-09-19 13:38:57, INFO: Loss in epoch 9 is 0.33420770848169923
2022-09-19 13:38:57, INFO: Loss in epoch 10 is 0.33423923468217254
2022-09-19 13:38:57, INFO: Loss in epoch 11 is 0.3345595272257924
2022-09-19 13:38:57, INFO: Loss in epoch 12 is 0.33425306156277657
2022-09-19 13:38:58, INFO: Loss in epoch 13 is 0.33367715403437614
2022-09-19 13:38:58, INFO: Loss in epoch 14 is 0.3329272330738604
2022-09-19 13:38:58, INFO: Loss in epoch 15 is 0.3327270243316889
2022-09-19 13:38:58, INFO: Loss in epoch 16 is 0.33340250607579947
2022-09-19 13:38:58, INFO: Loss in epoch 17 is 0.3325951755978167
2022-09-19 13:38:59, INFO: Loss in epoch 18 is 0.33271684497594833
2022-09-19 13:38:59, INFO: Loss in epoch 19 is 0.3326232712715864
2022-09-19 13:38:59, INFO: Loss in epoch 20 is 0.33227441646158695
2022-09-19 13:38:59, INFO: Loss in epoch 21 is 0.33203788101673126
2022-09-19 13:38:59, INFO: Loss in epoch 22 is 0.3317673075944185
2022-09-19 13:39:00, INFO: Loss in epoch 23 is 0.3318251334130764
2022-09-19 13:39:00, INFO: Loss in epoch 24 is 0.33181898249313235
2022-09-19 13:39:00, INFO: Loss in epoch 25 is 0.33244982408359647
2022-09-19 13:39:00, INFO: Loss in epoch 26 is 0.3317885398864746
2022-09-19 13:39:00, INFO: Loss in epoch 27 is 0.3315551015548408
2022-09-19 13:39:01, INFO: Loss in epoch 28 is 0.33108939230442047
2022-09-19 13:39:01, INFO: Loss in epoch 29 is 0.3309725527651608
2022-09-19 13:39:59, INFO: train in episode 2 has success rate: 0.50, failure rate: 0.20, average extra time to goal: 41
2022-09-19 13:39:59, INFO: Loss in epoch 0 is 0.3310618666000664
2022-09-19 13:39:59, INFO: Loss in epoch 1 is 0.32957966439425945
2022-09-19 13:39:59, INFO: Loss in epoch 2 is 0.3292704150080681
2022-09-19 13:40:00, INFO: Loss in epoch 3 is 0.3289413107559085
2022-09-19 13:40:00, INFO: Loss in epoch 4 is 0.3286445843987167
2022-09-19 13:40:00, INFO: Loss in epoch 5 is 0.3293180372565985
2022-09-19 13:40:00, INFO: Loss in epoch 6 is 0.32791625056415796
2022-09-19 13:40:00, INFO: Loss in epoch 7 is 0.32774786790832877
2022-09-19 13:40:01, INFO: Loss in epoch 8 is 0.3284756178036332
2022-09-19 13:40:01, INFO: Loss in epoch 9 is 0.3272362593561411
2022-09-19 13:40:01, INFO: Loss in epoch 10 is 0.32711843214929104
2022-09-19 13:40:01, INFO: Loss in epoch 11 is 0.3278107410296798
2022-09-19 13:40:01, INFO: Loss in epoch 12 is 0.3271504081785679
2022-09-19 13:40:01, INFO: Loss in epoch 13 is 0.32709395606070757
2022-09-19 13:40:02, INFO: Loss in epoch 14 is 0.326548651792109
2022-09-19 13:40:02, INFO: Loss in epoch 15 is 0.32662458112463355
2022-09-19 13:40:02, INFO: Loss in epoch 16 is 0.3272759076207876
2022-09-19 13:40:02, INFO: Loss in epoch 17 is 0.3265420766547322
2022-09-19 13:40:03, INFO: Loss in epoch 18 is 0.32639581291005015
2022-09-19 13:40:03, INFO: Loss in epoch 19 is 0.3259558863937855
2022-09-19 13:40:03, INFO: Loss in epoch 20 is 0.3264862382784486
2022-09-19 13:40:03, INFO: Loss in epoch 21 is 0.3271574256941676
2022-09-19 13:40:03, INFO: Loss in epoch 22 is 0.3260673163458705
2022-09-19 13:40:04, INFO: Loss in epoch 23 is 0.326243098359555
2022-09-19 13:40:04, INFO: Loss in epoch 24 is 0.32525616651400924
2022-09-19 13:40:04, INFO: Loss in epoch 25 is 0.32622572779655457
2022-09-19 13:40:04, INFO: Loss in epoch 26 is 0.32504105055704713
2022-09-19 13:40:05, INFO: Loss in epoch 27 is 0.32487660413607955
2022-09-19 13:40:05, INFO: Loss in epoch 28 is 0.32646203227341175
2022-09-19 13:40:05, INFO: Loss in epoch 29 is 0.32470577443018556
2022-09-19 13:41:08, INFO: train in episode 3 has success rate: 0.90, failure rate: 0.10, average extra time to goal: 53
2022-09-19 13:41:09, INFO: Loss in epoch 0 is 0.32585330214351416
2022-09-19 13:41:09, INFO: Loss in epoch 1 is 0.3242267887108028
2022-09-19 13:41:09, INFO: Loss in epoch 2 is 0.3230245104059577
2022-09-19 13:41:09, INFO: Loss in epoch 3 is 0.3243925799615681
2022-09-19 13:41:10, INFO: Loss in epoch 4 is 0.32324259961023927
2022-09-19 13:41:10, INFO: Loss in epoch 5 is 0.3237586743198335
2022-09-19 13:41:10, INFO: Loss in epoch 6 is 0.32263905042782426
2022-09-19 13:41:10, INFO: Loss in epoch 7 is 0.32273337012156844
2022-09-19 13:41:10, INFO: Loss in epoch 8 is 0.3225611438974738
2022-09-19 13:41:11, INFO: Loss in epoch 9 is 0.322211972437799
2022-09-19 13:41:11, INFO: Loss in epoch 10 is 0.3231288278475404
2022-09-19 13:41:11, INFO: Loss in epoch 11 is 0.32186702731996775
2022-09-19 13:41:11, INFO: Loss in epoch 12 is 0.3213591333478689
2022-09-19 13:41:11, INFO: Loss in epoch 13 is 0.32132720202207565
2022-09-19 13:41:12, INFO: Loss in epoch 14 is 0.3224269454367459
2022-09-19 13:41:12, INFO: Loss in epoch 15 is 0.32320326287299395
2022-09-19 13:41:12, INFO: Loss in epoch 16 is 0.3229850404895842
2022-09-19 13:41:12, INFO: Loss in epoch 17 is 0.3202919992618263
2022-09-19 13:41:12, INFO: Loss in epoch 18 is 0.32111096754670143
2022-09-19 13:41:13, INFO: Loss in epoch 19 is 0.3210972757078707
2022-09-19 13:41:13, INFO: Loss in epoch 20 is 0.3216099119745195
2022-09-19 13:41:13, INFO: Loss in epoch 21 is 0.32036870578303933
2022-09-19 13:41:13, INFO: Loss in epoch 22 is 0.3209085720591247
2022-09-19 13:41:13, INFO: Loss in epoch 23 is 0.32079767948016524
2022-09-19 13:41:13, INFO: Loss in epoch 24 is 0.32083812821656466
2022-09-19 13:41:14, INFO: Loss in epoch 25 is 0.32095431350171566
2022-09-19 13:41:14, INFO: Loss in epoch 26 is 0.32041098549962044
2022-09-19 13:41:14, INFO: Loss in epoch 27 is 0.32042034482583404
2022-09-19 13:41:14, INFO: Loss in epoch 28 is 0.32073682779446244
2022-09-19 13:41:14, INFO: Loss in epoch 29 is 0.3194379503838718
2022-09-19 13:42:05, INFO: train in episode 4 has success rate: 0.90, failure rate: 0.00, average extra time to goal: 35
2022-09-19 13:42:05, INFO: Loss in epoch 0 is 0.31777375005185604
2022-09-19 13:42:05, INFO: Loss in epoch 1 is 0.3176753609441221
2022-09-19 13:42:05, INFO: Loss in epoch 2 is 0.31758430460467935
2022-09-19 13:42:05, INFO: Loss in epoch 3 is 0.3172516589984298
2022-09-19 13:42:06, INFO: Loss in epoch 4 is 0.3169816257432103
2022-09-19 13:42:06, INFO: Loss in epoch 5 is 0.31667138589546084
2022-09-19 13:42:06, INFO: Loss in epoch 6 is 0.31707924604415894
2022-09-19 13:42:06, INFO: Loss in epoch 7 is 0.31720754923298955
2022-09-19 13:42:06, INFO: Loss in epoch 8 is 0.31664930330589414
2022-09-19 13:42:07, INFO: Loss in epoch 9 is 0.3161590928211808
2022-09-19 13:42:07, INFO: Loss in epoch 10 is 0.3161757350899279
2022-09-19 13:42:07, INFO: Loss in epoch 11 is 0.3171814610250294
2022-09-19 13:42:07, INFO: Loss in epoch 12 is 0.3170249233953655
2022-09-19 13:42:07, INFO: Loss in epoch 13 is 0.316043121740222
2022-09-19 13:42:08, INFO: Loss in epoch 14 is 0.3158369464799762
2022-09-19 13:42:08, INFO: Loss in epoch 15 is 0.3161172871477902
2022-09-19 13:42:08, INFO: Loss in epoch 16 is 0.3158091432414949
2022-09-19 13:42:08, INFO: Loss in epoch 17 is 0.31540698278695345
2022-09-19 13:42:08, INFO: Loss in epoch 18 is 0.3150363671593368
2022-09-19 13:42:09, INFO: Loss in epoch 19 is 0.31526851607486606
2022-09-19 13:42:09, INFO: Loss in epoch 20 is 0.31502849888056517
2022-09-19 13:42:09, INFO: Loss in epoch 21 is 0.31573577923700213
2022-09-19 13:42:09, INFO: Loss in epoch 22 is 0.31453149020671844
2022-09-19 13:42:09, INFO: Loss in epoch 23 is 0.31427578115835786
2022-09-19 13:42:10, INFO: Loss in epoch 24 is 0.31433172477409244
2022-09-19 13:42:10, INFO: Loss in epoch 25 is 0.3151954230852425
2022-09-19 13:42:10, INFO: Loss in epoch 26 is 0.3158778236247599
2022-09-19 13:42:10, INFO: Loss in epoch 27 is 0.3147504865191877
2022-09-19 13:42:10, INFO: Loss in epoch 28 is 0.31442415760830045
2022-09-19 13:42:11, INFO: Loss in epoch 29 is 0.314430505502969
2022-09-19 13:43:15, INFO: train in episode 5 has success rate: 0.50, failure rate: 0.10, average extra time to goal: 51
2022-09-19 13:43:15, INFO: Loss in epoch 0 is 0.3118933760561049
2022-09-19 13:43:15, INFO: Loss in epoch 1 is 0.31074238987639546
2022-09-19 13:43:15, INFO: Loss in epoch 2 is 0.3113105995580554
2022-09-19 13:43:15, INFO: Loss in epoch 3 is 0.3111287192441523
2022-09-19 13:43:16, INFO: Loss in epoch 4 is 0.31145780766382813
2022-09-19 13:43:16, INFO: Loss in epoch 5 is 0.31153104780241847
2022-09-19 13:43:16, INFO: Loss in epoch 6 is 0.31107165198773146
2022-09-19 13:43:16, INFO: Loss in epoch 7 is 0.3113378332927823
2022-09-19 13:43:16, INFO: Loss in epoch 8 is 0.31120593985542655
2022-09-19 13:43:17, INFO: Loss in epoch 9 is 0.31191196758300066
2022-09-19 13:43:17, INFO: Loss in epoch 10 is 0.3104704557918012
2022-09-19 13:43:17, INFO: Loss in epoch 11 is 0.3099991134367883
2022-09-19 13:43:17, INFO: Loss in epoch 12 is 0.3110351273790002
2022-09-19 13:43:17, INFO: Loss in epoch 13 is 0.3095460329204798
2022-09-19 13:43:18, INFO: Loss in epoch 14 is 0.31093908101320267
2022-09-19 13:43:18, INFO: Loss in epoch 15 is 0.30972206592559814
2022-09-19 13:43:18, INFO: Loss in epoch 16 is 0.310160375200212
2022-09-19 13:43:18, INFO: Loss in epoch 17 is 0.3097512819804251
2022-09-19 13:43:18, INFO: Loss in epoch 18 is 0.30980819882825017
2022-09-19 13:43:18, INFO: Loss in epoch 19 is 0.3099192623049021
2022-09-19 13:43:19, INFO: Loss in epoch 20 is 0.3117288392968476
2022-09-19 13:43:19, INFO: Loss in epoch 21 is 0.30963621055707335
2022-09-19 13:43:19, INFO: Loss in epoch 22 is 0.3096670899540186
2022-09-19 13:43:19, INFO: Loss in epoch 23 is 0.30913822166621685
2022-09-19 13:43:19, INFO: Loss in epoch 24 is 0.30951424734666944
2022-09-19 13:43:20, INFO: Loss in epoch 25 is 0.30931205581873655
2022-09-19 13:43:20, INFO: Loss in epoch 26 is 0.3092892304994166
2022-09-19 13:43:20, INFO: Loss in epoch 27 is 0.3087024143896997
2022-09-19 13:43:20, INFO: Loss in epoch 28 is 0.30859604105353355
2022-09-19 13:43:20, INFO: Loss in epoch 29 is 0.30795526364818215
2022-09-19 13:44:39, INFO: train in episode 6 has success rate: 0.40, failure rate: 0.10, average extra time to goal: 39
2022-09-19 13:44:39, INFO: Loss in epoch 0 is 0.30623658234253526
2022-09-19 13:44:39, INFO: Loss in epoch 1 is 0.3075354238972068
2022-09-19 13:44:39, INFO: Loss in epoch 2 is 0.30602431716397405
2022-09-19 13:44:40, INFO: Loss in epoch 3 is 0.30666587548330426
2022-09-19 13:44:40, INFO: Loss in epoch 4 is 0.30701470701023936
2022-09-19 13:44:40, INFO: Loss in epoch 5 is 0.3050000509247184
2022-09-19 13:44:40, INFO: Loss in epoch 6 is 0.30535319400951266
2022-09-19 13:44:41, INFO: Loss in epoch 7 is 0.30601462488994
2022-09-19 13:44:41, INFO: Loss in epoch 8 is 0.3047670107334852
2022-09-19 13:44:41, INFO: Loss in epoch 9 is 0.3051778497174382
2022-09-19 13:44:41, INFO: Loss in epoch 10 is 0.3055884288623929
2022-09-19 13:44:41, INFO: Loss in epoch 11 is 0.30551747791469097
2022-09-19 13:44:41, INFO: Loss in epoch 12 is 0.3048891816288233
2022-09-19 13:44:42, INFO: Loss in epoch 13 is 0.3046375634148717
2022-09-19 13:44:42, INFO: Loss in epoch 14 is 0.3046268252655864
2022-09-19 13:44:42, INFO: Loss in epoch 15 is 0.3047775933519006
2022-09-19 13:44:42, INFO: Loss in epoch 16 is 0.30523382779210806
2022-09-19 13:44:42, INFO: Loss in epoch 17 is 0.30310212448239326
2022-09-19 13:44:43, INFO: Loss in epoch 18 is 0.3040691721253097
2022-09-19 13:44:43, INFO: Loss in epoch 19 is 0.30462102638557553
2022-09-19 13:44:43, INFO: Loss in epoch 20 is 0.3036644631065428
2022-09-19 13:44:43, INFO: Loss in epoch 21 is 0.30341307865455747
2022-09-19 13:44:43, INFO: Loss in epoch 22 is 0.30382892256602645
2022-09-19 13:44:44, INFO: Loss in epoch 23 is 0.3029975853860378
2022-09-19 13:44:44, INFO: Loss in epoch 24 is 0.30380875477567315
2022-09-19 13:44:44, INFO: Loss in epoch 25 is 0.3035371066071093
2022-09-19 13:44:44, INFO: Loss in epoch 26 is 0.30388745153322816
2022-09-19 13:44:44, INFO: Loss in epoch 27 is 0.3046312644146383
2022-09-19 13:44:45, INFO: Loss in epoch 28 is 0.30457823537290096
2022-09-19 13:44:45, INFO: Loss in epoch 29 is 0.3038218803703785
2022-09-19 13:45:27, INFO: train in episode 7 has success rate: 0.50, failure rate: 0.30, average extra time to goal: 20
2022-09-19 13:45:28, INFO: Loss in epoch 0 is 0.3037145705893636
2022-09-19 13:45:28, INFO: Loss in epoch 1 is 0.30480052484199405
2022-09-19 13:45:28, INFO: Loss in epoch 2 is 0.30450912984088063
2022-09-19 13:45:28, INFO: Loss in epoch 3 is 0.30335473781451583
2022-09-19 13:45:28, INFO: Loss in epoch 4 is 0.3038363577798009
2022-09-19 13:45:29, INFO: Loss in epoch 5 is 0.3036849922500551
2022-09-19 13:45:29, INFO: Loss in epoch 6 is 0.3043384882621467
2022-09-19 13:45:29, INFO: Loss in epoch 7 is 0.30404738150537014
2022-09-19 13:45:29, INFO: Loss in epoch 8 is 0.30257359659299254
2022-09-19 13:45:29, INFO: Loss in epoch 9 is 0.30315623385831714
2022-09-19 13:45:30, INFO: Loss in epoch 10 is 0.303229873534292
2022-09-19 13:45:30, INFO: Loss in epoch 11 is 0.30255144694820046
2022-09-19 13:45:30, INFO: Loss in epoch 12 is 0.30365174356848
2022-09-19 13:45:30, INFO: Loss in epoch 13 is 0.3035556385293603
2022-09-19 13:45:30, INFO: Loss in epoch 14 is 0.3036798913963139
2022-09-19 13:45:30, INFO: Loss in epoch 15 is 0.30213978001847863
2022-09-19 13:45:31, INFO: Loss in epoch 16 is 0.3030134220607579
2022-09-19 13:45:31, INFO: Loss in epoch 17 is 0.3038821192458272
2022-09-19 13:45:31, INFO: Loss in epoch 18 is 0.30231141531839967
2022-09-19 13:45:31, INFO: Loss in epoch 19 is 0.302102065179497
2022-09-19 13:45:31, INFO: Loss in epoch 20 is 0.3015157971531153
2022-09-19 13:45:32, INFO: Loss in epoch 21 is 0.3018650836311281
2022-09-19 13:45:32, INFO: Loss in epoch 22 is 0.30272845830768347
2022-09-19 13:45:32, INFO: Loss in epoch 23 is 0.30124020064249635
2022-09-19 13:45:32, INFO: Loss in epoch 24 is 0.3021964207291603
2022-09-19 13:45:33, INFO: Loss in epoch 25 is 0.3022608468309045
2022-09-19 13:45:33, INFO: Loss in epoch 26 is 0.3015727368183434
2022-09-19 13:45:33, INFO: Loss in epoch 27 is 0.3011068948544562
2022-09-19 13:45:33, INFO: Loss in epoch 28 is 0.3008896973915398
2022-09-19 13:45:33, INFO: Loss in epoch 29 is 0.30156166292726994
2022-09-19 13:46:35, INFO: train in episode 8 has success rate: 0.70, failure rate: 0.00, average extra time to goal: 38
2022-09-19 13:46:35, INFO: Loss in epoch 0 is 0.2988189975731075
2022-09-19 13:46:35, INFO: Loss in epoch 1 is 0.29752766620367765
2022-09-19 13:46:35, INFO: Loss in epoch 2 is 0.29685400472953916
2022-09-19 13:46:35, INFO: Loss in epoch 3 is 0.298244901932776
2022-09-19 13:46:36, INFO: Loss in epoch 4 is 0.2983716852031648
2022-09-19 13:46:36, INFO: Loss in epoch 5 is 0.29785920726135373
2022-09-19 13:46:36, INFO: Loss in epoch 6 is 0.2980929985642433
2022-09-19 13:46:36, INFO: Loss in epoch 7 is 0.2973053455352783
2022-09-19 13:46:36, INFO: Loss in epoch 8 is 0.29660531831905246
2022-09-19 13:46:37, INFO: Loss in epoch 9 is 0.2968967445194721
2022-09-19 13:46:37, INFO: Loss in epoch 10 is 0.2972832312807441
2022-09-19 13:46:37, INFO: Loss in epoch 11 is 0.2968449299223721
2022-09-19 13:46:37, INFO: Loss in epoch 12 is 0.29702836787328124
2022-09-19 13:46:37, INFO: Loss in epoch 13 is 0.29650919465348125
2022-09-19 13:46:37, INFO: Loss in epoch 14 is 0.2972646723501384
2022-09-19 13:46:38, INFO: Loss in epoch 15 is 0.29747365321964025
2022-09-19 13:46:38, INFO: Loss in epoch 16 is 0.2964647300541401
2022-09-19 13:46:38, INFO: Loss in epoch 17 is 0.2964433915913105
2022-09-19 13:46:38, INFO: Loss in epoch 18 is 0.296159686986357
2022-09-19 13:46:38, INFO: Loss in epoch 19 is 0.2962015806697309
2022-09-19 13:46:39, INFO: Loss in epoch 20 is 0.2960194214247167
2022-09-19 13:46:39, INFO: Loss in epoch 21 is 0.29598056711256504
2022-09-19 13:46:39, INFO: Loss in epoch 22 is 0.297050918918103
2022-09-19 13:46:39, INFO: Loss in epoch 23 is 0.296939087100327
2022-09-19 13:46:39, INFO: Loss in epoch 24 is 0.2953014010563493
2022-09-19 13:46:39, INFO: Loss in epoch 25 is 0.2954556569457054
2022-09-19 13:46:40, INFO: Loss in epoch 26 is 0.29521318059414625
2022-09-19 13:46:40, INFO: Loss in epoch 27 is 0.29556688759475946
2022-09-19 13:46:40, INFO: Loss in epoch 28 is 0.2954203197732568
2022-09-19 13:46:40, INFO: Loss in epoch 29 is 0.2950171227566898
2022-09-19 13:47:35, INFO: train in episode 9 has success rate: 0.40, failure rate: 0.10, average extra time to goal: 24
2022-09-19 13:47:35, INFO: Loss in epoch 0 is 0.29497331380844116
2022-09-19 13:47:35, INFO: Loss in epoch 1 is 0.2949617840349674
2022-09-19 13:47:35, INFO: Loss in epoch 2 is 0.29542625648900867
2022-09-19 13:47:36, INFO: Loss in epoch 3 is 0.29481228720396757
2022-09-19 13:47:36, INFO: Loss in epoch 4 is 0.2957284264266491
2022-09-19 13:47:36, INFO: Loss in epoch 5 is 0.2943252776749432
2022-09-19 13:47:36, INFO: Loss in epoch 6 is 0.29461378091946244
2022-09-19 13:47:36, INFO: Loss in epoch 7 is 0.2951419153250754
2022-09-19 13:47:36, INFO: Loss in epoch 8 is 0.2942711734212935
2022-09-19 13:47:37, INFO: Loss in epoch 9 is 0.29477757401764393
2022-09-19 13:47:37, INFO: Loss in epoch 10 is 0.29567142482846975
2022-09-19 13:47:37, INFO: Loss in epoch 11 is 0.29900127090513706
2022-09-19 13:47:37, INFO: Loss in epoch 12 is 0.2943027066066861
2022-09-19 13:47:37, INFO: Loss in epoch 13 is 0.29496099054813385
2022-09-19 13:47:38, INFO: Loss in epoch 14 is 0.2944390634074807
2022-09-19 13:47:38, INFO: Loss in epoch 15 is 0.2938358662649989
2022-09-19 13:47:38, INFO: Loss in epoch 16 is 0.293910872656852
2022-09-19 13:47:38, INFO: Loss in epoch 17 is 0.2938993885181844
2022-09-19 13:47:38, INFO: Loss in epoch 18 is 0.2934498176909983
2022-09-19 13:47:38, INFO: Loss in epoch 19 is 0.2938970667310059
2022-09-19 13:47:39, INFO: Loss in epoch 20 is 0.294240306597203
2022-09-19 13:47:39, INFO: Loss in epoch 21 is 0.2941718432120979
2022-09-19 13:47:39, INFO: Loss in epoch 22 is 0.293024109210819
2022-09-19 13:47:39, INFO: Loss in epoch 23 is 0.2941486337222159
2022-09-19 13:47:39, INFO: Loss in epoch 24 is 0.2939767246134579
2022-09-19 13:47:40, INFO: Loss in epoch 25 is 0.2953554932028055
2022-09-19 13:47:40, INFO: Loss in epoch 26 is 0.29448019759729505
2022-09-19 13:47:40, INFO: Loss in epoch 27 is 0.29329585283994675
2022-09-19 13:47:40, INFO: Loss in epoch 28 is 0.2934892429038882
2022-09-19 13:47:40, INFO: Loss in epoch 29 is 0.29427221743389964
2022-09-19 13:48:41, INFO: train in episode 10 has success rate: 0.50, failure rate: 0.10, average extra time to goal: 47
2022-09-19 13:48:41, INFO: Loss in epoch 0 is 0.28767124749720097
2022-09-19 13:48:41, INFO: Loss in epoch 1 is 0.28728946298360825
2022-09-19 13:48:41, INFO: Loss in epoch 2 is 0.2884441795758903
2022-09-19 13:48:42, INFO: Loss in epoch 3 is 0.28801913280040026
2022-09-19 13:48:42, INFO: Loss in epoch 4 is 0.2876969501376152
2022-09-19 13:48:42, INFO: Loss in epoch 5 is 0.2865784652531147
2022-09-19 13:48:42, INFO: Loss in epoch 6 is 0.28756766160950065
2022-09-19 13:48:42, INFO: Loss in epoch 7 is 0.28670197492465377
2022-09-19 13:48:43, INFO: Loss in epoch 8 is 0.28692630724981427
2022-09-19 13:48:43, INFO: Loss in epoch 9 is 0.2874395833350718
2022-09-19 13:48:43, INFO: Loss in epoch 10 is 0.2860625870525837
2022-09-19 13:48:43, INFO: Loss in epoch 11 is 0.2860793974250555
2022-09-19 13:48:43, INFO: Loss in epoch 12 is 0.2882216819562018
2022-09-19 13:48:44, INFO: Loss in epoch 13 is 0.28704526694491506
2022-09-19 13:48:44, INFO: Loss in epoch 14 is 0.28687554923817515
2022-09-19 13:48:44, INFO: Loss in epoch 15 is 0.28749172994866967
2022-09-19 13:48:44, INFO: Loss in epoch 16 is 0.2877351734787226
2022-09-19 13:48:44, INFO: Loss in epoch 17 is 0.28624257910996675
2022-09-19 13:48:45, INFO: Loss in epoch 18 is 0.28622305672615767
2022-09-19 13:48:45, INFO: Loss in epoch 19 is 0.2859819605946541
2022-09-19 13:48:45, INFO: Loss in epoch 20 is 0.2863694950938225
2022-09-19 13:48:45, INFO: Loss in epoch 21 is 0.28744432562962174
2022-09-19 13:48:46, INFO: Loss in epoch 22 is 0.28669580444693565
2022-09-19 13:48:46, INFO: Loss in epoch 23 is 0.28757602255791426
2022-09-19 13:48:46, INFO: Loss in epoch 24 is 0.286201864015311
2022-09-19 13:48:46, INFO: Loss in epoch 25 is 0.2866025920957327
2022-09-19 13:48:46, INFO: Loss in epoch 26 is 0.28604869870468974
2022-09-19 13:48:47, INFO: Loss in epoch 27 is 0.2852435726672411
2022-09-19 13:48:47, INFO: Loss in epoch 28 is 0.2871997319161892
2022-09-19 13:48:47, INFO: Loss in epoch 29 is 0.2850163630209863
2022-09-19 13:49:43, INFO: train in episode 11 has success rate: 0.80, failure rate: 0.00, average extra time to goal: 34
2022-09-19 13:49:44, INFO: Loss in epoch 0 is 0.28175307158380747
2022-09-19 13:49:44, INFO: Loss in epoch 1 is 0.28224101662635803
2022-09-19 13:49:44, INFO: Loss in epoch 2 is 0.2821433115750551
2022-09-19 13:49:44, INFO: Loss in epoch 3 is 0.2820352506823838
2022-09-19 13:49:44, INFO: Loss in epoch 4 is 0.2815474160015583
2022-09-19 13:49:45, INFO: Loss in epoch 5 is 0.28108333703130484
2022-09-19 13:49:45, INFO: Loss in epoch 6 is 0.2807194828055799
2022-09-19 13:49:45, INFO: Loss in epoch 7 is 0.28165307361632586
2022-09-19 13:49:45, INFO: Loss in epoch 8 is 0.2827120330184698
2022-09-19 13:49:45, INFO: Loss in epoch 9 is 0.281484542414546
2022-09-19 13:49:46, INFO: Loss in epoch 10 is 0.28037480311468244
2022-09-19 13:49:46, INFO: Loss in epoch 11 is 0.28109551407396793
2022-09-19 13:49:46, INFO: Loss in epoch 12 is 0.280435677152127
2022-09-19 13:49:46, INFO: Loss in epoch 13 is 0.2802088335156441
2022-09-19 13:49:46, INFO: Loss in epoch 14 is 0.2801750614307821
2022-09-19 13:49:47, INFO: Loss in epoch 15 is 0.28007628209888935
2022-09-19 13:49:47, INFO: Loss in epoch 16 is 0.28070334577932954
2022-09-19 13:49:47, INFO: Loss in epoch 17 is 0.2806926374323666
2022-09-19 13:49:47, INFO: Loss in epoch 18 is 0.2813452701084316
2022-09-19 13:49:47, INFO: Loss in epoch 19 is 0.280170907266438
2022-09-19 13:49:48, INFO: Loss in epoch 20 is 0.2811105237342417
2022-09-19 13:49:48, INFO: Loss in epoch 21 is 0.28146319137886167
2022-09-19 13:49:48, INFO: Loss in epoch 22 is 0.2796389078721404
2022-09-19 13:49:48, INFO: Loss in epoch 23 is 0.28006118861958385
2022-09-19 13:49:48, INFO: Loss in epoch 24 is 0.28205760987475514
2022-09-19 13:49:49, INFO: Loss in epoch 25 is 0.2806709287688136
2022-09-19 13:49:49, INFO: Loss in epoch 26 is 0.2811254416592419
2022-09-19 13:49:49, INFO: Loss in epoch 27 is 0.28086162777617574
2022-09-19 13:49:49, INFO: Loss in epoch 28 is 0.28072659811004996
2022-09-19 13:49:49, INFO: Loss in epoch 29 is 0.28008714644238353
2022-09-19 13:50:53, INFO: train in episode 12 has success rate: 0.10, failure rate: 0.40, average extra time to goal: 22
2022-09-19 13:50:53, INFO: Loss in epoch 0 is 0.2791616292670369
2022-09-19 13:50:54, INFO: Loss in epoch 1 is 0.2797369183972478
2022-09-19 13:50:54, INFO: Loss in epoch 2 is 0.27961706183850765
2022-09-19 13:50:54, INFO: Loss in epoch 3 is 0.2791085224598646
2022-09-19 13:50:54, INFO: Loss in epoch 4 is 0.27946713007986546
2022-09-19 13:50:54, INFO: Loss in epoch 5 is 0.27849358320236206
2022-09-19 13:50:55, INFO: Loss in epoch 6 is 0.2785988338291645
2022-09-19 13:50:55, INFO: Loss in epoch 7 is 0.27876847982406616
2022-09-19 13:50:55, INFO: Loss in epoch 8 is 0.2790604354813695
2022-09-19 13:50:55, INFO: Loss in epoch 9 is 0.27999828662723303
2022-09-19 13:50:55, INFO: Loss in epoch 10 is 0.2796957162208855
2022-09-19 13:50:55, INFO: Loss in epoch 11 is 0.27838293835520744
2022-09-19 13:50:56, INFO: Loss in epoch 12 is 0.278908958658576
2022-09-19 13:50:56, INFO: Loss in epoch 13 is 0.2786775538697839
2022-09-19 13:50:56, INFO: Loss in epoch 14 is 0.27856389014050364
2022-09-19 13:50:56, INFO: Loss in epoch 15 is 0.28218294866383076
2022-09-19 13:50:57, INFO: Loss in epoch 16 is 0.2784384824335575
2022-09-19 13:50:57, INFO: Loss in epoch 17 is 0.2787695280276239
2022-09-19 13:50:57, INFO: Loss in epoch 18 is 0.27856413228437304
2022-09-19 13:50:57, INFO: Loss in epoch 19 is 0.27801592368632555
2022-09-19 13:50:57, INFO: Loss in epoch 20 is 0.2774922545067966
2022-09-19 13:50:58, INFO: Loss in epoch 21 is 0.2784514375962317
2022-09-19 13:50:58, INFO: Loss in epoch 22 is 0.2785081244073808
2022-09-19 13:50:58, INFO: Loss in epoch 23 is 0.2773743271827698
2022-09-19 13:50:58, INFO: Loss in epoch 24 is 0.27759296260774136
2022-09-19 13:50:58, INFO: Loss in epoch 25 is 0.27725539123639464
2022-09-19 13:50:58, INFO: Loss in epoch 26 is 0.2782885832712054
2022-09-19 13:50:59, INFO: Loss in epoch 27 is 0.27848967956379056
2022-09-19 13:50:59, INFO: Loss in epoch 28 is 0.27877016458660364
2022-09-19 13:50:59, INFO: Loss in epoch 29 is 0.278746054507792
2022-09-19 13:52:02, INFO: train in episode 13 has success rate: 0.60, failure rate: 0.00, average extra time to goal: 43
2022-09-19 13:52:02, INFO: Loss in epoch 0 is 0.27456057677045465
2022-09-19 13:52:02, INFO: Loss in epoch 1 is 0.2750171469524503
2022-09-19 13:52:03, INFO: Loss in epoch 2 is 0.2749711531214416
2022-09-19 13:52:03, INFO: Loss in epoch 3 is 0.274835551623255
2022-09-19 13:52:03, INFO: Loss in epoch 4 is 0.2724876175634563
2022-09-19 13:52:03, INFO: Loss in epoch 5 is 0.2761044353246689
2022-09-19 13:52:03, INFO: Loss in epoch 6 is 0.27371511328965425
2022-09-19 13:52:03, INFO: Loss in epoch 7 is 0.2729574525728822
2022-09-19 13:52:04, INFO: Loss in epoch 8 is 0.2745641404762864
2022-09-19 13:52:04, INFO: Loss in epoch 9 is 0.27293340442702174
2022-09-19 13:52:04, INFO: Loss in epoch 10 is 0.27262968895956874
2022-09-19 13:52:04, INFO: Loss in epoch 11 is 0.2722374554723501
2022-09-19 13:52:04, INFO: Loss in epoch 12 is 0.27338902093470097
2022-09-19 13:52:05, INFO: Loss in epoch 13 is 0.2735860859975219
2022-09-19 13:52:05, INFO: Loss in epoch 14 is 0.27360360138118267
2022-09-19 13:52:05, INFO: Loss in epoch 15 is 0.27381123462691903
2022-09-19 13:52:05, INFO: Loss in epoch 16 is 0.27292683301493526
2022-09-19 13:52:05, INFO: Loss in epoch 17 is 0.27310988074168563
2022-09-19 13:52:05, INFO: Loss in epoch 18 is 0.27217598957940936
2022-09-19 13:52:06, INFO: Loss in epoch 19 is 0.2728655757382512
2022-09-19 13:52:06, INFO: Loss in epoch 20 is 0.27314205560833216
2022-09-19 13:52:06, INFO: Loss in epoch 21 is 0.27205308293923736
2022-09-19 13:52:06, INFO: Loss in epoch 22 is 0.2730198400095105
2022-09-19 13:52:06, INFO: Loss in epoch 23 is 0.27279038866981864
2022-09-19 13:52:07, INFO: Loss in epoch 24 is 0.27230552956461906
2022-09-19 13:52:07, INFO: Loss in epoch 25 is 0.27191463112831116
2022-09-19 13:52:07, INFO: Loss in epoch 26 is 0.2721133651211858
2022-09-19 13:52:07, INFO: Loss in epoch 27 is 0.27276642993092537
2022-09-19 13:52:07, INFO: Loss in epoch 28 is 0.27242551604285836
2022-09-19 13:52:08, INFO: Loss in epoch 29 is 0.2723159724846482
2022-09-19 13:53:09, INFO: train in episode 14 has success rate: 0.50, failure rate: 0.20, average extra time to goal: 41
2022-09-19 13:53:09, INFO: Loss in epoch 0 is 0.26699778996407986
2022-09-19 13:53:09, INFO: Loss in epoch 1 is 0.2672710665501654
2022-09-19 13:53:09, INFO: Loss in epoch 2 is 0.26738893520087004
2022-09-19 13:53:09, INFO: Loss in epoch 3 is 0.26677484484389424
2022-09-19 13:53:10, INFO: Loss in epoch 4 is 0.26700977934524417
2022-09-19 13:53:10, INFO: Loss in epoch 5 is 0.26658253371715546
2022-09-19 13:53:10, INFO: Loss in epoch 6 is 0.2667372142896056
2022-09-19 13:53:10, INFO: Loss in epoch 7 is 0.26649914821609855
2022-09-19 13:53:10, INFO: Loss in epoch 8 is 0.26689348416402936
2022-09-19 13:53:10, INFO: Loss in epoch 9 is 0.26667037373408675
2022-09-19 13:53:11, INFO: Loss in epoch 10 is 0.26703784381970763
2022-09-19 13:53:11, INFO: Loss in epoch 11 is 0.26698912773281336
2022-09-19 13:53:11, INFO: Loss in epoch 12 is 0.26677357871085405
2022-09-19 13:53:11, INFO: Loss in epoch 13 is 0.26601032027974725
2022-09-19 13:53:11, INFO: Loss in epoch 14 is 0.2667188667692244
2022-09-19 13:53:12, INFO: Loss in epoch 15 is 0.2683148426003754
2022-09-19 13:53:12, INFO: Loss in epoch 16 is 0.2659983984194696
2022-09-19 13:53:12, INFO: Loss in epoch 17 is 0.26708562718704343
2022-09-19 13:53:12, INFO: Loss in epoch 18 is 0.26648425962775946
2022-09-19 13:53:12, INFO: Loss in epoch 19 is 0.26739293336868286
2022-09-19 13:53:13, INFO: Loss in epoch 20 is 0.266542409081012
2022-09-19 13:53:13, INFO: Loss in epoch 21 is 0.26615559170022607
2022-09-19 13:53:13, INFO: Loss in epoch 22 is 0.2661653561517596
2022-09-19 13:53:13, INFO: Loss in epoch 23 is 0.2663474529981613
2022-09-19 13:53:14, INFO: Loss in epoch 24 is 0.2658718400634825
2022-09-19 13:53:14, INFO: Loss in epoch 25 is 0.26642672624439
2022-09-19 13:53:14, INFO: Loss in epoch 26 is 0.26641208585351706
2022-09-19 13:53:14, INFO: Loss in epoch 27 is 0.2672351775690913
2022-09-19 13:53:15, INFO: Loss in epoch 28 is 0.2664749026298523
2022-09-19 13:53:15, INFO: Loss in epoch 29 is 0.2671032203361392
2022-09-19 13:54:07, INFO: train in episode 15 has success rate: 0.70, failure rate: 0.10, average extra time to goal: 32
2022-09-19 13:54:07, INFO: Loss in epoch 0 is 0.26677358569577336
2022-09-19 13:54:07, INFO: Loss in epoch 1 is 0.26521309139207006
2022-09-19 13:54:07, INFO: Loss in epoch 2 is 0.26694290479645133
2022-09-19 13:54:07, INFO: Loss in epoch 3 is 0.2661685775965452
2022-09-19 13:54:07, INFO: Loss in epoch 4 is 0.2650150591507554
2022-09-19 13:54:08, INFO: Loss in epoch 5 is 0.26501421397551894
2022-09-19 13:54:08, INFO: Loss in epoch 6 is 0.2648050980642438
2022-09-19 13:54:08, INFO: Loss in epoch 7 is 0.26533734193071723
2022-09-19 13:54:08, INFO: Loss in epoch 8 is 0.2657533837482333
2022-09-19 13:54:08, INFO: Loss in epoch 9 is 0.2651243321597576
2022-09-19 13:54:09, INFO: Loss in epoch 10 is 0.2655602707527578
2022-09-19 13:54:09, INFO: Loss in epoch 11 is 0.26498608896508813
2022-09-19 13:54:09, INFO: Loss in epoch 12 is 0.2646005339920521
2022-09-19 13:54:09, INFO: Loss in epoch 13 is 0.264920384157449
2022-09-19 13:54:09, INFO: Loss in epoch 14 is 0.26604503812268376
2022-09-19 13:54:10, INFO: Loss in epoch 15 is 0.26525486167520285
2022-09-19 13:54:10, INFO: Loss in epoch 16 is 0.2650015619583428
2022-09-19 13:54:10, INFO: Loss in epoch 17 is 0.26448310911655426
2022-09-19 13:54:10, INFO: Loss in epoch 18 is 0.26465808460488915
2022-09-19 13:54:10, INFO: Loss in epoch 19 is 0.26570486603304744
2022-09-19 13:54:11, INFO: Loss in epoch 20 is 0.2645192248746753
2022-09-19 13:54:11, INFO: Loss in epoch 21 is 0.26469568628817797
2022-09-19 13:54:11, INFO: Loss in epoch 22 is 0.26451269909739494
2022-09-19 13:54:11, INFO: Loss in epoch 23 is 0.26384479366242886
2022-09-19 13:54:11, INFO: Loss in epoch 24 is 0.2650808463804424
2022-09-19 13:54:11, INFO: Loss in epoch 25 is 0.2648090049624443
2022-09-19 13:54:12, INFO: Loss in epoch 26 is 0.2661236757412553
2022-09-19 13:54:12, INFO: Loss in epoch 27 is 0.26404722686856985
2022-09-19 13:54:12, INFO: Loss in epoch 28 is 0.2648895480670035
2022-09-19 13:54:12, INFO: Loss in epoch 29 is 0.26532819075509906
2022-09-19 13:55:20, INFO: train in episode 16 has success rate: 0.50, failure rate: 0.10, average extra time to goal: 46
2022-09-19 13:55:20, INFO: Loss in epoch 0 is 0.2634450742043555
2022-09-19 13:55:21, INFO: Loss in epoch 1 is 0.26345631619915366
2022-09-19 13:55:21, INFO: Loss in epoch 2 is 0.26446115039289
2022-09-19 13:55:21, INFO: Loss in epoch 3 is 0.2626867867074907
2022-09-19 13:55:21, INFO: Loss in epoch 4 is 0.26264399383217096
2022-09-19 13:55:22, INFO: Loss in epoch 5 is 0.2634214023128152
2022-09-19 13:55:22, INFO: Loss in epoch 6 is 0.2620301186107099
2022-09-19 13:55:22, INFO: Loss in epoch 7 is 0.2626614738255739
2022-09-19 13:55:22, INFO: Loss in epoch 8 is 0.2628405806608498
2022-09-19 13:55:23, INFO: Loss in epoch 9 is 0.26201308611780405
2022-09-19 13:55:23, INFO: Loss in epoch 10 is 0.2623355300165713
2022-09-19 13:55:23, INFO: Loss in epoch 11 is 0.2620722553692758
2022-09-19 13:55:23, INFO: Loss in epoch 12 is 0.26215448416769505
2022-09-19 13:55:24, INFO: Loss in epoch 13 is 0.26285838754847646
2022-09-19 13:55:24, INFO: Loss in epoch 14 is 0.26116626476868987
2022-09-19 13:55:24, INFO: Loss in epoch 15 is 0.26152696646749973
2022-09-19 13:55:24, INFO: Loss in epoch 16 is 0.26163061847910285
2022-09-19 13:55:24, INFO: Loss in epoch 17 is 0.26290472876280546
2022-09-19 13:55:25, INFO: Loss in epoch 18 is 0.2614734508097172
2022-09-19 13:55:25, INFO: Loss in epoch 19 is 0.2618813500739634
2022-09-19 13:55:25, INFO: Loss in epoch 20 is 0.26146947499364614
2022-09-19 13:55:25, INFO: Loss in epoch 21 is 0.2620726409368217
2022-09-19 13:55:25, INFO: Loss in epoch 22 is 0.26153045147657394
2022-09-19 13:55:26, INFO: Loss in epoch 23 is 0.26162076042965055
2022-09-19 13:55:26, INFO: Loss in epoch 24 is 0.2626245585270226
2022-09-19 13:55:26, INFO: Loss in epoch 25 is 0.26352515257894993
2022-09-19 13:55:26, INFO: Loss in epoch 26 is 0.2616572780534625
2022-09-19 13:55:26, INFO: Loss in epoch 27 is 0.26118456153199077
2022-09-19 13:55:27, INFO: Loss in epoch 28 is 0.2605396215803921
2022-09-19 13:55:27, INFO: Loss in epoch 29 is 0.26166157936677337
2022-09-19 13:56:23, INFO: train in episode 17 has success rate: 0.50, failure rate: 0.10, average extra time to goal: 31
2022-09-19 13:56:23, INFO: Loss in epoch 0 is 0.25816044490784407
2022-09-19 13:56:23, INFO: Loss in epoch 1 is 0.2572017512284219
2022-09-19 13:56:23, INFO: Loss in epoch 2 is 0.2580343084409833
2022-09-19 13:56:24, INFO: Loss in epoch 3 is 0.25831955950707197
2022-09-19 13:56:24, INFO: Loss in epoch 4 is 0.25930594839155674
2022-09-19 13:56:24, INFO: Loss in epoch 5 is 0.2571307374164462
2022-09-19 13:56:24, INFO: Loss in epoch 6 is 0.25824766186997294
2022-09-19 13:56:24, INFO: Loss in epoch 7 is 0.2575822835788131
2022-09-19 13:56:25, INFO: Loss in epoch 8 is 0.257155021186918
2022-09-19 13:56:25, INFO: Loss in epoch 9 is 0.2571538146585226
2022-09-19 13:56:25, INFO: Loss in epoch 10 is 0.2575848838314414
2022-09-19 13:56:25, INFO: Loss in epoch 11 is 0.2568843401968479
2022-09-19 13:56:25, INFO: Loss in epoch 12 is 0.2571925316005945
2022-09-19 13:56:25, INFO: Loss in epoch 13 is 0.2574645159766078
2022-09-19 13:56:26, INFO: Loss in epoch 14 is 0.25729496078565717
2022-09-19 13:56:26, INFO: Loss in epoch 15 is 0.2561205057427287
2022-09-19 13:56:26, INFO: Loss in epoch 16 is 0.25622598081827164
2022-09-19 13:56:26, INFO: Loss in epoch 17 is 0.258040810469538
2022-09-19 13:56:26, INFO: Loss in epoch 18 is 0.2575267581269145
2022-09-19 13:56:27, INFO: Loss in epoch 19 is 0.25660104863345623
2022-09-19 13:56:27, INFO: Loss in epoch 20 is 0.25723193446174264
2022-09-19 13:56:27, INFO: Loss in epoch 21 is 0.2563624791800976
2022-09-19 13:56:27, INFO: Loss in epoch 22 is 0.2567860819399357
2022-09-19 13:56:27, INFO: Loss in epoch 23 is 0.2572328266687691
2022-09-19 13:56:27, INFO: Loss in epoch 24 is 0.2568209022283554
2022-09-19 13:56:28, INFO: Loss in epoch 25 is 0.2575517036020756
2022-09-19 13:56:28, INFO: Loss in epoch 26 is 0.2560056312941015
2022-09-19 13:56:28, INFO: Loss in epoch 27 is 0.2566293543204665
2022-09-19 13:56:28, INFO: Loss in epoch 28 is 0.25604443065822124
2022-09-19 13:56:28, INFO: Loss in epoch 29 is 0.2567811352200806
2022-09-19 13:57:27, INFO: train in episode 18 has success rate: 0.80, failure rate: 0.10, average extra time to goal: 47
2022-09-19 13:57:28, INFO: Loss in epoch 0 is 0.2526299417950213
2022-09-19 13:57:28, INFO: Loss in epoch 1 is 0.2531620138324797
2022-09-19 13:57:28, INFO: Loss in epoch 2 is 0.2535351957194507
2022-09-19 13:57:28, INFO: Loss in epoch 3 is 0.2539426418952644
2022-09-19 13:57:28, INFO: Loss in epoch 4 is 0.25385371316224337
2022-09-19 13:57:28, INFO: Loss in epoch 5 is 0.2525956779718399
2022-09-19 13:57:29, INFO: Loss in epoch 6 is 0.25307098450139165
2022-09-19 13:57:29, INFO: Loss in epoch 7 is 0.252095649484545
2022-09-19 13:57:29, INFO: Loss in epoch 8 is 0.25278041418641806
2022-09-19 13:57:29, INFO: Loss in epoch 9 is 0.2527765790000558
2022-09-19 13:57:29, INFO: Loss in epoch 10 is 0.2526370920240879
2022-09-19 13:57:30, INFO: Loss in epoch 11 is 0.2518881596624851
2022-09-19 13:57:30, INFO: Loss in epoch 12 is 0.25362776638939977
2022-09-19 13:57:30, INFO: Loss in epoch 13 is 0.2522526467218995
2022-09-19 13:57:30, INFO: Loss in epoch 14 is 0.25221526017412543
2022-09-19 13:57:30, INFO: Loss in epoch 15 is 0.2521903784945607
2022-09-19 13:57:31, INFO: Loss in epoch 16 is 0.2517919554375112
2022-09-19 13:57:31, INFO: Loss in epoch 17 is 0.25330802612006664
2022-09-19 13:57:31, INFO: Loss in epoch 18 is 0.2521824622526765
2022-09-19 13:57:31, INFO: Loss in epoch 19 is 0.2514042453840375
2022-09-19 13:57:31, INFO: Loss in epoch 20 is 0.2513797078281641
2022-09-19 13:57:32, INFO: Loss in epoch 21 is 0.25074940640479326
2022-09-19 13:57:32, INFO: Loss in epoch 22 is 0.2510843249037862
2022-09-19 13:57:32, INFO: Loss in epoch 23 is 0.2519805650226772
2022-09-19 13:57:32, INFO: Loss in epoch 24 is 0.25370862567797303
2022-09-19 13:57:32, INFO: Loss in epoch 25 is 0.25242209853604436
2022-09-19 13:57:33, INFO: Loss in epoch 26 is 0.25292616430670023
2022-09-19 13:57:33, INFO: Loss in epoch 27 is 0.25095922593027353
2022-09-19 13:57:33, INFO: Loss in epoch 28 is 0.251505229389295
2022-09-19 13:57:33, INFO: Loss in epoch 29 is 0.25080277491360903
2022-09-19 13:58:29, INFO: train in episode 19 has success rate: 0.50, failure rate: 0.20, average extra time to goal: 22
2022-09-19 13:58:29, INFO: Loss in epoch 0 is 0.25065884040668607
2022-09-19 13:58:29, INFO: Loss in epoch 1 is 0.24948420422151685
2022-09-19 13:58:29, INFO: Loss in epoch 2 is 0.24912736471742392
2022-09-19 13:58:30, INFO: Loss in epoch 3 is 0.24954279651865363
2022-09-19 13:58:30, INFO: Loss in epoch 4 is 0.24955782340839505
2022-09-19 13:58:30, INFO: Loss in epoch 5 is 0.249919721391052
2022-09-19 13:58:30, INFO: Loss in epoch 6 is 0.2504157959483564
2022-09-19 13:58:30, INFO: Loss in epoch 7 is 0.25008166627958417
2022-09-19 13:58:31, INFO: Loss in epoch 8 is 0.2492761965841055
2022-09-19 13:58:31, INFO: Loss in epoch 9 is 0.2501368303783238
2022-09-19 13:58:31, INFO: Loss in epoch 10 is 0.251198822632432
2022-09-19 13:58:31, INFO: Loss in epoch 11 is 0.2501946738921106
2022-09-19 13:58:31, INFO: Loss in epoch 12 is 0.2499332563020289
2022-09-19 13:58:31, INFO: Loss in epoch 13 is 0.25012407545000315
2022-09-19 13:58:32, INFO: Loss in epoch 14 is 0.2490003937855363
2022-09-19 13:58:32, INFO: Loss in epoch 15 is 0.24990856600925326
2022-09-19 13:58:32, INFO: Loss in epoch 16 is 0.24963546264916658
2022-09-19 13:58:32, INFO: Loss in epoch 17 is 0.24841369921341538
2022-09-19 13:58:32, INFO: Loss in epoch 18 is 0.24921874329447746
2022-09-19 13:58:33, INFO: Loss in epoch 19 is 0.24913941090926528
2022-09-19 13:58:33, INFO: Loss in epoch 20 is 0.24945589154958725
2022-09-19 13:58:33, INFO: Loss in epoch 21 is 0.24967429460957646
2022-09-19 13:58:33, INFO: Loss in epoch 22 is 0.24867741437628865
2022-09-19 13:58:33, INFO: Loss in epoch 23 is 0.2483451277948916
2022-09-19 13:58:34, INFO: Loss in epoch 24 is 0.24845409765839577
2022-09-19 13:58:34, INFO: Loss in epoch 25 is 0.2479842510074377
2022-09-19 13:58:34, INFO: Loss in epoch 26 is 0.24816816207021475
2022-09-19 13:58:34, INFO: Loss in epoch 27 is 0.24856380932033062
2022-09-19 13:58:34, INFO: Loss in epoch 28 is 0.24778839759528637
2022-09-19 13:58:35, INFO: Loss in epoch 29 is 0.24803873943164945
