2022-09-07 17:30:19, INFO: Using device: cuda:0
2022-09-07 17:30:27, INFO: Total number of state_value pairs: 23114
2022-09-07 17:30:28, INFO: Loss in epoch 0: 3.80
2022-09-07 17:30:28, INFO: Loss in epoch 1: 1.07
2022-09-07 17:30:29, INFO: Loss in epoch 2: 0.99
2022-09-07 17:30:29, INFO: Loss in epoch 3: 0.96
2022-09-07 17:30:29, INFO: Loss in epoch 4: 0.94
2022-09-07 17:30:30, INFO: Loss in epoch 5: 0.92
2022-09-07 17:30:30, INFO: Loss in epoch 6: 0.91
2022-09-07 17:30:30, INFO: Loss in epoch 7: 0.90
2022-09-07 17:30:31, INFO: Loss in epoch 8: 0.88
2022-09-07 17:30:31, INFO: Loss in epoch 9: 0.87
2022-09-07 17:30:31, INFO: Loss in epoch 10: 0.87
2022-09-07 17:30:32, INFO: Loss in epoch 11: 0.85
2022-09-07 17:30:32, INFO: Loss in epoch 12: 0.85
2022-09-07 17:30:32, INFO: Loss in epoch 13: 0.84
2022-09-07 17:30:33, INFO: Loss in epoch 14: 0.83
2022-09-07 17:30:33, INFO: Loss in epoch 15: 0.82
2022-09-07 17:30:34, INFO: Loss in epoch 16: 0.82
2022-09-07 17:30:34, INFO: Loss in epoch 17: 0.81
2022-09-07 17:30:34, INFO: Loss in epoch 18: 0.80
2022-09-07 17:30:35, INFO: Loss in epoch 19: 0.80
2022-09-07 17:30:35, INFO: Loss in epoch 20: 0.80
2022-09-07 17:30:35, INFO: Loss in epoch 21: 0.79
2022-09-07 17:30:36, INFO: Loss in epoch 22: 0.78
2022-09-07 17:30:36, INFO: Loss in epoch 23: 0.78
2022-09-07 17:30:36, INFO: Loss in epoch 24: 0.77
2022-09-07 17:30:37, INFO: Loss in epoch 25: 0.77
2022-09-07 17:30:37, INFO: Loss in epoch 26: 0.77
2022-09-07 17:30:38, INFO: Loss in epoch 27: 0.76
2022-09-07 17:30:38, INFO: Loss in epoch 28: 0.76
2022-09-07 17:30:38, INFO: Loss in epoch 29: 0.76
2022-09-07 17:30:39, INFO: Loss in epoch 30: 0.76
2022-09-07 17:30:39, INFO: Loss in epoch 31: 0.75
2022-09-07 17:30:40, INFO: Loss in epoch 32: 0.75
2022-09-07 17:30:40, INFO: Loss in epoch 33: 0.75
2022-09-07 17:30:40, INFO: Loss in epoch 34: 0.75
2022-09-07 17:30:41, INFO: Loss in epoch 35: 0.74
2022-09-07 17:30:41, INFO: Loss in epoch 36: 0.74
2022-09-07 17:30:42, INFO: Loss in epoch 37: 0.74
2022-09-07 17:30:42, INFO: Loss in epoch 38: 0.74
2022-09-07 17:30:42, INFO: Loss in epoch 39: 0.74
2022-09-07 17:30:43, INFO: Loss in epoch 40: 0.74
2022-09-07 17:30:43, INFO: Loss in epoch 41: 0.73
2022-09-07 17:30:44, INFO: Loss in epoch 42: 0.74
2022-09-07 17:30:44, INFO: Loss in epoch 43: 0.73
2022-09-07 17:30:44, INFO: Loss in epoch 44: 0.73
2022-09-07 17:30:45, INFO: Loss in epoch 45: 0.73
2022-09-07 17:30:45, INFO: Loss in epoch 46: 0.73
2022-09-07 17:30:45, INFO: Loss in epoch 47: 0.72
2022-09-07 17:30:46, INFO: Loss in epoch 48: 0.73
2022-09-07 17:30:46, INFO: Loss in epoch 49: 0.72
2022-09-07 17:30:46, INFO: Loss in epoch 50: 0.72
2022-09-07 17:30:47, INFO: Loss in epoch 51: 0.72
2022-09-07 17:30:47, INFO: Loss in epoch 52: 0.72
2022-09-07 17:30:48, INFO: Loss in epoch 53: 0.72
2022-09-07 17:30:48, INFO: Loss in epoch 54: 0.72
2022-09-07 17:30:48, INFO: Loss in epoch 55: 0.72
2022-09-07 17:30:49, INFO: Loss in epoch 56: 0.72
2022-09-07 17:30:49, INFO: Loss in epoch 57: 0.72
2022-09-07 17:30:49, INFO: Loss in epoch 58: 0.72
2022-09-07 17:30:50, INFO: Loss in epoch 59: 0.72
2022-09-07 17:30:50, INFO: Loss in epoch 60: 0.71
2022-09-07 17:30:50, INFO: Loss in epoch 61: 0.71
2022-09-07 17:30:51, INFO: Loss in epoch 62: 0.72
2022-09-07 17:30:51, INFO: Loss in epoch 63: 0.71
2022-09-07 17:30:52, INFO: Loss in epoch 64: 0.71
2022-09-07 17:30:52, INFO: Loss in epoch 65: 0.72
2022-09-07 17:30:52, INFO: Loss in epoch 66: 0.72
2022-09-07 17:30:53, INFO: Loss in epoch 67: 0.71
2022-09-07 17:30:53, INFO: Loss in epoch 68: 0.71
2022-09-07 17:30:53, INFO: Loss in epoch 69: 0.71
2022-09-07 17:30:54, INFO: Loss in epoch 70: 0.71
2022-09-07 17:30:54, INFO: Loss in epoch 71: 0.71
2022-09-07 17:30:54, INFO: Loss in epoch 72: 0.71
2022-09-07 17:30:55, INFO: Loss in epoch 73: 0.71
2022-09-07 17:30:55, INFO: Loss in epoch 74: 0.71
2022-09-07 17:30:56, INFO: Loss in epoch 75: 0.71
2022-09-07 17:30:56, INFO: Loss in epoch 76: 0.71
2022-09-07 17:30:56, INFO: Loss in epoch 77: 0.71
2022-09-07 17:30:57, INFO: Loss in epoch 78: 0.71
2022-09-07 17:30:57, INFO: Loss in epoch 79: 0.70
2022-09-07 17:30:57, INFO: Loss in epoch 80: 0.71
2022-09-07 17:30:58, INFO: Loss in epoch 81: 0.70
2022-09-07 17:30:58, INFO: Loss in epoch 82: 0.70
2022-09-07 17:30:59, INFO: Loss in epoch 83: 0.70
2022-09-07 17:30:59, INFO: Loss in epoch 84: 0.70
2022-09-07 17:30:59, INFO: Loss in epoch 85: 0.71
2022-09-07 17:31:00, INFO: Loss in epoch 86: 0.70
2022-09-07 17:31:00, INFO: Loss in epoch 87: 0.70
2022-09-07 17:31:00, INFO: Loss in epoch 88: 0.70
2022-09-07 17:31:01, INFO: Loss in epoch 89: 0.70
2022-09-07 17:31:01, INFO: Loss in epoch 90: 0.70
2022-09-07 17:31:02, INFO: Loss in epoch 91: 0.70
2022-09-07 17:31:02, INFO: Loss in epoch 92: 0.70
2022-09-07 17:31:02, INFO: Loss in epoch 93: 0.70
2022-09-07 17:31:03, INFO: Loss in epoch 94: 0.70
2022-09-07 17:31:03, INFO: Loss in epoch 95: 0.70
2022-09-07 17:31:03, INFO: Loss in epoch 96: 0.70
2022-09-07 17:31:04, INFO: Loss in epoch 97: 0.70
2022-09-07 17:31:04, INFO: Loss in epoch 98: 0.70
2022-09-07 17:31:05, INFO: Loss in epoch 99: 0.70
2022-09-07 17:31:05, INFO: Loss in epoch 100: 0.70
2022-09-07 17:31:05, INFO: Loss in epoch 101: 0.70
2022-09-07 17:31:06, INFO: Loss in epoch 102: 0.70
2022-09-07 17:31:06, INFO: Loss in epoch 103: 0.69
2022-09-07 17:31:06, INFO: Loss in epoch 104: 0.69
2022-09-07 17:31:07, INFO: Loss in epoch 105: 0.69
2022-09-07 17:31:07, INFO: Loss in epoch 106: 0.70
2022-09-07 17:31:07, INFO: Loss in epoch 107: 0.69
2022-09-07 17:31:08, INFO: Loss in epoch 108: 0.70
2022-09-07 17:31:08, INFO: Loss in epoch 109: 0.70
2022-09-07 17:31:09, INFO: Loss in epoch 110: 0.70
2022-09-07 17:31:09, INFO: Loss in epoch 111: 0.70
2022-09-07 17:31:09, INFO: Loss in epoch 112: 0.70
2022-09-07 17:31:10, INFO: Loss in epoch 113: 0.70
2022-09-07 17:31:10, INFO: Loss in epoch 114: 0.69
2022-09-07 17:31:11, INFO: Loss in epoch 115: 0.70
2022-09-07 17:31:11, INFO: Loss in epoch 116: 0.69
2022-09-07 17:31:11, INFO: Loss in epoch 117: 0.69
2022-09-07 17:31:12, INFO: Loss in epoch 118: 0.69
2022-09-07 17:31:12, INFO: Loss in epoch 119: 0.69
2022-09-07 17:31:12, INFO: Loss in epoch 120: 0.69
2022-09-07 17:31:13, INFO: Loss in epoch 121: 0.69
2022-09-07 17:31:13, INFO: Loss in epoch 122: 0.69
2022-09-07 17:31:14, INFO: Loss in epoch 123: 0.69
2022-09-07 17:31:14, INFO: Loss in epoch 124: 0.69
2022-09-07 17:31:14, INFO: Loss in epoch 125: 0.69
2022-09-07 17:31:15, INFO: Loss in epoch 126: 0.69
2022-09-07 17:31:15, INFO: Loss in epoch 127: 0.69
2022-09-07 17:31:15, INFO: Loss in epoch 128: 0.69
2022-09-07 17:31:16, INFO: Loss in epoch 129: 0.69
2022-09-07 17:31:16, INFO: Loss in epoch 130: 0.69
2022-09-07 17:31:16, INFO: Loss in epoch 131: 0.69
2022-09-07 17:31:17, INFO: Loss in epoch 132: 0.68
2022-09-07 17:31:17, INFO: Loss in epoch 133: 0.69
2022-09-07 17:31:18, INFO: Loss in epoch 134: 0.69
2022-09-07 17:31:18, INFO: Loss in epoch 135: 0.69
2022-09-07 17:31:18, INFO: Loss in epoch 136: 0.69
2022-09-07 17:31:19, INFO: Loss in epoch 137: 0.69
2022-09-07 17:31:19, INFO: Loss in epoch 138: 0.69
2022-09-07 17:31:19, INFO: Loss in epoch 139: 0.69
2022-09-07 17:31:20, INFO: Loss in epoch 140: 0.69
2022-09-07 17:31:20, INFO: Loss in epoch 141: 0.68
2022-09-07 17:31:21, INFO: Loss in epoch 142: 0.68
2022-09-07 17:31:21, INFO: Loss in epoch 143: 0.69
2022-09-07 17:31:21, INFO: Loss in epoch 144: 0.69
2022-09-07 17:31:22, INFO: Loss in epoch 145: 0.69
2022-09-07 17:31:22, INFO: Loss in epoch 146: 0.69
2022-09-07 17:31:22, INFO: Loss in epoch 147: 0.69
2022-09-07 17:31:23, INFO: Loss in epoch 148: 0.68
2022-09-07 17:31:23, INFO: Loss in epoch 149: 0.67
2022-09-07 17:31:24, INFO: Loss in epoch 150: 0.67
2022-09-07 17:31:24, INFO: Loss in epoch 151: 0.67
2022-09-07 17:31:24, INFO: Loss in epoch 152: 0.67
2022-09-07 17:31:25, INFO: Loss in epoch 153: 0.67
2022-09-07 17:31:25, INFO: Loss in epoch 154: 0.67
2022-09-07 17:31:26, INFO: Loss in epoch 155: 0.67
2022-09-07 17:31:26, INFO: Loss in epoch 156: 0.67
2022-09-07 17:31:26, INFO: Loss in epoch 157: 0.67
2022-09-07 17:31:27, INFO: Loss in epoch 158: 0.67
2022-09-07 17:31:27, INFO: Loss in epoch 159: 0.67
2022-09-07 17:31:27, INFO: Loss in epoch 160: 0.67
2022-09-07 17:31:28, INFO: Loss in epoch 161: 0.67
2022-09-07 17:31:28, INFO: Loss in epoch 162: 0.67
2022-09-07 17:31:29, INFO: Loss in epoch 163: 0.67
2022-09-07 17:31:29, INFO: Loss in epoch 164: 0.67
2022-09-07 17:31:29, INFO: Loss in epoch 165: 0.67
2022-09-07 17:31:30, INFO: Loss in epoch 166: 0.67
2022-09-07 17:31:30, INFO: Loss in epoch 167: 0.67
2022-09-07 17:31:30, INFO: Loss in epoch 168: 0.67
2022-09-07 17:31:31, INFO: Loss in epoch 169: 0.67
2022-09-07 17:31:31, INFO: Loss in epoch 170: 0.67
2022-09-07 17:31:32, INFO: Loss in epoch 171: 0.67
2022-09-07 17:31:32, INFO: Loss in epoch 172: 0.67
2022-09-07 17:31:32, INFO: Loss in epoch 173: 0.67
2022-09-07 17:31:33, INFO: Loss in epoch 174: 0.67
2022-09-07 17:31:33, INFO: Loss in epoch 175: 0.67
2022-09-07 17:31:33, INFO: Loss in epoch 176: 0.67
2022-09-07 17:31:34, INFO: Loss in epoch 177: 0.67
2022-09-07 17:31:34, INFO: Loss in epoch 178: 0.67
2022-09-07 17:31:35, INFO: Loss in epoch 179: 0.67
2022-09-07 17:31:35, INFO: Loss in epoch 180: 0.67
2022-09-07 17:31:35, INFO: Loss in epoch 181: 0.67
2022-09-07 17:31:36, INFO: Loss in epoch 182: 0.67
2022-09-07 17:31:36, INFO: Loss in epoch 183: 0.67
2022-09-07 17:31:37, INFO: Loss in epoch 184: 0.67
2022-09-07 17:31:37, INFO: Loss in epoch 185: 0.67
2022-09-07 17:31:37, INFO: Loss in epoch 186: 0.67
2022-09-07 17:31:38, INFO: Loss in epoch 187: 0.67
2022-09-07 17:31:38, INFO: Loss in epoch 188: 0.67
2022-09-07 17:31:38, INFO: Loss in epoch 189: 0.67
2022-09-07 17:31:39, INFO: Loss in epoch 190: 0.67
2022-09-07 17:31:39, INFO: Loss in epoch 191: 0.67
2022-09-07 17:31:40, INFO: Loss in epoch 192: 0.67
2022-09-07 17:31:40, INFO: Loss in epoch 193: 0.67
2022-09-07 17:31:40, INFO: Loss in epoch 194: 0.67
2022-09-07 17:31:41, INFO: Loss in epoch 195: 0.67
2022-09-07 17:31:41, INFO: Loss in epoch 196: 0.67
2022-09-07 17:31:41, INFO: Loss in epoch 197: 0.67
2022-09-07 17:31:42, INFO: Loss in epoch 198: 0.67
2022-09-07 17:31:42, INFO: Loss in epoch 199: 0.67
2022-09-07 17:31:43, INFO: Loss in epoch 200: 0.67
2022-09-07 17:31:43, INFO: Loss in epoch 201: 0.67
2022-09-07 17:31:43, INFO: Loss in epoch 202: 0.67
2022-09-07 17:31:44, INFO: Loss in epoch 203: 0.67
2022-09-07 17:31:44, INFO: Loss in epoch 204: 0.67
2022-09-07 17:31:45, INFO: Loss in epoch 205: 0.67
2022-09-07 17:31:45, INFO: Loss in epoch 206: 0.68
2022-09-07 17:31:45, INFO: Loss in epoch 207: 0.67
2022-09-07 17:31:46, INFO: Loss in epoch 208: 0.67
2022-09-07 17:31:46, INFO: Loss in epoch 209: 0.67
2022-09-07 17:31:46, INFO: Loss in epoch 210: 0.67
2022-09-07 17:31:47, INFO: Loss in epoch 211: 0.67
2022-09-07 17:31:47, INFO: Loss in epoch 212: 0.67
2022-09-07 17:31:48, INFO: Loss in epoch 213: 0.67
2022-09-07 17:31:48, INFO: Loss in epoch 214: 0.67
2022-09-07 17:31:48, INFO: Loss in epoch 215: 0.67
2022-09-07 17:31:49, INFO: Loss in epoch 216: 0.67
2022-09-07 17:31:49, INFO: Loss in epoch 217: 0.67
2022-09-07 17:31:49, INFO: Loss in epoch 218: 0.67
2022-09-07 17:31:50, INFO: Loss in epoch 219: 0.67
2022-09-07 17:31:50, INFO: Loss in epoch 220: 0.67
2022-09-07 17:31:51, INFO: Loss in epoch 221: 0.68
2022-09-07 17:31:51, INFO: Loss in epoch 222: 0.67
2022-09-07 17:31:51, INFO: Loss in epoch 223: 0.67
2022-09-07 17:31:52, INFO: Loss in epoch 224: 0.67
2022-09-07 17:31:52, INFO: Loss in epoch 225: 0.67
2022-09-07 17:31:53, INFO: Loss in epoch 226: 0.67
2022-09-07 17:31:53, INFO: Loss in epoch 227: 0.67
2022-09-07 17:31:53, INFO: Loss in epoch 228: 0.67
2022-09-07 17:31:54, INFO: Loss in epoch 229: 0.67
2022-09-07 17:31:54, INFO: Loss in epoch 230: 0.67
2022-09-07 17:31:54, INFO: Loss in epoch 231: 0.67
2022-09-07 17:31:55, INFO: Loss in epoch 232: 0.67
2022-09-07 17:31:55, INFO: Loss in epoch 233: 0.67
2022-09-07 17:31:55, INFO: Loss in epoch 234: 0.67
2022-09-07 17:31:56, INFO: Loss in epoch 235: 0.67
2022-09-07 17:31:56, INFO: Loss in epoch 236: 0.67
2022-09-07 17:31:56, INFO: Loss in epoch 237: 0.67
2022-09-07 17:31:57, INFO: Loss in epoch 238: 0.67
2022-09-07 17:31:57, INFO: Loss in epoch 239: 0.67
2022-09-07 17:31:57, INFO: Loss in epoch 240: 0.67
2022-09-07 17:31:58, INFO: Loss in epoch 241: 0.67
2022-09-07 17:31:58, INFO: Loss in epoch 242: 0.67
2022-09-07 17:31:58, INFO: Loss in epoch 243: 0.67
2022-09-07 17:31:59, INFO: Loss in epoch 244: 0.67
2022-09-07 17:31:59, INFO: Loss in epoch 245: 0.67
2022-09-07 17:32:00, INFO: Loss in epoch 246: 0.67
2022-09-07 17:32:00, INFO: Loss in epoch 247: 0.67
2022-09-07 17:32:00, INFO: Loss in epoch 248: 0.67
2022-09-07 17:32:01, INFO: Loss in epoch 249: 0.67
2022-09-07 17:32:01, INFO: Finish initializing model. Model saved
2022-09-07 17:33:10, INFO: test in episode 0 has success rate: 0.61, failure rate: 0.20, average extra time to goal: 11
2022-09-07 17:33:19, INFO: train in episode 0 has success rate: 0.00, failure rate: 0.00, average extra time to goal: 0
2022-09-07 17:33:33, INFO: train in episode 1 has success rate: 0.20, failure rate: 0.30, average extra time to goal: 28
2022-09-07 17:33:48, INFO: train in episode 2 has success rate: 0.20, failure rate: 0.30, average extra time to goal: 18
2022-09-07 17:34:06, INFO: train in episode 3 has success rate: 0.10, failure rate: 0.40, average extra time to goal: 4
2022-09-07 17:34:24, INFO: train in episode 4 has success rate: 0.40, failure rate: 0.10, average extra time to goal: 8
2022-09-07 17:34:42, INFO: train in episode 5 has success rate: 0.30, failure rate: 0.20, average extra time to goal: 2
2022-09-07 17:35:04, INFO: train in episode 6 has success rate: 0.10, failure rate: 0.10, average extra time to goal: 52
2022-09-07 17:35:26, INFO: train in episode 7 has success rate: 0.40, failure rate: 0.10, average extra time to goal: 34
2022-09-07 17:35:50, INFO: train in episode 8 has success rate: 0.10, failure rate: 0.20, average extra time to goal: 2
2022-09-07 17:36:13, INFO: train in episode 9 has success rate: 0.20, failure rate: 0.20, average extra time to goal: 8
2022-09-07 17:36:39, INFO: train in episode 10 has success rate: 0.20, failure rate: 0.20, average extra time to goal: 74
2022-09-07 17:37:04, INFO: train in episode 11 has success rate: 0.20, failure rate: 0.30, average extra time to goal: 30
2022-09-07 17:37:30, INFO: train in episode 12 has success rate: 0.20, failure rate: 0.40, average extra time to goal: 12
2022-09-07 17:37:56, INFO: train in episode 13 has success rate: 0.10, failure rate: 0.20, average extra time to goal: 7
2022-09-07 17:38:25, INFO: train in episode 14 has success rate: 0.00, failure rate: 0.30, average extra time to goal: 0
2022-09-07 17:38:55, INFO: train in episode 15 has success rate: 0.10, failure rate: 0.10, average extra time to goal: 2
2022-09-07 17:39:22, INFO: train in episode 16 has success rate: 0.10, failure rate: 0.30, average extra time to goal: 8
2022-09-07 17:39:53, INFO: train in episode 17 has success rate: 0.30, failure rate: 0.10, average extra time to goal: 50
2022-09-07 17:40:24, INFO: train in episode 18 has success rate: 0.20, failure rate: 0.20, average extra time to goal: 19
2022-09-07 17:40:50, INFO: train in episode 19 has success rate: 0.10, failure rate: 0.50, average extra time to goal: 9
2022-09-07 17:41:20, INFO: train in episode 20 has success rate: 0.10, failure rate: 0.30, average extra time to goal: 26
2022-09-07 17:41:55, INFO: train in episode 21 has success rate: 0.30, failure rate: 0.00, average extra time to goal: 3
2022-09-07 17:42:26, INFO: train in episode 22 has success rate: 0.20, failure rate: 0.20, average extra time to goal: 58
2022-09-07 17:42:55, INFO: train in episode 23 has success rate: 0.20, failure rate: 0.40, average extra time to goal: 6
2022-09-07 17:43:31, INFO: train in episode 24 has success rate: 0.40, failure rate: 0.10, average extra time to goal: 42
2022-09-07 17:44:00, INFO: train in episode 25 has success rate: 0.10, failure rate: 0.20, average extra time to goal: 4
2022-09-07 17:44:24, INFO: train in episode 26 has success rate: 0.20, failure rate: 0.30, average extra time to goal: 22
2022-09-07 17:44:45, INFO: train in episode 27 has success rate: 0.30, failure rate: 0.60, average extra time to goal: 19
2022-09-07 17:45:13, INFO: train in episode 28 has success rate: 0.20, failure rate: 0.20, average extra time to goal: 46
2022-09-07 17:45:37, INFO: train in episode 29 has success rate: 0.00, failure rate: 0.50, average extra time to goal: 0
2022-09-07 17:46:04, INFO: train in episode 30 has success rate: 0.10, failure rate: 0.20, average extra time to goal: 42
2022-09-07 17:46:30, INFO: train in episode 31 has success rate: 0.40, failure rate: 0.10, average extra time to goal: 36
2022-09-07 17:46:55, INFO: train in episode 32 has success rate: 0.10, failure rate: 0.00, average extra time to goal: 2
2022-09-07 17:47:21, INFO: train in episode 33 has success rate: 0.30, failure rate: 0.10, average extra time to goal: 30
2022-09-07 17:48:06, INFO: train in episode 34 has success rate: 0.00, failure rate: 0.00, average extra time to goal: 0
2022-09-07 17:48:43, INFO: train in episode 35 has success rate: 0.40, failure rate: 0.10, average extra time to goal: 11
2022-09-07 17:49:21, INFO: train in episode 36 has success rate: 0.10, failure rate: 0.20, average extra time to goal: 3
2022-09-07 17:50:01, INFO: train in episode 37 has success rate: 0.30, failure rate: 0.00, average extra time to goal: 5
2022-09-07 17:50:48, INFO: train in episode 38 has success rate: 0.30, failure rate: 0.00, average extra time to goal: 27
2022-09-07 17:51:26, INFO: train in episode 39 has success rate: 0.30, failure rate: 0.20, average extra time to goal: 42
2022-09-07 17:52:06, INFO: train in episode 40 has success rate: 0.00, failure rate: 0.20, average extra time to goal: 0
2022-09-07 17:52:47, INFO: train in episode 41 has success rate: 0.00, failure rate: 0.10, average extra time to goal: 0
2022-09-07 17:53:22, INFO: train in episode 42 has success rate: 0.30, failure rate: 0.10, average extra time to goal: 7
2022-09-07 17:54:00, INFO: train in episode 43 has success rate: 0.30, failure rate: 0.20, average extra time to goal: 18
2022-09-07 17:54:36, INFO: train in episode 44 has success rate: 0.10, failure rate: 0.30, average extra time to goal: 8
2022-09-07 17:55:14, INFO: train in episode 45 has success rate: 0.20, failure rate: 0.10, average extra time to goal: 24
2022-09-07 17:55:52, INFO: train in episode 46 has success rate: 0.20, failure rate: 0.20, average extra time to goal: 2
2022-09-07 17:56:31, INFO: train in episode 47 has success rate: 0.20, failure rate: 0.10, average extra time to goal: 22
2022-09-07 17:57:09, INFO: train in episode 48 has success rate: 0.30, failure rate: 0.10, average extra time to goal: 20
2022-09-07 17:57:44, INFO: train in episode 49 has success rate: 0.10, failure rate: 0.10, average extra time to goal: 0
2022-09-07 17:58:26, INFO: train in episode 50 has success rate: 0.10, failure rate: 0.30, average extra time to goal: 34
2022-09-07 17:59:05, INFO: train in episode 51 has success rate: 0.50, failure rate: 0.20, average extra time to goal: 21
2022-09-07 17:59:42, INFO: train in episode 52 has success rate: 0.20, failure rate: 0.10, average extra time to goal: 6
2022-09-07 18:00:20, INFO: train in episode 53 has success rate: 0.30, failure rate: 0.30, average extra time to goal: 39
2022-09-07 18:01:01, INFO: train in episode 54 has success rate: 0.30, failure rate: 0.00, average extra time to goal: 23
2022-09-07 18:01:37, INFO: train in episode 55 has success rate: 0.10, failure rate: 0.40, average extra time to goal: 26
2022-09-07 18:02:18, INFO: train in episode 56 has success rate: 0.40, failure rate: 0.00, average extra time to goal: 42
2022-09-07 18:02:55, INFO: train in episode 57 has success rate: 0.30, failure rate: 0.20, average extra time to goal: 37
2022-09-07 18:03:40, INFO: train in episode 58 has success rate: 0.10, failure rate: 0.20, average extra time to goal: 29
2022-09-07 18:04:24, INFO: train in episode 59 has success rate: 0.10, failure rate: 0.20, average extra time to goal: 28
2022-09-07 18:05:03, INFO: train in episode 60 has success rate: 0.10, failure rate: 0.30, average extra time to goal: 15
2022-09-07 18:05:39, INFO: train in episode 61 has success rate: 0.50, failure rate: 0.20, average extra time to goal: 43
2022-09-07 18:06:23, INFO: train in episode 62 has success rate: 0.00, failure rate: 0.10, average extra time to goal: 0
2022-09-07 18:07:07, INFO: train in episode 63 has success rate: 0.30, failure rate: 0.10, average extra time to goal: 28
2022-09-07 18:07:48, INFO: train in episode 64 has success rate: 0.20, failure rate: 0.30, average extra time to goal: 14
2022-09-07 18:08:39, INFO: train in episode 65 has success rate: 0.40, failure rate: 0.10, average extra time to goal: 14
2022-09-07 18:09:33, INFO: train in episode 66 has success rate: 0.10, failure rate: 0.20, average extra time to goal: 34
2022-09-07 18:10:20, INFO: train in episode 67 has success rate: 0.20, failure rate: 0.40, average extra time to goal: 19
2022-09-07 18:11:06, INFO: train in episode 68 has success rate: 0.40, failure rate: 0.30, average extra time to goal: 39
2022-09-07 18:11:53, INFO: train in episode 69 has success rate: 0.60, failure rate: 0.10, average extra time to goal: 30
2022-09-07 18:12:47, INFO: train in episode 70 has success rate: 0.30, failure rate: 0.00, average extra time to goal: 47
2022-09-07 18:13:38, INFO: train in episode 71 has success rate: 0.30, failure rate: 0.40, average extra time to goal: 57
2022-09-07 18:14:27, INFO: train in episode 72 has success rate: 0.20, failure rate: 0.20, average extra time to goal: 2
2022-09-07 18:15:16, INFO: train in episode 73 has success rate: 0.40, failure rate: 0.10, average extra time to goal: 29
2022-09-07 18:16:10, INFO: train in episode 74 has success rate: 0.30, failure rate: 0.00, average extra time to goal: 22
2022-09-07 18:16:55, INFO: train in episode 75 has success rate: 0.30, failure rate: 0.20, average extra time to goal: 13
2022-09-07 18:17:45, INFO: train in episode 76 has success rate: 0.30, failure rate: 0.20, average extra time to goal: 30
2022-09-07 18:18:28, INFO: train in episode 77 has success rate: 0.00, failure rate: 0.60, average extra time to goal: 0
2022-09-07 18:19:07, INFO: train in episode 78 has success rate: 0.40, failure rate: 0.40, average extra time to goal: 26
2022-09-07 18:19:44, INFO: train in episode 79 has success rate: 0.40, failure rate: 0.20, average extra time to goal: 11
2022-09-07 18:20:24, INFO: train in episode 80 has success rate: 0.40, failure rate: 0.20, average extra time to goal: 43
2022-09-07 18:21:08, INFO: train in episode 81 has success rate: 0.60, failure rate: 0.20, average extra time to goal: 36
2022-09-07 18:21:49, INFO: train in episode 82 has success rate: 0.60, failure rate: 0.10, average extra time to goal: 12
2022-09-07 18:22:36, INFO: train in episode 83 has success rate: 0.30, failure rate: 0.20, average extra time to goal: 13
2022-09-07 18:23:23, INFO: train in episode 84 has success rate: 0.20, failure rate: 0.30, average extra time to goal: 13
2022-09-07 18:24:03, INFO: train in episode 85 has success rate: 0.20, failure rate: 0.40, average extra time to goal: 28
2022-09-07 18:25:00, INFO: train in episode 86 has success rate: 0.10, failure rate: 0.10, average extra time to goal: 2
2022-09-07 18:25:39, INFO: train in episode 87 has success rate: 0.50, failure rate: 0.20, average extra time to goal: 24
2022-09-07 18:26:21, INFO: train in episode 88 has success rate: 0.60, failure rate: 0.20, average extra time to goal: 21
2022-09-07 18:26:57, INFO: train in episode 89 has success rate: 0.30, failure rate: 0.50, average extra time to goal: 18
2022-09-07 18:27:52, INFO: train in episode 90 has success rate: 0.40, failure rate: 0.00, average extra time to goal: 39
2022-09-07 18:28:36, INFO: train in episode 91 has success rate: 0.50, failure rate: 0.20, average extra time to goal: 40
2022-09-07 18:29:22, INFO: train in episode 92 has success rate: 0.60, failure rate: 0.00, average extra time to goal: 30
2022-09-07 18:29:59, INFO: train in episode 93 has success rate: 0.30, failure rate: 0.30, average extra time to goal: 14
2022-09-07 18:30:40, INFO: train in episode 94 has success rate: 0.30, failure rate: 0.30, average extra time to goal: 35
2022-09-07 18:31:25, INFO: train in episode 95 has success rate: 0.30, failure rate: 0.10, average extra time to goal: 51
2022-09-07 18:32:09, INFO: train in episode 96 has success rate: 0.40, failure rate: 0.10, average extra time to goal: 50
2022-09-07 18:32:53, INFO: train in episode 97 has success rate: 0.30, failure rate: 0.20, average extra time to goal: 50
2022-09-07 18:33:29, INFO: train in episode 98 has success rate: 0.40, failure rate: 0.20, average extra time to goal: 4
2022-09-07 18:34:09, INFO: train in episode 99 has success rate: 0.20, failure rate: 0.50, average extra time to goal: 50
2022-09-07 18:34:59, INFO: train in episode 100 has success rate: 0.20, failure rate: 0.20, average extra time to goal: 42
2022-09-07 18:35:46, INFO: train in episode 101 has success rate: 0.20, failure rate: 0.10, average extra time to goal: 3
2022-09-07 18:36:22, INFO: train in episode 102 has success rate: 0.40, failure rate: 0.40, average extra time to goal: 24
2022-09-07 18:37:09, INFO: train in episode 103 has success rate: 0.30, failure rate: 0.10, average extra time to goal: 52
2022-09-07 18:38:00, INFO: train in episode 104 has success rate: 0.60, failure rate: 0.00, average extra time to goal: 40
2022-09-07 18:38:45, INFO: train in episode 105 has success rate: 0.40, failure rate: 0.40, average extra time to goal: 42
2022-09-07 18:39:38, INFO: train in episode 106 has success rate: 0.10, failure rate: 0.20, average extra time to goal: 3
2022-09-07 18:40:22, INFO: train in episode 107 has success rate: 0.80, failure rate: 0.00, average extra time to goal: 31
2022-09-07 18:41:11, INFO: train in episode 108 has success rate: 0.10, failure rate: 0.30, average extra time to goal: 34
2022-09-07 18:41:54, INFO: train in episode 109 has success rate: 0.60, failure rate: 0.20, average extra time to goal: 20
2022-09-07 18:42:40, INFO: train in episode 110 has success rate: 0.20, failure rate: 0.40, average extra time to goal: 32
2022-09-07 18:43:37, INFO: train in episode 111 has success rate: 0.30, failure rate: 0.20, average extra time to goal: 27
2022-09-07 18:44:30, INFO: train in episode 112 has success rate: 0.40, failure rate: 0.00, average extra time to goal: 32
2022-09-07 18:45:22, INFO: train in episode 113 has success rate: 0.30, failure rate: 0.20, average extra time to goal: 33
2022-09-07 18:46:29, INFO: train in episode 114 has success rate: 0.30, failure rate: 0.00, average extra time to goal: 47
2022-09-07 18:47:13, INFO: train in episode 115 has success rate: 0.70, failure rate: 0.10, average extra time to goal: 10
2022-09-07 18:48:00, INFO: train in episode 116 has success rate: 0.60, failure rate: 0.10, average extra time to goal: 20
2022-09-07 18:48:53, INFO: train in episode 117 has success rate: 0.70, failure rate: 0.00, average extra time to goal: 45
2022-09-07 18:49:44, INFO: train in episode 118 has success rate: 0.30, failure rate: 0.30, average extra time to goal: 34
2022-09-07 18:50:40, INFO: train in episode 119 has success rate: 0.20, failure rate: 0.00, average extra time to goal: 44
2022-09-07 18:51:27, INFO: train in episode 120 has success rate: 0.40, failure rate: 0.20, average extra time to goal: 39
2022-09-07 18:52:20, INFO: train in episode 121 has success rate: 0.40, failure rate: 0.20, average extra time to goal: 28
2022-09-07 18:53:04, INFO: train in episode 122 has success rate: 0.70, failure rate: 0.10, average extra time to goal: 21
2022-09-07 18:53:55, INFO: train in episode 123 has success rate: 0.60, failure rate: 0.00, average extra time to goal: 28
2022-09-07 18:54:52, INFO: train in episode 124 has success rate: 0.30, failure rate: 0.10, average extra time to goal: 26
2022-09-07 18:55:46, INFO: train in episode 125 has success rate: 0.50, failure rate: 0.10, average extra time to goal: 41
2022-09-07 18:56:34, INFO: train in episode 126 has success rate: 0.60, failure rate: 0.10, average extra time to goal: 25
2022-09-07 18:57:22, INFO: train in episode 127 has success rate: 0.50, failure rate: 0.10, average extra time to goal: 18
2022-09-07 18:58:08, INFO: train in episode 128 has success rate: 0.50, failure rate: 0.20, average extra time to goal: 47
2022-09-07 18:58:58, INFO: train in episode 129 has success rate: 0.60, failure rate: 0.10, average extra time to goal: 42
2022-09-07 18:59:33, INFO: train in episode 130 has success rate: 0.30, failure rate: 0.50, average extra time to goal: 9
2022-09-07 19:00:27, INFO: train in episode 131 has success rate: 0.50, failure rate: 0.10, average extra time to goal: 31
2022-09-07 19:01:26, INFO: train in episode 132 has success rate: 0.40, failure rate: 0.10, average extra time to goal: 48
2022-09-07 19:02:15, INFO: train in episode 133 has success rate: 0.40, failure rate: 0.40, average extra time to goal: 21
2022-09-07 19:03:08, INFO: train in episode 134 has success rate: 0.60, failure rate: 0.00, average extra time to goal: 34
2022-09-07 19:04:00, INFO: train in episode 135 has success rate: 0.40, failure rate: 0.10, average extra time to goal: 25
2022-09-07 19:04:46, INFO: train in episode 136 has success rate: 0.40, failure rate: 0.30, average extra time to goal: 2
2022-09-07 19:05:32, INFO: train in episode 137 has success rate: 0.60, failure rate: 0.30, average extra time to goal: 54
2022-09-07 19:06:32, INFO: train in episode 138 has success rate: 0.50, failure rate: 0.00, average extra time to goal: 29
2022-09-07 19:07:32, INFO: train in episode 139 has success rate: 0.50, failure rate: 0.00, average extra time to goal: 51
2022-09-07 19:08:26, INFO: train in episode 140 has success rate: 0.40, failure rate: 0.00, average extra time to goal: 39
2022-09-07 19:09:17, INFO: train in episode 141 has success rate: 0.50, failure rate: 0.10, average extra time to goal: 49
2022-09-07 19:10:08, INFO: train in episode 142 has success rate: 0.40, failure rate: 0.10, average extra time to goal: 5
2022-09-07 19:10:59, INFO: train in episode 143 has success rate: 0.70, failure rate: 0.00, average extra time to goal: 30
2022-09-07 19:11:40, INFO: train in episode 144 has success rate: 0.40, failure rate: 0.40, average extra time to goal: 5
2022-09-07 19:12:33, INFO: train in episode 145 has success rate: 0.60, failure rate: 0.10, average extra time to goal: 42
2022-09-07 19:13:20, INFO: train in episode 146 has success rate: 0.60, failure rate: 0.10, average extra time to goal: 26
2022-09-07 19:14:14, INFO: train in episode 147 has success rate: 0.40, failure rate: 0.10, average extra time to goal: 26
2022-09-07 19:15:03, INFO: train in episode 148 has success rate: 0.40, failure rate: 0.20, average extra time to goal: 28
2022-09-07 19:15:46, INFO: train in episode 149 has success rate: 0.80, failure rate: 0.10, average extra time to goal: 24
2022-09-07 19:16:39, INFO: train in episode 150 has success rate: 0.40, failure rate: 0.10, average extra time to goal: 34
2022-09-07 19:17:25, INFO: train in episode 151 has success rate: 0.60, failure rate: 0.00, average extra time to goal: 22
2022-09-07 19:18:06, INFO: train in episode 152 has success rate: 0.60, failure rate: 0.20, average extra time to goal: 21
2022-09-07 19:18:51, INFO: train in episode 153 has success rate: 0.70, failure rate: 0.10, average extra time to goal: 32
2022-09-07 19:19:46, INFO: train in episode 154 has success rate: 0.40, failure rate: 0.20, average extra time to goal: 47
2022-09-07 19:20:33, INFO: train in episode 155 has success rate: 0.50, failure rate: 0.00, average extra time to goal: 23
2022-09-07 19:21:24, INFO: train in episode 156 has success rate: 0.30, failure rate: 0.20, average extra time to goal: 37
2022-09-07 19:22:09, INFO: train in episode 157 has success rate: 0.40, failure rate: 0.20, average extra time to goal: 18
2022-09-07 19:22:59, INFO: train in episode 158 has success rate: 0.60, failure rate: 0.00, average extra time to goal: 16
2022-09-07 19:24:05, INFO: train in episode 159 has success rate: 0.30, failure rate: 0.00, average extra time to goal: 25
2022-09-07 19:24:55, INFO: train in episode 160 has success rate: 0.50, failure rate: 0.00, average extra time to goal: 11
2022-09-07 19:25:36, INFO: train in episode 161 has success rate: 0.40, failure rate: 0.30, average extra time to goal: 25
2022-09-07 19:26:28, INFO: train in episode 162 has success rate: 0.70, failure rate: 0.00, average extra time to goal: 41
2022-09-07 19:27:10, INFO: train in episode 163 has success rate: 0.50, failure rate: 0.20, average extra time to goal: 24
2022-09-07 19:28:05, INFO: train in episode 164 has success rate: 0.20, failure rate: 0.10, average extra time to goal: 35
2022-09-07 19:28:56, INFO: train in episode 165 has success rate: 0.20, failure rate: 0.30, average extra time to goal: 30
2022-09-07 19:29:48, INFO: train in episode 166 has success rate: 0.40, failure rate: 0.20, average extra time to goal: 27
2022-09-07 19:30:34, INFO: train in episode 167 has success rate: 0.70, failure rate: 0.20, average extra time to goal: 36
2022-09-07 19:31:34, INFO: train in episode 168 has success rate: 0.40, failure rate: 0.00, average extra time to goal: 12
2022-09-07 19:32:19, INFO: train in episode 169 has success rate: 0.50, failure rate: 0.10, average extra time to goal: 4
2022-09-07 19:33:10, INFO: train in episode 170 has success rate: 0.70, failure rate: 0.10, average extra time to goal: 44
2022-09-07 19:34:02, INFO: train in episode 171 has success rate: 0.40, failure rate: 0.10, average extra time to goal: 19
2022-09-07 19:34:53, INFO: train in episode 172 has success rate: 0.20, failure rate: 0.30, average extra time to goal: 5
2022-09-07 19:35:41, INFO: train in episode 173 has success rate: 0.40, failure rate: 0.10, average extra time to goal: 7
2022-09-07 19:36:20, INFO: train in episode 174 has success rate: 0.80, failure rate: 0.10, average extra time to goal: 16
2022-09-07 19:37:03, INFO: train in episode 175 has success rate: 0.40, failure rate: 0.20, average extra time to goal: 30
2022-09-07 19:37:58, INFO: train in episode 176 has success rate: 0.40, failure rate: 0.10, average extra time to goal: 23
2022-09-07 19:38:43, INFO: train in episode 177 has success rate: 0.50, failure rate: 0.10, average extra time to goal: 26
2022-09-07 19:39:28, INFO: train in episode 178 has success rate: 0.60, failure rate: 0.10, average extra time to goal: 35
2022-09-07 19:40:05, INFO: train in episode 179 has success rate: 0.60, failure rate: 0.30, average extra time to goal: 24
2022-09-07 19:40:45, INFO: train in episode 180 has success rate: 0.40, failure rate: 0.30, average extra time to goal: 26
2022-09-07 19:41:34, INFO: train in episode 181 has success rate: 0.30, failure rate: 0.10, average extra time to goal: 11
2022-09-07 19:42:26, INFO: train in episode 182 has success rate: 0.40, failure rate: 0.10, average extra time to goal: 26
2022-09-07 19:43:25, INFO: train in episode 183 has success rate: 0.40, failure rate: 0.10, average extra time to goal: 26
2022-09-07 19:44:15, INFO: train in episode 184 has success rate: 0.70, failure rate: 0.00, average extra time to goal: 28
2022-09-07 19:45:12, INFO: train in episode 185 has success rate: 0.40, failure rate: 0.10, average extra time to goal: 22
2022-09-07 19:45:57, INFO: train in episode 186 has success rate: 0.30, failure rate: 0.20, average extra time to goal: 7
2022-09-07 19:46:43, INFO: train in episode 187 has success rate: 0.20, failure rate: 0.40, average extra time to goal: 35
2022-09-07 19:47:40, INFO: train in episode 188 has success rate: 0.40, failure rate: 0.10, average extra time to goal: 42
2022-09-07 19:48:27, INFO: train in episode 189 has success rate: 0.80, failure rate: 0.00, average extra time to goal: 15
2022-09-07 19:49:23, INFO: train in episode 190 has success rate: 0.60, failure rate: 0.20, average extra time to goal: 39
2022-09-07 19:50:22, INFO: train in episode 191 has success rate: 0.40, failure rate: 0.00, average extra time to goal: 27
2022-09-07 19:51:12, INFO: train in episode 192 has success rate: 0.40, failure rate: 0.30, average extra time to goal: 42
2022-09-07 19:52:03, INFO: train in episode 193 has success rate: 0.20, failure rate: 0.30, average extra time to goal: 25
2022-09-07 19:52:57, INFO: train in episode 194 has success rate: 0.40, failure rate: 0.00, average extra time to goal: 25
2022-09-07 19:53:44, INFO: train in episode 195 has success rate: 0.60, failure rate: 0.20, average extra time to goal: 23
2022-09-07 19:54:35, INFO: train in episode 196 has success rate: 0.40, failure rate: 0.20, average extra time to goal: 32
2022-09-07 19:55:25, INFO: train in episode 197 has success rate: 0.60, failure rate: 0.10, average extra time to goal: 31
2022-09-07 19:56:11, INFO: train in episode 198 has success rate: 0.70, failure rate: 0.10, average extra time to goal: 43
2022-09-07 19:56:53, INFO: train in episode 199 has success rate: 0.50, failure rate: 0.30, average extra time to goal: 11
2022-09-07 19:57:21, INFO: Finish initializing model. Model saved
