2022-09-07 15:24:11, INFO: Using device: cuda:0
2022-09-07 15:24:15, INFO: Total number of state_value pairs: 23114
2022-09-07 15:24:15, INFO: Loss in epoch 0: 2.75
2022-09-07 15:24:16, INFO: Loss in epoch 1: 1.04
2022-09-07 15:24:16, INFO: Loss in epoch 2: 0.99
2022-09-07 15:24:16, INFO: Loss in epoch 3: 0.96
2022-09-07 15:24:17, INFO: Loss in epoch 4: 0.95
2022-09-07 15:24:17, INFO: Loss in epoch 5: 0.93
2022-09-07 15:24:17, INFO: Loss in epoch 6: 0.92
2022-09-07 15:24:17, INFO: Loss in epoch 7: 0.91
2022-09-07 15:24:18, INFO: Loss in epoch 8: 0.90
2022-09-07 15:24:18, INFO: Loss in epoch 9: 0.89
2022-09-07 15:24:18, INFO: Loss in epoch 10: 0.88
2022-09-07 15:24:19, INFO: Loss in epoch 11: 0.86
2022-09-07 15:24:19, INFO: Loss in epoch 12: 0.85
2022-09-07 15:24:19, INFO: Loss in epoch 13: 0.85
2022-09-07 15:24:20, INFO: Loss in epoch 14: 0.84
2022-09-07 15:24:20, INFO: Loss in epoch 15: 0.83
2022-09-07 15:24:20, INFO: Loss in epoch 16: 0.83
2022-09-07 15:24:20, INFO: Loss in epoch 17: 0.82
2022-09-07 15:24:21, INFO: Loss in epoch 18: 0.81
2022-09-07 15:24:21, INFO: Loss in epoch 19: 0.81
2022-09-07 15:24:21, INFO: Loss in epoch 20: 0.81
2022-09-07 15:24:22, INFO: Loss in epoch 21: 0.80
2022-09-07 15:24:22, INFO: Loss in epoch 22: 0.80
2022-09-07 15:24:22, INFO: Loss in epoch 23: 0.79
2022-09-07 15:24:23, INFO: Loss in epoch 24: 0.79
2022-09-07 15:24:23, INFO: Loss in epoch 25: 0.78
2022-09-07 15:24:23, INFO: Loss in epoch 26: 0.78
2022-09-07 15:24:23, INFO: Loss in epoch 27: 0.77
2022-09-07 15:24:24, INFO: Loss in epoch 28: 0.77
2022-09-07 15:24:24, INFO: Loss in epoch 29: 0.77
2022-09-07 15:24:24, INFO: Loss in epoch 30: 0.77
2022-09-07 15:24:25, INFO: Loss in epoch 31: 0.76
2022-09-07 15:24:25, INFO: Loss in epoch 32: 0.76
2022-09-07 15:24:25, INFO: Loss in epoch 33: 0.75
2022-09-07 15:24:26, INFO: Loss in epoch 34: 0.75
2022-09-07 15:24:26, INFO: Loss in epoch 35: 0.75
2022-09-07 15:24:26, INFO: Loss in epoch 36: 0.75
2022-09-07 15:24:26, INFO: Loss in epoch 37: 0.75
2022-09-07 15:24:27, INFO: Loss in epoch 38: 0.75
2022-09-07 15:24:27, INFO: Loss in epoch 39: 0.74
2022-09-07 15:24:27, INFO: Loss in epoch 40: 0.74
2022-09-07 15:24:28, INFO: Loss in epoch 41: 0.74
2022-09-07 15:24:28, INFO: Loss in epoch 42: 0.74
2022-09-07 15:24:28, INFO: Loss in epoch 43: 0.74
2022-09-07 15:24:29, INFO: Loss in epoch 44: 0.74
2022-09-07 15:24:29, INFO: Loss in epoch 45: 0.73
2022-09-07 15:24:29, INFO: Loss in epoch 46: 0.74
2022-09-07 15:24:29, INFO: Loss in epoch 47: 0.74
2022-09-07 15:24:30, INFO: Loss in epoch 48: 0.73
2022-09-07 15:24:30, INFO: Loss in epoch 49: 0.73
2022-09-07 15:24:30, INFO: Loss in epoch 50: 0.73
2022-09-07 15:24:31, INFO: Loss in epoch 51: 0.73
2022-09-07 15:24:31, INFO: Loss in epoch 52: 0.72
2022-09-07 15:24:31, INFO: Loss in epoch 53: 0.73
2022-09-07 15:24:31, INFO: Loss in epoch 54: 0.72
2022-09-07 15:24:32, INFO: Loss in epoch 55: 0.72
2022-09-07 15:24:32, INFO: Loss in epoch 56: 0.72
2022-09-07 15:24:32, INFO: Loss in epoch 57: 0.72
2022-09-07 15:24:33, INFO: Loss in epoch 58: 0.72
2022-09-07 15:24:33, INFO: Loss in epoch 59: 0.71
2022-09-07 15:24:33, INFO: Loss in epoch 60: 0.72
2022-09-07 15:24:34, INFO: Loss in epoch 61: 0.72
2022-09-07 15:24:34, INFO: Loss in epoch 62: 0.72
2022-09-07 15:24:34, INFO: Loss in epoch 63: 0.72
2022-09-07 15:24:34, INFO: Loss in epoch 64: 0.71
2022-09-07 15:24:35, INFO: Loss in epoch 65: 0.71
2022-09-07 15:24:35, INFO: Loss in epoch 66: 0.71
2022-09-07 15:24:35, INFO: Loss in epoch 67: 0.71
2022-09-07 15:24:36, INFO: Loss in epoch 68: 0.71
2022-09-07 15:24:36, INFO: Loss in epoch 69: 0.71
2022-09-07 15:24:36, INFO: Loss in epoch 70: 0.71
2022-09-07 15:24:36, INFO: Loss in epoch 71: 0.71
2022-09-07 15:24:37, INFO: Loss in epoch 72: 0.71
2022-09-07 15:24:37, INFO: Loss in epoch 73: 0.71
2022-09-07 15:24:37, INFO: Loss in epoch 74: 0.71
2022-09-07 15:24:38, INFO: Loss in epoch 75: 0.71
2022-09-07 15:24:38, INFO: Loss in epoch 76: 0.71
2022-09-07 15:24:38, INFO: Loss in epoch 77: 0.71
2022-09-07 15:24:38, INFO: Loss in epoch 78: 0.71
2022-09-07 15:24:39, INFO: Loss in epoch 79: 0.71
2022-09-07 15:24:39, INFO: Loss in epoch 80: 0.71
2022-09-07 15:24:39, INFO: Loss in epoch 81: 0.71
2022-09-07 15:24:40, INFO: Loss in epoch 82: 0.71
2022-09-07 15:24:40, INFO: Loss in epoch 83: 0.71
2022-09-07 15:24:40, INFO: Loss in epoch 84: 0.70
2022-09-07 15:24:40, INFO: Loss in epoch 85: 0.71
2022-09-07 15:24:41, INFO: Loss in epoch 86: 0.71
2022-09-07 15:24:41, INFO: Loss in epoch 87: 0.70
2022-09-07 15:24:41, INFO: Loss in epoch 88: 0.71
2022-09-07 15:24:42, INFO: Loss in epoch 89: 0.70
2022-09-07 15:24:42, INFO: Loss in epoch 90: 0.70
2022-09-07 15:24:42, INFO: Loss in epoch 91: 0.70
2022-09-07 15:24:43, INFO: Loss in epoch 92: 0.70
2022-09-07 15:24:43, INFO: Loss in epoch 93: 0.70
2022-09-07 15:24:43, INFO: Loss in epoch 94: 0.70
2022-09-07 15:24:44, INFO: Loss in epoch 95: 0.71
2022-09-07 15:24:44, INFO: Loss in epoch 96: 0.70
2022-09-07 15:24:44, INFO: Loss in epoch 97: 0.70
2022-09-07 15:24:44, INFO: Loss in epoch 98: 0.70
2022-09-07 15:24:45, INFO: Loss in epoch 99: 0.70
2022-09-07 15:24:45, INFO: Loss in epoch 100: 0.70
2022-09-07 15:24:45, INFO: Loss in epoch 101: 0.69
2022-09-07 15:24:46, INFO: Loss in epoch 102: 0.71
2022-09-07 15:24:46, INFO: Loss in epoch 103: 0.70
2022-09-07 15:24:46, INFO: Loss in epoch 104: 0.70
2022-09-07 15:24:47, INFO: Loss in epoch 105: 0.69
2022-09-07 15:24:47, INFO: Loss in epoch 106: 0.70
2022-09-07 15:24:47, INFO: Loss in epoch 107: 0.70
2022-09-07 15:24:47, INFO: Loss in epoch 108: 0.70
2022-09-07 15:24:48, INFO: Loss in epoch 109: 0.70
2022-09-07 15:24:48, INFO: Loss in epoch 110: 0.69
2022-09-07 15:24:48, INFO: Loss in epoch 111: 0.70
2022-09-07 15:24:49, INFO: Loss in epoch 112: 0.70
2022-09-07 15:24:49, INFO: Loss in epoch 113: 0.70
2022-09-07 15:24:49, INFO: Loss in epoch 114: 0.69
2022-09-07 15:24:50, INFO: Loss in epoch 115: 0.70
2022-09-07 15:24:50, INFO: Loss in epoch 116: 0.69
2022-09-07 15:24:50, INFO: Loss in epoch 117: 0.69
2022-09-07 15:24:51, INFO: Loss in epoch 118: 0.69
2022-09-07 15:24:51, INFO: Loss in epoch 119: 0.69
2022-09-07 15:24:51, INFO: Loss in epoch 120: 0.69
2022-09-07 15:24:51, INFO: Loss in epoch 121: 0.69
2022-09-07 15:24:52, INFO: Loss in epoch 122: 0.70
2022-09-07 15:24:52, INFO: Loss in epoch 123: 0.69
2022-09-07 15:24:52, INFO: Loss in epoch 124: 0.69
2022-09-07 15:24:53, INFO: Loss in epoch 125: 0.69
2022-09-07 15:24:53, INFO: Loss in epoch 126: 0.70
2022-09-07 15:24:53, INFO: Loss in epoch 127: 0.69
2022-09-07 15:24:54, INFO: Loss in epoch 128: 0.69
2022-09-07 15:24:54, INFO: Loss in epoch 129: 0.69
2022-09-07 15:24:54, INFO: Loss in epoch 130: 0.70
2022-09-07 15:24:55, INFO: Loss in epoch 131: 0.70
2022-09-07 15:24:55, INFO: Loss in epoch 132: 0.69
2022-09-07 15:24:55, INFO: Loss in epoch 133: 0.69
2022-09-07 15:24:55, INFO: Loss in epoch 134: 0.70
2022-09-07 15:24:56, INFO: Loss in epoch 135: 0.70
2022-09-07 15:24:56, INFO: Loss in epoch 136: 0.70
2022-09-07 15:24:56, INFO: Loss in epoch 137: 0.69
2022-09-07 15:24:57, INFO: Loss in epoch 138: 0.69
2022-09-07 15:24:57, INFO: Loss in epoch 139: 0.69
2022-09-07 15:24:57, INFO: Loss in epoch 140: 0.69
2022-09-07 15:24:58, INFO: Loss in epoch 141: 0.69
2022-09-07 15:24:58, INFO: Loss in epoch 142: 0.69
2022-09-07 15:24:58, INFO: Loss in epoch 143: 0.69
2022-09-07 15:24:59, INFO: Loss in epoch 144: 0.69
2022-09-07 15:24:59, INFO: Loss in epoch 145: 0.69
2022-09-07 15:24:59, INFO: Loss in epoch 146: 0.69
2022-09-07 15:25:00, INFO: Loss in epoch 147: 0.69
2022-09-07 15:25:00, INFO: Loss in epoch 148: 0.69
2022-09-07 15:25:00, INFO: Loss in epoch 149: 0.68
2022-09-07 15:25:00, INFO: Loss in epoch 150: 0.68
2022-09-07 15:25:01, INFO: Loss in epoch 151: 0.67
2022-09-07 15:25:01, INFO: Loss in epoch 152: 0.67
2022-09-07 15:25:01, INFO: Loss in epoch 153: 0.68
2022-09-07 15:25:02, INFO: Loss in epoch 154: 0.67
2022-09-07 15:25:02, INFO: Loss in epoch 155: 0.67
2022-09-07 15:25:02, INFO: Loss in epoch 156: 0.67
2022-09-07 15:25:03, INFO: Loss in epoch 157: 0.67
2022-09-07 15:25:03, INFO: Loss in epoch 158: 0.68
2022-09-07 15:25:03, INFO: Loss in epoch 159: 0.67
2022-09-07 15:25:04, INFO: Loss in epoch 160: 0.67
2022-09-07 15:25:04, INFO: Loss in epoch 161: 0.67
2022-09-07 15:25:04, INFO: Loss in epoch 162: 0.67
2022-09-07 15:25:04, INFO: Loss in epoch 163: 0.68
2022-09-07 15:25:05, INFO: Loss in epoch 164: 0.67
2022-09-07 15:25:05, INFO: Loss in epoch 165: 0.68
2022-09-07 15:25:05, INFO: Loss in epoch 166: 0.68
2022-09-07 15:25:06, INFO: Loss in epoch 167: 0.67
2022-09-07 15:25:06, INFO: Loss in epoch 168: 0.67
2022-09-07 15:25:06, INFO: Loss in epoch 169: 0.67
2022-09-07 15:25:07, INFO: Loss in epoch 170: 0.67
2022-09-07 15:25:07, INFO: Loss in epoch 171: 0.67
2022-09-07 15:25:07, INFO: Loss in epoch 172: 0.67
2022-09-07 15:25:08, INFO: Loss in epoch 173: 0.67
2022-09-07 15:25:08, INFO: Loss in epoch 174: 0.67
2022-09-07 15:25:08, INFO: Loss in epoch 175: 0.67
2022-09-07 15:25:08, INFO: Loss in epoch 176: 0.67
2022-09-07 15:25:09, INFO: Loss in epoch 177: 0.67
2022-09-07 15:25:09, INFO: Loss in epoch 178: 0.67
2022-09-07 15:25:09, INFO: Loss in epoch 179: 0.67
2022-09-07 15:25:10, INFO: Loss in epoch 180: 0.68
2022-09-07 15:25:10, INFO: Loss in epoch 181: 0.67
2022-09-07 15:25:10, INFO: Loss in epoch 182: 0.67
2022-09-07 15:25:11, INFO: Loss in epoch 183: 0.67
2022-09-07 15:25:11, INFO: Loss in epoch 184: 0.67
2022-09-07 15:25:11, INFO: Loss in epoch 185: 0.67
2022-09-07 15:25:12, INFO: Loss in epoch 186: 0.67
2022-09-07 15:25:12, INFO: Loss in epoch 187: 0.67
2022-09-07 15:25:12, INFO: Loss in epoch 188: 0.67
2022-09-07 15:25:13, INFO: Loss in epoch 189: 0.67
2022-09-07 15:25:13, INFO: Loss in epoch 190: 0.67
2022-09-07 15:25:13, INFO: Loss in epoch 191: 0.68
2022-09-07 15:25:14, INFO: Loss in epoch 192: 0.67
2022-09-07 15:25:14, INFO: Loss in epoch 193: 0.67
2022-09-07 15:25:14, INFO: Loss in epoch 194: 0.67
2022-09-07 15:25:15, INFO: Loss in epoch 195: 0.67
2022-09-07 15:25:15, INFO: Loss in epoch 196: 0.67
2022-09-07 15:25:15, INFO: Loss in epoch 197: 0.67
2022-09-07 15:25:15, INFO: Loss in epoch 198: 0.67
2022-09-07 15:25:16, INFO: Loss in epoch 199: 0.68
2022-09-07 15:25:16, INFO: Loss in epoch 200: 0.67
2022-09-07 15:25:16, INFO: Loss in epoch 201: 0.67
2022-09-07 15:25:17, INFO: Loss in epoch 202: 0.67
2022-09-07 15:25:17, INFO: Loss in epoch 203: 0.67
2022-09-07 15:25:17, INFO: Loss in epoch 204: 0.67
2022-09-07 15:25:18, INFO: Loss in epoch 205: 0.67
2022-09-07 15:25:18, INFO: Loss in epoch 206: 0.67
2022-09-07 15:25:18, INFO: Loss in epoch 207: 0.67
2022-09-07 15:25:19, INFO: Loss in epoch 208: 0.67
2022-09-07 15:25:19, INFO: Loss in epoch 209: 0.67
2022-09-07 15:25:19, INFO: Loss in epoch 210: 0.67
2022-09-07 15:25:20, INFO: Loss in epoch 211: 0.67
2022-09-07 15:25:20, INFO: Loss in epoch 212: 0.67
2022-09-07 15:25:20, INFO: Loss in epoch 213: 0.67
2022-09-07 15:25:20, INFO: Loss in epoch 214: 0.67
2022-09-07 15:25:21, INFO: Loss in epoch 215: 0.68
2022-09-07 15:25:21, INFO: Loss in epoch 216: 0.67
2022-09-07 15:25:21, INFO: Loss in epoch 217: 0.67
2022-09-07 15:25:22, INFO: Loss in epoch 218: 0.67
2022-09-07 15:25:22, INFO: Loss in epoch 219: 0.67
2022-09-07 15:25:22, INFO: Loss in epoch 220: 0.67
2022-09-07 15:25:23, INFO: Loss in epoch 221: 0.67
2022-09-07 15:25:23, INFO: Loss in epoch 222: 0.67
2022-09-07 15:25:23, INFO: Loss in epoch 223: 0.67
2022-09-07 15:25:24, INFO: Loss in epoch 224: 0.68
2022-09-07 15:25:24, INFO: Loss in epoch 225: 0.67
2022-09-07 15:25:24, INFO: Loss in epoch 226: 0.67
2022-09-07 15:25:25, INFO: Loss in epoch 227: 0.67
2022-09-07 15:25:25, INFO: Loss in epoch 228: 0.67
2022-09-07 15:25:25, INFO: Loss in epoch 229: 0.68
2022-09-07 15:25:25, INFO: Loss in epoch 230: 0.67
2022-09-07 15:25:26, INFO: Loss in epoch 231: 0.67
2022-09-07 15:25:26, INFO: Loss in epoch 232: 0.67
2022-09-07 15:25:26, INFO: Loss in epoch 233: 0.67
2022-09-07 15:25:27, INFO: Loss in epoch 234: 0.68
2022-09-07 15:25:27, INFO: Loss in epoch 235: 0.68
2022-09-07 15:25:27, INFO: Loss in epoch 236: 0.67
2022-09-07 15:25:28, INFO: Loss in epoch 237: 0.67
2022-09-07 15:25:28, INFO: Loss in epoch 238: 0.67
2022-09-07 15:25:28, INFO: Loss in epoch 239: 0.67
2022-09-07 15:25:29, INFO: Loss in epoch 240: 0.68
2022-09-07 15:25:29, INFO: Loss in epoch 241: 0.67
2022-09-07 15:25:29, INFO: Loss in epoch 242: 0.67
2022-09-07 15:25:30, INFO: Loss in epoch 243: 0.67
2022-09-07 15:25:30, INFO: Loss in epoch 244: 0.67
2022-09-07 15:25:30, INFO: Loss in epoch 245: 0.67
2022-09-07 15:25:31, INFO: Loss in epoch 246: 0.67
2022-09-07 15:25:31, INFO: Loss in epoch 247: 0.67
2022-09-07 15:25:31, INFO: Loss in epoch 248: 0.67
2022-09-07 15:25:32, INFO: Loss in epoch 249: 0.67
2022-09-07 15:25:32, INFO: Finish initializing model. Model saved
2022-09-07 15:25:52, INFO: test in episode 0 has success rate: 0.33, failure rate: 0.62, average extra time to goal: 1
2022-09-07 15:25:56, INFO: train in episode 0 has success rate: 0.30, failure rate: 0.60, average extra time to goal: 44
2022-09-07 15:26:09, INFO: train in episode 1 has success rate: 0.00, failure rate: 0.70, average extra time to goal: 0
2022-09-07 15:26:20, INFO: train in episode 2 has success rate: 0.00, failure rate: 0.80, average extra time to goal: 0
2022-09-07 15:26:35, INFO: train in episode 3 has success rate: 0.20, failure rate: 0.50, average extra time to goal: 32
2022-09-07 15:26:50, INFO: train in episode 4 has success rate: 0.20, failure rate: 0.40, average extra time to goal: 38
2022-09-07 15:27:07, INFO: train in episode 5 has success rate: 0.40, failure rate: 0.30, average extra time to goal: 25
2022-09-07 15:27:22, INFO: train in episode 6 has success rate: 0.10, failure rate: 0.20, average extra time to goal: 21
2022-09-07 15:27:39, INFO: train in episode 7 has success rate: 0.20, failure rate: 0.40, average extra time to goal: 32
2022-09-07 15:27:52, INFO: train in episode 8 has success rate: 0.10, failure rate: 0.70, average extra time to goal: 2
2022-09-07 15:28:07, INFO: train in episode 9 has success rate: 0.10, failure rate: 0.40, average extra time to goal: 35
2022-09-07 15:28:28, INFO: train in episode 10 has success rate: 0.20, failure rate: 0.00, average extra time to goal: 66
2022-09-07 15:28:44, INFO: train in episode 11 has success rate: 0.20, failure rate: 0.20, average extra time to goal: 4
2022-09-07 15:29:00, INFO: train in episode 12 has success rate: 0.40, failure rate: 0.00, average extra time to goal: 15
2022-09-07 15:29:15, INFO: train in episode 13 has success rate: 0.40, failure rate: 0.30, average extra time to goal: 6
2022-09-07 15:29:30, INFO: train in episode 14 has success rate: 0.20, failure rate: 0.50, average extra time to goal: 15
2022-09-07 15:29:49, INFO: train in episode 15 has success rate: 0.30, failure rate: 0.20, average extra time to goal: 22
2022-09-07 15:30:04, INFO: train in episode 16 has success rate: 0.20, failure rate: 0.50, average extra time to goal: 40
2022-09-07 15:30:21, INFO: train in episode 17 has success rate: 0.00, failure rate: 0.40, average extra time to goal: 0
2022-09-07 15:30:39, INFO: train in episode 18 has success rate: 0.20, failure rate: 0.30, average extra time to goal: 4
2022-09-07 15:31:01, INFO: train in episode 19 has success rate: 0.10, failure rate: 0.20, average extra time to goal: 5
2022-09-07 15:31:21, INFO: train in episode 20 has success rate: 0.10, failure rate: 0.10, average extra time to goal: 5
2022-09-07 15:31:39, INFO: train in episode 21 has success rate: 0.10, failure rate: 0.20, average extra time to goal: 3
2022-09-07 15:31:55, INFO: train in episode 22 has success rate: 0.20, failure rate: 0.50, average extra time to goal: 20
2022-09-07 15:32:15, INFO: train in episode 23 has success rate: 0.20, failure rate: 0.40, average extra time to goal: 26
2022-09-07 15:32:36, INFO: train in episode 24 has success rate: 0.10, failure rate: 0.10, average extra time to goal: 73
2022-09-07 15:32:55, INFO: train in episode 25 has success rate: 0.20, failure rate: 0.40, average extra time to goal: 14
2022-09-07 15:33:15, INFO: train in episode 26 has success rate: 0.00, failure rate: 0.50, average extra time to goal: 0
2022-09-07 15:33:37, INFO: train in episode 27 has success rate: 0.10, failure rate: 0.10, average extra time to goal: 2
2022-09-07 15:34:02, INFO: train in episode 28 has success rate: 0.10, failure rate: 0.30, average extra time to goal: 44
2022-09-07 15:34:19, INFO: train in episode 29 has success rate: 0.20, failure rate: 0.40, average extra time to goal: 4
2022-09-07 15:34:42, INFO: train in episode 30 has success rate: 0.10, failure rate: 0.30, average extra time to goal: 4
2022-09-07 15:35:01, INFO: train in episode 31 has success rate: 0.30, failure rate: 0.50, average extra time to goal: 50
2022-09-07 15:35:24, INFO: train in episode 32 has success rate: 0.10, failure rate: 0.30, average extra time to goal: 2
2022-09-07 15:35:46, INFO: train in episode 33 has success rate: 0.10, failure rate: 0.40, average extra time to goal: 50
2022-09-07 15:36:10, INFO: train in episode 34 has success rate: 0.20, failure rate: 0.30, average extra time to goal: 16
2022-09-07 15:36:31, INFO: train in episode 35 has success rate: 0.10, failure rate: 0.60, average extra time to goal: 35
2022-09-07 15:36:52, INFO: train in episode 36 has success rate: 0.20, failure rate: 0.60, average extra time to goal: 6
2022-09-07 15:37:16, INFO: train in episode 37 has success rate: 0.30, failure rate: 0.30, average extra time to goal: 16
2022-09-07 15:37:36, INFO: train in episode 38 has success rate: 0.30, failure rate: 0.40, average extra time to goal: 3
2022-09-07 15:38:00, INFO: train in episode 39 has success rate: 0.40, failure rate: 0.30, average extra time to goal: 11
2022-09-07 15:38:21, INFO: train in episode 40 has success rate: 0.10, failure rate: 0.50, average extra time to goal: 53
2022-09-07 15:38:40, INFO: train in episode 41 has success rate: 0.10, failure rate: 0.80, average extra time to goal: 5
2022-09-07 15:39:03, INFO: train in episode 42 has success rate: 0.30, failure rate: 0.30, average extra time to goal: 20
2022-09-07 15:39:28, INFO: train in episode 43 has success rate: 0.40, failure rate: 0.20, average extra time to goal: 18
2022-09-07 15:39:49, INFO: train in episode 44 has success rate: 0.20, failure rate: 0.50, average extra time to goal: 4
2022-09-07 15:40:13, INFO: train in episode 45 has success rate: 0.10, failure rate: 0.60, average extra time to goal: 3
2022-09-07 15:40:35, INFO: train in episode 46 has success rate: 0.30, failure rate: 0.50, average extra time to goal: 6
2022-09-07 15:40:57, INFO: train in episode 47 has success rate: 0.00, failure rate: 0.60, average extra time to goal: 0
2022-09-07 15:41:17, INFO: train in episode 48 has success rate: 0.30, failure rate: 0.60, average extra time to goal: 5
2022-09-07 15:41:38, INFO: train in episode 49 has success rate: 0.20, failure rate: 0.70, average extra time to goal: 33
2022-09-07 15:42:01, INFO: train in episode 50 has success rate: 0.20, failure rate: 0.50, average extra time to goal: 21
2022-09-07 15:42:26, INFO: train in episode 51 has success rate: 0.40, failure rate: 0.30, average extra time to goal: 24
2022-09-07 15:42:49, INFO: train in episode 52 has success rate: 0.20, failure rate: 0.50, average extra time to goal: 22
2022-09-07 15:43:13, INFO: train in episode 53 has success rate: 0.00, failure rate: 0.50, average extra time to goal: 0
2022-09-07 15:43:38, INFO: train in episode 54 has success rate: 0.00, failure rate: 0.40, average extra time to goal: 0
2022-09-07 15:44:02, INFO: train in episode 55 has success rate: 0.30, failure rate: 0.50, average extra time to goal: 28
2022-09-07 15:44:24, INFO: train in episode 56 has success rate: 0.20, failure rate: 0.50, average extra time to goal: 20
2022-09-07 15:44:48, INFO: train in episode 57 has success rate: 0.30, failure rate: 0.10, average extra time to goal: 17
2022-09-07 15:45:12, INFO: train in episode 58 has success rate: 0.30, failure rate: 0.40, average extra time to goal: 21
2022-09-07 15:45:36, INFO: train in episode 59 has success rate: 0.20, failure rate: 0.30, average extra time to goal: 26
2022-09-07 15:46:01, INFO: train in episode 60 has success rate: 0.50, failure rate: 0.20, average extra time to goal: 32
2022-09-07 15:46:25, INFO: train in episode 61 has success rate: 0.30, failure rate: 0.50, average extra time to goal: 21
2022-09-07 15:46:50, INFO: train in episode 62 has success rate: 0.40, failure rate: 0.10, average extra time to goal: 31
2022-09-07 15:47:13, INFO: train in episode 63 has success rate: 0.20, failure rate: 0.30, average extra time to goal: 44
2022-09-07 15:47:36, INFO: train in episode 64 has success rate: 0.00, failure rate: 0.60, average extra time to goal: 0
2022-09-07 15:47:59, INFO: train in episode 65 has success rate: 0.50, failure rate: 0.30, average extra time to goal: 17
2022-09-07 15:48:23, INFO: train in episode 66 has success rate: 0.30, failure rate: 0.20, average extra time to goal: 24
2022-09-07 15:48:49, INFO: train in episode 67 has success rate: 0.20, failure rate: 0.30, average extra time to goal: 3
2022-09-07 15:49:12, INFO: train in episode 68 has success rate: 0.20, failure rate: 0.60, average extra time to goal: 3
2022-09-07 15:49:36, INFO: train in episode 69 has success rate: 0.30, failure rate: 0.30, average extra time to goal: 15
2022-09-07 15:50:01, INFO: train in episode 70 has success rate: 0.40, failure rate: 0.30, average extra time to goal: 18
2022-09-07 15:50:27, INFO: train in episode 71 has success rate: 0.10, failure rate: 0.30, average extra time to goal: 4
2022-09-07 15:50:55, INFO: train in episode 72 has success rate: 0.00, failure rate: 0.30, average extra time to goal: 0
2022-09-07 15:51:19, INFO: train in episode 73 has success rate: 0.20, failure rate: 0.30, average extra time to goal: 38
2022-09-07 15:51:45, INFO: train in episode 74 has success rate: 0.50, failure rate: 0.20, average extra time to goal: 21
2022-09-07 15:52:10, INFO: train in episode 75 has success rate: 0.20, failure rate: 0.40, average extra time to goal: 5
2022-09-07 15:52:38, INFO: train in episode 76 has success rate: 0.40, failure rate: 0.20, average extra time to goal: 16
2022-09-07 15:53:00, INFO: train in episode 77 has success rate: 0.60, failure rate: 0.30, average extra time to goal: 22
2022-09-07 15:53:23, INFO: train in episode 78 has success rate: 0.60, failure rate: 0.10, average extra time to goal: 14
2022-09-07 15:53:50, INFO: train in episode 79 has success rate: 0.30, failure rate: 0.20, average extra time to goal: 24
2022-09-07 15:54:17, INFO: train in episode 80 has success rate: 0.20, failure rate: 0.40, average extra time to goal: 4
2022-09-07 15:54:40, INFO: train in episode 81 has success rate: 0.30, failure rate: 0.50, average extra time to goal: 14
2022-09-07 15:55:08, INFO: train in episode 82 has success rate: 0.30, failure rate: 0.20, average extra time to goal: 52
2022-09-07 15:55:32, INFO: train in episode 83 has success rate: 0.10, failure rate: 0.40, average extra time to goal: 19
2022-09-07 15:55:57, INFO: train in episode 84 has success rate: 0.20, failure rate: 0.50, average extra time to goal: 18
2022-09-07 15:56:23, INFO: train in episode 85 has success rate: 0.40, failure rate: 0.40, average extra time to goal: 42
2022-09-07 15:56:47, INFO: train in episode 86 has success rate: 0.20, failure rate: 0.40, average extra time to goal: 2
2022-09-07 15:57:09, INFO: train in episode 87 has success rate: 0.40, failure rate: 0.30, average extra time to goal: 6
2022-09-07 15:57:34, INFO: train in episode 88 has success rate: 0.20, failure rate: 0.40, average extra time to goal: 3
2022-09-07 15:57:57, INFO: train in episode 89 has success rate: 0.50, failure rate: 0.20, average extra time to goal: 25
2022-09-07 15:58:17, INFO: train in episode 90 has success rate: 0.60, failure rate: 0.30, average extra time to goal: 11
2022-09-07 15:58:45, INFO: train in episode 91 has success rate: 0.40, failure rate: 0.20, average extra time to goal: 16
2022-09-07 15:59:09, INFO: train in episode 92 has success rate: 0.50, failure rate: 0.20, average extra time to goal: 32
2022-09-07 15:59:34, INFO: train in episode 93 has success rate: 0.60, failure rate: 0.00, average extra time to goal: 20
2022-09-07 15:59:58, INFO: train in episode 94 has success rate: 0.40, failure rate: 0.40, average extra time to goal: 41
2022-09-07 16:00:22, INFO: train in episode 95 has success rate: 0.30, failure rate: 0.50, average extra time to goal: 63
2022-09-07 16:00:51, INFO: train in episode 96 has success rate: 0.40, failure rate: 0.10, average extra time to goal: 28
2022-09-07 16:01:19, INFO: train in episode 97 has success rate: 0.70, failure rate: 0.00, average extra time to goal: 27
2022-09-07 16:01:45, INFO: train in episode 98 has success rate: 0.40, failure rate: 0.20, average extra time to goal: 13
2022-09-07 16:02:08, INFO: train in episode 99 has success rate: 0.60, failure rate: 0.30, average extra time to goal: 17
2022-09-07 16:02:30, INFO: train in episode 100 has success rate: 0.60, failure rate: 0.10, average extra time to goal: 16
2022-09-07 16:03:00, INFO: train in episode 101 has success rate: 0.30, failure rate: 0.30, average extra time to goal: 15
2022-09-07 16:03:22, INFO: train in episode 102 has success rate: 0.30, failure rate: 0.50, average extra time to goal: 18
2022-09-07 16:03:46, INFO: train in episode 103 has success rate: 0.50, failure rate: 0.10, average extra time to goal: 20
2022-09-07 16:04:10, INFO: train in episode 104 has success rate: 0.20, failure rate: 0.40, average extra time to goal: 30
2022-09-07 16:04:37, INFO: train in episode 105 has success rate: 0.30, failure rate: 0.30, average extra time to goal: 15
2022-09-07 16:05:07, INFO: train in episode 106 has success rate: 0.30, failure rate: 0.30, average extra time to goal: 48
2022-09-07 16:05:35, INFO: train in episode 107 has success rate: 0.60, failure rate: 0.10, average extra time to goal: 23
2022-09-07 16:06:00, INFO: train in episode 108 has success rate: 0.40, failure rate: 0.10, average extra time to goal: 28
2022-09-07 16:06:22, INFO: train in episode 109 has success rate: 0.40, failure rate: 0.50, average extra time to goal: 22
2022-09-07 16:06:51, INFO: train in episode 110 has success rate: 0.50, failure rate: 0.10, average extra time to goal: 24
2022-09-07 16:07:17, INFO: train in episode 111 has success rate: 0.50, failure rate: 0.20, average extra time to goal: 16
2022-09-07 16:07:42, INFO: train in episode 112 has success rate: 0.40, failure rate: 0.40, average extra time to goal: 37
2022-09-07 16:08:07, INFO: train in episode 113 has success rate: 0.40, failure rate: 0.10, average extra time to goal: 4
2022-09-07 16:08:34, INFO: train in episode 114 has success rate: 0.30, failure rate: 0.10, average extra time to goal: 19
2022-09-07 16:08:58, INFO: train in episode 115 has success rate: 0.50, failure rate: 0.30, average extra time to goal: 35
2022-09-07 16:09:23, INFO: train in episode 116 has success rate: 0.50, failure rate: 0.20, average extra time to goal: 10
2022-09-07 16:09:52, INFO: train in episode 117 has success rate: 0.40, failure rate: 0.20, average extra time to goal: 12
2022-09-07 16:10:18, INFO: train in episode 118 has success rate: 0.30, failure rate: 0.20, average extra time to goal: 3
2022-09-07 16:10:46, INFO: train in episode 119 has success rate: 0.30, failure rate: 0.20, average extra time to goal: 16
2022-09-07 16:11:15, INFO: train in episode 120 has success rate: 0.10, failure rate: 0.40, average extra time to goal: 2
2022-09-07 16:11:40, INFO: train in episode 121 has success rate: 0.30, failure rate: 0.50, average extra time to goal: 22
2022-09-07 16:12:02, INFO: train in episode 122 has success rate: 0.30, failure rate: 0.50, average extra time to goal: 6
2022-09-07 16:12:25, INFO: train in episode 123 has success rate: 0.20, failure rate: 0.60, average extra time to goal: 8
2022-09-07 16:12:58, INFO: train in episode 124 has success rate: 0.20, failure rate: 0.20, average extra time to goal: 72
2022-09-07 16:13:22, INFO: train in episode 125 has success rate: 0.40, failure rate: 0.30, average extra time to goal: 30
2022-09-07 16:13:44, INFO: train in episode 126 has success rate: 0.70, failure rate: 0.20, average extra time to goal: 21
2022-09-07 16:14:12, INFO: train in episode 127 has success rate: 0.30, failure rate: 0.40, average extra time to goal: 8
2022-09-07 16:14:35, INFO: train in episode 128 has success rate: 0.70, failure rate: 0.10, average extra time to goal: 9
2022-09-07 16:15:00, INFO: train in episode 129 has success rate: 0.30, failure rate: 0.40, average extra time to goal: 52
2022-09-07 16:15:31, INFO: train in episode 130 has success rate: 0.20, failure rate: 0.20, average extra time to goal: 16
2022-09-07 16:15:54, INFO: train in episode 131 has success rate: 0.30, failure rate: 0.50, average extra time to goal: 28
2022-09-07 16:16:18, INFO: train in episode 132 has success rate: 0.80, failure rate: 0.10, average extra time to goal: 16
2022-09-07 16:16:44, INFO: train in episode 133 has success rate: 0.40, failure rate: 0.40, average extra time to goal: 44
2022-09-07 16:17:06, INFO: train in episode 134 has success rate: 0.60, failure rate: 0.30, average extra time to goal: 11
2022-09-07 16:17:37, INFO: train in episode 135 has success rate: 0.40, failure rate: 0.00, average extra time to goal: 25
2022-09-07 16:18:09, INFO: train in episode 136 has success rate: 0.10, failure rate: 0.30, average extra time to goal: 3
2022-09-07 16:18:39, INFO: train in episode 137 has success rate: 0.30, failure rate: 0.30, average extra time to goal: 25
2022-09-07 16:19:04, INFO: train in episode 138 has success rate: 0.60, failure rate: 0.20, average extra time to goal: 17
2022-09-07 16:19:34, INFO: train in episode 139 has success rate: 0.40, failure rate: 0.10, average extra time to goal: 14
2022-09-07 16:19:59, INFO: train in episode 140 has success rate: 0.40, failure rate: 0.20, average extra time to goal: 2
2022-09-07 16:20:24, INFO: train in episode 141 has success rate: 0.60, failure rate: 0.30, average extra time to goal: 37
2022-09-07 16:20:56, INFO: train in episode 142 has success rate: 0.40, failure rate: 0.10, average extra time to goal: 29
2022-09-07 16:21:22, INFO: train in episode 143 has success rate: 0.40, failure rate: 0.30, average extra time to goal: 10
2022-09-07 16:21:53, INFO: train in episode 144 has success rate: 0.50, failure rate: 0.10, average extra time to goal: 20
2022-09-07 16:22:19, INFO: train in episode 145 has success rate: 0.30, failure rate: 0.40, average extra time to goal: 13
2022-09-07 16:22:50, INFO: train in episode 146 has success rate: 0.50, failure rate: 0.10, average extra time to goal: 3
2022-09-07 16:23:18, INFO: train in episode 147 has success rate: 0.50, failure rate: 0.10, average extra time to goal: 32
2022-09-07 16:23:43, INFO: train in episode 148 has success rate: 0.40, failure rate: 0.30, average extra time to goal: 23
2022-09-07 16:24:09, INFO: train in episode 149 has success rate: 0.20, failure rate: 0.50, average extra time to goal: 3
2022-09-07 16:24:31, INFO: train in episode 150 has success rate: 0.70, failure rate: 0.20, average extra time to goal: 11
2022-09-07 16:24:55, INFO: train in episode 151 has success rate: 0.50, failure rate: 0.30, average extra time to goal: 10
2022-09-07 16:25:24, INFO: train in episode 152 has success rate: 0.40, failure rate: 0.20, average extra time to goal: 28
2022-09-07 16:25:53, INFO: train in episode 153 has success rate: 0.70, failure rate: 0.10, average extra time to goal: 32
2022-09-07 16:26:21, INFO: train in episode 154 has success rate: 0.50, failure rate: 0.20, average extra time to goal: 32
2022-09-07 16:26:47, INFO: train in episode 155 has success rate: 0.50, failure rate: 0.20, average extra time to goal: 25
2022-09-07 16:27:15, INFO: train in episode 156 has success rate: 0.50, failure rate: 0.30, average extra time to goal: 32
2022-09-07 16:27:46, INFO: train in episode 157 has success rate: 0.40, failure rate: 0.20, average extra time to goal: 14
2022-09-07 16:28:11, INFO: train in episode 158 has success rate: 0.50, failure rate: 0.20, average extra time to goal: 20
2022-09-07 16:28:42, INFO: train in episode 159 has success rate: 0.80, failure rate: 0.10, average extra time to goal: 40
2022-09-07 16:29:02, INFO: train in episode 160 has success rate: 0.70, failure rate: 0.30, average extra time to goal: 3
2022-09-07 16:29:30, INFO: train in episode 161 has success rate: 0.40, failure rate: 0.30, average extra time to goal: 36
2022-09-07 16:29:59, INFO: train in episode 162 has success rate: 0.60, failure rate: 0.20, average extra time to goal: 28
2022-09-07 16:30:25, INFO: train in episode 163 has success rate: 0.40, failure rate: 0.40, average extra time to goal: 40
2022-09-07 16:30:51, INFO: train in episode 164 has success rate: 0.30, failure rate: 0.30, average extra time to goal: 4
2022-09-07 16:31:17, INFO: train in episode 165 has success rate: 0.50, failure rate: 0.20, average extra time to goal: 21
2022-09-07 16:31:39, INFO: train in episode 166 has success rate: 0.60, failure rate: 0.30, average extra time to goal: 10
2022-09-07 16:32:06, INFO: train in episode 167 has success rate: 0.30, failure rate: 0.30, average extra time to goal: 6
2022-09-07 16:32:29, INFO: train in episode 168 has success rate: 0.80, failure rate: 0.20, average extra time to goal: 20
2022-09-07 16:32:58, INFO: train in episode 169 has success rate: 0.60, failure rate: 0.10, average extra time to goal: 7
2022-09-07 16:33:24, INFO: train in episode 170 has success rate: 0.40, failure rate: 0.30, average extra time to goal: 9
2022-09-07 16:33:57, INFO: train in episode 171 has success rate: 0.30, failure rate: 0.20, average extra time to goal: 9
2022-09-07 16:34:26, INFO: train in episode 172 has success rate: 0.40, failure rate: 0.30, average extra time to goal: 25
2022-09-07 16:34:52, INFO: train in episode 173 has success rate: 0.50, failure rate: 0.30, average extra time to goal: 32
2022-09-07 16:35:32, INFO: train in episode 174 has success rate: 0.30, failure rate: 0.10, average extra time to goal: 11
2022-09-07 16:36:05, INFO: train in episode 175 has success rate: 0.20, failure rate: 0.30, average extra time to goal: 30
2022-09-07 16:36:29, INFO: train in episode 176 has success rate: 0.70, failure rate: 0.20, average extra time to goal: 11
2022-09-07 16:37:01, INFO: train in episode 177 has success rate: 0.40, failure rate: 0.00, average extra time to goal: 3
2022-09-07 16:37:28, INFO: train in episode 178 has success rate: 0.60, failure rate: 0.00, average extra time to goal: 8
2022-09-07 16:37:58, INFO: train in episode 179 has success rate: 0.50, failure rate: 0.20, average extra time to goal: 23
2022-09-07 16:38:32, INFO: train in episode 180 has success rate: 0.40, failure rate: 0.00, average extra time to goal: 8
2022-09-07 16:39:02, INFO: train in episode 181 has success rate: 0.50, failure rate: 0.10, average extra time to goal: 24
2022-09-07 16:39:30, INFO: train in episode 182 has success rate: 0.30, failure rate: 0.30, average extra time to goal: 24
2022-09-07 16:39:55, INFO: train in episode 183 has success rate: 0.80, failure rate: 0.00, average extra time to goal: 13
2022-09-07 16:40:23, INFO: train in episode 184 has success rate: 0.60, failure rate: 0.10, average extra time to goal: 7
2022-09-07 16:40:48, INFO: train in episode 185 has success rate: 0.70, failure rate: 0.10, average extra time to goal: 6
2022-09-07 16:41:17, INFO: train in episode 186 has success rate: 0.50, failure rate: 0.20, average extra time to goal: 19
2022-09-07 16:41:40, INFO: train in episode 187 has success rate: 0.40, failure rate: 0.30, average extra time to goal: 4
2022-09-07 16:42:10, INFO: train in episode 188 has success rate: 0.60, failure rate: 0.20, average extra time to goal: 36
2022-09-07 16:42:36, INFO: train in episode 189 has success rate: 0.50, failure rate: 0.10, average extra time to goal: 4
2022-09-07 16:43:03, INFO: train in episode 190 has success rate: 0.60, failure rate: 0.10, average extra time to goal: 10
2022-09-07 16:43:30, INFO: train in episode 191 has success rate: 0.40, failure rate: 0.10, average extra time to goal: 8
2022-09-07 16:43:54, INFO: train in episode 192 has success rate: 0.60, failure rate: 0.20, average extra time to goal: 6
2022-09-07 16:44:24, INFO: train in episode 193 has success rate: 0.60, failure rate: 0.10, average extra time to goal: 22
2022-09-07 16:44:56, INFO: train in episode 194 has success rate: 0.60, failure rate: 0.00, average extra time to goal: 36
2022-09-07 16:45:26, INFO: train in episode 195 has success rate: 0.40, failure rate: 0.10, average extra time to goal: 18
2022-09-07 16:45:46, INFO: train in episode 196 has success rate: 0.50, failure rate: 0.40, average extra time to goal: 5
2022-09-07 16:46:12, INFO: train in episode 197 has success rate: 0.60, failure rate: 0.20, average extra time to goal: 29
2022-09-07 16:46:36, INFO: train in episode 198 has success rate: 0.50, failure rate: 0.30, average extra time to goal: 16
2022-09-07 16:47:02, INFO: train in episode 199 has success rate: 0.60, failure rate: 0.20, average extra time to goal: 24
2022-09-07 16:47:20, INFO: Finish initializing model. Model saved
