2022-09-19 13:17:40, INFO: Using device: cuda:0
2022-09-19 13:23:01, INFO: Total number of state_value pairs: 40000
2022-09-19 13:23:01, INFO: Loss in epoch 0: 0.65
2022-09-19 13:23:02, INFO: Loss in epoch 1: 0.31
2022-09-19 13:23:02, INFO: Loss in epoch 2: 0.33
2022-09-19 13:23:02, INFO: Loss in epoch 3: 0.20
2022-09-19 13:23:02, INFO: Loss in epoch 4: 0.14
2022-09-19 13:23:02, INFO: Loss in epoch 5: 0.13
2022-09-19 13:23:02, INFO: Loss in epoch 6: 0.10
2022-09-19 13:23:02, INFO: Loss in epoch 7: 0.10
2022-09-19 13:23:02, INFO: Loss in epoch 8: 0.10
2022-09-19 13:23:02, INFO: Loss in epoch 9: 0.09
2022-09-19 13:23:02, INFO: Loss in epoch 10: 0.08
2022-09-19 13:23:03, INFO: Loss in epoch 11: 0.08
2022-09-19 13:23:03, INFO: Loss in epoch 12: 0.07
2022-09-19 13:23:03, INFO: Loss in epoch 13: 0.07
2022-09-19 13:23:03, INFO: Loss in epoch 14: 0.07
2022-09-19 13:23:03, INFO: Loss in epoch 15: 0.06
2022-09-19 13:23:03, INFO: Loss in epoch 16: 0.06
2022-09-19 13:23:03, INFO: Loss in epoch 17: 0.06
2022-09-19 13:23:03, INFO: Loss in epoch 18: 0.06
2022-09-19 13:23:03, INFO: Loss in epoch 19: 0.06
2022-09-19 13:23:03, INFO: Loss in epoch 20: 0.06
2022-09-19 13:23:04, INFO: Loss in epoch 21: 0.06
2022-09-19 13:23:04, INFO: Loss in epoch 22: 0.06
2022-09-19 13:23:04, INFO: Loss in epoch 23: 0.06
2022-09-19 13:23:04, INFO: Loss in epoch 24: 0.05
2022-09-19 13:23:04, INFO: Loss in epoch 25: 0.05
2022-09-19 13:23:04, INFO: Loss in epoch 26: 0.05
2022-09-19 13:23:04, INFO: Loss in epoch 27: 0.05
2022-09-19 13:23:04, INFO: Loss in epoch 28: 0.05
2022-09-19 13:23:04, INFO: Loss in epoch 29: 0.05
2022-09-19 13:23:04, INFO: Loss in epoch 30: 0.05
2022-09-19 13:23:04, INFO: Loss in epoch 31: 0.05
2022-09-19 13:23:05, INFO: Loss in epoch 32: 0.05
2022-09-19 13:23:05, INFO: Loss in epoch 33: 0.05
2022-09-19 13:23:05, INFO: Loss in epoch 34: 0.05
2022-09-19 13:23:05, INFO: Loss in epoch 35: 0.05
2022-09-19 13:23:05, INFO: Loss in epoch 36: 0.05
2022-09-19 13:23:05, INFO: Loss in epoch 37: 0.05
2022-09-19 13:23:05, INFO: Loss in epoch 38: 0.05
2022-09-19 13:23:05, INFO: Loss in epoch 39: 0.05
2022-09-19 13:23:05, INFO: Loss in epoch 40: 0.05
2022-09-19 13:23:05, INFO: Loss in epoch 41: 0.05
2022-09-19 13:23:05, INFO: Loss in epoch 42: 0.05
2022-09-19 13:23:05, INFO: Loss in epoch 43: 0.05
2022-09-19 13:23:06, INFO: Loss in epoch 44: 0.05
2022-09-19 13:23:06, INFO: Loss in epoch 45: 0.05
2022-09-19 13:23:06, INFO: Loss in epoch 46: 0.05
2022-09-19 13:23:06, INFO: Loss in epoch 47: 0.05
2022-09-19 13:23:06, INFO: Loss in epoch 48: 0.05
2022-09-19 13:23:06, INFO: Loss in epoch 49: 0.05
2022-09-19 13:23:06, INFO: Loss in epoch 50: 0.05
2022-09-19 13:23:06, INFO: Loss in epoch 51: 0.05
2022-09-19 13:23:06, INFO: Loss in epoch 52: 0.05
2022-09-19 13:23:06, INFO: Loss in epoch 53: 0.05
2022-09-19 13:23:07, INFO: Loss in epoch 54: 0.05
2022-09-19 13:23:07, INFO: Loss in epoch 55: 0.05
2022-09-19 13:23:07, INFO: Loss in epoch 56: 0.05
2022-09-19 13:23:07, INFO: Loss in epoch 57: 0.05
2022-09-19 13:23:07, INFO: Loss in epoch 58: 0.05
2022-09-19 13:23:07, INFO: Loss in epoch 59: 0.05
2022-09-19 13:23:07, INFO: Loss in epoch 60: 0.05
2022-09-19 13:23:07, INFO: Loss in epoch 61: 0.05
2022-09-19 13:23:07, INFO: Loss in epoch 62: 0.05
2022-09-19 13:23:07, INFO: Loss in epoch 63: 0.05
2022-09-19 13:23:07, INFO: Loss in epoch 64: 0.05
2022-09-19 13:23:08, INFO: Loss in epoch 65: 0.05
2022-09-19 13:23:08, INFO: Loss in epoch 66: 0.05
2022-09-19 13:23:08, INFO: Loss in epoch 67: 0.05
2022-09-19 13:23:08, INFO: Loss in epoch 68: 0.05
2022-09-19 13:23:08, INFO: Loss in epoch 69: 0.05
2022-09-19 13:23:08, INFO: Loss in epoch 70: 0.05
2022-09-19 13:23:08, INFO: Loss in epoch 71: 0.05
2022-09-19 13:23:08, INFO: Loss in epoch 72: 0.05
2022-09-19 13:23:08, INFO: Loss in epoch 73: 0.05
2022-09-19 13:23:09, INFO: Loss in epoch 74: 0.05
2022-09-19 13:23:09, INFO: Loss in epoch 75: 0.05
2022-09-19 13:23:09, INFO: Loss in epoch 76: 0.05
2022-09-19 13:23:09, INFO: Loss in epoch 77: 0.05
2022-09-19 13:23:09, INFO: Loss in epoch 78: 0.05
2022-09-19 13:23:09, INFO: Loss in epoch 79: 0.05
2022-09-19 13:23:09, INFO: Loss in epoch 80: 0.05
2022-09-19 13:23:09, INFO: Loss in epoch 81: 0.05
2022-09-19 13:23:09, INFO: Loss in epoch 82: 0.05
2022-09-19 13:23:09, INFO: Loss in epoch 83: 0.05
2022-09-19 13:23:10, INFO: Loss in epoch 84: 0.05
2022-09-19 13:23:10, INFO: Loss in epoch 85: 0.05
2022-09-19 13:23:10, INFO: Loss in epoch 86: 0.05
2022-09-19 13:23:10, INFO: Loss in epoch 87: 0.05
2022-09-19 13:23:10, INFO: Loss in epoch 88: 0.05
2022-09-19 13:23:10, INFO: Loss in epoch 89: 0.05
2022-09-19 13:23:10, INFO: Loss in epoch 90: 0.05
2022-09-19 13:23:10, INFO: Loss in epoch 91: 0.05
2022-09-19 13:23:10, INFO: Loss in epoch 92: 0.05
2022-09-19 13:23:10, INFO: Loss in epoch 93: 0.05
2022-09-19 13:23:11, INFO: Loss in epoch 94: 0.05
2022-09-19 13:23:11, INFO: Loss in epoch 95: 0.05
2022-09-19 13:23:11, INFO: Loss in epoch 96: 0.05
2022-09-19 13:23:11, INFO: Loss in epoch 97: 0.05
2022-09-19 13:23:11, INFO: Loss in epoch 98: 0.05
2022-09-19 13:23:11, INFO: Loss in epoch 99: 0.05
2022-09-19 13:23:11, INFO: Loss in epoch 100: 0.05
2022-09-19 13:23:11, INFO: Loss in epoch 101: 0.05
2022-09-19 13:23:11, INFO: Loss in epoch 102: 0.05
2022-09-19 13:23:11, INFO: Loss in epoch 103: 0.04
2022-09-19 13:23:11, INFO: Loss in epoch 104: 0.04
2022-09-19 13:23:12, INFO: Loss in epoch 105: 0.04
2022-09-19 13:23:12, INFO: Loss in epoch 106: 0.04
2022-09-19 13:23:12, INFO: Loss in epoch 107: 0.04
2022-09-19 13:23:12, INFO: Loss in epoch 108: 0.04
2022-09-19 13:23:12, INFO: Loss in epoch 109: 0.04
2022-09-19 13:23:12, INFO: Loss in epoch 110: 0.04
2022-09-19 13:23:12, INFO: Loss in epoch 111: 0.04
2022-09-19 13:23:12, INFO: Loss in epoch 112: 0.04
2022-09-19 13:23:12, INFO: Loss in epoch 113: 0.04
2022-09-19 13:23:12, INFO: Loss in epoch 114: 0.04
2022-09-19 13:23:13, INFO: Loss in epoch 115: 0.04
2022-09-19 13:23:13, INFO: Loss in epoch 116: 0.04
2022-09-19 13:23:13, INFO: Loss in epoch 117: 0.04
2022-09-19 13:23:13, INFO: Loss in epoch 118: 0.04
2022-09-19 13:23:13, INFO: Loss in epoch 119: 0.04
2022-09-19 13:23:13, INFO: Loss in epoch 120: 0.04
2022-09-19 13:23:13, INFO: Loss in epoch 121: 0.04
2022-09-19 13:23:13, INFO: Loss in epoch 122: 0.04
2022-09-19 13:23:13, INFO: Loss in epoch 123: 0.04
2022-09-19 13:23:13, INFO: Loss in epoch 124: 0.04
2022-09-19 13:23:13, INFO: Loss in epoch 125: 0.04
2022-09-19 13:23:13, INFO: Loss in epoch 126: 0.04
2022-09-19 13:23:14, INFO: Loss in epoch 127: 0.04
2022-09-19 13:23:14, INFO: Loss in epoch 128: 0.04
2022-09-19 13:23:14, INFO: Loss in epoch 129: 0.04
2022-09-19 13:23:14, INFO: Loss in epoch 130: 0.04
2022-09-19 13:23:14, INFO: Loss in epoch 131: 0.04
2022-09-19 13:23:14, INFO: Loss in epoch 132: 0.04
2022-09-19 13:23:14, INFO: Loss in epoch 133: 0.04
2022-09-19 13:23:14, INFO: Loss in epoch 134: 0.04
2022-09-19 13:23:14, INFO: Loss in epoch 135: 0.04
2022-09-19 13:23:14, INFO: Loss in epoch 136: 0.04
2022-09-19 13:23:14, INFO: Loss in epoch 137: 0.04
2022-09-19 13:23:15, INFO: Loss in epoch 138: 0.04
2022-09-19 13:23:15, INFO: Loss in epoch 139: 0.04
2022-09-19 13:23:15, INFO: Loss in epoch 140: 0.04
2022-09-19 13:23:15, INFO: Loss in epoch 141: 0.04
2022-09-19 13:23:15, INFO: Loss in epoch 142: 0.04
2022-09-19 13:23:15, INFO: Loss in epoch 143: 0.04
2022-09-19 13:23:15, INFO: Loss in epoch 144: 0.04
2022-09-19 13:23:15, INFO: Loss in epoch 145: 0.04
2022-09-19 13:23:15, INFO: Loss in epoch 146: 0.04
2022-09-19 13:23:15, INFO: Loss in epoch 147: 0.04
2022-09-19 13:23:15, INFO: Loss in epoch 148: 0.04
2022-09-19 13:23:15, INFO: Loss in epoch 149: 0.04
2022-09-19 13:23:16, INFO: Loss in epoch 150: 0.04
2022-09-19 13:23:16, INFO: Loss in epoch 151: 0.04
2022-09-19 13:23:16, INFO: Loss in epoch 152: 0.04
2022-09-19 13:23:16, INFO: Loss in epoch 153: 0.04
2022-09-19 13:23:16, INFO: Loss in epoch 154: 0.04
2022-09-19 13:23:16, INFO: Loss in epoch 155: 0.04
2022-09-19 13:23:16, INFO: Loss in epoch 156: 0.04
2022-09-19 13:23:16, INFO: Loss in epoch 157: 0.04
2022-09-19 13:23:16, INFO: Loss in epoch 158: 0.04
2022-09-19 13:23:16, INFO: Loss in epoch 159: 0.04
2022-09-19 13:23:16, INFO: Loss in epoch 160: 0.04
2022-09-19 13:23:17, INFO: Loss in epoch 161: 0.04
2022-09-19 13:23:17, INFO: Loss in epoch 162: 0.04
2022-09-19 13:23:17, INFO: Loss in epoch 163: 0.04
2022-09-19 13:23:17, INFO: Loss in epoch 164: 0.04
2022-09-19 13:23:17, INFO: Loss in epoch 165: 0.04
2022-09-19 13:23:17, INFO: Loss in epoch 166: 0.04
2022-09-19 13:23:17, INFO: Loss in epoch 167: 0.04
2022-09-19 13:23:17, INFO: Loss in epoch 168: 0.04
2022-09-19 13:23:17, INFO: Loss in epoch 169: 0.04
2022-09-19 13:23:17, INFO: Loss in epoch 170: 0.04
2022-09-19 13:23:17, INFO: Loss in epoch 171: 0.04
2022-09-19 13:23:18, INFO: Loss in epoch 172: 0.04
2022-09-19 13:23:18, INFO: Loss in epoch 173: 0.04
2022-09-19 13:23:18, INFO: Loss in epoch 174: 0.04
2022-09-19 13:23:18, INFO: Loss in epoch 175: 0.04
2022-09-19 13:23:18, INFO: Loss in epoch 176: 0.04
2022-09-19 13:23:18, INFO: Loss in epoch 177: 0.04
2022-09-19 13:23:18, INFO: Loss in epoch 178: 0.04
2022-09-19 13:23:18, INFO: Loss in epoch 179: 0.04
2022-09-19 13:23:18, INFO: Loss in epoch 180: 0.04
2022-09-19 13:23:18, INFO: Loss in epoch 181: 0.04
2022-09-19 13:23:18, INFO: Loss in epoch 182: 0.04
2022-09-19 13:23:18, INFO: Loss in epoch 183: 0.04
2022-09-19 13:23:19, INFO: Loss in epoch 184: 0.04
2022-09-19 13:23:19, INFO: Loss in epoch 185: 0.04
2022-09-19 13:23:19, INFO: Loss in epoch 186: 0.04
2022-09-19 13:23:19, INFO: Loss in epoch 187: 0.04
2022-09-19 13:23:19, INFO: Loss in epoch 188: 0.04
2022-09-19 13:23:19, INFO: Loss in epoch 189: 0.04
2022-09-19 13:23:19, INFO: Loss in epoch 190: 0.04
2022-09-19 13:23:19, INFO: Loss in epoch 191: 0.04
2022-09-19 13:23:19, INFO: Loss in epoch 192: 0.04
2022-09-19 13:23:19, INFO: Loss in epoch 193: 0.04
2022-09-19 13:23:19, INFO: Loss in epoch 194: 0.04
2022-09-19 13:23:20, INFO: Loss in epoch 195: 0.04
2022-09-19 13:23:20, INFO: Loss in epoch 196: 0.04
2022-09-19 13:23:20, INFO: Loss in epoch 197: 0.04
2022-09-19 13:23:20, INFO: Loss in epoch 198: 0.04
2022-09-19 13:23:20, INFO: Loss in epoch 199: 0.04
2022-09-19 13:23:20, INFO: Loss in epoch 200: 0.04
2022-09-19 13:23:20, INFO: Loss in epoch 201: 0.04
2022-09-19 13:23:20, INFO: Loss in epoch 202: 0.04
2022-09-19 13:23:20, INFO: Loss in epoch 203: 0.04
2022-09-19 13:23:20, INFO: Loss in epoch 204: 0.04
2022-09-19 13:23:21, INFO: Loss in epoch 205: 0.04
2022-09-19 13:23:21, INFO: Loss in epoch 206: 0.04
2022-09-19 13:23:21, INFO: Loss in epoch 207: 0.04
2022-09-19 13:23:21, INFO: Loss in epoch 208: 0.04
2022-09-19 13:23:21, INFO: Loss in epoch 209: 0.04
2022-09-19 13:23:21, INFO: Loss in epoch 210: 0.04
2022-09-19 13:23:21, INFO: Loss in epoch 211: 0.04
2022-09-19 13:23:21, INFO: Loss in epoch 212: 0.04
2022-09-19 13:23:21, INFO: Loss in epoch 213: 0.04
2022-09-19 13:23:21, INFO: Loss in epoch 214: 0.04
2022-09-19 13:23:21, INFO: Loss in epoch 215: 0.04
2022-09-19 13:23:22, INFO: Loss in epoch 216: 0.04
2022-09-19 13:23:22, INFO: Loss in epoch 217: 0.04
2022-09-19 13:23:22, INFO: Loss in epoch 218: 0.04
2022-09-19 13:23:22, INFO: Loss in epoch 219: 0.04
2022-09-19 13:23:22, INFO: Loss in epoch 220: 0.04
2022-09-19 13:23:22, INFO: Loss in epoch 221: 0.04
2022-09-19 13:23:22, INFO: Loss in epoch 222: 0.04
2022-09-19 13:23:22, INFO: Loss in epoch 223: 0.04
2022-09-19 13:23:22, INFO: Loss in epoch 224: 0.04
2022-09-19 13:23:22, INFO: Loss in epoch 225: 0.04
2022-09-19 13:23:22, INFO: Loss in epoch 226: 0.04
2022-09-19 13:23:23, INFO: Loss in epoch 227: 0.04
2022-09-19 13:23:23, INFO: Loss in epoch 228: 0.04
2022-09-19 13:23:23, INFO: Loss in epoch 229: 0.04
2022-09-19 13:23:23, INFO: Loss in epoch 230: 0.04
2022-09-19 13:23:23, INFO: Loss in epoch 231: 0.04
2022-09-19 13:23:23, INFO: Loss in epoch 232: 0.04
2022-09-19 13:23:23, INFO: Loss in epoch 233: 0.04
2022-09-19 13:23:23, INFO: Loss in epoch 234: 0.04
2022-09-19 13:23:23, INFO: Loss in epoch 235: 0.04
2022-09-19 13:23:23, INFO: Loss in epoch 236: 0.04
2022-09-19 13:23:23, INFO: Loss in epoch 237: 0.04
2022-09-19 13:23:23, INFO: Loss in epoch 238: 0.04
2022-09-19 13:23:24, INFO: Loss in epoch 239: 0.04
2022-09-19 13:23:24, INFO: Loss in epoch 240: 0.04
2022-09-19 13:23:24, INFO: Loss in epoch 241: 0.04
2022-09-19 13:23:24, INFO: Loss in epoch 242: 0.04
2022-09-19 13:23:24, INFO: Loss in epoch 243: 0.04
2022-09-19 13:23:24, INFO: Loss in epoch 244: 0.04
2022-09-19 13:23:24, INFO: Loss in epoch 245: 0.04
2022-09-19 13:23:24, INFO: Loss in epoch 246: 0.04
2022-09-19 13:23:24, INFO: Loss in epoch 247: 0.04
2022-09-19 13:23:24, INFO: Loss in epoch 248: 0.04
2022-09-19 13:23:25, INFO: Loss in epoch 249: 0.04
2022-09-19 13:23:25, INFO: Finish initializing model. Model saved
2022-09-19 13:34:31, INFO: test in episode 0 has success rate: 0.38, failure rate: 0.44, average extra time to goal: 28
2022-09-19 13:35:30, INFO: train in episode 0 has success rate: 0.50, failure rate: 0.20, average extra time to goal: 41
2022-09-19 13:35:30, INFO: Loss in epoch 0 is 0.05731154605746269
2022-09-19 13:35:30, INFO: Loss in epoch 1 is 0.05378223396837711
2022-09-19 13:35:30, INFO: Loss in epoch 2 is 0.05136042181402445
2022-09-19 13:35:31, INFO: Loss in epoch 3 is 0.04972547199577093
2022-09-19 13:35:31, INFO: Loss in epoch 4 is 0.04934040177613497
2022-09-19 13:35:31, INFO: Loss in epoch 5 is 0.04869923833757639
2022-09-19 13:35:31, INFO: Loss in epoch 6 is 0.0482346648350358
2022-09-19 13:35:31, INFO: Loss in epoch 7 is 0.04771051462739706
2022-09-19 13:35:31, INFO: Loss in epoch 8 is 0.047237398102879524
2022-09-19 13:35:31, INFO: Loss in epoch 9 is 0.04684010241180658
2022-09-19 13:35:31, INFO: Loss in epoch 10 is 0.046503339894115925
2022-09-19 13:35:32, INFO: Loss in epoch 11 is 0.046270749531686306
2022-09-19 13:35:32, INFO: Loss in epoch 12 is 0.046036175452172756
2022-09-19 13:35:32, INFO: Loss in epoch 13 is 0.04583554156124592
2022-09-19 13:35:32, INFO: Loss in epoch 14 is 0.045639580115675926
2022-09-19 13:35:32, INFO: Loss in epoch 15 is 0.04547074995934963
2022-09-19 13:35:32, INFO: Loss in epoch 16 is 0.04531446285545826
2022-09-19 13:35:32, INFO: Loss in epoch 17 is 0.045177179388701916
2022-09-19 13:35:32, INFO: Loss in epoch 18 is 0.04504767619073391
2022-09-19 13:35:33, INFO: Loss in epoch 19 is 0.04493387043476105
2022-09-19 13:35:33, INFO: Loss in epoch 20 is 0.04482236597687006
2022-09-19 13:35:33, INFO: Loss in epoch 21 is 0.04471676982939243
2022-09-19 13:35:33, INFO: Loss in epoch 22 is 0.04461883381009102
2022-09-19 13:35:33, INFO: Loss in epoch 23 is 0.04452751390635967
2022-09-19 13:35:33, INFO: Loss in epoch 24 is 0.04444055259227753
2022-09-19 13:35:33, INFO: Loss in epoch 25 is 0.04436403978615999
2022-09-19 13:35:33, INFO: Loss in epoch 26 is 0.0442863991484046
2022-09-19 13:35:33, INFO: Loss in epoch 27 is 0.04421376809477806
2022-09-19 13:35:33, INFO: Loss in epoch 28 is 0.04414322227239609
2022-09-19 13:35:34, INFO: Loss in epoch 29 is 0.04407873563468456
2022-09-19 13:36:28, INFO: train in episode 1 has success rate: 0.60, failure rate: 0.20, average extra time to goal: 41
2022-09-19 13:36:28, INFO: Loss in epoch 0 is 0.044821674935519695
2022-09-19 13:36:28, INFO: Loss in epoch 1 is 0.04462613072246313
2022-09-19 13:36:28, INFO: Loss in epoch 2 is 0.04446896351873875
2022-09-19 13:36:28, INFO: Loss in epoch 3 is 0.04433026537299156
2022-09-19 13:36:28, INFO: Loss in epoch 4 is 0.04420167487114668
2022-09-19 13:36:28, INFO: Loss in epoch 5 is 0.04407411068677902
2022-09-19 13:36:28, INFO: Loss in epoch 6 is 0.0439635319635272
2022-09-19 13:36:29, INFO: Loss in epoch 7 is 0.043860129080712795
2022-09-19 13:36:29, INFO: Loss in epoch 8 is 0.04375563655048609
2022-09-19 13:36:29, INFO: Loss in epoch 9 is 0.04366614297032356
2022-09-19 13:36:29, INFO: Loss in epoch 10 is 0.04358366783708334
2022-09-19 13:36:29, INFO: Loss in epoch 11 is 0.04350407887250185
2022-09-19 13:36:29, INFO: Loss in epoch 12 is 0.04342149384319782
2022-09-19 13:36:29, INFO: Loss in epoch 13 is 0.04335061926394701
2022-09-19 13:36:29, INFO: Loss in epoch 14 is 0.04328553006052971
2022-09-19 13:36:29, INFO: Loss in epoch 15 is 0.0432120431214571
2022-09-19 13:36:29, INFO: Loss in epoch 16 is 0.04314873926341534
2022-09-19 13:36:30, INFO: Loss in epoch 17 is 0.04308796487748623
2022-09-19 13:36:30, INFO: Loss in epoch 18 is 0.043021783232688904
2022-09-19 13:36:30, INFO: Loss in epoch 19 is 0.04296704288572073
2022-09-19 13:36:30, INFO: Loss in epoch 20 is 0.0429082028567791
2022-09-19 13:36:30, INFO: Loss in epoch 21 is 0.04285035654902458
2022-09-19 13:36:30, INFO: Loss in epoch 22 is 0.04279789607971907
2022-09-19 13:36:30, INFO: Loss in epoch 23 is 0.04274631943553686
2022-09-19 13:36:30, INFO: Loss in epoch 24 is 0.04269685782492161
2022-09-19 13:36:30, INFO: Loss in epoch 25 is 0.0426483117043972
2022-09-19 13:36:30, INFO: Loss in epoch 26 is 0.04260109644383192
2022-09-19 13:36:31, INFO: Loss in epoch 27 is 0.04254948068410158
2022-09-19 13:36:31, INFO: Loss in epoch 28 is 0.042502494528889656
2022-09-19 13:36:31, INFO: Loss in epoch 29 is 0.0424577696248889
2022-09-19 13:37:30, INFO: train in episode 2 has success rate: 0.10, failure rate: 0.30, average extra time to goal: 58
2022-09-19 13:37:30, INFO: Loss in epoch 0 is 0.04357034806162119
2022-09-19 13:37:30, INFO: Loss in epoch 1 is 0.04342861194163561
2022-09-19 13:37:30, INFO: Loss in epoch 2 is 0.04327629134058952
2022-09-19 13:37:30, INFO: Loss in epoch 3 is 0.043137069791555405
2022-09-19 13:37:30, INFO: Loss in epoch 4 is 0.0430401312187314
2022-09-19 13:37:30, INFO: Loss in epoch 5 is 0.04294525645673275
2022-09-19 13:37:30, INFO: Loss in epoch 6 is 0.0428678123280406
2022-09-19 13:37:31, INFO: Loss in epoch 7 is 0.0427813371643424
2022-09-19 13:37:31, INFO: Loss in epoch 8 is 0.04270907957106829
2022-09-19 13:37:31, INFO: Loss in epoch 9 is 0.04263435211032629
2022-09-19 13:37:31, INFO: Loss in epoch 10 is 0.04256934206932783
2022-09-19 13:37:31, INFO: Loss in epoch 11 is 0.042507123202085495
2022-09-19 13:37:31, INFO: Loss in epoch 12 is 0.04244446288794279
2022-09-19 13:37:31, INFO: Loss in epoch 13 is 0.042387938126921654
2022-09-19 13:37:31, INFO: Loss in epoch 14 is 0.04233299568295479
2022-09-19 13:37:31, INFO: Loss in epoch 15 is 0.04227746184915304
2022-09-19 13:37:32, INFO: Loss in epoch 16 is 0.04222338739782572
2022-09-19 13:37:32, INFO: Loss in epoch 17 is 0.042174361646175385
2022-09-19 13:37:32, INFO: Loss in epoch 18 is 0.04212370701134205
2022-09-19 13:37:32, INFO: Loss in epoch 19 is 0.042076632380485535
2022-09-19 13:37:32, INFO: Loss in epoch 20 is 0.04202614538371563
2022-09-19 13:37:32, INFO: Loss in epoch 21 is 0.04198941681534052
2022-09-19 13:37:32, INFO: Loss in epoch 22 is 0.041946000419557095
2022-09-19 13:37:32, INFO: Loss in epoch 23 is 0.04189556837081909
2022-09-19 13:37:32, INFO: Loss in epoch 24 is 0.041860892437398434
2022-09-19 13:37:32, INFO: Loss in epoch 25 is 0.04180923197418451
2022-09-19 13:37:32, INFO: Loss in epoch 26 is 0.04178253374993801
2022-09-19 13:37:33, INFO: Loss in epoch 27 is 0.041731406934559345
2022-09-19 13:37:33, INFO: Loss in epoch 28 is 0.041691954247653484
2022-09-19 13:37:33, INFO: Loss in epoch 29 is 0.0416512256488204
2022-09-19 13:38:15, INFO: train in episode 3 has success rate: 0.40, failure rate: 0.50, average extra time to goal: 31
2022-09-19 13:38:15, INFO: Loss in epoch 0 is 0.04146232083439827
2022-09-19 13:38:16, INFO: Loss in epoch 1 is 0.04141758941113949
2022-09-19 13:38:16, INFO: Loss in epoch 2 is 0.0413849912583828
2022-09-19 13:38:16, INFO: Loss in epoch 3 is 0.041341559030115604
2022-09-19 13:38:16, INFO: Loss in epoch 4 is 0.041300672106444836
2022-09-19 13:38:16, INFO: Loss in epoch 5 is 0.04125853534787893
2022-09-19 13:38:16, INFO: Loss in epoch 6 is 0.04122091270983219
2022-09-19 13:38:16, INFO: Loss in epoch 7 is 0.04118049796670675
2022-09-19 13:38:16, INFO: Loss in epoch 8 is 0.041143327951431274
2022-09-19 13:38:16, INFO: Loss in epoch 9 is 0.04110740218311548
2022-09-19 13:38:16, INFO: Loss in epoch 10 is 0.04107305966317654
2022-09-19 13:38:17, INFO: Loss in epoch 11 is 0.041034867987036705
2022-09-19 13:38:17, INFO: Loss in epoch 12 is 0.04100037179887295
2022-09-19 13:38:17, INFO: Loss in epoch 13 is 0.04096722695976496
2022-09-19 13:38:17, INFO: Loss in epoch 14 is 0.04093186464160681
2022-09-19 13:38:17, INFO: Loss in epoch 15 is 0.040897877886891365
2022-09-19 13:38:17, INFO: Loss in epoch 16 is 0.04086445830762386
2022-09-19 13:38:17, INFO: Loss in epoch 17 is 0.04083418846130371
2022-09-19 13:38:17, INFO: Loss in epoch 18 is 0.04079877678304911
2022-09-19 13:38:17, INFO: Loss in epoch 19 is 0.040768967010080814
2022-09-19 13:38:18, INFO: Loss in epoch 20 is 0.04073460400104523
2022-09-19 13:38:18, INFO: Loss in epoch 21 is 0.04070403520017862
2022-09-19 13:38:18, INFO: Loss in epoch 22 is 0.04067779239267111
2022-09-19 13:38:18, INFO: Loss in epoch 23 is 0.04064521845430136
2022-09-19 13:38:18, INFO: Loss in epoch 24 is 0.040612414479255676
2022-09-19 13:38:18, INFO: Loss in epoch 25 is 0.04058213531970978
2022-09-19 13:38:18, INFO: Loss in epoch 26 is 0.040555186569690704
2022-09-19 13:38:18, INFO: Loss in epoch 27 is 0.040523690171539783
2022-09-19 13:38:18, INFO: Loss in epoch 28 is 0.0404982166364789
2022-09-19 13:38:18, INFO: Loss in epoch 29 is 0.04046820383518934
2022-09-19 13:39:24, INFO: train in episode 4 has success rate: 0.80, failure rate: 0.10, average extra time to goal: 47
2022-09-19 13:39:24, INFO: Loss in epoch 0 is 0.04138932190835476
2022-09-19 13:39:24, INFO: Loss in epoch 1 is 0.04135962575674057
2022-09-19 13:39:24, INFO: Loss in epoch 2 is 0.04132927395403385
2022-09-19 13:39:24, INFO: Loss in epoch 3 is 0.041294955648481846
2022-09-19 13:39:24, INFO: Loss in epoch 4 is 0.04126474168151617
2022-09-19 13:39:24, INFO: Loss in epoch 5 is 0.04123211186379194
2022-09-19 13:39:24, INFO: Loss in epoch 6 is 0.04119989275932312
2022-09-19 13:39:25, INFO: Loss in epoch 7 is 0.04117010813206434
2022-09-19 13:39:25, INFO: Loss in epoch 8 is 0.0411384291946888
2022-09-19 13:39:25, INFO: Loss in epoch 9 is 0.041108882054686546
2022-09-19 13:39:25, INFO: Loss in epoch 10 is 0.041078112088143826
2022-09-19 13:39:25, INFO: Loss in epoch 11 is 0.041049093939363956
2022-09-19 13:39:25, INFO: Loss in epoch 12 is 0.04101944714784622
2022-09-19 13:39:25, INFO: Loss in epoch 13 is 0.04099082574248314
2022-09-19 13:39:25, INFO: Loss in epoch 14 is 0.04096195660531521
2022-09-19 13:39:25, INFO: Loss in epoch 15 is 0.04093428794294596
2022-09-19 13:39:26, INFO: Loss in epoch 16 is 0.04090773407369852
2022-09-19 13:39:26, INFO: Loss in epoch 17 is 0.04088013153523207
2022-09-19 13:39:26, INFO: Loss in epoch 18 is 0.04085264727473259
2022-09-19 13:39:26, INFO: Loss in epoch 19 is 0.040824851021170616
2022-09-19 13:39:26, INFO: Loss in epoch 20 is 0.04079825710505247
2022-09-19 13:39:26, INFO: Loss in epoch 21 is 0.04077370837330818
2022-09-19 13:39:26, INFO: Loss in epoch 22 is 0.04074590094387531
2022-09-19 13:39:26, INFO: Loss in epoch 23 is 0.04072052799165249
2022-09-19 13:39:26, INFO: Loss in epoch 24 is 0.040697515942156315
2022-09-19 13:39:27, INFO: Loss in epoch 25 is 0.040669357404112816
2022-09-19 13:39:27, INFO: Loss in epoch 26 is 0.04064470063894987
2022-09-19 13:39:27, INFO: Loss in epoch 27 is 0.04061972629278898
2022-09-19 13:39:27, INFO: Loss in epoch 28 is 0.04059376660734415
2022-09-19 13:39:27, INFO: Loss in epoch 29 is 0.04057061858475208
2022-09-19 13:40:19, INFO: train in episode 5 has success rate: 0.30, failure rate: 0.30, average extra time to goal: 32
2022-09-19 13:40:19, INFO: Loss in epoch 0 is 0.040136040188372135
2022-09-19 13:40:19, INFO: Loss in epoch 1 is 0.04010925907641649
2022-09-19 13:40:19, INFO: Loss in epoch 2 is 0.040083736181259155
2022-09-19 13:40:19, INFO: Loss in epoch 3 is 0.04005638789385557
2022-09-19 13:40:20, INFO: Loss in epoch 4 is 0.04003328364342451
2022-09-19 13:40:20, INFO: Loss in epoch 5 is 0.04000823851674795
2022-09-19 13:40:20, INFO: Loss in epoch 6 is 0.03998504113405943
2022-09-19 13:40:20, INFO: Loss in epoch 7 is 0.03995975013822317
2022-09-19 13:40:20, INFO: Loss in epoch 8 is 0.03993441350758076
2022-09-19 13:40:20, INFO: Loss in epoch 9 is 0.03990956675261259
2022-09-19 13:40:20, INFO: Loss in epoch 10 is 0.039886897429823875
2022-09-19 13:40:20, INFO: Loss in epoch 11 is 0.03986313007771969
2022-09-19 13:40:21, INFO: Loss in epoch 12 is 0.03984076902270317
2022-09-19 13:40:21, INFO: Loss in epoch 13 is 0.039816626347601414
2022-09-19 13:40:21, INFO: Loss in epoch 14 is 0.039796081371605396
2022-09-19 13:40:21, INFO: Loss in epoch 15 is 0.03977258689701557
2022-09-19 13:40:21, INFO: Loss in epoch 16 is 0.03974859602749348
2022-09-19 13:40:21, INFO: Loss in epoch 17 is 0.03972650412470102
2022-09-19 13:40:21, INFO: Loss in epoch 18 is 0.039703406393527985
2022-09-19 13:40:21, INFO: Loss in epoch 19 is 0.03968147002160549
2022-09-19 13:40:21, INFO: Loss in epoch 20 is 0.0396666219457984
2022-09-19 13:40:21, INFO: Loss in epoch 21 is 0.03964098449796438
2022-09-19 13:40:22, INFO: Loss in epoch 22 is 0.0396160576492548
2022-09-19 13:40:22, INFO: Loss in epoch 23 is 0.039593921042978764
2022-09-19 13:40:22, INFO: Loss in epoch 24 is 0.03957167360931635
2022-09-19 13:40:22, INFO: Loss in epoch 25 is 0.039552113972604275
2022-09-19 13:40:22, INFO: Loss in epoch 26 is 0.03952800016850233
2022-09-19 13:40:22, INFO: Loss in epoch 27 is 0.03950933273881674
2022-09-19 13:40:22, INFO: Loss in epoch 28 is 0.039485798217356205
2022-09-19 13:40:22, INFO: Loss in epoch 29 is 0.03946553636342287
2022-09-19 13:41:08, INFO: train in episode 6 has success rate: 0.50, failure rate: 0.40, average extra time to goal: 40
2022-09-19 13:41:08, INFO: Loss in epoch 0 is 0.039959678426384926
2022-09-19 13:41:08, INFO: Loss in epoch 1 is 0.03994341753423214
2022-09-19 13:41:08, INFO: Loss in epoch 2 is 0.03990986477583647
2022-09-19 13:41:09, INFO: Loss in epoch 3 is 0.03989427350461483
2022-09-19 13:41:09, INFO: Loss in epoch 4 is 0.039865484461188316
2022-09-19 13:41:09, INFO: Loss in epoch 5 is 0.03984369710087776
2022-09-19 13:41:09, INFO: Loss in epoch 6 is 0.03981676883995533
2022-09-19 13:41:09, INFO: Loss in epoch 7 is 0.03979314863681793
2022-09-19 13:41:09, INFO: Loss in epoch 8 is 0.03977257013320923
2022-09-19 13:41:09, INFO: Loss in epoch 9 is 0.039748415350914
2022-09-19 13:41:09, INFO: Loss in epoch 10 is 0.0397256501019001
2022-09-19 13:41:09, INFO: Loss in epoch 11 is 0.03970168996602297
2022-09-19 13:41:09, INFO: Loss in epoch 12 is 0.039679101668298244
2022-09-19 13:41:10, INFO: Loss in epoch 13 is 0.03965695947408676
2022-09-19 13:41:10, INFO: Loss in epoch 14 is 0.039634425193071365
2022-09-19 13:41:10, INFO: Loss in epoch 15 is 0.03961245156824589
2022-09-19 13:41:10, INFO: Loss in epoch 16 is 0.039589621126651764
2022-09-19 13:41:10, INFO: Loss in epoch 17 is 0.03956711571663618
2022-09-19 13:41:10, INFO: Loss in epoch 18 is 0.039546177722513676
2022-09-19 13:41:10, INFO: Loss in epoch 19 is 0.03952361550182104
2022-09-19 13:41:10, INFO: Loss in epoch 20 is 0.03950614482164383
2022-09-19 13:41:11, INFO: Loss in epoch 21 is 0.039483245462179184
2022-09-19 13:41:11, INFO: Loss in epoch 22 is 0.03946710843592882
2022-09-19 13:41:11, INFO: Loss in epoch 23 is 0.03944502118974924
2022-09-19 13:41:11, INFO: Loss in epoch 24 is 0.0394217511638999
2022-09-19 13:41:11, INFO: Loss in epoch 25 is 0.03940792568027973
2022-09-19 13:41:11, INFO: Loss in epoch 26 is 0.03938271012157202
2022-09-19 13:41:11, INFO: Loss in epoch 27 is 0.03936194162815809
2022-09-19 13:41:11, INFO: Loss in epoch 28 is 0.039346362464129925
2022-09-19 13:41:11, INFO: Loss in epoch 29 is 0.039320243522524834
2022-09-19 13:42:12, INFO: train in episode 7 has success rate: 0.80, failure rate: 0.20, average extra time to goal: 55
2022-09-19 13:42:12, INFO: Loss in epoch 0 is 0.038870652206242085
2022-09-19 13:42:12, INFO: Loss in epoch 1 is 0.03885133657604456
2022-09-19 13:42:13, INFO: Loss in epoch 2 is 0.03883094247430563
2022-09-19 13:42:13, INFO: Loss in epoch 3 is 0.03881324268877506
2022-09-19 13:42:13, INFO: Loss in epoch 4 is 0.03879249654710293
2022-09-19 13:42:13, INFO: Loss in epoch 5 is 0.03877134341746569
2022-09-19 13:42:13, INFO: Loss in epoch 6 is 0.038756029680371284
2022-09-19 13:42:13, INFO: Loss in epoch 7 is 0.03873380459845066
2022-09-19 13:42:13, INFO: Loss in epoch 8 is 0.03871554508805275
2022-09-19 13:42:13, INFO: Loss in epoch 9 is 0.038697280921041965
2022-09-19 13:42:13, INFO: Loss in epoch 10 is 0.03867959417402744
2022-09-19 13:42:14, INFO: Loss in epoch 11 is 0.03866103198379278
2022-09-19 13:42:14, INFO: Loss in epoch 12 is 0.03864068537950516
2022-09-19 13:42:14, INFO: Loss in epoch 13 is 0.03862143959850073
2022-09-19 13:42:14, INFO: Loss in epoch 14 is 0.03860676009207964
2022-09-19 13:42:14, INFO: Loss in epoch 15 is 0.03859155438840389
2022-09-19 13:42:14, INFO: Loss in epoch 16 is 0.03857078216969967
2022-09-19 13:42:14, INFO: Loss in epoch 17 is 0.03855020646005869
2022-09-19 13:42:14, INFO: Loss in epoch 18 is 0.03853587340563536
2022-09-19 13:42:14, INFO: Loss in epoch 19 is 0.03851600456982851
2022-09-19 13:42:14, INFO: Loss in epoch 20 is 0.03850007988512516
2022-09-19 13:42:15, INFO: Loss in epoch 21 is 0.03848110977560282
2022-09-19 13:42:15, INFO: Loss in epoch 22 is 0.03846481069922447
2022-09-19 13:42:15, INFO: Loss in epoch 23 is 0.0384418610483408
2022-09-19 13:42:15, INFO: Loss in epoch 24 is 0.03842872940003872
2022-09-19 13:42:15, INFO: Loss in epoch 25 is 0.03841131925582886
2022-09-19 13:42:15, INFO: Loss in epoch 26 is 0.038394901901483536
2022-09-19 13:42:15, INFO: Loss in epoch 27 is 0.03837844729423523
2022-09-19 13:42:15, INFO: Loss in epoch 28 is 0.03836199641227722
2022-09-19 13:42:15, INFO: Loss in epoch 29 is 0.038342246785759926
2022-09-19 13:43:09, INFO: train in episode 8 has success rate: 0.40, failure rate: 0.30, average extra time to goal: 38
2022-09-19 13:43:09, INFO: Loss in epoch 0 is 0.038515906780958176
2022-09-19 13:43:09, INFO: Loss in epoch 1 is 0.03849606774747372
2022-09-19 13:43:09, INFO: Loss in epoch 2 is 0.03847889136523008
2022-09-19 13:43:09, INFO: Loss in epoch 3 is 0.03846035897731781
2022-09-19 13:43:09, INFO: Loss in epoch 4 is 0.03844706155359745
2022-09-19 13:43:09, INFO: Loss in epoch 5 is 0.03842372540384531
2022-09-19 13:43:09, INFO: Loss in epoch 6 is 0.03840622212737799
2022-09-19 13:43:10, INFO: Loss in epoch 7 is 0.03838740475475788
2022-09-19 13:43:10, INFO: Loss in epoch 8 is 0.03837145306169987
2022-09-19 13:43:10, INFO: Loss in epoch 9 is 0.038355023600161076
2022-09-19 13:43:10, INFO: Loss in epoch 10 is 0.03833615779876709
2022-09-19 13:43:10, INFO: Loss in epoch 11 is 0.038316802121698856
2022-09-19 13:43:10, INFO: Loss in epoch 12 is 0.03830188326537609
2022-09-19 13:43:10, INFO: Loss in epoch 13 is 0.038285075686872005
2022-09-19 13:43:10, INFO: Loss in epoch 14 is 0.03827057499438524
2022-09-19 13:43:10, INFO: Loss in epoch 15 is 0.03825080394744873
2022-09-19 13:43:11, INFO: Loss in epoch 16 is 0.038234091363847256
2022-09-19 13:43:11, INFO: Loss in epoch 17 is 0.03821813873946667
2022-09-19 13:43:11, INFO: Loss in epoch 18 is 0.0382008096203208
2022-09-19 13:43:11, INFO: Loss in epoch 19 is 0.0381866879761219
2022-09-19 13:43:11, INFO: Loss in epoch 20 is 0.0381728895008564
2022-09-19 13:43:11, INFO: Loss in epoch 21 is 0.038160908967256546
2022-09-19 13:43:11, INFO: Loss in epoch 22 is 0.03813802544027567
2022-09-19 13:43:11, INFO: Loss in epoch 23 is 0.038122544065117836
2022-09-19 13:43:12, INFO: Loss in epoch 24 is 0.03810809459537268
2022-09-19 13:43:12, INFO: Loss in epoch 25 is 0.03809249494224787
2022-09-19 13:43:12, INFO: Loss in epoch 26 is 0.038076058961451054
2022-09-19 13:43:12, INFO: Loss in epoch 27 is 0.038061993196606636
2022-09-19 13:43:12, INFO: Loss in epoch 28 is 0.03804852440953255
2022-09-19 13:43:12, INFO: Loss in epoch 29 is 0.03802909888327122
2022-09-19 13:44:10, INFO: train in episode 9 has success rate: 0.90, failure rate: 0.10, average extra time to goal: 42
2022-09-19 13:44:10, INFO: Loss in epoch 0 is 0.037802182137966156
2022-09-19 13:44:10, INFO: Loss in epoch 1 is 0.037782943807542324
2022-09-19 13:44:11, INFO: Loss in epoch 2 is 0.03777177259325981
2022-09-19 13:44:11, INFO: Loss in epoch 3 is 0.037752799689769745
2022-09-19 13:44:11, INFO: Loss in epoch 4 is 0.03774659521877766
2022-09-19 13:44:11, INFO: Loss in epoch 5 is 0.037724035792052746
2022-09-19 13:44:11, INFO: Loss in epoch 6 is 0.03770577907562256
2022-09-19 13:44:11, INFO: Loss in epoch 7 is 0.03769959881901741
2022-09-19 13:44:11, INFO: Loss in epoch 8 is 0.037679024040699005
2022-09-19 13:44:11, INFO: Loss in epoch 9 is 0.03766289446502924
2022-09-19 13:44:12, INFO: Loss in epoch 10 is 0.03764461074024439
2022-09-19 13:44:12, INFO: Loss in epoch 11 is 0.037629189901053905
2022-09-19 13:44:12, INFO: Loss in epoch 12 is 0.0376143017783761
2022-09-19 13:44:12, INFO: Loss in epoch 13 is 0.037599281407892704
2022-09-19 13:44:12, INFO: Loss in epoch 14 is 0.03759134095162153
2022-09-19 13:44:12, INFO: Loss in epoch 15 is 0.0375710716471076
2022-09-19 13:44:12, INFO: Loss in epoch 16 is 0.03755723312497139
2022-09-19 13:44:12, INFO: Loss in epoch 17 is 0.03754253126680851
2022-09-19 13:44:12, INFO: Loss in epoch 18 is 0.03753033187240362
2022-09-19 13:44:12, INFO: Loss in epoch 19 is 0.03751349449157715
2022-09-19 13:44:13, INFO: Loss in epoch 20 is 0.03749915678054094
2022-09-19 13:44:13, INFO: Loss in epoch 21 is 0.03748425096273422
2022-09-19 13:44:13, INFO: Loss in epoch 22 is 0.03746933676302433
2022-09-19 13:44:13, INFO: Loss in epoch 23 is 0.03745724353939295
2022-09-19 13:44:13, INFO: Loss in epoch 24 is 0.03744136914610863
2022-09-19 13:44:13, INFO: Loss in epoch 25 is 0.03742760419845581
2022-09-19 13:44:13, INFO: Loss in epoch 26 is 0.037413204088807106
2022-09-19 13:44:13, INFO: Loss in epoch 27 is 0.03739767335355282
2022-09-19 13:44:13, INFO: Loss in epoch 28 is 0.03738705813884735
2022-09-19 13:44:13, INFO: Loss in epoch 29 is 0.037371846847236156
2022-09-19 13:45:12, INFO: train in episode 10 has success rate: 0.80, failure rate: 0.10, average extra time to goal: 32
2022-09-19 13:45:12, INFO: Loss in epoch 0 is 0.03703769575804472
2022-09-19 13:45:12, INFO: Loss in epoch 1 is 0.037025343626737595
2022-09-19 13:45:12, INFO: Loss in epoch 2 is 0.03700791671872139
2022-09-19 13:45:12, INFO: Loss in epoch 3 is 0.036995342932641506
2022-09-19 13:45:13, INFO: Loss in epoch 4 is 0.036981343291699886
2022-09-19 13:45:13, INFO: Loss in epoch 5 is 0.03696966543793678
2022-09-19 13:45:13, INFO: Loss in epoch 6 is 0.036958674900233746
2022-09-19 13:45:13, INFO: Loss in epoch 7 is 0.03693839069455862
2022-09-19 13:45:13, INFO: Loss in epoch 8 is 0.03693007864058018
2022-09-19 13:45:13, INFO: Loss in epoch 9 is 0.03691527899354696
2022-09-19 13:45:13, INFO: Loss in epoch 10 is 0.03690233547240496
2022-09-19 13:45:14, INFO: Loss in epoch 11 is 0.036890095099806786
2022-09-19 13:45:14, INFO: Loss in epoch 12 is 0.03687486983835697
2022-09-19 13:45:14, INFO: Loss in epoch 13 is 0.036859418265521526
2022-09-19 13:45:14, INFO: Loss in epoch 14 is 0.03684777766466141
2022-09-19 13:45:14, INFO: Loss in epoch 15 is 0.03683295473456383
2022-09-19 13:45:14, INFO: Loss in epoch 16 is 0.036817917600274086
2022-09-19 13:45:14, INFO: Loss in epoch 17 is 0.03680772054940462
2022-09-19 13:45:14, INFO: Loss in epoch 18 is 0.036792430095374584
2022-09-19 13:45:14, INFO: Loss in epoch 19 is 0.036779395304620266
2022-09-19 13:45:14, INFO: Loss in epoch 20 is 0.03676691371947527
2022-09-19 13:45:15, INFO: Loss in epoch 21 is 0.03675435669720173
2022-09-19 13:45:15, INFO: Loss in epoch 22 is 0.0367401922121644
2022-09-19 13:45:15, INFO: Loss in epoch 23 is 0.036726743914186954
2022-09-19 13:45:15, INFO: Loss in epoch 24 is 0.03671364951878786
2022-09-19 13:45:15, INFO: Loss in epoch 25 is 0.036701775155961514
2022-09-19 13:45:15, INFO: Loss in epoch 26 is 0.036689022555947304
2022-09-19 13:45:15, INFO: Loss in epoch 27 is 0.03667625691741705
2022-09-19 13:45:15, INFO: Loss in epoch 28 is 0.03666461817920208
2022-09-19 13:45:15, INFO: Loss in epoch 29 is 0.03665085416287184
2022-09-19 13:46:11, INFO: train in episode 11 has success rate: 0.70, failure rate: 0.20, average extra time to goal: 41
2022-09-19 13:46:11, INFO: Loss in epoch 0 is 0.03609608858823776
2022-09-19 13:46:11, INFO: Loss in epoch 1 is 0.036086831241846085
2022-09-19 13:46:11, INFO: Loss in epoch 2 is 0.03607054892927408
2022-09-19 13:46:11, INFO: Loss in epoch 3 is 0.03605776000767946
2022-09-19 13:46:11, INFO: Loss in epoch 4 is 0.0360480947420001
2022-09-19 13:46:12, INFO: Loss in epoch 5 is 0.03603465296328068
2022-09-19 13:46:12, INFO: Loss in epoch 6 is 0.03602254576981068
2022-09-19 13:46:12, INFO: Loss in epoch 7 is 0.036009649746119976
2022-09-19 13:46:12, INFO: Loss in epoch 8 is 0.03599589969962835
2022-09-19 13:46:12, INFO: Loss in epoch 9 is 0.03598357364535332
2022-09-19 13:46:12, INFO: Loss in epoch 10 is 0.03597476612776518
2022-09-19 13:46:12, INFO: Loss in epoch 11 is 0.035959599539637566
2022-09-19 13:46:12, INFO: Loss in epoch 12 is 0.035948822274804115
2022-09-19 13:46:12, INFO: Loss in epoch 13 is 0.03593704104423523
2022-09-19 13:46:12, INFO: Loss in epoch 14 is 0.03592586703598499
2022-09-19 13:46:13, INFO: Loss in epoch 15 is 0.035914734937250614
2022-09-19 13:46:13, INFO: Loss in epoch 16 is 0.03589946683496237
2022-09-19 13:46:13, INFO: Loss in epoch 17 is 0.03589292336255312
2022-09-19 13:46:13, INFO: Loss in epoch 18 is 0.03587764035910368
2022-09-19 13:46:13, INFO: Loss in epoch 19 is 0.0358638409525156
2022-09-19 13:46:13, INFO: Loss in epoch 20 is 0.0358556779101491
2022-09-19 13:46:13, INFO: Loss in epoch 21 is 0.03584024030715227
2022-09-19 13:46:13, INFO: Loss in epoch 22 is 0.03583214059472084
2022-09-19 13:46:13, INFO: Loss in epoch 23 is 0.03581935167312622
2022-09-19 13:46:14, INFO: Loss in epoch 24 is 0.03580660279840231
2022-09-19 13:46:14, INFO: Loss in epoch 25 is 0.03579540178179741
2022-09-19 13:46:14, INFO: Loss in epoch 26 is 0.035784066654741764
2022-09-19 13:46:14, INFO: Loss in epoch 27 is 0.03577402886003256
2022-09-19 13:46:14, INFO: Loss in epoch 28 is 0.03576026018708944
2022-09-19 13:46:14, INFO: Loss in epoch 29 is 0.03575096745043993
2022-09-19 13:47:20, INFO: train in episode 12 has success rate: 0.80, failure rate: 0.00, average extra time to goal: 40
2022-09-19 13:47:20, INFO: Loss in epoch 0 is 0.03514224570244551
2022-09-19 13:47:21, INFO: Loss in epoch 1 is 0.035126800648868084
2022-09-19 13:47:21, INFO: Loss in epoch 2 is 0.035112567245960236
2022-09-19 13:47:21, INFO: Loss in epoch 3 is 0.03510055132210255
2022-09-19 13:47:21, INFO: Loss in epoch 4 is 0.035089319571852684
2022-09-19 13:47:21, INFO: Loss in epoch 5 is 0.035075947642326355
2022-09-19 13:47:21, INFO: Loss in epoch 6 is 0.03506620414555073
2022-09-19 13:47:21, INFO: Loss in epoch 7 is 0.03505348227918148
2022-09-19 13:47:21, INFO: Loss in epoch 8 is 0.03504035621881485
2022-09-19 13:47:22, INFO: Loss in epoch 9 is 0.03502854611724615
2022-09-19 13:47:22, INFO: Loss in epoch 10 is 0.03501733858138323
2022-09-19 13:47:22, INFO: Loss in epoch 11 is 0.03500526212155819
2022-09-19 13:47:22, INFO: Loss in epoch 12 is 0.03499450720846653
2022-09-19 13:47:22, INFO: Loss in epoch 13 is 0.0349836740642786
2022-09-19 13:47:22, INFO: Loss in epoch 14 is 0.03496968932449818
2022-09-19 13:47:22, INFO: Loss in epoch 15 is 0.034959484823048115
2022-09-19 13:47:22, INFO: Loss in epoch 16 is 0.034949433989822865
2022-09-19 13:47:22, INFO: Loss in epoch 17 is 0.03493886440992355
2022-09-19 13:47:23, INFO: Loss in epoch 18 is 0.034927286207675934
2022-09-19 13:47:23, INFO: Loss in epoch 19 is 0.0349142299965024
2022-09-19 13:47:23, INFO: Loss in epoch 20 is 0.03490153048187494
2022-09-19 13:47:23, INFO: Loss in epoch 21 is 0.03489048220217228
2022-09-19 13:47:23, INFO: Loss in epoch 22 is 0.03488320577889681
2022-09-19 13:47:23, INFO: Loss in epoch 23 is 0.03487514238804579
2022-09-19 13:47:23, INFO: Loss in epoch 24 is 0.03486382309347391
2022-09-19 13:47:23, INFO: Loss in epoch 25 is 0.034861219115555286
2022-09-19 13:47:24, INFO: Loss in epoch 26 is 0.0348417479544878
2022-09-19 13:47:24, INFO: Loss in epoch 27 is 0.03482581116259098
2022-09-19 13:47:24, INFO: Loss in epoch 28 is 0.03481945302337408
2022-09-19 13:47:24, INFO: Loss in epoch 29 is 0.03480290621519089
2022-09-19 13:48:31, INFO: train in episode 13 has success rate: 0.70, failure rate: 0.00, average extra time to goal: 43
2022-09-19 13:48:31, INFO: Loss in epoch 0 is 0.03424503281712532
2022-09-19 13:48:31, INFO: Loss in epoch 1 is 0.03422464616596699
2022-09-19 13:48:31, INFO: Loss in epoch 2 is 0.03421436343342066
2022-09-19 13:48:31, INFO: Loss in epoch 3 is 0.03420529142022133
2022-09-19 13:48:32, INFO: Loss in epoch 4 is 0.03419545944780111
2022-09-19 13:48:32, INFO: Loss in epoch 5 is 0.034187132492661476
2022-09-19 13:48:32, INFO: Loss in epoch 6 is 0.034171758219599724
2022-09-19 13:48:32, INFO: Loss in epoch 7 is 0.03415956813842058
2022-09-19 13:48:32, INFO: Loss in epoch 8 is 0.034149860963225365
2022-09-19 13:48:32, INFO: Loss in epoch 9 is 0.03414078429341316
2022-09-19 13:48:32, INFO: Loss in epoch 10 is 0.03412836231291294
2022-09-19 13:48:32, INFO: Loss in epoch 11 is 0.034120699390769005
2022-09-19 13:48:32, INFO: Loss in epoch 12 is 0.034112163819372654
2022-09-19 13:48:33, INFO: Loss in epoch 13 is 0.034105763770639896
2022-09-19 13:48:33, INFO: Loss in epoch 14 is 0.034094336442649364
2022-09-19 13:48:33, INFO: Loss in epoch 15 is 0.03408085182309151
2022-09-19 13:48:33, INFO: Loss in epoch 16 is 0.034068094566464424
2022-09-19 13:48:33, INFO: Loss in epoch 17 is 0.034060003235936165
2022-09-19 13:48:33, INFO: Loss in epoch 18 is 0.03405215963721275
2022-09-19 13:48:33, INFO: Loss in epoch 19 is 0.034039503894746304
2022-09-19 13:48:33, INFO: Loss in epoch 20 is 0.03403050173074007
2022-09-19 13:48:33, INFO: Loss in epoch 21 is 0.03401927696540952
2022-09-19 13:48:34, INFO: Loss in epoch 22 is 0.03400771226733923
2022-09-19 13:48:34, INFO: Loss in epoch 23 is 0.03399898670613766
2022-09-19 13:48:34, INFO: Loss in epoch 24 is 0.03399172984063625
2022-09-19 13:48:34, INFO: Loss in epoch 25 is 0.033981029875576496
2022-09-19 13:48:34, INFO: Loss in epoch 26 is 0.033972340635955334
2022-09-19 13:48:34, INFO: Loss in epoch 27 is 0.033962614834308624
2022-09-19 13:48:34, INFO: Loss in epoch 28 is 0.0339512899518013
2022-09-19 13:48:34, INFO: Loss in epoch 29 is 0.03394256066530943
2022-09-19 13:49:45, INFO: train in episode 14 has success rate: 0.80, failure rate: 0.00, average extra time to goal: 44
2022-09-19 13:49:45, INFO: Loss in epoch 0 is 0.03330230386927724
2022-09-19 13:49:45, INFO: Loss in epoch 1 is 0.03329452779144049
2022-09-19 13:49:45, INFO: Loss in epoch 2 is 0.03328218311071396
2022-09-19 13:49:45, INFO: Loss in epoch 3 is 0.03328282572329044
2022-09-19 13:49:46, INFO: Loss in epoch 4 is 0.033267826307564974
2022-09-19 13:49:46, INFO: Loss in epoch 5 is 0.03325641667470336
2022-09-19 13:49:46, INFO: Loss in epoch 6 is 0.033246767707169056
2022-09-19 13:49:46, INFO: Loss in epoch 7 is 0.03323439694941044
2022-09-19 13:49:46, INFO: Loss in epoch 8 is 0.03322259150445461
2022-09-19 13:49:46, INFO: Loss in epoch 9 is 0.03321194089949131
2022-09-19 13:49:46, INFO: Loss in epoch 10 is 0.033203103579580784
2022-09-19 13:49:46, INFO: Loss in epoch 11 is 0.03319240314885974
2022-09-19 13:49:47, INFO: Loss in epoch 12 is 0.03318238537758589
2022-09-19 13:49:47, INFO: Loss in epoch 13 is 0.03317345958203077
2022-09-19 13:49:47, INFO: Loss in epoch 14 is 0.033164613880217075
2022-09-19 13:49:47, INFO: Loss in epoch 15 is 0.03315754048526287
2022-09-19 13:49:47, INFO: Loss in epoch 16 is 0.0331465182825923
2022-09-19 13:49:47, INFO: Loss in epoch 17 is 0.03313929308205843
2022-09-19 13:49:47, INFO: Loss in epoch 18 is 0.033129964489489794
2022-09-19 13:49:47, INFO: Loss in epoch 19 is 0.03311929292976856
2022-09-19 13:49:47, INFO: Loss in epoch 20 is 0.033105208072811365
2022-09-19 13:49:48, INFO: Loss in epoch 21 is 0.03310164902359247
2022-09-19 13:49:48, INFO: Loss in epoch 22 is 0.03309137560427189
2022-09-19 13:49:48, INFO: Loss in epoch 23 is 0.033079786226153374
2022-09-19 13:49:48, INFO: Loss in epoch 24 is 0.03307148953899741
2022-09-19 13:49:48, INFO: Loss in epoch 25 is 0.03306343127042055
2022-09-19 13:49:48, INFO: Loss in epoch 26 is 0.0330510139465332
2022-09-19 13:49:48, INFO: Loss in epoch 27 is 0.033043934032320976
2022-09-19 13:49:49, INFO: Loss in epoch 28 is 0.03303858544677496
2022-09-19 13:49:49, INFO: Loss in epoch 29 is 0.033025446347892284
2022-09-19 13:51:14, INFO: train in episode 15 has success rate: 0.70, failure rate: 0.00, average extra time to goal: 46
2022-09-19 13:51:15, INFO: Loss in epoch 0 is 0.03234804328531027
2022-09-19 13:51:15, INFO: Loss in epoch 1 is 0.03233706206083298
2022-09-19 13:51:15, INFO: Loss in epoch 2 is 0.03232548292726278
2022-09-19 13:51:15, INFO: Loss in epoch 3 is 0.03231492266058922
2022-09-19 13:51:15, INFO: Loss in epoch 4 is 0.032314008101820946
2022-09-19 13:51:15, INFO: Loss in epoch 5 is 0.0323013449087739
2022-09-19 13:51:15, INFO: Loss in epoch 6 is 0.032289561815559864
2022-09-19 13:51:15, INFO: Loss in epoch 7 is 0.03227724228054285
2022-09-19 13:51:16, INFO: Loss in epoch 8 is 0.03226983593776822
2022-09-19 13:51:16, INFO: Loss in epoch 9 is 0.03225995134562254
2022-09-19 13:51:16, INFO: Loss in epoch 10 is 0.032253128476440907
2022-09-19 13:51:16, INFO: Loss in epoch 11 is 0.032244717702269554
2022-09-19 13:51:16, INFO: Loss in epoch 12 is 0.03223480749875307
2022-09-19 13:51:16, INFO: Loss in epoch 13 is 0.032227710355073214
2022-09-19 13:51:16, INFO: Loss in epoch 14 is 0.03222344443202019
2022-09-19 13:51:16, INFO: Loss in epoch 15 is 0.032212288584560156
2022-09-19 13:51:17, INFO: Loss in epoch 16 is 0.03220318304374814
2022-09-19 13:51:17, INFO: Loss in epoch 17 is 0.03219800442457199
2022-09-19 13:51:17, INFO: Loss in epoch 18 is 0.03218836151063442
2022-09-19 13:51:17, INFO: Loss in epoch 19 is 0.03218050906434655
2022-09-19 13:51:17, INFO: Loss in epoch 20 is 0.03217222914099693
2022-09-19 13:51:17, INFO: Loss in epoch 21 is 0.032162669114768505
2022-09-19 13:51:17, INFO: Loss in epoch 22 is 0.03215578105300665
2022-09-19 13:51:18, INFO: Loss in epoch 23 is 0.032148927450180054
2022-09-19 13:51:18, INFO: Loss in epoch 24 is 0.03214344196021557
2022-09-19 13:51:18, INFO: Loss in epoch 25 is 0.03213434061035514
2022-09-19 13:51:18, INFO: Loss in epoch 26 is 0.03212754521518946
2022-09-19 13:51:18, INFO: Loss in epoch 27 is 0.032118679489940405
2022-09-19 13:51:18, INFO: Loss in epoch 28 is 0.032109704334288836
2022-09-19 13:51:18, INFO: Loss in epoch 29 is 0.03210424352437258
2022-09-19 13:52:22, INFO: train in episode 16 has success rate: 0.70, failure rate: 0.10, average extra time to goal: 36
2022-09-19 13:52:22, INFO: Loss in epoch 0 is 0.031494646798819304
2022-09-19 13:52:22, INFO: Loss in epoch 1 is 0.031484830658882856
2022-09-19 13:52:22, INFO: Loss in epoch 2 is 0.03147720452398062
2022-09-19 13:52:22, INFO: Loss in epoch 3 is 0.03147032717242837
2022-09-19 13:52:23, INFO: Loss in epoch 4 is 0.03146124631166458
2022-09-19 13:52:23, INFO: Loss in epoch 5 is 0.03145481739193201
2022-09-19 13:52:23, INFO: Loss in epoch 6 is 0.03144662454724312
2022-09-19 13:52:23, INFO: Loss in epoch 7 is 0.03144129551947117
2022-09-19 13:52:23, INFO: Loss in epoch 8 is 0.03143140999600291
2022-09-19 13:52:23, INFO: Loss in epoch 9 is 0.03142428770661354
2022-09-19 13:52:23, INFO: Loss in epoch 10 is 0.03141637332737446
2022-09-19 13:52:23, INFO: Loss in epoch 11 is 0.03140961192548275
2022-09-19 13:52:23, INFO: Loss in epoch 12 is 0.031403719913214445
2022-09-19 13:52:24, INFO: Loss in epoch 13 is 0.03139599924907088
2022-09-19 13:52:24, INFO: Loss in epoch 14 is 0.03138619614765048
2022-09-19 13:52:24, INFO: Loss in epoch 15 is 0.03138531278818846
2022-09-19 13:52:24, INFO: Loss in epoch 16 is 0.03137360047549009
2022-09-19 13:52:24, INFO: Loss in epoch 17 is 0.03136827936396003
2022-09-19 13:52:24, INFO: Loss in epoch 18 is 0.03136036125943065
2022-09-19 13:52:24, INFO: Loss in epoch 19 is 0.031358657870441675
2022-09-19 13:52:24, INFO: Loss in epoch 20 is 0.03134356811642647
2022-09-19 13:52:24, INFO: Loss in epoch 21 is 0.031337252818048
2022-09-19 13:52:25, INFO: Loss in epoch 22 is 0.031331188045442104
2022-09-19 13:52:25, INFO: Loss in epoch 23 is 0.03132228460162878
2022-09-19 13:52:25, INFO: Loss in epoch 24 is 0.031314695719629526
2022-09-19 13:52:25, INFO: Loss in epoch 25 is 0.031309877056628466
2022-09-19 13:52:25, INFO: Loss in epoch 26 is 0.031300320755690336
2022-09-19 13:52:25, INFO: Loss in epoch 27 is 0.031294746324419975
2022-09-19 13:52:25, INFO: Loss in epoch 28 is 0.031292876694351435
2022-09-19 13:52:25, INFO: Loss in epoch 29 is 0.031280117109417915
2022-09-19 13:53:30, INFO: train in episode 17 has success rate: 0.60, failure rate: 0.00, average extra time to goal: 30
2022-09-19 13:53:30, INFO: Loss in epoch 0 is 0.030805477872490883
2022-09-19 13:53:30, INFO: Loss in epoch 1 is 0.03079976001754403
2022-09-19 13:53:30, INFO: Loss in epoch 2 is 0.030796092469245195
2022-09-19 13:53:30, INFO: Loss in epoch 3 is 0.030785562470555305
2022-09-19 13:53:31, INFO: Loss in epoch 4 is 0.030777009204030037
2022-09-19 13:53:31, INFO: Loss in epoch 5 is 0.03076865430921316
2022-09-19 13:53:31, INFO: Loss in epoch 6 is 0.03076531132683158
2022-09-19 13:53:31, INFO: Loss in epoch 7 is 0.030758656561374664
2022-09-19 13:53:31, INFO: Loss in epoch 8 is 0.030751639045774937
2022-09-19 13:53:31, INFO: Loss in epoch 9 is 0.030742881819605827
2022-09-19 13:53:31, INFO: Loss in epoch 10 is 0.030738129746168852
2022-09-19 13:53:31, INFO: Loss in epoch 11 is 0.03073157463222742
2022-09-19 13:53:31, INFO: Loss in epoch 12 is 0.030721114948391914
2022-09-19 13:53:32, INFO: Loss in epoch 13 is 0.030714651104062796
2022-09-19 13:53:32, INFO: Loss in epoch 14 is 0.030708156526088715
2022-09-19 13:53:32, INFO: Loss in epoch 15 is 0.030696897767484188
2022-09-19 13:53:32, INFO: Loss in epoch 16 is 0.03068968979641795
2022-09-19 13:53:32, INFO: Loss in epoch 17 is 0.0306769497692585
2022-09-19 13:53:32, INFO: Loss in epoch 18 is 0.03067134553566575
2022-09-19 13:53:32, INFO: Loss in epoch 19 is 0.030665903352200985
2022-09-19 13:53:32, INFO: Loss in epoch 20 is 0.030657148454338312
2022-09-19 13:53:32, INFO: Loss in epoch 21 is 0.03064982546493411
2022-09-19 13:53:32, INFO: Loss in epoch 22 is 0.03064467292279005
2022-09-19 13:53:33, INFO: Loss in epoch 23 is 0.030636504292488098
2022-09-19 13:53:33, INFO: Loss in epoch 24 is 0.030629297252744436
2022-09-19 13:53:33, INFO: Loss in epoch 25 is 0.030622621532529593
2022-09-19 13:53:33, INFO: Loss in epoch 26 is 0.03061454091221094
2022-09-19 13:53:33, INFO: Loss in epoch 27 is 0.030610347632318735
2022-09-19 13:53:33, INFO: Loss in epoch 28 is 0.030602020677179098
2022-09-19 13:53:33, INFO: Loss in epoch 29 is 0.030594696756452322
2022-09-19 13:54:46, INFO: train in episode 18 has success rate: 0.60, failure rate: 0.00, average extra time to goal: 46
2022-09-19 13:54:46, INFO: Loss in epoch 0 is 0.029946596827358007
2022-09-19 13:54:46, INFO: Loss in epoch 1 is 0.02993902051821351
2022-09-19 13:54:46, INFO: Loss in epoch 2 is 0.029929871670901775
2022-09-19 13:54:46, INFO: Loss in epoch 3 is 0.029922423418611288
2022-09-19 13:54:47, INFO: Loss in epoch 4 is 0.02991432650014758
2022-09-19 13:54:47, INFO: Loss in epoch 5 is 0.029907379299402237
2022-09-19 13:54:47, INFO: Loss in epoch 6 is 0.029898440930992365
2022-09-19 13:54:47, INFO: Loss in epoch 7 is 0.029893059749156237
2022-09-19 13:54:47, INFO: Loss in epoch 8 is 0.029886556323617697
2022-09-19 13:54:47, INFO: Loss in epoch 9 is 0.02988289063796401
2022-09-19 13:54:47, INFO: Loss in epoch 10 is 0.02986971754580736
2022-09-19 13:54:48, INFO: Loss in epoch 11 is 0.02986163180321455
2022-09-19 13:54:48, INFO: Loss in epoch 12 is 0.029855038039386272
2022-09-19 13:54:48, INFO: Loss in epoch 13 is 0.029847648460417986
2022-09-19 13:54:48, INFO: Loss in epoch 14 is 0.029841455165296793
2022-09-19 13:54:48, INFO: Loss in epoch 15 is 0.02983692381531
2022-09-19 13:54:48, INFO: Loss in epoch 16 is 0.029831725638359785
2022-09-19 13:54:48, INFO: Loss in epoch 17 is 0.02982695633545518
2022-09-19 13:54:48, INFO: Loss in epoch 18 is 0.02981778234243393
2022-09-19 13:54:49, INFO: Loss in epoch 19 is 0.02980770543217659
2022-09-19 13:54:49, INFO: Loss in epoch 20 is 0.029796523042023182
2022-09-19 13:54:49, INFO: Loss in epoch 21 is 0.029795038048177958
2022-09-19 13:54:49, INFO: Loss in epoch 22 is 0.02978431200608611
2022-09-19 13:54:49, INFO: Loss in epoch 23 is 0.02977835200726986
2022-09-19 13:54:49, INFO: Loss in epoch 24 is 0.029771398287266493
2022-09-19 13:54:49, INFO: Loss in epoch 25 is 0.029763948172330856
2022-09-19 13:54:49, INFO: Loss in epoch 26 is 0.029757912270724773
2022-09-19 13:54:49, INFO: Loss in epoch 27 is 0.02975332411006093
2022-09-19 13:54:50, INFO: Loss in epoch 28 is 0.02974376967176795
2022-09-19 13:54:50, INFO: Loss in epoch 29 is 0.029739021323621273
2022-09-19 13:55:46, INFO: train in episode 19 has success rate: 0.80, failure rate: 0.10, average extra time to goal: 35
2022-09-19 13:55:46, INFO: Loss in epoch 0 is 0.0291653610765934
2022-09-19 13:55:47, INFO: Loss in epoch 1 is 0.029156771022826433
2022-09-19 13:55:47, INFO: Loss in epoch 2 is 0.02915000170469284
2022-09-19 13:55:47, INFO: Loss in epoch 3 is 0.029146908316761255
2022-09-19 13:55:47, INFO: Loss in epoch 4 is 0.029141775332391262
2022-09-19 13:55:47, INFO: Loss in epoch 5 is 0.02913563745096326
2022-09-19 13:55:47, INFO: Loss in epoch 6 is 0.029123347252607346
2022-09-19 13:55:47, INFO: Loss in epoch 7 is 0.029120463877916336
2022-09-19 13:55:47, INFO: Loss in epoch 8 is 0.02911885315552354
2022-09-19 13:55:47, INFO: Loss in epoch 9 is 0.029102593660354614
2022-09-19 13:55:48, INFO: Loss in epoch 10 is 0.029099165927618742
2022-09-19 13:55:48, INFO: Loss in epoch 11 is 0.02909392397850752
2022-09-19 13:55:48, INFO: Loss in epoch 12 is 0.029087082017213106
2022-09-19 13:55:48, INFO: Loss in epoch 13 is 0.02907867543399334
2022-09-19 13:55:48, INFO: Loss in epoch 14 is 0.029073997400701046
2022-09-19 13:55:48, INFO: Loss in epoch 15 is 0.029078337363898754
2022-09-19 13:55:48, INFO: Loss in epoch 16 is 0.02906745159998536
2022-09-19 13:55:48, INFO: Loss in epoch 17 is 0.029064491391181946
2022-09-19 13:55:48, INFO: Loss in epoch 18 is 0.029054266400635242
2022-09-19 13:55:49, INFO: Loss in epoch 19 is 0.029047145508229733
2022-09-19 13:55:49, INFO: Loss in epoch 20 is 0.02903884882107377
2022-09-19 13:55:49, INFO: Loss in epoch 21 is 0.02902998775243759
2022-09-19 13:55:49, INFO: Loss in epoch 22 is 0.02902367990463972
2022-09-19 13:55:49, INFO: Loss in epoch 23 is 0.029020683374255896
2022-09-19 13:55:49, INFO: Loss in epoch 24 is 0.029012782033532858
2022-09-19 13:55:49, INFO: Loss in epoch 25 is 0.029006972908973694
2022-09-19 13:55:49, INFO: Loss in epoch 26 is 0.029008257668465376
2022-09-19 13:55:49, INFO: Loss in epoch 27 is 0.028996499720960855
2022-09-19 13:55:50, INFO: Loss in epoch 28 is 0.028990285005420446
2022-09-19 13:55:50, INFO: Loss in epoch 29 is 0.02898653270676732
2022-09-19 13:56:56, INFO: train in episode 20 has success rate: 0.60, failure rate: 0.10, average extra time to goal: 40
2022-09-19 13:56:56, INFO: Loss in epoch 0 is 0.02899273345246911
2022-09-19 13:56:56, INFO: Loss in epoch 1 is 0.028987493366003036
2022-09-19 13:56:56, INFO: Loss in epoch 2 is 0.028976154047995806
2022-09-19 13:56:56, INFO: Loss in epoch 3 is 0.028971659019589424
2022-09-19 13:56:57, INFO: Loss in epoch 4 is 0.028965218923985958
2022-09-19 13:56:57, INFO: Loss in epoch 5 is 0.028961368836462498
2022-09-19 13:56:57, INFO: Loss in epoch 6 is 0.02895075874403119
2022-09-19 13:56:57, INFO: Loss in epoch 7 is 0.02894451329484582
2022-09-19 13:56:57, INFO: Loss in epoch 8 is 0.02893930859863758
2022-09-19 13:56:57, INFO: Loss in epoch 9 is 0.0289324214681983
2022-09-19 13:56:57, INFO: Loss in epoch 10 is 0.028927292209118605
2022-09-19 13:56:58, INFO: Loss in epoch 11 is 0.028922269586473703
2022-09-19 13:56:58, INFO: Loss in epoch 12 is 0.028917191550135612
2022-09-19 13:56:58, INFO: Loss in epoch 13 is 0.028910938184708357
2022-09-19 13:56:58, INFO: Loss in epoch 14 is 0.028904377482831478
2022-09-19 13:56:58, INFO: Loss in epoch 15 is 0.028899336699396372
2022-09-19 13:56:58, INFO: Loss in epoch 16 is 0.02889196341857314
2022-09-19 13:56:58, INFO: Loss in epoch 17 is 0.028885962907224894
2022-09-19 13:56:58, INFO: Loss in epoch 18 is 0.028882748447358608
2022-09-19 13:56:58, INFO: Loss in epoch 19 is 0.028878397308290005
2022-09-19 13:56:58, INFO: Loss in epoch 20 is 0.028870792128145695
2022-09-19 13:56:59, INFO: Loss in epoch 21 is 0.028874583076685667
2022-09-19 13:56:59, INFO: Loss in epoch 22 is 0.02885974757373333
2022-09-19 13:56:59, INFO: Loss in epoch 23 is 0.028852376621216536
2022-09-19 13:56:59, INFO: Loss in epoch 24 is 0.0288459537550807
2022-09-19 13:56:59, INFO: Loss in epoch 25 is 0.028840502724051476
2022-09-19 13:56:59, INFO: Loss in epoch 26 is 0.02883520256727934
2022-09-19 13:56:59, INFO: Loss in epoch 27 is 0.028832671232521534
2022-09-19 13:56:59, INFO: Loss in epoch 28 is 0.02882536081597209
2022-09-19 13:56:59, INFO: Loss in epoch 29 is 0.02881909441202879
2022-09-19 13:58:13, INFO: train in episode 21 has success rate: 0.70, failure rate: 0.10, average extra time to goal: 46
2022-09-19 13:58:13, INFO: Loss in epoch 0 is 0.028235844802111387
2022-09-19 13:58:13, INFO: Loss in epoch 1 is 0.028230056166648865
2022-09-19 13:58:13, INFO: Loss in epoch 2 is 0.028222932014614344
2022-09-19 13:58:13, INFO: Loss in epoch 3 is 0.028216807171702385
2022-09-19 13:58:13, INFO: Loss in epoch 4 is 0.0282095680013299
2022-09-19 13:58:13, INFO: Loss in epoch 5 is 0.02820301428437233
2022-09-19 13:58:14, INFO: Loss in epoch 6 is 0.02819958422333002
2022-09-19 13:58:14, INFO: Loss in epoch 7 is 0.02819185145199299
2022-09-19 13:58:14, INFO: Loss in epoch 8 is 0.02818662254139781
2022-09-19 13:58:14, INFO: Loss in epoch 9 is 0.028182263486087322
2022-09-19 13:58:14, INFO: Loss in epoch 10 is 0.028180015739053488
2022-09-19 13:58:14, INFO: Loss in epoch 11 is 0.02817169763147831
2022-09-19 13:58:14, INFO: Loss in epoch 12 is 0.02816674765199423
2022-09-19 13:58:14, INFO: Loss in epoch 13 is 0.028162608854472637
2022-09-19 13:58:14, INFO: Loss in epoch 14 is 0.028155088890343904
2022-09-19 13:58:15, INFO: Loss in epoch 15 is 0.028151981998234987
2022-09-19 13:58:15, INFO: Loss in epoch 16 is 0.028142678551375866
2022-09-19 13:58:15, INFO: Loss in epoch 17 is 0.028137661516666412
2022-09-19 13:58:15, INFO: Loss in epoch 18 is 0.02813089359551668
2022-09-19 13:58:15, INFO: Loss in epoch 19 is 0.028124274220317602
2022-09-19 13:58:15, INFO: Loss in epoch 20 is 0.028118733316659927
2022-09-19 13:58:15, INFO: Loss in epoch 21 is 0.028110341168940067
2022-09-19 13:58:15, INFO: Loss in epoch 22 is 0.02811003988608718
2022-09-19 13:58:15, INFO: Loss in epoch 23 is 0.02810415579006076
2022-09-19 13:58:16, INFO: Loss in epoch 24 is 0.02809774875640869
2022-09-19 13:58:16, INFO: Loss in epoch 25 is 0.028092422056943178
2022-09-19 13:58:16, INFO: Loss in epoch 26 is 0.028085692320019007
2022-09-19 13:58:16, INFO: Loss in epoch 27 is 0.02808113768696785
2022-09-19 13:58:16, INFO: Loss in epoch 28 is 0.0280794114805758
2022-09-19 13:58:16, INFO: Loss in epoch 29 is 0.02807069243863225
