2022-09-19 13:17:29, INFO: Using device: cuda:0
2022-09-19 13:19:28, INFO: Total number of state_value pairs: 40000
2022-09-19 13:19:29, INFO: Loss in epoch 0: 2.93
2022-09-19 13:19:29, INFO: Loss in epoch 1: 0.42
2022-09-19 13:19:29, INFO: Loss in epoch 2: 0.29
2022-09-19 13:19:29, INFO: Loss in epoch 3: 0.26
2022-09-19 13:19:29, INFO: Loss in epoch 4: 0.24
2022-09-19 13:19:30, INFO: Loss in epoch 5: 0.23
2022-09-19 13:19:30, INFO: Loss in epoch 6: 0.23
2022-09-19 13:19:30, INFO: Loss in epoch 7: 0.22
2022-09-19 13:19:30, INFO: Loss in epoch 8: 0.22
2022-09-19 13:19:30, INFO: Loss in epoch 9: 0.22
2022-09-19 13:19:30, INFO: Loss in epoch 10: 0.21
2022-09-19 13:19:30, INFO: Loss in epoch 11: 0.21
2022-09-19 13:19:31, INFO: Loss in epoch 12: 0.21
2022-09-19 13:19:31, INFO: Loss in epoch 13: 0.21
2022-09-19 13:19:31, INFO: Loss in epoch 14: 0.20
2022-09-19 13:19:31, INFO: Loss in epoch 15: 0.20
2022-09-19 13:19:31, INFO: Loss in epoch 16: 0.20
2022-09-19 13:19:31, INFO: Loss in epoch 17: 0.20
2022-09-19 13:19:31, INFO: Loss in epoch 18: 0.20
2022-09-19 13:19:31, INFO: Loss in epoch 19: 0.20
2022-09-19 13:19:32, INFO: Loss in epoch 20: 0.19
2022-09-19 13:19:32, INFO: Loss in epoch 21: 0.19
2022-09-19 13:19:32, INFO: Loss in epoch 22: 0.19
2022-09-19 13:19:32, INFO: Loss in epoch 23: 0.19
2022-09-19 13:19:32, INFO: Loss in epoch 24: 0.19
2022-09-19 13:19:32, INFO: Loss in epoch 25: 0.19
2022-09-19 13:19:32, INFO: Loss in epoch 26: 0.19
2022-09-19 13:19:33, INFO: Loss in epoch 27: 0.19
2022-09-19 13:19:33, INFO: Loss in epoch 28: 0.19
2022-09-19 13:19:33, INFO: Loss in epoch 29: 0.18
2022-09-19 13:19:33, INFO: Loss in epoch 30: 0.18
2022-09-19 13:19:33, INFO: Loss in epoch 31: 0.18
2022-09-19 13:19:33, INFO: Loss in epoch 32: 0.18
2022-09-19 13:19:33, INFO: Loss in epoch 33: 0.18
2022-09-19 13:19:34, INFO: Loss in epoch 34: 0.18
2022-09-19 13:19:34, INFO: Loss in epoch 35: 0.18
2022-09-19 13:19:34, INFO: Loss in epoch 36: 0.18
2022-09-19 13:19:34, INFO: Loss in epoch 37: 0.18
2022-09-19 13:19:34, INFO: Loss in epoch 38: 0.18
2022-09-19 13:19:34, INFO: Loss in epoch 39: 0.18
2022-09-19 13:19:35, INFO: Loss in epoch 40: 0.17
2022-09-19 13:19:35, INFO: Loss in epoch 41: 0.17
2022-09-19 13:19:35, INFO: Loss in epoch 42: 0.17
2022-09-19 13:19:35, INFO: Loss in epoch 43: 0.17
2022-09-19 13:19:35, INFO: Loss in epoch 44: 0.17
2022-09-19 13:19:35, INFO: Loss in epoch 45: 0.17
2022-09-19 13:19:35, INFO: Loss in epoch 46: 0.17
2022-09-19 13:19:36, INFO: Loss in epoch 47: 0.17
2022-09-19 13:19:36, INFO: Loss in epoch 48: 0.17
2022-09-19 13:19:36, INFO: Loss in epoch 49: 0.17
2022-09-19 13:19:36, INFO: Loss in epoch 50: 0.17
2022-09-19 13:19:36, INFO: Loss in epoch 51: 0.17
2022-09-19 13:19:36, INFO: Loss in epoch 52: 0.17
2022-09-19 13:19:37, INFO: Loss in epoch 53: 0.17
2022-09-19 13:19:37, INFO: Loss in epoch 54: 0.17
2022-09-19 13:19:37, INFO: Loss in epoch 55: 0.17
2022-09-19 13:19:37, INFO: Loss in epoch 56: 0.16
2022-09-19 13:19:37, INFO: Loss in epoch 57: 0.16
2022-09-19 13:19:37, INFO: Loss in epoch 58: 0.16
2022-09-19 13:19:37, INFO: Loss in epoch 59: 0.16
2022-09-19 13:19:38, INFO: Loss in epoch 60: 0.16
2022-09-19 13:19:38, INFO: Loss in epoch 61: 0.16
2022-09-19 13:19:38, INFO: Loss in epoch 62: 0.16
2022-09-19 13:19:38, INFO: Loss in epoch 63: 0.16
2022-09-19 13:19:38, INFO: Loss in epoch 64: 0.16
2022-09-19 13:19:38, INFO: Loss in epoch 65: 0.16
2022-09-19 13:19:38, INFO: Loss in epoch 66: 0.16
2022-09-19 13:19:39, INFO: Loss in epoch 67: 0.16
2022-09-19 13:19:39, INFO: Loss in epoch 68: 0.16
2022-09-19 13:19:39, INFO: Loss in epoch 69: 0.16
2022-09-19 13:19:39, INFO: Loss in epoch 70: 0.16
2022-09-19 13:19:39, INFO: Loss in epoch 71: 0.16
2022-09-19 13:19:39, INFO: Loss in epoch 72: 0.16
2022-09-19 13:19:39, INFO: Loss in epoch 73: 0.16
2022-09-19 13:19:40, INFO: Loss in epoch 74: 0.16
2022-09-19 13:19:40, INFO: Loss in epoch 75: 0.16
2022-09-19 13:19:40, INFO: Loss in epoch 76: 0.16
2022-09-19 13:19:40, INFO: Loss in epoch 77: 0.16
2022-09-19 13:19:40, INFO: Loss in epoch 78: 0.16
2022-09-19 13:19:40, INFO: Loss in epoch 79: 0.16
2022-09-19 13:19:40, INFO: Loss in epoch 80: 0.16
2022-09-19 13:19:41, INFO: Loss in epoch 81: 0.16
2022-09-19 13:19:41, INFO: Loss in epoch 82: 0.16
2022-09-19 13:19:41, INFO: Loss in epoch 83: 0.16
2022-09-19 13:19:41, INFO: Loss in epoch 84: 0.16
2022-09-19 13:19:41, INFO: Loss in epoch 85: 0.15
2022-09-19 13:19:41, INFO: Loss in epoch 86: 0.15
2022-09-19 13:19:41, INFO: Loss in epoch 87: 0.15
2022-09-19 13:19:42, INFO: Loss in epoch 88: 0.15
2022-09-19 13:19:42, INFO: Loss in epoch 89: 0.15
2022-09-19 13:19:42, INFO: Loss in epoch 90: 0.15
2022-09-19 13:19:42, INFO: Loss in epoch 91: 0.15
2022-09-19 13:19:42, INFO: Loss in epoch 92: 0.15
2022-09-19 13:19:42, INFO: Loss in epoch 93: 0.15
2022-09-19 13:19:42, INFO: Loss in epoch 94: 0.15
2022-09-19 13:19:43, INFO: Loss in epoch 95: 0.15
2022-09-19 13:19:43, INFO: Loss in epoch 96: 0.15
2022-09-19 13:19:43, INFO: Loss in epoch 97: 0.15
2022-09-19 13:19:43, INFO: Loss in epoch 98: 0.15
2022-09-19 13:19:43, INFO: Loss in epoch 99: 0.15
2022-09-19 13:19:43, INFO: Loss in epoch 100: 0.15
2022-09-19 13:19:43, INFO: Loss in epoch 101: 0.15
2022-09-19 13:19:43, INFO: Loss in epoch 102: 0.15
2022-09-19 13:19:44, INFO: Loss in epoch 103: 0.15
2022-09-19 13:19:44, INFO: Loss in epoch 104: 0.15
2022-09-19 13:19:44, INFO: Loss in epoch 105: 0.15
2022-09-19 13:19:44, INFO: Loss in epoch 106: 0.15
2022-09-19 13:19:44, INFO: Loss in epoch 107: 0.15
2022-09-19 13:19:44, INFO: Loss in epoch 108: 0.15
2022-09-19 13:19:44, INFO: Loss in epoch 109: 0.15
2022-09-19 13:19:45, INFO: Loss in epoch 110: 0.15
2022-09-19 13:19:45, INFO: Loss in epoch 111: 0.15
2022-09-19 13:19:45, INFO: Loss in epoch 112: 0.15
2022-09-19 13:19:45, INFO: Loss in epoch 113: 0.15
2022-09-19 13:19:45, INFO: Loss in epoch 114: 0.15
2022-09-19 13:19:45, INFO: Loss in epoch 115: 0.15
2022-09-19 13:19:46, INFO: Loss in epoch 116: 0.15
2022-09-19 13:19:46, INFO: Loss in epoch 117: 0.15
2022-09-19 13:19:46, INFO: Loss in epoch 118: 0.15
2022-09-19 13:19:46, INFO: Loss in epoch 119: 0.15
2022-09-19 13:19:46, INFO: Loss in epoch 120: 0.15
2022-09-19 13:19:46, INFO: Loss in epoch 121: 0.15
2022-09-19 13:19:46, INFO: Loss in epoch 122: 0.15
2022-09-19 13:19:46, INFO: Loss in epoch 123: 0.15
2022-09-19 13:19:47, INFO: Loss in epoch 124: 0.15
2022-09-19 13:19:47, INFO: Loss in epoch 125: 0.15
2022-09-19 13:19:47, INFO: Loss in epoch 126: 0.15
2022-09-19 13:19:47, INFO: Loss in epoch 127: 0.15
2022-09-19 13:19:47, INFO: Loss in epoch 128: 0.15
2022-09-19 13:19:47, INFO: Loss in epoch 129: 0.15
2022-09-19 13:19:47, INFO: Loss in epoch 130: 0.15
2022-09-19 13:19:48, INFO: Loss in epoch 131: 0.15
2022-09-19 13:19:48, INFO: Loss in epoch 132: 0.15
2022-09-19 13:19:48, INFO: Loss in epoch 133: 0.15
2022-09-19 13:19:48, INFO: Loss in epoch 134: 0.15
2022-09-19 13:19:48, INFO: Loss in epoch 135: 0.15
2022-09-19 13:19:48, INFO: Loss in epoch 136: 0.15
2022-09-19 13:19:48, INFO: Loss in epoch 137: 0.15
2022-09-19 13:19:49, INFO: Loss in epoch 138: 0.15
2022-09-19 13:19:49, INFO: Loss in epoch 139: 0.15
2022-09-19 13:19:49, INFO: Loss in epoch 140: 0.15
2022-09-19 13:19:49, INFO: Loss in epoch 141: 0.15
2022-09-19 13:19:49, INFO: Loss in epoch 142: 0.15
2022-09-19 13:19:49, INFO: Loss in epoch 143: 0.15
2022-09-19 13:19:49, INFO: Loss in epoch 144: 0.15
2022-09-19 13:19:50, INFO: Loss in epoch 145: 0.15
2022-09-19 13:19:50, INFO: Loss in epoch 146: 0.15
2022-09-19 13:19:50, INFO: Loss in epoch 147: 0.14
2022-09-19 13:19:50, INFO: Loss in epoch 148: 0.14
2022-09-19 13:19:50, INFO: Loss in epoch 149: 0.14
2022-09-19 13:19:50, INFO: Loss in epoch 150: 0.14
2022-09-19 13:19:50, INFO: Loss in epoch 151: 0.14
2022-09-19 13:19:51, INFO: Loss in epoch 152: 0.14
2022-09-19 13:19:51, INFO: Loss in epoch 153: 0.14
2022-09-19 13:19:51, INFO: Loss in epoch 154: 0.14
2022-09-19 13:19:51, INFO: Loss in epoch 155: 0.14
2022-09-19 13:19:51, INFO: Loss in epoch 156: 0.14
2022-09-19 13:19:51, INFO: Loss in epoch 157: 0.14
2022-09-19 13:19:52, INFO: Loss in epoch 158: 0.14
2022-09-19 13:19:52, INFO: Loss in epoch 159: 0.14
2022-09-19 13:19:52, INFO: Loss in epoch 160: 0.14
2022-09-19 13:19:52, INFO: Loss in epoch 161: 0.14
2022-09-19 13:19:52, INFO: Loss in epoch 162: 0.14
2022-09-19 13:19:52, INFO: Loss in epoch 163: 0.14
2022-09-19 13:19:53, INFO: Loss in epoch 164: 0.14
2022-09-19 13:19:53, INFO: Loss in epoch 165: 0.14
2022-09-19 13:19:53, INFO: Loss in epoch 166: 0.14
2022-09-19 13:19:53, INFO: Loss in epoch 167: 0.14
2022-09-19 13:19:53, INFO: Loss in epoch 168: 0.14
2022-09-19 13:19:54, INFO: Loss in epoch 169: 0.14
2022-09-19 13:19:54, INFO: Loss in epoch 170: 0.14
2022-09-19 13:19:54, INFO: Loss in epoch 171: 0.14
2022-09-19 13:19:54, INFO: Loss in epoch 172: 0.14
2022-09-19 13:19:54, INFO: Loss in epoch 173: 0.14
2022-09-19 13:19:54, INFO: Loss in epoch 174: 0.14
2022-09-19 13:19:54, INFO: Loss in epoch 175: 0.14
2022-09-19 13:19:55, INFO: Loss in epoch 176: 0.14
2022-09-19 13:19:55, INFO: Loss in epoch 177: 0.14
2022-09-19 13:19:55, INFO: Loss in epoch 178: 0.14
2022-09-19 13:19:55, INFO: Loss in epoch 179: 0.14
2022-09-19 13:19:55, INFO: Loss in epoch 180: 0.14
2022-09-19 13:19:55, INFO: Loss in epoch 181: 0.14
2022-09-19 13:19:55, INFO: Loss in epoch 182: 0.14
2022-09-19 13:19:55, INFO: Loss in epoch 183: 0.14
2022-09-19 13:19:56, INFO: Loss in epoch 184: 0.14
2022-09-19 13:19:56, INFO: Loss in epoch 185: 0.14
2022-09-19 13:19:56, INFO: Loss in epoch 186: 0.14
2022-09-19 13:19:56, INFO: Loss in epoch 187: 0.14
2022-09-19 13:19:56, INFO: Loss in epoch 188: 0.14
2022-09-19 13:19:56, INFO: Loss in epoch 189: 0.14
2022-09-19 13:19:56, INFO: Loss in epoch 190: 0.14
2022-09-19 13:19:57, INFO: Loss in epoch 191: 0.14
2022-09-19 13:19:57, INFO: Loss in epoch 192: 0.14
2022-09-19 13:19:57, INFO: Loss in epoch 193: 0.14
2022-09-19 13:19:57, INFO: Loss in epoch 194: 0.14
2022-09-19 13:19:57, INFO: Loss in epoch 195: 0.14
2022-09-19 13:19:57, INFO: Loss in epoch 196: 0.14
2022-09-19 13:19:57, INFO: Loss in epoch 197: 0.14
2022-09-19 13:19:58, INFO: Loss in epoch 198: 0.14
2022-09-19 13:19:58, INFO: Loss in epoch 199: 0.14
2022-09-19 13:19:58, INFO: Loss in epoch 200: 0.14
2022-09-19 13:19:58, INFO: Loss in epoch 201: 0.14
2022-09-19 13:19:58, INFO: Loss in epoch 202: 0.14
2022-09-19 13:19:58, INFO: Loss in epoch 203: 0.14
2022-09-19 13:19:58, INFO: Loss in epoch 204: 0.14
2022-09-19 13:19:58, INFO: Loss in epoch 205: 0.14
2022-09-19 13:19:59, INFO: Loss in epoch 206: 0.14
2022-09-19 13:19:59, INFO: Loss in epoch 207: 0.14
2022-09-19 13:19:59, INFO: Loss in epoch 208: 0.14
2022-09-19 13:19:59, INFO: Loss in epoch 209: 0.14
2022-09-19 13:19:59, INFO: Loss in epoch 210: 0.14
2022-09-19 13:19:59, INFO: Loss in epoch 211: 0.14
2022-09-19 13:20:00, INFO: Loss in epoch 212: 0.14
2022-09-19 13:20:00, INFO: Loss in epoch 213: 0.14
2022-09-19 13:20:00, INFO: Loss in epoch 214: 0.14
2022-09-19 13:20:00, INFO: Loss in epoch 215: 0.14
2022-09-19 13:20:00, INFO: Loss in epoch 216: 0.14
2022-09-19 13:20:00, INFO: Loss in epoch 217: 0.14
2022-09-19 13:20:00, INFO: Loss in epoch 218: 0.14
2022-09-19 13:20:01, INFO: Loss in epoch 219: 0.14
2022-09-19 13:20:01, INFO: Loss in epoch 220: 0.14
2022-09-19 13:20:01, INFO: Loss in epoch 221: 0.14
2022-09-19 13:20:01, INFO: Loss in epoch 222: 0.14
2022-09-19 13:20:01, INFO: Loss in epoch 223: 0.14
2022-09-19 13:20:01, INFO: Loss in epoch 224: 0.14
2022-09-19 13:20:02, INFO: Loss in epoch 225: 0.14
2022-09-19 13:20:02, INFO: Loss in epoch 226: 0.14
2022-09-19 13:20:02, INFO: Loss in epoch 227: 0.14
2022-09-19 13:20:02, INFO: Loss in epoch 228: 0.14
2022-09-19 13:20:02, INFO: Loss in epoch 229: 0.14
2022-09-19 13:20:02, INFO: Loss in epoch 230: 0.14
2022-09-19 13:20:02, INFO: Loss in epoch 231: 0.14
2022-09-19 13:20:03, INFO: Loss in epoch 232: 0.14
2022-09-19 13:20:03, INFO: Loss in epoch 233: 0.14
2022-09-19 13:20:03, INFO: Loss in epoch 234: 0.14
2022-09-19 13:20:03, INFO: Loss in epoch 235: 0.14
2022-09-19 13:20:03, INFO: Loss in epoch 236: 0.14
2022-09-19 13:20:03, INFO: Loss in epoch 237: 0.14
2022-09-19 13:20:03, INFO: Loss in epoch 238: 0.14
2022-09-19 13:20:04, INFO: Loss in epoch 239: 0.14
2022-09-19 13:20:04, INFO: Loss in epoch 240: 0.14
2022-09-19 13:20:04, INFO: Loss in epoch 241: 0.14
2022-09-19 13:20:04, INFO: Loss in epoch 242: 0.14
2022-09-19 13:20:04, INFO: Loss in epoch 243: 0.14
2022-09-19 13:20:04, INFO: Loss in epoch 244: 0.14
2022-09-19 13:20:04, INFO: Loss in epoch 245: 0.14
2022-09-19 13:20:04, INFO: Loss in epoch 246: 0.14
2022-09-19 13:20:05, INFO: Loss in epoch 247: 0.14
2022-09-19 13:20:05, INFO: Loss in epoch 248: 0.14
2022-09-19 13:20:05, INFO: Loss in epoch 249: 0.14
2022-09-19 13:20:05, INFO: Finish initializing model. Model saved
2022-09-19 13:30:50, INFO: test in episode 0 has success rate: 0.57, failure rate: 0.34, average extra time to goal: 30
2022-09-19 13:31:46, INFO: train in episode 0 has success rate: 0.10, failure rate: 0.30, average extra time to goal: 42
2022-09-19 13:31:46, INFO: Loss in epoch 0 is 0.14965178142301738
2022-09-19 13:31:46, INFO: Loss in epoch 1 is 0.1459584159310907
2022-09-19 13:31:46, INFO: Loss in epoch 2 is 0.14518415345810354
2022-09-19 13:31:47, INFO: Loss in epoch 3 is 0.14474823186174035
2022-09-19 13:31:47, INFO: Loss in epoch 4 is 0.14446037635207176
2022-09-19 13:31:47, INFO: Loss in epoch 5 is 0.14435621397569776
2022-09-19 13:31:47, INFO: Loss in epoch 6 is 0.14394889399409294
2022-09-19 13:31:47, INFO: Loss in epoch 7 is 0.14384655631147325
2022-09-19 13:31:48, INFO: Loss in epoch 8 is 0.14368863916024566
2022-09-19 13:31:48, INFO: Loss in epoch 9 is 0.14353395183570683
2022-09-19 13:31:48, INFO: Loss in epoch 10 is 0.14321635384112597
2022-09-19 13:31:48, INFO: Loss in epoch 11 is 0.14318726817145944
2022-09-19 13:31:48, INFO: Loss in epoch 12 is 0.14306755806319416
2022-09-19 13:31:48, INFO: Loss in epoch 13 is 0.14310510479845107
2022-09-19 13:31:49, INFO: Loss in epoch 14 is 0.14303529309108853
2022-09-19 13:31:49, INFO: Loss in epoch 15 is 0.14290766278281808
2022-09-19 13:31:49, INFO: Loss in epoch 16 is 0.1427451956551522
2022-09-19 13:31:49, INFO: Loss in epoch 17 is 0.1428771587088704
2022-09-19 13:31:49, INFO: Loss in epoch 18 is 0.14271667320281267
2022-09-19 13:31:50, INFO: Loss in epoch 19 is 0.14232397102750838
2022-09-19 13:31:50, INFO: Loss in epoch 20 is 0.1423795318696648
2022-09-19 13:31:50, INFO: Loss in epoch 21 is 0.14210482616908848
2022-09-19 13:31:50, INFO: Loss in epoch 22 is 0.14198247296735644
2022-09-19 13:31:50, INFO: Loss in epoch 23 is 0.14183058752678335
2022-09-19 13:31:50, INFO: Loss in epoch 24 is 0.1417710715904832
2022-09-19 13:31:51, INFO: Loss in epoch 25 is 0.14223467069678009
2022-09-19 13:31:51, INFO: Loss in epoch 26 is 0.14190362254157662
2022-09-19 13:31:51, INFO: Loss in epoch 27 is 0.14210752048529685
2022-09-19 13:31:51, INFO: Loss in epoch 28 is 0.14147371798753738
2022-09-19 13:31:51, INFO: Loss in epoch 29 is 0.1413193808402866
2022-09-19 13:32:50, INFO: train in episode 1 has success rate: 0.40, failure rate: 0.30, average extra time to goal: 42
2022-09-19 13:32:50, INFO: Loss in epoch 0 is 0.14845826523378491
2022-09-19 13:32:50, INFO: Loss in epoch 1 is 0.14736933121457696
2022-09-19 13:32:50, INFO: Loss in epoch 2 is 0.14702235930599272
2022-09-19 13:32:51, INFO: Loss in epoch 3 is 0.14701583399437368
2022-09-19 13:32:51, INFO: Loss in epoch 4 is 0.14684504689648747
2022-09-19 13:32:51, INFO: Loss in epoch 5 is 0.1464743702672422
2022-09-19 13:32:51, INFO: Loss in epoch 6 is 0.14618513686582446
2022-09-19 13:32:51, INFO: Loss in epoch 7 is 0.14623311744071543
2022-09-19 13:32:51, INFO: Loss in epoch 8 is 0.14614481246098876
2022-09-19 13:32:52, INFO: Loss in epoch 9 is 0.1458840360864997
2022-09-19 13:32:52, INFO: Loss in epoch 10 is 0.14590549212880433
2022-09-19 13:32:52, INFO: Loss in epoch 11 is 0.14591815369203687
2022-09-19 13:32:52, INFO: Loss in epoch 12 is 0.1456111886072904
2022-09-19 13:32:52, INFO: Loss in epoch 13 is 0.14541428559459746
2022-09-19 13:32:53, INFO: Loss in epoch 14 is 0.14531721756793559
2022-09-19 13:32:53, INFO: Loss in epoch 15 is 0.14523003832437098
2022-09-19 13:32:53, INFO: Loss in epoch 16 is 0.1450486381072551
2022-09-19 13:32:53, INFO: Loss in epoch 17 is 0.14517766027711332
2022-09-19 13:32:53, INFO: Loss in epoch 18 is 0.1451159566640854
2022-09-19 13:32:53, INFO: Loss in epoch 19 is 0.1447326315101236
2022-09-19 13:32:54, INFO: Loss in epoch 20 is 0.14469757163897157
2022-09-19 13:32:54, INFO: Loss in epoch 21 is 0.14464005967602134
2022-09-19 13:32:54, INFO: Loss in epoch 22 is 0.14457425056025386
2022-09-19 13:32:54, INFO: Loss in epoch 23 is 0.14475360559299588
2022-09-19 13:32:54, INFO: Loss in epoch 24 is 0.14452790236100554
2022-09-19 13:32:55, INFO: Loss in epoch 25 is 0.14409467042423785
2022-09-19 13:32:55, INFO: Loss in epoch 26 is 0.14438062347471714
2022-09-19 13:32:55, INFO: Loss in epoch 27 is 0.14421495818533003
2022-09-19 13:32:55, INFO: Loss in epoch 28 is 0.14392943191342056
2022-09-19 13:32:55, INFO: Loss in epoch 29 is 0.14388126297853887
2022-09-19 13:33:58, INFO: train in episode 2 has success rate: 0.60, failure rate: 0.20, average extra time to goal: 48
2022-09-19 13:33:58, INFO: Loss in epoch 0 is 0.14389686402864754
2022-09-19 13:33:59, INFO: Loss in epoch 1 is 0.14375964202918112
2022-09-19 13:33:59, INFO: Loss in epoch 2 is 0.14375601965002716
2022-09-19 13:33:59, INFO: Loss in epoch 3 is 0.1433431904297322
2022-09-19 13:33:59, INFO: Loss in epoch 4 is 0.1432675546966493
2022-09-19 13:34:00, INFO: Loss in epoch 5 is 0.14305733027867973
2022-09-19 13:34:00, INFO: Loss in epoch 6 is 0.14285152545198798
2022-09-19 13:34:00, INFO: Loss in epoch 7 is 0.1432103516999632
2022-09-19 13:34:01, INFO: Loss in epoch 8 is 0.14318430656567216
2022-09-19 13:34:01, INFO: Loss in epoch 9 is 0.1426844683010131
2022-09-19 13:34:01, INFO: Loss in epoch 10 is 0.14276000950485468
2022-09-19 13:34:01, INFO: Loss in epoch 11 is 0.1427188511006534
2022-09-19 13:34:02, INFO: Loss in epoch 12 is 0.14245215943083167
2022-09-19 13:34:02, INFO: Loss in epoch 13 is 0.14266764628700912
2022-09-19 13:34:02, INFO: Loss in epoch 14 is 0.14278056984767318
2022-09-19 13:34:03, INFO: Loss in epoch 15 is 0.14222217560745776
2022-09-19 13:34:03, INFO: Loss in epoch 16 is 0.14209836046211421
2022-09-19 13:34:03, INFO: Loss in epoch 17 is 0.1421034245286137
2022-09-19 13:34:03, INFO: Loss in epoch 18 is 0.14212341071106493
2022-09-19 13:34:04, INFO: Loss in epoch 19 is 0.14213719684630632
2022-09-19 13:34:04, INFO: Loss in epoch 20 is 0.1418481580913067
2022-09-19 13:34:04, INFO: Loss in epoch 21 is 0.14195937593467534
2022-09-19 13:34:05, INFO: Loss in epoch 22 is 0.14169543143361807
2022-09-19 13:34:05, INFO: Loss in epoch 23 is 0.14166467008180916
2022-09-19 13:34:05, INFO: Loss in epoch 24 is 0.14176372671499848
2022-09-19 13:34:06, INFO: Loss in epoch 25 is 0.14177602855488658
2022-09-19 13:34:06, INFO: Loss in epoch 26 is 0.14200475765392184
2022-09-19 13:34:06, INFO: Loss in epoch 27 is 0.14141870778985322
2022-09-19 13:34:07, INFO: Loss in epoch 28 is 0.14170364500023425
2022-09-19 13:34:07, INFO: Loss in epoch 29 is 0.14156245882622898
2022-09-19 13:35:09, INFO: train in episode 3 has success rate: 0.50, failure rate: 0.20, average extra time to goal: 38
2022-09-19 13:35:09, INFO: Loss in epoch 0 is 0.14207447180524468
2022-09-19 13:35:10, INFO: Loss in epoch 1 is 0.1419250350445509
2022-09-19 13:35:10, INFO: Loss in epoch 2 is 0.14182904409244657
2022-09-19 13:35:10, INFO: Loss in epoch 3 is 0.14235660573467612
2022-09-19 13:35:10, INFO: Loss in epoch 4 is 0.14233448402956128
2022-09-19 13:35:10, INFO: Loss in epoch 5 is 0.1418418358080089
2022-09-19 13:35:10, INFO: Loss in epoch 6 is 0.14139964547939599
2022-09-19 13:35:11, INFO: Loss in epoch 7 is 0.14127575256861746
2022-09-19 13:35:11, INFO: Loss in epoch 8 is 0.14129180531017482
2022-09-19 13:35:11, INFO: Loss in epoch 9 is 0.14113279432058334
2022-09-19 13:35:11, INFO: Loss in epoch 10 is 0.14128284365870059
2022-09-19 13:35:11, INFO: Loss in epoch 11 is 0.14228585874661803
2022-09-19 13:35:12, INFO: Loss in epoch 12 is 0.14097661874257028
2022-09-19 13:35:12, INFO: Loss in epoch 13 is 0.1408218031283468
2022-09-19 13:35:12, INFO: Loss in epoch 14 is 0.14076797245070338
2022-09-19 13:35:12, INFO: Loss in epoch 15 is 0.14086532895453274
2022-09-19 13:35:12, INFO: Loss in epoch 16 is 0.1406510677188635
2022-09-19 13:35:13, INFO: Loss in epoch 17 is 0.14054715586826205
2022-09-19 13:35:13, INFO: Loss in epoch 18 is 0.14062838535755873
2022-09-19 13:35:13, INFO: Loss in epoch 19 is 0.14074375946074724
2022-09-19 13:35:13, INFO: Loss in epoch 20 is 0.14061367232352495
2022-09-19 13:35:13, INFO: Loss in epoch 21 is 0.14044354832731187
2022-09-19 13:35:14, INFO: Loss in epoch 22 is 0.1403630585409701
2022-09-19 13:35:14, INFO: Loss in epoch 23 is 0.14037943887524307
2022-09-19 13:35:14, INFO: Loss in epoch 24 is 0.14018643740564585
2022-09-19 13:35:14, INFO: Loss in epoch 25 is 0.14015164598822594
2022-09-19 13:35:14, INFO: Loss in epoch 26 is 0.14008048572577536
2022-09-19 13:35:15, INFO: Loss in epoch 27 is 0.1402874062769115
2022-09-19 13:35:15, INFO: Loss in epoch 28 is 0.14008208108134568
2022-09-19 13:35:15, INFO: Loss in epoch 29 is 0.1398645241279155
2022-09-19 13:36:18, INFO: train in episode 4 has success rate: 0.60, failure rate: 0.20, average extra time to goal: 46
2022-09-19 13:36:18, INFO: Loss in epoch 0 is 0.13951452169567347
2022-09-19 13:36:18, INFO: Loss in epoch 1 is 0.1396179359871894
2022-09-19 13:36:18, INFO: Loss in epoch 2 is 0.13880847697146237
2022-09-19 13:36:18, INFO: Loss in epoch 3 is 0.13885290827602148
2022-09-19 13:36:18, INFO: Loss in epoch 4 is 0.13885099673643708
2022-09-19 13:36:19, INFO: Loss in epoch 5 is 0.1390717327594757
2022-09-19 13:36:19, INFO: Loss in epoch 6 is 0.1387996799312532
2022-09-19 13:36:19, INFO: Loss in epoch 7 is 0.13829307886771858
2022-09-19 13:36:19, INFO: Loss in epoch 8 is 0.13823157199658453
2022-09-19 13:36:19, INFO: Loss in epoch 9 is 0.13821232528425753
2022-09-19 13:36:20, INFO: Loss in epoch 10 is 0.13821676233783364
2022-09-19 13:36:20, INFO: Loss in epoch 11 is 0.137982786167413
2022-09-19 13:36:20, INFO: Loss in epoch 12 is 0.13812250643968582
2022-09-19 13:36:20, INFO: Loss in epoch 13 is 0.13809512159787118
2022-09-19 13:36:20, INFO: Loss in epoch 14 is 0.1377022424712777
2022-09-19 13:36:20, INFO: Loss in epoch 15 is 0.13792636897414923
2022-09-19 13:36:21, INFO: Loss in epoch 16 is 0.13801520550623536
2022-09-19 13:36:21, INFO: Loss in epoch 17 is 0.13774151937104762
2022-09-19 13:36:21, INFO: Loss in epoch 18 is 0.13775185775011778
2022-09-19 13:36:21, INFO: Loss in epoch 19 is 0.13768423721194267
2022-09-19 13:36:21, INFO: Loss in epoch 20 is 0.1379363825544715
2022-09-19 13:36:21, INFO: Loss in epoch 21 is 0.138114063302055
2022-09-19 13:36:22, INFO: Loss in epoch 22 is 0.13809052133001387
2022-09-19 13:36:22, INFO: Loss in epoch 23 is 0.13756318530067801
2022-09-19 13:36:22, INFO: Loss in epoch 24 is 0.1374533693306148
2022-09-19 13:36:22, INFO: Loss in epoch 25 is 0.13711030245758593
2022-09-19 13:36:22, INFO: Loss in epoch 26 is 0.13761948188766837
2022-09-19 13:36:23, INFO: Loss in epoch 27 is 0.1375004812143743
2022-09-19 13:36:23, INFO: Loss in epoch 28 is 0.13759881793521345
2022-09-19 13:36:23, INFO: Loss in epoch 29 is 0.1373552093282342
2022-09-19 13:37:10, INFO: train in episode 5 has success rate: 0.70, failure rate: 0.20, average extra time to goal: 34
2022-09-19 13:37:10, INFO: Loss in epoch 0 is 0.1402267839293927
2022-09-19 13:37:10, INFO: Loss in epoch 1 is 0.14015423483215272
2022-09-19 13:37:11, INFO: Loss in epoch 2 is 0.14036660944111645
2022-09-19 13:37:11, INFO: Loss in epoch 3 is 0.14026062889024615
2022-09-19 13:37:11, INFO: Loss in epoch 4 is 0.14023044146597385
2022-09-19 13:37:11, INFO: Loss in epoch 5 is 0.1401859764009714
2022-09-19 13:37:11, INFO: Loss in epoch 6 is 0.13981155678629875
2022-09-19 13:37:12, INFO: Loss in epoch 7 is 0.1403470782097429
2022-09-19 13:37:12, INFO: Loss in epoch 8 is 0.13981714961118996
2022-09-19 13:37:12, INFO: Loss in epoch 9 is 0.13959701755084097
2022-09-19 13:37:12, INFO: Loss in epoch 10 is 0.14025256084278226
2022-09-19 13:37:12, INFO: Loss in epoch 11 is 0.139667616924271
2022-09-19 13:37:13, INFO: Loss in epoch 12 is 0.13955187750980258
2022-09-19 13:37:13, INFO: Loss in epoch 13 is 0.1396799881476909
2022-09-19 13:37:13, INFO: Loss in epoch 14 is 0.13968159211799502
2022-09-19 13:37:13, INFO: Loss in epoch 15 is 0.139303389005363
2022-09-19 13:37:13, INFO: Loss in epoch 16 is 0.13960208813659847
2022-09-19 13:37:14, INFO: Loss in epoch 17 is 0.1394150524865836
2022-09-19 13:37:14, INFO: Loss in epoch 18 is 0.1393833712209016
2022-09-19 13:37:14, INFO: Loss in epoch 19 is 0.13941192347556353
2022-09-19 13:37:14, INFO: Loss in epoch 20 is 0.13921450288034976
2022-09-19 13:37:14, INFO: Loss in epoch 21 is 0.13922493369318545
2022-09-19 13:37:15, INFO: Loss in epoch 22 is 0.13956527668051422
2022-09-19 13:37:15, INFO: Loss in epoch 23 is 0.1389430072158575
2022-09-19 13:37:15, INFO: Loss in epoch 24 is 0.1391696585342288
2022-09-19 13:37:15, INFO: Loss in epoch 25 is 0.13910622359253466
2022-09-19 13:37:15, INFO: Loss in epoch 26 is 0.13903427682816982
2022-09-19 13:37:15, INFO: Loss in epoch 27 is 0.13937597023323178
2022-09-19 13:37:16, INFO: Loss in epoch 28 is 0.13972524250857532
2022-09-19 13:37:16, INFO: Loss in epoch 29 is 0.1395524046383798
2022-09-19 13:38:36, INFO: train in episode 6 has success rate: 0.70, failure rate: 0.10, average extra time to goal: 66
2022-09-19 13:38:36, INFO: Loss in epoch 0 is 0.14053695043548942
2022-09-19 13:38:36, INFO: Loss in epoch 1 is 0.1412379837129265
2022-09-19 13:38:36, INFO: Loss in epoch 2 is 0.13980036741122603
2022-09-19 13:38:37, INFO: Loss in epoch 3 is 0.14030653913505375
2022-09-19 13:38:37, INFO: Loss in epoch 4 is 0.14019551360979676
2022-09-19 13:38:37, INFO: Loss in epoch 5 is 0.13981236168183386
2022-09-19 13:38:37, INFO: Loss in epoch 6 is 0.13991561019793153
2022-09-19 13:38:37, INFO: Loss in epoch 7 is 0.1401419099420309
2022-09-19 13:38:38, INFO: Loss in epoch 8 is 0.13972216355614364
2022-09-19 13:38:38, INFO: Loss in epoch 9 is 0.1398514516185969
2022-09-19 13:38:38, INFO: Loss in epoch 10 is 0.13984029926359653
2022-09-19 13:38:38, INFO: Loss in epoch 11 is 0.13983707106672227
2022-09-19 13:38:38, INFO: Loss in epoch 12 is 0.13983172550797462
2022-09-19 13:38:39, INFO: Loss in epoch 13 is 0.13984263804741204
2022-09-19 13:38:39, INFO: Loss in epoch 14 is 0.1394440953154117
2022-09-19 13:38:39, INFO: Loss in epoch 15 is 0.13933258969336748
2022-09-19 13:38:39, INFO: Loss in epoch 16 is 0.1397073396947235
2022-09-19 13:38:39, INFO: Loss in epoch 17 is 0.13941980199888349
2022-09-19 13:38:39, INFO: Loss in epoch 18 is 0.13915753504261374
2022-09-19 13:38:40, INFO: Loss in epoch 19 is 0.13939416012726724
2022-09-19 13:38:40, INFO: Loss in epoch 20 is 0.13886100915260613
2022-09-19 13:38:40, INFO: Loss in epoch 21 is 0.13902919157408178
2022-09-19 13:38:40, INFO: Loss in epoch 22 is 0.1389840915799141
2022-09-19 13:38:40, INFO: Loss in epoch 23 is 0.13885553274303675
2022-09-19 13:38:41, INFO: Loss in epoch 24 is 0.1390359620563686
2022-09-19 13:38:41, INFO: Loss in epoch 25 is 0.13911904185079038
2022-09-19 13:38:41, INFO: Loss in epoch 26 is 0.13956670206971467
2022-09-19 13:38:41, INFO: Loss in epoch 27 is 0.13909305585548282
2022-09-19 13:38:41, INFO: Loss in epoch 28 is 0.13960768631659448
2022-09-19 13:38:42, INFO: Loss in epoch 29 is 0.13910543639212847
2022-09-19 13:39:50, INFO: train in episode 7 has success rate: 0.40, failure rate: 0.20, average extra time to goal: 49
2022-09-19 13:39:51, INFO: Loss in epoch 0 is 0.13847354985773563
2022-09-19 13:39:51, INFO: Loss in epoch 1 is 0.1382925482466817
2022-09-19 13:39:51, INFO: Loss in epoch 2 is 0.13801090116612613
2022-09-19 13:39:51, INFO: Loss in epoch 3 is 0.1384996937122196
2022-09-19 13:39:51, INFO: Loss in epoch 4 is 0.13788643083535135
2022-09-19 13:39:51, INFO: Loss in epoch 5 is 0.1375705641694367
2022-09-19 13:39:52, INFO: Loss in epoch 6 is 0.1375012428034097
2022-09-19 13:39:52, INFO: Loss in epoch 7 is 0.13787876907736063
2022-09-19 13:39:52, INFO: Loss in epoch 8 is 0.13805689895525575
2022-09-19 13:39:52, INFO: Loss in epoch 9 is 0.13739374815486372
2022-09-19 13:39:52, INFO: Loss in epoch 10 is 0.13778337091207504
2022-09-19 13:39:53, INFO: Loss in epoch 11 is 0.1378127965144813
2022-09-19 13:39:53, INFO: Loss in epoch 12 is 0.1379775668028742
2022-09-19 13:39:53, INFO: Loss in epoch 13 is 0.1373175634071231
2022-09-19 13:39:53, INFO: Loss in epoch 14 is 0.13749692030251026
2022-09-19 13:39:54, INFO: Loss in epoch 15 is 0.13752354984171689
2022-09-19 13:39:54, INFO: Loss in epoch 16 is 0.13779728370718658
2022-09-19 13:39:54, INFO: Loss in epoch 17 is 0.13766724290326238
2022-09-19 13:39:54, INFO: Loss in epoch 18 is 0.13782283919863403
2022-09-19 13:39:54, INFO: Loss in epoch 19 is 0.1371932066977024
2022-09-19 13:39:55, INFO: Loss in epoch 20 is 0.13713871221989393
2022-09-19 13:39:55, INFO: Loss in epoch 21 is 0.1374862426891923
2022-09-19 13:39:55, INFO: Loss in epoch 22 is 0.13741264096461236
2022-09-19 13:39:55, INFO: Loss in epoch 23 is 0.137545958859846
2022-09-19 13:39:55, INFO: Loss in epoch 24 is 0.13770730490796268
2022-09-19 13:39:56, INFO: Loss in epoch 25 is 0.1370947880204767
2022-09-19 13:39:56, INFO: Loss in epoch 26 is 0.1366606226656586
2022-09-19 13:39:56, INFO: Loss in epoch 27 is 0.13668093318119645
2022-09-19 13:39:56, INFO: Loss in epoch 28 is 0.1370680802501738
2022-09-19 13:39:57, INFO: Loss in epoch 29 is 0.13683431665413082
2022-09-19 13:40:56, INFO: train in episode 8 has success rate: 0.30, failure rate: 0.40, average extra time to goal: 30
2022-09-19 13:40:56, INFO: Loss in epoch 0 is 0.13768727844581008
2022-09-19 13:40:56, INFO: Loss in epoch 1 is 0.1379526483360678
2022-09-19 13:40:56, INFO: Loss in epoch 2 is 0.1378821232356131
2022-09-19 13:40:56, INFO: Loss in epoch 3 is 0.13839244190603495
2022-09-19 13:40:56, INFO: Loss in epoch 4 is 0.1387084973976016
2022-09-19 13:40:57, INFO: Loss in epoch 5 is 0.13793323002755642
2022-09-19 13:40:57, INFO: Loss in epoch 6 is 0.13776470231823623
2022-09-19 13:40:57, INFO: Loss in epoch 7 is 0.13784885313361883
2022-09-19 13:40:57, INFO: Loss in epoch 8 is 0.1380092662293464
2022-09-19 13:40:57, INFO: Loss in epoch 9 is 0.1377946436405182
2022-09-19 13:40:58, INFO: Loss in epoch 10 is 0.13749286415986717
2022-09-19 13:40:58, INFO: Loss in epoch 11 is 0.13757795211859047
2022-09-19 13:40:58, INFO: Loss in epoch 12 is 0.1382229698356241
2022-09-19 13:40:58, INFO: Loss in epoch 13 is 0.13777160202153027
2022-09-19 13:40:58, INFO: Loss in epoch 14 is 0.13768783933483064
2022-09-19 13:40:59, INFO: Loss in epoch 15 is 0.13728713057935238
2022-09-19 13:40:59, INFO: Loss in epoch 16 is 0.13845395762473345
2022-09-19 13:40:59, INFO: Loss in epoch 17 is 0.13901279587298632
2022-09-19 13:40:59, INFO: Loss in epoch 18 is 0.1374682169407606
2022-09-19 13:40:59, INFO: Loss in epoch 19 is 0.13745264732278883
2022-09-19 13:40:59, INFO: Loss in epoch 20 is 0.1373641735408455
2022-09-19 13:41:00, INFO: Loss in epoch 21 is 0.1374798051547259
2022-09-19 13:41:00, INFO: Loss in epoch 22 is 0.1377858086489141
2022-09-19 13:41:00, INFO: Loss in epoch 23 is 0.13717723544687033
2022-09-19 13:41:00, INFO: Loss in epoch 24 is 0.1370418055448681
2022-09-19 13:41:00, INFO: Loss in epoch 25 is 0.13760105450637639
2022-09-19 13:41:01, INFO: Loss in epoch 26 is 0.13797389529645443
2022-09-19 13:41:01, INFO: Loss in epoch 27 is 0.13733544177375734
2022-09-19 13:41:01, INFO: Loss in epoch 28 is 0.13837735331617296
2022-09-19 13:41:01, INFO: Loss in epoch 29 is 0.1374548696912825
2022-09-19 13:42:04, INFO: train in episode 9 has success rate: 0.50, failure rate: 0.30, average extra time to goal: 41
2022-09-19 13:42:04, INFO: Loss in epoch 0 is 0.13954411097802222
2022-09-19 13:42:04, INFO: Loss in epoch 1 is 0.13792776875197887
2022-09-19 13:42:05, INFO: Loss in epoch 2 is 0.13802998955361545
2022-09-19 13:42:05, INFO: Loss in epoch 3 is 0.13835523091256618
2022-09-19 13:42:05, INFO: Loss in epoch 4 is 0.1380954384803772
2022-09-19 13:42:05, INFO: Loss in epoch 5 is 0.1376475184224546
2022-09-19 13:42:05, INFO: Loss in epoch 6 is 0.1382603021338582
2022-09-19 13:42:06, INFO: Loss in epoch 7 is 0.13898001867346466
2022-09-19 13:42:06, INFO: Loss in epoch 8 is 0.13769149663858116
2022-09-19 13:42:06, INFO: Loss in epoch 9 is 0.13733287737704813
2022-09-19 13:42:06, INFO: Loss in epoch 10 is 0.13754476490430534
2022-09-19 13:42:06, INFO: Loss in epoch 11 is 0.1375418473035097
2022-09-19 13:42:07, INFO: Loss in epoch 12 is 0.13753903121687472
2022-09-19 13:42:07, INFO: Loss in epoch 13 is 0.13738834206014872
2022-09-19 13:42:07, INFO: Loss in epoch 14 is 0.13839712063781917
2022-09-19 13:42:07, INFO: Loss in epoch 15 is 0.137834440683946
2022-09-19 13:42:07, INFO: Loss in epoch 16 is 0.13759951828978956
2022-09-19 13:42:08, INFO: Loss in epoch 17 is 0.13783240015618503
2022-09-19 13:42:08, INFO: Loss in epoch 18 is 0.1374284722842276
2022-09-19 13:42:08, INFO: Loss in epoch 19 is 0.13780344766564667
2022-09-19 13:42:08, INFO: Loss in epoch 20 is 0.13750061695463955
2022-09-19 13:42:08, INFO: Loss in epoch 21 is 0.13713021739386022
2022-09-19 13:42:09, INFO: Loss in epoch 22 is 0.13736295816488564
2022-09-19 13:42:09, INFO: Loss in epoch 23 is 0.13810855126939714
2022-09-19 13:42:09, INFO: Loss in epoch 24 is 0.13784682378172874
2022-09-19 13:42:09, INFO: Loss in epoch 25 is 0.1376396466512233
2022-09-19 13:42:09, INFO: Loss in epoch 26 is 0.13745709508657455
2022-09-19 13:42:10, INFO: Loss in epoch 27 is 0.13730822457000613
2022-09-19 13:42:10, INFO: Loss in epoch 28 is 0.13702622544951737
2022-09-19 13:42:10, INFO: Loss in epoch 29 is 0.13724942994304
2022-09-19 13:43:06, INFO: train in episode 10 has success rate: 0.40, failure rate: 0.30, average extra time to goal: 36
2022-09-19 13:43:06, INFO: Loss in epoch 0 is 0.13764880714006722
2022-09-19 13:43:07, INFO: Loss in epoch 1 is 0.13750548311509192
2022-09-19 13:43:07, INFO: Loss in epoch 2 is 0.13691700203344226
2022-09-19 13:43:07, INFO: Loss in epoch 3 is 0.1372774604242295
2022-09-19 13:43:07, INFO: Loss in epoch 4 is 0.13648332771845162
2022-09-19 13:43:07, INFO: Loss in epoch 5 is 0.136525000911206
2022-09-19 13:43:08, INFO: Loss in epoch 6 is 0.13639799458906054
2022-09-19 13:43:08, INFO: Loss in epoch 7 is 0.13701326143927872
2022-09-19 13:43:08, INFO: Loss in epoch 8 is 0.1363456309773028
2022-09-19 13:43:08, INFO: Loss in epoch 9 is 0.136186653515324
2022-09-19 13:43:09, INFO: Loss in epoch 10 is 0.13635040866211057
2022-09-19 13:43:09, INFO: Loss in epoch 11 is 0.1360697615891695
2022-09-19 13:43:09, INFO: Loss in epoch 12 is 0.13648890028707683
2022-09-19 13:43:09, INFO: Loss in epoch 13 is 0.13614605413749814
2022-09-19 13:43:09, INFO: Loss in epoch 14 is 0.13614934240467846
2022-09-19 13:43:10, INFO: Loss in epoch 15 is 0.13669028971344233
2022-09-19 13:43:10, INFO: Loss in epoch 16 is 0.13676382740959525
2022-09-19 13:43:10, INFO: Loss in epoch 17 is 0.13641408854164183
2022-09-19 13:43:10, INFO: Loss in epoch 18 is 0.1362866039853543
2022-09-19 13:43:10, INFO: Loss in epoch 19 is 0.13623718661256135
2022-09-19 13:43:11, INFO: Loss in epoch 20 is 0.13603119808249176
2022-09-19 13:43:11, INFO: Loss in epoch 21 is 0.13613130850717425
2022-09-19 13:43:11, INFO: Loss in epoch 22 is 0.13587470492348075
2022-09-19 13:43:11, INFO: Loss in epoch 23 is 0.13584854919463396
2022-09-19 13:43:12, INFO: Loss in epoch 24 is 0.1360466789919883
2022-09-19 13:43:12, INFO: Loss in epoch 25 is 0.13618812360800803
2022-09-19 13:43:12, INFO: Loss in epoch 26 is 0.13653967599384487
2022-09-19 13:43:12, INFO: Loss in epoch 27 is 0.13683789828792214
2022-09-19 13:43:12, INFO: Loss in epoch 28 is 0.13611105107702315
2022-09-19 13:43:13, INFO: Loss in epoch 29 is 0.13565303571522236
2022-09-19 13:44:04, INFO: train in episode 11 has success rate: 0.50, failure rate: 0.30, average extra time to goal: 42
2022-09-19 13:44:05, INFO: Loss in epoch 0 is 0.1376738043036312
2022-09-19 13:44:05, INFO: Loss in epoch 1 is 0.1383596418891102
2022-09-19 13:44:05, INFO: Loss in epoch 2 is 0.1375982970930636
2022-09-19 13:44:05, INFO: Loss in epoch 3 is 0.1379601329099387
2022-09-19 13:44:05, INFO: Loss in epoch 4 is 0.13846419798210263
2022-09-19 13:44:05, INFO: Loss in epoch 5 is 0.13826120388694108
2022-09-19 13:44:06, INFO: Loss in epoch 6 is 0.1375504876486957
2022-09-19 13:44:06, INFO: Loss in epoch 7 is 0.13763610157184303
2022-09-19 13:44:06, INFO: Loss in epoch 8 is 0.13836258789524436
2022-09-19 13:44:06, INFO: Loss in epoch 9 is 0.13735704612918198
2022-09-19 13:44:07, INFO: Loss in epoch 10 is 0.13787163724191487
2022-09-19 13:44:07, INFO: Loss in epoch 11 is 0.13756383256986737
2022-09-19 13:44:07, INFO: Loss in epoch 12 is 0.13790546264499426
2022-09-19 13:44:07, INFO: Loss in epoch 13 is 0.1373995807953179
2022-09-19 13:44:07, INFO: Loss in epoch 14 is 0.13757088058628142
2022-09-19 13:44:08, INFO: Loss in epoch 15 is 0.13753884308971465
2022-09-19 13:44:08, INFO: Loss in epoch 16 is 0.13731066440232098
2022-09-19 13:44:08, INFO: Loss in epoch 17 is 0.13748122355900705
2022-09-19 13:44:08, INFO: Loss in epoch 18 is 0.13711185567080975
2022-09-19 13:44:08, INFO: Loss in epoch 19 is 0.13721823086962104
2022-09-19 13:44:09, INFO: Loss in epoch 20 is 0.1374024839606136
2022-09-19 13:44:09, INFO: Loss in epoch 21 is 0.1379599506035447
2022-09-19 13:44:09, INFO: Loss in epoch 22 is 0.13757685711607337
2022-09-19 13:44:09, INFO: Loss in epoch 23 is 0.13693168899044394
2022-09-19 13:44:09, INFO: Loss in epoch 24 is 0.13686176924966276
2022-09-19 13:44:10, INFO: Loss in epoch 25 is 0.13780584768392146
2022-09-19 13:44:10, INFO: Loss in epoch 26 is 0.1391137670725584
2022-09-19 13:44:10, INFO: Loss in epoch 27 is 0.13680832763202488
2022-09-19 13:44:10, INFO: Loss in epoch 28 is 0.13712539663538337
2022-09-19 13:44:10, INFO: Loss in epoch 29 is 0.13694941089488566
2022-09-19 13:45:31, INFO: train in episode 12 has success rate: 0.30, failure rate: 0.10, average extra time to goal: 32
2022-09-19 13:45:31, INFO: Loss in epoch 0 is 0.13668399630114436
2022-09-19 13:45:32, INFO: Loss in epoch 1 is 0.13664396316744387
2022-09-19 13:45:32, INFO: Loss in epoch 2 is 0.13739368855021894
2022-09-19 13:45:32, INFO: Loss in epoch 3 is 0.13664273032918572
2022-09-19 13:45:32, INFO: Loss in epoch 4 is 0.13713818206451833
2022-09-19 13:45:32, INFO: Loss in epoch 5 is 0.13717227336019278
2022-09-19 13:45:33, INFO: Loss in epoch 6 is 0.13703795126639307
2022-09-19 13:45:33, INFO: Loss in epoch 7 is 0.13617591909132898
2022-09-19 13:45:33, INFO: Loss in epoch 8 is 0.13677558209747076
2022-09-19 13:45:33, INFO: Loss in epoch 9 is 0.13676839764229953
2022-09-19 13:45:34, INFO: Loss in epoch 10 is 0.1369345139246434
2022-09-19 13:45:34, INFO: Loss in epoch 11 is 0.13617589883506298
2022-09-19 13:45:34, INFO: Loss in epoch 12 is 0.13643595669418573
2022-09-19 13:45:34, INFO: Loss in epoch 13 is 0.13619938702322543
2022-09-19 13:45:34, INFO: Loss in epoch 14 is 0.13671780284494162
2022-09-19 13:45:35, INFO: Loss in epoch 15 is 0.13606589986011386
2022-09-19 13:45:35, INFO: Loss in epoch 16 is 0.13634637463837862
2022-09-19 13:45:35, INFO: Loss in epoch 17 is 0.13653225032612681
2022-09-19 13:45:35, INFO: Loss in epoch 18 is 0.1366943484172225
2022-09-19 13:45:36, INFO: Loss in epoch 19 is 0.13662834744900465
2022-09-19 13:45:36, INFO: Loss in epoch 20 is 0.13698672805912793
2022-09-19 13:45:36, INFO: Loss in epoch 21 is 0.13629379635676742
2022-09-19 13:45:36, INFO: Loss in epoch 22 is 0.1358824649360031
2022-09-19 13:45:36, INFO: Loss in epoch 23 is 0.1360155523288995
2022-09-19 13:45:36, INFO: Loss in epoch 24 is 0.1363085345365107
2022-09-19 13:45:37, INFO: Loss in epoch 25 is 0.13677187566645443
2022-09-19 13:45:37, INFO: Loss in epoch 26 is 0.13641764386557043
2022-09-19 13:45:37, INFO: Loss in epoch 27 is 0.1364092247094959
2022-09-19 13:45:37, INFO: Loss in epoch 28 is 0.13650814816355705
2022-09-19 13:45:37, INFO: Loss in epoch 29 is 0.13570914114825428
2022-09-19 13:46:28, INFO: train in episode 13 has success rate: 0.40, failure rate: 0.40, average extra time to goal: 47
2022-09-19 13:46:28, INFO: Loss in epoch 0 is 0.1385160603094846
2022-09-19 13:46:29, INFO: Loss in epoch 1 is 0.1390968468040228
2022-09-19 13:46:29, INFO: Loss in epoch 2 is 0.13843646692112088
2022-09-19 13:46:29, INFO: Loss in epoch 3 is 0.1390450056642294
2022-09-19 13:46:29, INFO: Loss in epoch 4 is 0.13836904964409769
2022-09-19 13:46:29, INFO: Loss in epoch 5 is 0.13819071161560714
2022-09-19 13:46:30, INFO: Loss in epoch 6 is 0.13841861300170422
2022-09-19 13:46:30, INFO: Loss in epoch 7 is 0.13821118674241006
2022-09-19 13:46:30, INFO: Loss in epoch 8 is 0.13845672272145748
2022-09-19 13:46:30, INFO: Loss in epoch 9 is 0.13957979367114604
2022-09-19 13:46:30, INFO: Loss in epoch 10 is 0.13900223653763533
2022-09-19 13:46:30, INFO: Loss in epoch 11 is 0.1386235007084906
2022-09-19 13:46:31, INFO: Loss in epoch 12 is 0.13845431338995695
2022-09-19 13:46:31, INFO: Loss in epoch 13 is 0.13805563608184457
2022-09-19 13:46:31, INFO: Loss in epoch 14 is 0.13790260232053697
2022-09-19 13:46:31, INFO: Loss in epoch 15 is 0.1379353404045105
2022-09-19 13:46:31, INFO: Loss in epoch 16 is 0.13815249130129814
2022-09-19 13:46:32, INFO: Loss in epoch 17 is 0.13835415616631508
2022-09-19 13:46:32, INFO: Loss in epoch 18 is 0.13833769224584103
2022-09-19 13:46:32, INFO: Loss in epoch 19 is 0.1377767885569483
2022-09-19 13:46:32, INFO: Loss in epoch 20 is 0.13796137063764036
2022-09-19 13:46:32, INFO: Loss in epoch 21 is 0.13798791938461363
2022-09-19 13:46:33, INFO: Loss in epoch 22 is 0.139029233250767
2022-09-19 13:46:33, INFO: Loss in epoch 23 is 0.1382235756609589
2022-09-19 13:46:33, INFO: Loss in epoch 24 is 0.13831279706209898
2022-09-19 13:46:33, INFO: Loss in epoch 25 is 0.1384919744450599
2022-09-19 13:46:33, INFO: Loss in epoch 26 is 0.13882698793895543
2022-09-19 13:46:33, INFO: Loss in epoch 27 is 0.1378438991960138
2022-09-19 13:46:34, INFO: Loss in epoch 28 is 0.13748528063297272
2022-09-19 13:46:34, INFO: Loss in epoch 29 is 0.13795295939780772
2022-09-19 13:47:41, INFO: train in episode 14 has success rate: 0.80, failure rate: 0.00, average extra time to goal: 40
2022-09-19 13:47:41, INFO: Loss in epoch 0 is 0.13799960003234446
2022-09-19 13:47:42, INFO: Loss in epoch 1 is 0.1373249867465347
2022-09-19 13:47:42, INFO: Loss in epoch 2 is 0.13772188918665051
2022-09-19 13:47:42, INFO: Loss in epoch 3 is 0.1374728491064161
2022-09-19 13:47:42, INFO: Loss in epoch 4 is 0.1387021380942315
2022-09-19 13:47:43, INFO: Loss in epoch 5 is 0.13759494083933532
2022-09-19 13:47:43, INFO: Loss in epoch 6 is 0.1376150264404714
2022-09-19 13:47:43, INFO: Loss in epoch 7 is 0.1371863994281739
2022-09-19 13:47:43, INFO: Loss in epoch 8 is 0.13735373807139695
2022-09-19 13:47:43, INFO: Loss in epoch 9 is 0.13688602880574763
2022-09-19 13:47:44, INFO: Loss in epoch 10 is 0.13658704492263496
2022-09-19 13:47:44, INFO: Loss in epoch 11 is 0.1382547642569989
2022-09-19 13:47:44, INFO: Loss in epoch 12 is 0.1373051095288247
2022-09-19 13:47:44, INFO: Loss in epoch 13 is 0.13700990402139723
2022-09-19 13:47:44, INFO: Loss in epoch 14 is 0.13702237769030035
2022-09-19 13:47:45, INFO: Loss in epoch 15 is 0.13653752207756042
2022-09-19 13:47:45, INFO: Loss in epoch 16 is 0.1368242627941072
2022-09-19 13:47:45, INFO: Loss in epoch 17 is 0.13642768701538444
2022-09-19 13:47:45, INFO: Loss in epoch 18 is 0.13676394242793322
2022-09-19 13:47:45, INFO: Loss in epoch 19 is 0.13682513032108545
2022-09-19 13:47:46, INFO: Loss in epoch 20 is 0.13666747114621103
2022-09-19 13:47:46, INFO: Loss in epoch 21 is 0.13788571837358177
2022-09-19 13:47:46, INFO: Loss in epoch 22 is 0.13727610185742378
2022-09-19 13:47:46, INFO: Loss in epoch 23 is 0.1362827073317021
2022-09-19 13:47:46, INFO: Loss in epoch 24 is 0.13690575817599893
2022-09-19 13:47:46, INFO: Loss in epoch 25 is 0.1375006155576557
2022-09-19 13:47:47, INFO: Loss in epoch 26 is 0.1369912293739617
2022-09-19 13:47:47, INFO: Loss in epoch 27 is 0.13803234556689858
2022-09-19 13:47:47, INFO: Loss in epoch 28 is 0.1365182928275317
2022-09-19 13:47:47, INFO: Loss in epoch 29 is 0.13752187741920352
2022-09-19 13:48:44, INFO: train in episode 15 has success rate: 0.30, failure rate: 0.30, average extra time to goal: 38
2022-09-19 13:48:44, INFO: Loss in epoch 0 is 0.14233498531393707
2022-09-19 13:48:44, INFO: Loss in epoch 1 is 0.14099617931060493
2022-09-19 13:48:44, INFO: Loss in epoch 2 is 0.14039128739386797
2022-09-19 13:48:45, INFO: Loss in epoch 3 is 0.14108963427133858
2022-09-19 13:48:45, INFO: Loss in epoch 4 is 0.1401841132901609
2022-09-19 13:48:45, INFO: Loss in epoch 5 is 0.14007455273531377
2022-09-19 13:48:45, INFO: Loss in epoch 6 is 0.14024721249006689
2022-09-19 13:48:46, INFO: Loss in epoch 7 is 0.13995449361391366
2022-09-19 13:48:46, INFO: Loss in epoch 8 is 0.1404663845896721
2022-09-19 13:48:46, INFO: Loss in epoch 9 is 0.14264871552586555
2022-09-19 13:48:46, INFO: Loss in epoch 10 is 0.14048339403234422
2022-09-19 13:48:46, INFO: Loss in epoch 11 is 0.139960422180593
2022-09-19 13:48:47, INFO: Loss in epoch 12 is 0.14040335244499147
2022-09-19 13:48:47, INFO: Loss in epoch 13 is 0.1400990046095103
2022-09-19 13:48:47, INFO: Loss in epoch 14 is 0.1401911531575024
2022-09-19 13:48:47, INFO: Loss in epoch 15 is 0.13961807894520462
2022-09-19 13:48:48, INFO: Loss in epoch 16 is 0.14124705805443227
2022-09-19 13:48:48, INFO: Loss in epoch 17 is 0.14004318742081523
2022-09-19 13:48:48, INFO: Loss in epoch 18 is 0.13976393989287317
2022-09-19 13:48:48, INFO: Loss in epoch 19 is 0.13981031789444387
2022-09-19 13:48:48, INFO: Loss in epoch 20 is 0.13947637705132365
2022-09-19 13:48:48, INFO: Loss in epoch 21 is 0.13950479915365577
2022-09-19 13:48:49, INFO: Loss in epoch 22 is 0.13984764483757317
2022-09-19 13:48:49, INFO: Loss in epoch 23 is 0.13924701022915542
2022-09-19 13:48:49, INFO: Loss in epoch 24 is 0.13949130685068667
2022-09-19 13:48:49, INFO: Loss in epoch 25 is 0.14004680351354182
2022-09-19 13:48:49, INFO: Loss in epoch 26 is 0.139410640578717
2022-09-19 13:48:50, INFO: Loss in epoch 27 is 0.14033334935083985
2022-09-19 13:48:50, INFO: Loss in epoch 28 is 0.13983561913482845
2022-09-19 13:48:50, INFO: Loss in epoch 29 is 0.13981118821538985
2022-09-19 13:50:05, INFO: train in episode 16 has success rate: 0.80, failure rate: 0.10, average extra time to goal: 44
2022-09-19 13:50:05, INFO: Loss in epoch 0 is 0.14106068620458245
2022-09-19 13:50:05, INFO: Loss in epoch 1 is 0.14120019460096955
2022-09-19 13:50:05, INFO: Loss in epoch 2 is 0.14125423273071647
2022-09-19 13:50:06, INFO: Loss in epoch 3 is 0.14134875196032226
2022-09-19 13:50:06, INFO: Loss in epoch 4 is 0.1403610601555556
2022-09-19 13:50:06, INFO: Loss in epoch 5 is 0.14019523188471794
2022-09-19 13:50:06, INFO: Loss in epoch 6 is 0.14041970926336944
2022-09-19 13:50:06, INFO: Loss in epoch 7 is 0.14047356159426272
2022-09-19 13:50:06, INFO: Loss in epoch 8 is 0.14120379788801074
2022-09-19 13:50:07, INFO: Loss in epoch 9 is 0.13983043935149908
2022-09-19 13:50:07, INFO: Loss in epoch 10 is 0.14011314138770103
2022-09-19 13:50:07, INFO: Loss in epoch 11 is 0.1396462817210704
2022-09-19 13:50:07, INFO: Loss in epoch 12 is 0.14071095897816122
2022-09-19 13:50:07, INFO: Loss in epoch 13 is 0.1396616732235998
2022-09-19 13:50:08, INFO: Loss in epoch 14 is 0.13998183817602694
2022-09-19 13:50:08, INFO: Loss in epoch 15 is 0.14032205753028393
2022-09-19 13:50:08, INFO: Loss in epoch 16 is 0.1394485749769956
2022-09-19 13:50:08, INFO: Loss in epoch 17 is 0.13983637792989612
2022-09-19 13:50:08, INFO: Loss in epoch 18 is 0.14025371661409736
2022-09-19 13:50:08, INFO: Loss in epoch 19 is 0.13947409205138683
2022-09-19 13:50:09, INFO: Loss in epoch 20 is 0.1400890366639942
2022-09-19 13:50:09, INFO: Loss in epoch 21 is 0.14095154800452292
2022-09-19 13:50:09, INFO: Loss in epoch 22 is 0.1414329137187451
2022-09-19 13:50:09, INFO: Loss in epoch 23 is 0.140143214026466
2022-09-19 13:50:09, INFO: Loss in epoch 24 is 0.1395827722735703
2022-09-19 13:50:10, INFO: Loss in epoch 25 is 0.13997761625796556
2022-09-19 13:50:10, INFO: Loss in epoch 26 is 0.1396157171111554
2022-09-19 13:50:10, INFO: Loss in epoch 27 is 0.14014602219685912
2022-09-19 13:50:10, INFO: Loss in epoch 28 is 0.13936636340804398
2022-09-19 13:50:10, INFO: Loss in epoch 29 is 0.1392511127050966
2022-09-19 13:51:16, INFO: train in episode 17 has success rate: 0.50, failure rate: 0.20, average extra time to goal: 40
2022-09-19 13:51:16, INFO: Loss in epoch 0 is 0.14028911804780364
2022-09-19 13:51:16, INFO: Loss in epoch 1 is 0.14079480688087642
2022-09-19 13:51:17, INFO: Loss in epoch 2 is 0.14146990119479597
2022-09-19 13:51:17, INFO: Loss in epoch 3 is 0.14236327726393938
2022-09-19 13:51:17, INFO: Loss in epoch 4 is 0.14156404160894454
2022-09-19 13:51:17, INFO: Loss in epoch 5 is 0.13984619360417128
2022-09-19 13:51:18, INFO: Loss in epoch 6 is 0.1414584219455719
2022-09-19 13:51:18, INFO: Loss in epoch 7 is 0.1408479935489595
2022-09-19 13:51:18, INFO: Loss in epoch 8 is 0.14068226353265345
2022-09-19 13:51:18, INFO: Loss in epoch 9 is 0.14122523297555745
2022-09-19 13:51:19, INFO: Loss in epoch 10 is 0.1401220930274576
2022-09-19 13:51:19, INFO: Loss in epoch 11 is 0.13982878089882433
2022-09-19 13:51:19, INFO: Loss in epoch 12 is 0.14051224710419774
2022-09-19 13:51:19, INFO: Loss in epoch 13 is 0.14158225152641535
2022-09-19 13:51:19, INFO: Loss in epoch 14 is 0.14007192314602435
2022-09-19 13:51:20, INFO: Loss in epoch 15 is 0.14005886623635888
2022-09-19 13:51:20, INFO: Loss in epoch 16 is 0.1396853430196643
2022-09-19 13:51:20, INFO: Loss in epoch 17 is 0.1393765213433653
2022-09-19 13:51:20, INFO: Loss in epoch 18 is 0.1401837116573006
2022-09-19 13:51:20, INFO: Loss in epoch 19 is 0.14171408489346504
2022-09-19 13:51:21, INFO: Loss in epoch 20 is 0.14017707062885165
2022-09-19 13:51:21, INFO: Loss in epoch 21 is 0.14032724173739552
2022-09-19 13:51:21, INFO: Loss in epoch 22 is 0.140621887287125
2022-09-19 13:51:21, INFO: Loss in epoch 23 is 0.140394258312881
2022-09-19 13:51:21, INFO: Loss in epoch 24 is 0.13982952060177922
2022-09-19 13:51:22, INFO: Loss in epoch 25 is 0.1401494089514017
2022-09-19 13:51:22, INFO: Loss in epoch 26 is 0.13976678880862892
2022-09-19 13:51:22, INFO: Loss in epoch 27 is 0.13986219535581768
2022-09-19 13:51:22, INFO: Loss in epoch 28 is 0.1401184492278844
2022-09-19 13:51:22, INFO: Loss in epoch 29 is 0.13963995268568397
2022-09-19 13:52:32, INFO: train in episode 18 has success rate: 0.50, failure rate: 0.20, average extra time to goal: 34
2022-09-19 13:52:32, INFO: Loss in epoch 0 is 0.14366800873540342
2022-09-19 13:52:32, INFO: Loss in epoch 1 is 0.1412350833415985
2022-09-19 13:52:32, INFO: Loss in epoch 2 is 0.14152122545056045
2022-09-19 13:52:33, INFO: Loss in epoch 3 is 0.14121109573170543
2022-09-19 13:52:33, INFO: Loss in epoch 4 is 0.14265532745048404
2022-09-19 13:52:33, INFO: Loss in epoch 5 is 0.1429664264433086
2022-09-19 13:52:33, INFO: Loss in epoch 6 is 0.1420977939851582
2022-09-19 13:52:33, INFO: Loss in epoch 7 is 0.14226675895042717
2022-09-19 13:52:33, INFO: Loss in epoch 8 is 0.14139717048965394
2022-09-19 13:52:34, INFO: Loss in epoch 9 is 0.1415701457299292
2022-09-19 13:52:34, INFO: Loss in epoch 10 is 0.14164003962650895
2022-09-19 13:52:34, INFO: Loss in epoch 11 is 0.14222643664106727
2022-09-19 13:52:34, INFO: Loss in epoch 12 is 0.14072865946218371
2022-09-19 13:52:34, INFO: Loss in epoch 13 is 0.14218477718532085
2022-09-19 13:52:35, INFO: Loss in epoch 14 is 0.14111095084808767
2022-09-19 13:52:35, INFO: Loss in epoch 15 is 0.14092214475385845
2022-09-19 13:52:35, INFO: Loss in epoch 16 is 0.14163623796775937
2022-09-19 13:52:35, INFO: Loss in epoch 17 is 0.14172488334588706
2022-09-19 13:52:35, INFO: Loss in epoch 18 is 0.14138231077231467
2022-09-19 13:52:35, INFO: Loss in epoch 19 is 0.14154829969629645
2022-09-19 13:52:36, INFO: Loss in epoch 20 is 0.14630410494282842
2022-09-19 13:52:36, INFO: Loss in epoch 21 is 0.1411270049866289
2022-09-19 13:52:36, INFO: Loss in epoch 22 is 0.1410948233678937
2022-09-19 13:52:36, INFO: Loss in epoch 23 is 0.14216466527432203
2022-09-19 13:52:36, INFO: Loss in epoch 24 is 0.14159346581436694
2022-09-19 13:52:36, INFO: Loss in epoch 25 is 0.141136888647452
2022-09-19 13:52:37, INFO: Loss in epoch 26 is 0.1413856407161802
2022-09-19 13:52:37, INFO: Loss in epoch 27 is 0.1429403272923082
2022-09-19 13:52:37, INFO: Loss in epoch 28 is 0.1424817219376564
2022-09-19 13:52:37, INFO: Loss in epoch 29 is 0.14109437796287239
2022-09-19 13:53:57, INFO: train in episode 19 has success rate: 0.70, failure rate: 0.00, average extra time to goal: 53
2022-09-19 13:53:57, INFO: Loss in epoch 0 is 0.14265823713503778
2022-09-19 13:53:57, INFO: Loss in epoch 1 is 0.1435709479264915
2022-09-19 13:53:57, INFO: Loss in epoch 2 is 0.1424840537365526
2022-09-19 13:53:57, INFO: Loss in epoch 3 is 0.14249966014176607
2022-09-19 13:53:58, INFO: Loss in epoch 4 is 0.1441851407289505
2022-09-19 13:53:58, INFO: Loss in epoch 5 is 0.1422827267087996
2022-09-19 13:53:58, INFO: Loss in epoch 6 is 0.142632354516536
2022-09-19 13:53:58, INFO: Loss in epoch 7 is 0.142307955538854
2022-09-19 13:53:58, INFO: Loss in epoch 8 is 0.14273811876773834
2022-09-19 13:53:59, INFO: Loss in epoch 9 is 0.14255586871877313
2022-09-19 13:53:59, INFO: Loss in epoch 10 is 0.14282882423140109
2022-09-19 13:53:59, INFO: Loss in epoch 11 is 0.1427680212073028
2022-09-19 13:53:59, INFO: Loss in epoch 12 is 0.1417577755637467
2022-09-19 13:53:59, INFO: Loss in epoch 13 is 0.1420450652949512
2022-09-19 13:53:59, INFO: Loss in epoch 14 is 0.1422089128755033
2022-09-19 13:54:00, INFO: Loss in epoch 15 is 0.14283072156831622
2022-09-19 13:54:00, INFO: Loss in epoch 16 is 0.1437330946791917
2022-09-19 13:54:00, INFO: Loss in epoch 17 is 0.14312854502350092
2022-09-19 13:54:00, INFO: Loss in epoch 18 is 0.1425494763534516
2022-09-19 13:54:00, INFO: Loss in epoch 19 is 0.14213112206198275
2022-09-19 13:54:01, INFO: Loss in epoch 20 is 0.14322819816879928
2022-09-19 13:54:01, INFO: Loss in epoch 21 is 0.14326732303015888
2022-09-19 13:54:01, INFO: Loss in epoch 22 is 0.14207556378096342
2022-09-19 13:54:01, INFO: Loss in epoch 23 is 0.1417768073733896
2022-09-19 13:54:01, INFO: Loss in epoch 24 is 0.14236810943111777
2022-09-19 13:54:02, INFO: Loss in epoch 25 is 0.1425493094138801
2022-09-19 13:54:02, INFO: Loss in epoch 26 is 0.14172098925337195
2022-09-19 13:54:02, INFO: Loss in epoch 27 is 0.14284754381515086
2022-09-19 13:54:02, INFO: Loss in epoch 28 is 0.14166142721660435
2022-09-19 13:54:02, INFO: Loss in epoch 29 is 0.14210957754403353
2022-09-19 13:55:18, INFO: train in episode 20 has success rate: 0.40, failure rate: 0.10, average extra time to goal: 34
2022-09-19 13:55:18, INFO: Loss in epoch 0 is 0.1430545535404235
2022-09-19 13:55:18, INFO: Loss in epoch 1 is 0.1428391714580357
2022-09-19 13:55:18, INFO: Loss in epoch 2 is 0.1427281554788351
2022-09-19 13:55:18, INFO: Loss in epoch 3 is 0.14348680153489113
2022-09-19 13:55:19, INFO: Loss in epoch 4 is 0.14261355227790773
2022-09-19 13:55:19, INFO: Loss in epoch 5 is 0.14249164913780987
2022-09-19 13:55:19, INFO: Loss in epoch 6 is 0.14190151216462255
2022-09-19 13:55:19, INFO: Loss in epoch 7 is 0.14198428392410278
2022-09-19 13:55:19, INFO: Loss in epoch 8 is 0.14236540184356272
2022-09-19 13:55:19, INFO: Loss in epoch 9 is 0.14202586142346263
2022-09-19 13:55:20, INFO: Loss in epoch 10 is 0.1424672722350806
2022-09-19 13:55:20, INFO: Loss in epoch 11 is 0.14390709972940385
2022-09-19 13:55:20, INFO: Loss in epoch 12 is 0.14421981875784695
2022-09-19 13:55:20, INFO: Loss in epoch 13 is 0.1428287304006517
2022-09-19 13:55:20, INFO: Loss in epoch 14 is 0.14214961091056466
2022-09-19 13:55:21, INFO: Loss in epoch 15 is 0.14156581251882017
2022-09-19 13:55:21, INFO: Loss in epoch 16 is 0.14164651837199926
2022-09-19 13:55:21, INFO: Loss in epoch 17 is 0.14290806092321873
2022-09-19 13:55:21, INFO: Loss in epoch 18 is 0.14330273028463125
2022-09-19 13:55:22, INFO: Loss in epoch 19 is 0.14273104025050998
2022-09-19 13:55:22, INFO: Loss in epoch 20 is 0.1417750669643283
2022-09-19 13:55:22, INFO: Loss in epoch 21 is 0.14332839427515864
2022-09-19 13:55:22, INFO: Loss in epoch 22 is 0.1423580665141344
2022-09-19 13:55:23, INFO: Loss in epoch 23 is 0.14302702364511788
2022-09-19 13:55:23, INFO: Loss in epoch 24 is 0.14151186286471784
2022-09-19 13:55:23, INFO: Loss in epoch 25 is 0.1414544985163957
2022-09-19 13:55:23, INFO: Loss in epoch 26 is 0.14177957409992814
2022-09-19 13:55:24, INFO: Loss in epoch 27 is 0.14279950596392155
2022-09-19 13:55:24, INFO: Loss in epoch 28 is 0.14243982220068574
2022-09-19 13:55:24, INFO: Loss in epoch 29 is 0.14244067040272057
2022-09-19 13:56:37, INFO: train in episode 21 has success rate: 0.70, failure rate: 0.00, average extra time to goal: 41
2022-09-19 13:56:37, INFO: Loss in epoch 0 is 0.14169043907895684
2022-09-19 13:56:38, INFO: Loss in epoch 1 is 0.14351873844861984
2022-09-19 13:56:38, INFO: Loss in epoch 2 is 0.14147599739953876
2022-09-19 13:56:38, INFO: Loss in epoch 3 is 0.140936145093292
2022-09-19 13:56:38, INFO: Loss in epoch 4 is 0.14038962009362876
2022-09-19 13:56:38, INFO: Loss in epoch 5 is 0.14056690293364227
2022-09-19 13:56:39, INFO: Loss in epoch 6 is 0.14139589644037187
2022-09-19 13:56:39, INFO: Loss in epoch 7 is 0.14247052860446274
2022-09-19 13:56:39, INFO: Loss in epoch 8 is 0.14052869705483317
2022-09-19 13:56:39, INFO: Loss in epoch 9 is 0.1414034387562424
2022-09-19 13:56:39, INFO: Loss in epoch 10 is 0.1429705573245883
2022-09-19 13:56:39, INFO: Loss in epoch 11 is 0.14046227117069066
2022-09-19 13:56:40, INFO: Loss in epoch 12 is 0.14038185309618711
2022-09-19 13:56:40, INFO: Loss in epoch 13 is 0.14008787646889687
2022-09-19 13:56:40, INFO: Loss in epoch 14 is 0.14062420348636806
2022-09-19 13:56:40, INFO: Loss in epoch 15 is 0.13979022414423525
2022-09-19 13:56:41, INFO: Loss in epoch 16 is 0.13984330254606903
2022-09-19 13:56:41, INFO: Loss in epoch 17 is 0.140406301477924
2022-09-19 13:56:41, INFO: Loss in epoch 18 is 0.14178835600614548
2022-09-19 13:56:41, INFO: Loss in epoch 19 is 0.13994729425758123
2022-09-19 13:56:41, INFO: Loss in epoch 20 is 0.13974747178144753
2022-09-19 13:56:41, INFO: Loss in epoch 21 is 0.14229185180738568
2022-09-19 13:56:42, INFO: Loss in epoch 22 is 0.14015743182972074
2022-09-19 13:56:42, INFO: Loss in epoch 23 is 0.13962133065797389
2022-09-19 13:56:42, INFO: Loss in epoch 24 is 0.1393339077476412
2022-09-19 13:56:42, INFO: Loss in epoch 25 is 0.13922819611616433
2022-09-19 13:56:43, INFO: Loss in epoch 26 is 0.13901841710321605
2022-09-19 13:56:43, INFO: Loss in epoch 27 is 0.14009750192053616
2022-09-19 13:56:43, INFO: Loss in epoch 28 is 0.14068309171125293
2022-09-19 13:56:43, INFO: Loss in epoch 29 is 0.13926567509770393
2022-09-19 13:58:07, INFO: train in episode 22 has success rate: 0.70, failure rate: 0.00, average extra time to goal: 54
2022-09-19 13:58:07, INFO: Loss in epoch 0 is 0.14119854103773832
2022-09-19 13:58:08, INFO: Loss in epoch 1 is 0.14093448990024626
2022-09-19 13:58:08, INFO: Loss in epoch 2 is 0.13928797794505954
2022-09-19 13:58:08, INFO: Loss in epoch 3 is 0.13843900454230607
2022-09-19 13:58:08, INFO: Loss in epoch 4 is 0.13896561902947724
2022-09-19 13:58:08, INFO: Loss in epoch 5 is 0.13796750223264098
2022-09-19 13:58:09, INFO: Loss in epoch 6 is 0.13828719733282924
2022-09-19 13:58:09, INFO: Loss in epoch 7 is 0.1384410501923412
2022-09-19 13:58:09, INFO: Loss in epoch 8 is 0.13908351538702846
2022-09-19 13:58:09, INFO: Loss in epoch 9 is 0.14028157363645732
2022-09-19 13:58:09, INFO: Loss in epoch 10 is 0.13868612400256097
2022-09-19 13:58:10, INFO: Loss in epoch 11 is 0.13945376127958298
2022-09-19 13:58:10, INFO: Loss in epoch 12 is 0.1373809571377933
2022-09-19 13:58:10, INFO: Loss in epoch 13 is 0.13954130001366138
2022-09-19 13:58:10, INFO: Loss in epoch 14 is 0.13819464575499296
2022-09-19 13:58:10, INFO: Loss in epoch 15 is 0.13816935615614057
2022-09-19 13:58:10, INFO: Loss in epoch 16 is 0.13829297642223537
2022-09-19 13:58:11, INFO: Loss in epoch 17 is 0.1404053650330752
2022-09-19 13:58:11, INFO: Loss in epoch 18 is 0.13921133475378156
2022-09-19 13:58:11, INFO: Loss in epoch 19 is 0.13957389211282134
2022-09-19 13:58:11, INFO: Loss in epoch 20 is 0.13800737005658448
2022-09-19 13:58:11, INFO: Loss in epoch 21 is 0.13829859090037644
2022-09-19 13:58:12, INFO: Loss in epoch 22 is 0.1382566608954221
2022-09-19 13:58:12, INFO: Loss in epoch 23 is 0.13986729085445404
2022-09-19 13:58:12, INFO: Loss in epoch 24 is 0.13862356427125633
2022-09-19 13:58:12, INFO: Loss in epoch 25 is 0.1379341664724052
2022-09-19 13:58:12, INFO: Loss in epoch 26 is 0.1373487317468971
2022-09-19 13:58:13, INFO: Loss in epoch 27 is 0.13767594727687538
2022-09-19 13:58:13, INFO: Loss in epoch 28 is 0.13784685567952693
2022-09-19 13:58:13, INFO: Loss in epoch 29 is 0.13794855494052172
